ERROR - 2022-04-24 06:27:11 --> Email: sendWithSmtp throwed fsockopen(): SSL operation failed with code 1. OpenSSL Error messages:
error:14090086:SSL routines:ssl3_get_server_certificate:certificate verify failed
ERROR - 2022-04-24 08:46:04 --> Email: sendWithSmtp throwed fsockopen(): SSL operation failed with code 1. OpenSSL Error messages:
error:14090086:SSL routines:ssl3_get_server_certificate:certificate verify failed
CRITICAL - 2022-04-24 09:43:49 --> ini_set(): Session ini settings cannot be changed after headers have already been sent
#0 [internal function]: CodeIgniter\Debug\Exceptions->errorHandler(2, 'ini_set(): Sess...', '/home/kottako/p...', 71)
#1 /home/kottako/public_html/system/Session/Handlers/FileHandler.php(71): ini_set('session.save_pa...', '/home/kottako/p...')
#2 /home/kottako/public_html/system/Config/Services.php(570): CodeIgniter\Session\Handlers\FileHandler->__construct(Object(Config\App), '158.69.38.193')
#3 /home/kottako/public_html/system/Config/BaseService.php(248): CodeIgniter\Config\Services::session(Object(Config\App), false)
#4 /home/kottako/public_html/system/Config/BaseService.php(189): CodeIgniter\Config\BaseService::__callStatic('session', Array)
#5 /home/kottako/public_html/system/Config/Services.php(563): CodeIgniter\Config\BaseService::getSharedInstance('session', NULL)
#6 /home/kottako/public_html/system/Config/BaseService.php(248): CodeIgniter\Config\Services::session()
#7 /home/kottako/public_html/system/Common.php(901): CodeIgniter\Config\BaseService::__callStatic('session', Array)
#8 /home/kottako/public_html/app/Controllers/SalesAgentController.php(26): session()
#9 /home/kottako/public_html/system/CodeIgniter.php(802): App\Controllers\SalesAgentController->__construct()
#10 /home/kottako/public_html/system/CodeIgniter.php(403): CodeIgniter\CodeIgniter->createController()
#11 /home/kottako/public_html/system/CodeIgniter.php(320): CodeIgniter\CodeIgniter->handleRequest(NULL, Object(Config\Cache), false)
#12 /home/kottako/public_html/index.php(41): CodeIgniter\CodeIgniter->run()
#13 {main}
CRITICAL - 2022-04-24 09:43:49 --> Uncaught ErrorException: Cannot modify header information - headers already sent in /home/kottako/public_html/system/Debug/Exceptions.php:112
Stack trace:
#0 [internal function]: CodeIgniter\Debug\Exceptions->errorHandler(2, 'Cannot modify h...', '/home/kottako/p...', 112)
#1 /home/kottako/public_html/system/Debug/Exceptions.php(112): header('HTTP/1.0 500 In...', true, 500)
#2 [internal function]: CodeIgniter\Debug\Exceptions->exceptionHandler(Object(ErrorException))
#3 {main}
  thrown
#0 [internal function]: CodeIgniter\Debug\Exceptions->shutdownHandler()
#1 {main}
ERROR - 2022-04-24 10:24:09 --> Email: sendWithSmtp throwed fsockopen(): SSL operation failed with code 1. OpenSSL Error messages:
error:14090086:SSL routines:ssl3_get_server_certificate:certificate verify failed
ERROR - 2022-04-24 10:29:40 --> Email: sendWithSmtp throwed fsockopen(): SSL operation failed with code 1. OpenSSL Error messages:
error:14090086:SSL routines:ssl3_get_server_certificate:certificate verify failed
ERROR - 2022-04-24 10:30:28 --> Email: sendWithSmtp throwed fsockopen(): SSL operation failed with code 1. OpenSSL Error messages:
error:14090086:SSL routines:ssl3_get_server_certificate:certificate verify failed
ERROR - 2022-04-24 10:30:45 --> Email: sendWithSmtp throwed fsockopen(): SSL operation failed with code 1. OpenSSL Error messages:
error:14090086:SSL routines:ssl3_get_server_certificate:certificate verify failed
CRITICAL - 2022-04-24 10:30:54 --> Invalid file: salesagent/Profile.php
#0 /home/kottako/public_html/system/View/View.php(198): CodeIgniter\Exceptions\FrameworkException::forInvalidFile('salesagent/Prof...')
#1 /home/kottako/public_html/system/Common.php(1089): CodeIgniter\View\View->render('salesagent/Prof...', Array, true)
#2 /home/kottako/public_html/app/Controllers/SalesAgentProfileController.php(280): view('salesagent/Prof...', Array)
#3 /home/kottako/public_html/system/CodeIgniter.php(825): App\Controllers\SalesAgentProfileController->viewProfile()
#4 /home/kottako/public_html/system/CodeIgniter.php(412): CodeIgniter\CodeIgniter->runController(Object(App\Controllers\SalesAgentProfileController))
#5 /home/kottako/public_html/system/CodeIgniter.php(320): CodeIgniter\CodeIgniter->handleRequest(NULL, Object(Config\Cache), false)
#6 /home/kottako/public_html/index.php(41): CodeIgniter\CodeIgniter->run()
#7 {main}
CRITICAL - 2022-04-24 10:30:58 --> Invalid file: salesagent/editprofile.php
#0 /home/kottako/public_html/system/View/View.php(198): CodeIgniter\Exceptions\FrameworkException::forInvalidFile('salesagent/edit...')
#1 /home/kottako/public_html/system/Common.php(1089): CodeIgniter\View\View->render('salesagent/edit...', Array, true)
#2 /home/kottako/public_html/app/Controllers/SalesAgentProfileController.php(265): view('salesagent/edit...', Array)
#3 /home/kottako/public_html/system/CodeIgniter.php(825): App\Controllers\SalesAgentProfileController->editProfile()
#4 /home/kottako/public_html/system/CodeIgniter.php(412): CodeIgniter\CodeIgniter->runController(Object(App\Controllers\SalesAgentProfileController))
#5 /home/kottako/public_html/system/CodeIgniter.php(320): CodeIgniter\CodeIgniter->handleRequest(NULL, Object(Config\Cache), false)
#6 /home/kottako/public_html/index.php(41): CodeIgniter\CodeIgniter->run()
#7 {main}
CRITICAL - 2022-04-24 10:30:59 --> Invalid file: salesagent/editprofile.php
#0 /home/kottako/public_html/system/View/View.php(198): CodeIgniter\Exceptions\FrameworkException::forInvalidFile('salesagent/edit...')
#1 /home/kottako/public_html/system/Common.php(1089): CodeIgniter\View\View->render('salesagent/edit...', Array, true)
#2 /home/kottako/public_html/app/Controllers/SalesAgentProfileController.php(265): view('salesagent/edit...', Array)
#3 /home/kottako/public_html/system/CodeIgniter.php(825): App\Controllers\SalesAgentProfileController->editProfile()
#4 /home/kottako/public_html/system/CodeIgniter.php(412): CodeIgniter\CodeIgniter->runController(Object(App\Controllers\SalesAgentProfileController))
#5 /home/kottako/public_html/system/CodeIgniter.php(320): CodeIgniter\CodeIgniter->handleRequest(NULL, Object(Config\Cache), false)
#6 /home/kottako/public_html/index.php(41): CodeIgniter\CodeIgniter->run()
#7 {main}
CRITICAL - 2022-04-24 10:31:01 --> Invalid file: salesagent/editprofile.php
#0 /home/kottako/public_html/system/View/View.php(198): CodeIgniter\Exceptions\FrameworkException::forInvalidFile('salesagent/edit...')
#1 /home/kottako/public_html/system/Common.php(1089): CodeIgniter\View\View->render('salesagent/edit...', Array, true)
#2 /home/kottako/public_html/app/Controllers/SalesAgentProfileController.php(265): view('salesagent/edit...', Array)
#3 /home/kottako/public_html/system/CodeIgniter.php(825): App\Controllers\SalesAgentProfileController->editProfile()
#4 /home/kottako/public_html/system/CodeIgniter.php(412): CodeIgniter\CodeIgniter->runController(Object(App\Controllers\SalesAgentProfileController))
#5 /home/kottako/public_html/system/CodeIgniter.php(320): CodeIgniter\CodeIgniter->handleRequest(NULL, Object(Config\Cache), false)
#6 /home/kottako/public_html/index.php(41): CodeIgniter\CodeIgniter->run()
#7 {main}
CRITICAL - 2022-04-24 10:31:04 --> Invalid file: salesagent/Profile.php
#0 /home/kottako/public_html/system/View/View.php(198): CodeIgniter\Exceptions\FrameworkException::forInvalidFile('salesagent/Prof...')
#1 /home/kottako/public_html/system/Common.php(1089): CodeIgniter\View\View->render('salesagent/Prof...', Array, true)
#2 /home/kottako/public_html/app/Controllers/SalesAgentProfileController.php(280): view('salesagent/Prof...', Array)
#3 /home/kottako/public_html/system/CodeIgniter.php(825): App\Controllers\SalesAgentProfileController->viewProfile()
#4 /home/kottako/public_html/system/CodeIgniter.php(412): CodeIgniter\CodeIgniter->runController(Object(App\Controllers\SalesAgentProfileController))
#5 /home/kottako/public_html/system/CodeIgniter.php(320): CodeIgniter\CodeIgniter->handleRequest(NULL, Object(Config\Cache), false)
#6 /home/kottako/public_html/index.php(41): CodeIgniter\CodeIgniter->run()
#7 {main}
CRITICAL - 2022-04-24 10:34:41 --> Undefined variable $newdrivingproof
#0 /home/kottako/public_html/app/Controllers/SalesAgentController.php(238): CodeIgniter\Debug\Exceptions->errorHandler(2, 'Undefined varia...', '/home/kottako/p...', 238)
#1 /home/kottako/public_html/system/CodeIgniter.php(825): App\Controllers\SalesAgentController->addSalesAgent()
#2 /home/kottako/public_html/system/CodeIgniter.php(412): CodeIgniter\CodeIgniter->runController(Object(App\Controllers\SalesAgentController))
#3 /home/kottako/public_html/system/CodeIgniter.php(320): CodeIgniter\CodeIgniter->handleRequest(NULL, Object(Config\Cache), false)
#4 /home/kottako/public_html/index.php(41): CodeIgniter\CodeIgniter->run()
#5 {main}
ERROR - 2022-04-24 11:04:53 --> Email: sendWithSmtp throwed fsockopen(): SSL operation failed with code 1. OpenSSL Error messages:
error:14090086:SSL routines:ssl3_get_server_certificate:certificate verify failed
ERROR - 2022-04-24 11:18:53 --> Email: sendWithSmtp throwed fsockopen(): SSL operation failed with code 1. OpenSSL Error messages:
error:14090086:SSL routines:ssl3_get_server_certificate:certificate verify failed
ERROR - 2022-04-24 11:23:38 --> Email: sendWithSmtp throwed fsockopen(): SSL operation failed with code 1. OpenSSL Error messages:
error:14090086:SSL routines:ssl3_get_server_certificate:certificate verify failed
ERROR - 2022-04-24 11:28:59 --> Email: sendWithSmtp throwed fsockopen(): SSL operation failed with code 1. OpenSSL Error messages:
error:14090086:SSL routines:ssl3_get_server_certificate:certificate verify failed
ERROR - 2022-04-24 11:52:51 --> Email: sendWithSmtp throwed fsockopen(): SSL operation failed with code 1. OpenSSL Error messages:
error:14090086:SSL routines:ssl3_get_server_certificate:certificate verify failed
CRITICAL - 2022-04-24 12:02:42 --> Invalid file: salesagent/Profile.php
#0 /home/kottako/public_html/system/View/View.php(198): CodeIgniter\Exceptions\FrameworkException::forInvalidFile('salesagent/Prof...')
#1 /home/kottako/public_html/system/Common.php(1089): CodeIgniter\View\View->render('salesagent/Prof...', Array, true)
#2 /home/kottako/public_html/app/Controllers/SalesAgentProfileController.php(280): view('salesagent/Prof...', Array)
#3 /home/kottako/public_html/system/CodeIgniter.php(825): App\Controllers\SalesAgentProfileController->viewProfile()
#4 /home/kottako/public_html/system/CodeIgniter.php(412): CodeIgniter\CodeIgniter->runController(Object(App\Controllers\SalesAgentProfileController))
#5 /home/kottako/public_html/system/CodeIgniter.php(320): CodeIgniter\CodeIgniter->handleRequest(NULL, Object(Config\Cache), false)
#6 /home/kottako/public_html/index.php(41): CodeIgniter\CodeIgniter->run()
#7 {main}
ERROR - 2022-04-24 12:05:35 --> Email: sendWithSmtp throwed fsockopen(): SSL operation failed with code 1. OpenSSL Error messages:
error:14090086:SSL routines:ssl3_get_server_certificate:certificate verify failed
CRITICAL - 2022-04-24 12:10:35 --> sizeof(): Argument #1 ($value) must be of type Countable|array, null given
#0 /home/kottako/public_html/app/Controllers/TeamLeadController.php(1028): sizeof(NULL)
#1 /home/kottako/public_html/system/CodeIgniter.php(825): App\Controllers\TeamLeadController->fastagInventory()
#2 /home/kottako/public_html/system/CodeIgniter.php(412): CodeIgniter\CodeIgniter->runController(Object(App\Controllers\TeamLeadController))
#3 /home/kottako/public_html/system/CodeIgniter.php(320): CodeIgniter\CodeIgniter->handleRequest(NULL, Object(Config\Cache), false)
#4 /home/kottako/public_html/index.php(41): CodeIgniter\CodeIgniter->run()
#5 {main}
CRITICAL - 2022-04-24 12:44:02 --> Undefined variable $newdrivingproof
#0 /home/kottako/public_html/app/Controllers/SalesAgentController.php(238): CodeIgniter\Debug\Exceptions->errorHandler(2, 'Undefined varia...', '/home/kottako/p...', 238)
#1 /home/kottako/public_html/system/CodeIgniter.php(825): App\Controllers\SalesAgentController->addSalesAgent()
#2 /home/kottako/public_html/system/CodeIgniter.php(412): CodeIgniter\CodeIgniter->runController(Object(App\Controllers\SalesAgentController))
#3 /home/kottako/public_html/system/CodeIgniter.php(320): CodeIgniter\CodeIgniter->handleRequest(NULL, Object(Config\Cache), false)
#4 /home/kottako/public_html/index.php(41): CodeIgniter\CodeIgniter->run()
#5 {main}
CRITICAL - 2022-04-24 12:44:16 --> Undefined variable $newdrivingproof
#0 /home/kottako/public_html/app/Controllers/SalesAgentController.php(238): CodeIgniter\Debug\Exceptions->errorHandler(2, 'Undefined varia...', '/home/kottako/p...', 238)
#1 /home/kottako/public_html/system/CodeIgniter.php(825): App\Controllers\SalesAgentController->addSalesAgent()
#2 /home/kottako/public_html/system/CodeIgniter.php(412): CodeIgniter\CodeIgniter->runController(Object(App\Controllers\SalesAgentController))
#3 /home/kottako/public_html/system/CodeIgniter.php(320): CodeIgniter\CodeIgniter->handleRequest(NULL, Object(Config\Cache), false)
#4 /home/kottako/public_html/index.php(41): CodeIgniter\CodeIgniter->run()
#5 {main}
CRITICAL - 2022-04-24 12:50:43 --> sizeof(): Argument #1 ($value) must be of type Countable|array, null given
#0 /home/kottako/public_html/app/Controllers/SalesAgentController.php(252): sizeof(NULL)
#1 /home/kottako/public_html/system/CodeIgniter.php(825): App\Controllers\SalesAgentController->addSalesAgent()
#2 /home/kottako/public_html/system/CodeIgniter.php(412): CodeIgniter\CodeIgniter->runController(Object(App\Controllers\SalesAgentController))
#3 /home/kottako/public_html/system/CodeIgniter.php(320): CodeIgniter\CodeIgniter->handleRequest(NULL, Object(Config\Cache), false)
#4 /home/kottako/public_html/index.php(41): CodeIgniter\CodeIgniter->run()
#5 {main}
CRITICAL - 2022-04-24 12:52:55 --> Invalid file: teamlead/editprofile.php
#0 /home/kottako/public_html/system/View/View.php(198): CodeIgniter\Exceptions\FrameworkException::forInvalidFile('teamlead/editpr...')
#1 /home/kottako/public_html/system/Common.php(1089): CodeIgniter\View\View->render('teamlead/editpr...', Array, true)
#2 /home/kottako/public_html/app/Controllers/TeamLeadProfileController.php(248): view('teamlead/editpr...', Array)
#3 /home/kottako/public_html/system/CodeIgniter.php(825): App\Controllers\TeamLeadProfileController->editProfile()
#4 /home/kottako/public_html/system/CodeIgniter.php(412): CodeIgniter\CodeIgniter->runController(Object(App\Controllers\TeamLeadProfileController))
#5 /home/kottako/public_html/system/CodeIgniter.php(320): CodeIgniter\CodeIgniter->handleRequest(NULL, Object(Config\Cache), false)
#6 /home/kottako/public_html/index.php(41): CodeIgniter\CodeIgniter->run()
#7 {main}
CRITICAL - 2022-04-24 13:14:44 --> sizeof(): Argument #1 ($value) must be of type Countable|array, null given
#0 /home/kottako/public_html/app/Controllers/SalesAgentController.php(252): sizeof(NULL)
#1 /home/kottako/public_html/system/CodeIgniter.php(825): App\Controllers\SalesAgentController->addSalesAgent()
#2 /home/kottako/public_html/system/CodeIgniter.php(412): CodeIgniter\CodeIgniter->runController(Object(App\Controllers\SalesAgentController))
#3 /home/kottako/public_html/system/CodeIgniter.php(320): CodeIgniter\CodeIgniter->handleRequest(NULL, Object(Config\Cache), false)
#4 /home/kottako/public_html/index.php(41): CodeIgniter\CodeIgniter->run()
#5 {main}
ERROR - 2022-04-24 13:33:29 --> Email: sendWithSmtp throwed fsockopen(): SSL operation failed with code 1. OpenSSL Error messages:
error:14090086:SSL routines:ssl3_get_server_certificate:certificate verify failed
ERROR - 2022-04-24 15:46:26 --> Email: sendWithSmtp throwed fsockopen(): SSL operation failed with code 1. OpenSSL Error messages:
error:14090086:SSL routines:ssl3_get_server_certificate:certificate verify failed
ERROR - 2022-04-24 16:08:06 --> Email: sendWithSmtp throwed fsockopen(): SSL operation failed with code 1. OpenSSL Error messages:
error:14090086:SSL routines:ssl3_get_server_certificate:certificate verify failed
ERROR - 2022-04-24 16:59:56 --> Email: sendWithSmtp throwed fsockopen(): SSL operation failed with code 1. OpenSSL Error messages:
error:14090086:SSL routines:ssl3_get_server_certificate:certificate verify failed
ERROR - 2022-04-24 17:03:31 --> Email: sendWithSmtp throwed fsockopen(): SSL operation failed with code 1. OpenSSL Error messages:
error:14090086:SSL routines:ssl3_get_server_certificate:certificate verify failed
ERROR - 2022-04-24 17:58:18 --> Email: sendWithSmtp throwed fsockopen(): SSL operation failed with code 1. OpenSSL Error messages:
error:14090086:SSL routines:ssl3_get_server_certificate:certificate verify failed
ERROR - 2022-04-24 18:14:36 --> Email: sendWithSmtp throwed fsockopen(): SSL operation failed with code 1. OpenSSL Error messages:
error:14090086:SSL routines:ssl3_get_server_certificate:certificate verify failed
CRITICAL - 2022-04-24 18:49:59 --> sizeof(): Argument #1 ($value) must be of type Countable|array, null given
#0 /home/kottako/public_html/app/Controllers/SalesAgentController.php(252): sizeof(NULL)
#1 /home/kottako/public_html/system/CodeIgniter.php(825): App\Controllers\SalesAgentController->addSalesAgent()
#2 /home/kottako/public_html/system/CodeIgniter.php(412): CodeIgniter\CodeIgniter->runController(Object(App\Controllers\SalesAgentController))
#3 /home/kottako/public_html/system/CodeIgniter.php(320): CodeIgniter\CodeIgniter->handleRequest(NULL, Object(Config\Cache), false)
#4 /home/kottako/public_html/index.php(41): CodeIgniter\CodeIgniter->run()
#5 {main}
ERROR - 2022-04-24 18:51:41 --> Email: sendWithSmtp throwed fsockopen(): SSL operation failed with code 1. OpenSSL Error messages:
error:14090086:SSL routines:ssl3_get_server_certificate:certificate verify failed
ERROR - 2022-04-24 18:51:52 --> Email: sendWithSmtp throwed fsockopen(): SSL operation failed with code 1. OpenSSL Error messages:
error:14090086:SSL routines:ssl3_get_server_certificate:certificate verify failed
ERROR - 2022-04-24 18:51:53 --> Email: sendWithSmtp throwed fsockopen(): SSL operation failed with code 1. OpenSSL Error messages:
error:14090086:SSL routines:ssl3_get_server_certificate:certificate verify failed
ERROR - 2022-04-24 18:51:53 --> Email: sendWithSmtp throwed fsockopen(): SSL operation failed with code 1. OpenSSL Error messages:
error:14090086:SSL routines:ssl3_get_server_certificate:certificate verify failed
ERROR - 2022-04-24 18:53:51 --> Email: sendWithSmtp throwed fsockopen(): SSL operation failed with code 1. OpenSSL Error messages:
error:14090086:SSL routines:ssl3_get_server_certificate:certificate verify failed
ERROR - 2022-04-24 18:53:56 --> Email: sendWithSmtp throwed fsockopen(): SSL operation failed with code 1. OpenSSL Error messages:
error:14090086:SSL routines:ssl3_get_server_certificate:certificate verify failed
ERROR - 2022-04-24 18:53:56 --> Email: sendWithSmtp throwed fsockopen(): SSL operation failed with code 1. OpenSSL Error messages:
error:14090086:SSL routines:ssl3_get_server_certificate:certificate verify failed
ERROR - 2022-04-24 18:54:13 --> Email: sendWithSmtp throwed fsockopen(): SSL operation failed with code 1. OpenSSL Error messages:
error:14090086:SSL routines:ssl3_get_server_certificate:certificate verify failed
CRITICAL - 2022-04-24 19:54:47 --> Undefined variable $newdrivingproof
#0 /home/kottako/public_html/app/Controllers/SalesAgentController.php(238): CodeIgniter\Debug\Exceptions->errorHandler(2, 'Undefined varia...', '/home/kottako/p...', 238)
#1 /home/kottako/public_html/system/CodeIgniter.php(825): App\Controllers\SalesAgentController->addSalesAgent()
#2 /home/kottako/public_html/system/CodeIgniter.php(412): CodeIgniter\CodeIgniter->runController(Object(App\Controllers\SalesAgentController))
#3 /home/kottako/public_html/system/CodeIgniter.php(320): CodeIgniter\CodeIgniter->handleRequest(NULL, Object(Config\Cache), false)
#4 /home/kottako/public_html/index.php(41): CodeIgniter\CodeIgniter->run()
#5 {main}
ERROR - 2022-04-24 20:16:10 --> Email: sendWithSmtp throwed fsockopen(): SSL operation failed with code 1. OpenSSL Error messages:
error:14090086:SSL routines:ssl3_get_server_certificate:certificate verify failed
ERROR - 2022-04-24 20:27:26 --> Email: sendWithSmtp throwed fsockopen(): SSL operation failed with code 1. OpenSSL Error messages:
error:14090086:SSL routines:ssl3_get_server_certificate:certificate verify failed
ERROR - 2022-04-24 20:30:09 --> Email: sendWithSmtp throwed fsockopen(): SSL operation failed with code 1. OpenSSL Error messages:
error:14090086:SSL routines:ssl3_get_server_certificate:certificate verify failed
ERROR - 2022-04-24 20:30:27 --> Email: sendWithSmtp throwed fsockopen(): SSL operation failed with code 1. OpenSSL Error messages:
error:14090086:SSL routines:ssl3_get_server_certificate:certificate verify failed
CRITICAL - 2022-04-24 21:37:51 --> sizeof(): Argument #1 ($value) must be of type Countable|array, null given
#0 /home/kottako/public_html/app/Controllers/TeamLeadController.php(289): sizeof(NULL)
#1 /home/kottako/public_html/system/CodeIgniter.php(825): App\Controllers\TeamLeadController->addTeamLead()
#2 /home/kottako/public_html/system/CodeIgniter.php(412): CodeIgniter\CodeIgniter->runController(Object(App\Controllers\TeamLeadController))
#3 /home/kottako/public_html/system/CodeIgniter.php(320): CodeIgniter\CodeIgniter->handleRequest(NULL, Object(Config\Cache), false)
#4 /home/kottako/public_html/index.php(41): CodeIgniter\CodeIgniter->run()
#5 {main}
CRITICAL - 2022-04-24 21:38:21 --> sizeof(): Argument #1 ($value) must be of type Countable|array, null given
#0 /home/kottako/public_html/app/Controllers/TeamLeadController.php(289): sizeof(NULL)
#1 /home/kottako/public_html/system/CodeIgniter.php(825): App\Controllers\TeamLeadController->addTeamLead()
#2 /home/kottako/public_html/system/CodeIgniter.php(412): CodeIgniter\CodeIgniter->runController(Object(App\Controllers\TeamLeadController))
#3 /home/kottako/public_html/system/CodeIgniter.php(320): CodeIgniter\CodeIgniter->handleRequest(NULL, Object(Config\Cache), false)
#4 /home/kottako/public_html/index.php(41): CodeIgniter\CodeIgniter->run()
#5 {main}
CRITICAL - 2022-04-24 21:38:30 --> sizeof(): Argument #1 ($value) must be of type Countable|array, null given
#0 /home/kottako/public_html/app/Controllers/TeamLeadController.php(289): sizeof(NULL)
#1 /home/kottako/public_html/system/CodeIgniter.php(825): App\Controllers\TeamLeadController->addTeamLead()
#2 /home/kottako/public_html/system/CodeIgniter.php(412): CodeIgniter\CodeIgniter->runController(Object(App\Controllers\TeamLeadController))
#3 /home/kottako/public_html/system/CodeIgniter.php(320): CodeIgniter\CodeIgniter->handleRequest(NULL, Object(Config\Cache), false)
#4 /home/kottako/public_html/index.php(41): CodeIgniter\CodeIgniter->run()
#5 {main}
CRITICAL - 2022-04-24 21:44:49 --> Allowed memory size of 134217728 bytes exhausted (tried to allocate 98582528 bytes)
#0 [internal function]: CodeIgniter\Debug\Exceptions->shutdownHandler()
#1 {main}
CRITICAL - 2022-04-24 21:44:50 --> Allowed memory size of 134217728 bytes exhausted (tried to allocate 98582528 bytes)
#0 [internal function]: CodeIgniter\Debug\Exceptions->shutdownHandler()
#1 {main}
CRITICAL - 2022-04-24 21:44:50 --> Allowed memory size of 134217728 bytes exhausted (tried to allocate 98582528 bytes)
#0 [internal function]: CodeIgniter\Debug\Exceptions->shutdownHandler()
#1 {main}
CRITICAL - 2022-04-24 21:44:50 --> Allowed memory size of 134217728 bytes exhausted (tried to allocate 98582528 bytes)
#0 [internal function]: CodeIgniter\Debug\Exceptions->shutdownHandler()
#1 {main}
CRITICAL - 2022-04-24 21:44:51 --> Allowed memory size of 134217728 bytes exhausted (tried to allocate 98582528 bytes)
#0 [internal function]: CodeIgniter\Debug\Exceptions->shutdownHandler()
#1 {main}
CRITICAL - 2022-04-24 21:44:51 --> Allowed memory size of 134217728 bytes exhausted (tried to allocate 98582528 bytes)
#0 [internal function]: CodeIgniter\Debug\Exceptions->shutdownHandler()
#1 {main}
CRITICAL - 2022-04-24 21:44:51 --> Allowed memory size of 134217728 bytes exhausted (tried to allocate 98582528 bytes)
#0 [internal function]: CodeIgniter\Debug\Exceptions->shutdownHandler()
#1 {main}
CRITICAL - 2022-04-24 21:44:52 --> Allowed memory size of 134217728 bytes exhausted (tried to allocate 98582528 bytes)
#0 [internal function]: CodeIgniter\Debug\Exceptions->shutdownHandler()
#1 {main}
CRITICAL - 2022-04-24 21:44:52 --> Allowed memory size of 134217728 bytes exhausted (tried to allocate 98582528 bytes)
#0 [internal function]: CodeIgniter\Debug\Exceptions->shutdownHandler()
#1 {main}
CRITICAL - 2022-04-24 21:45:12 --> Allowed memory size of 134217728 bytes exhausted (tried to allocate 98582528 bytes)
#0 [internal function]: CodeIgniter\Debug\Exceptions->shutdownHandler()
#1 {main}
CRITICAL - 2022-04-24 21:45:13 --> Allowed memory size of 134217728 bytes exhausted (tried to allocate 98582528 bytes)
#0 [internal function]: CodeIgniter\Debug\Exceptions->shutdownHandler()
#1 {main}
CRITICAL - 2022-04-24 21:45:55 --> Allowed memory size of 134217728 bytes exhausted (tried to allocate 98582528 bytes)
#0 [internal function]: CodeIgniter\Debug\Exceptions->shutdownHandler()
#1 {main}
CRITICAL - 2022-04-24 21:45:55 --> Allowed memory size of 134217728 bytes exhausted (tried to allocate 98582528 bytes)
#0 [internal function]: CodeIgniter\Debug\Exceptions->shutdownHandler()
#1 {main}
CRITICAL - 2022-04-24 21:45:56 --> Allowed memory size of 134217728 bytes exhausted (tried to allocate 98582528 bytes)
#0 [internal function]: CodeIgniter\Debug\Exceptions->shutdownHandler()
#1 {main}
CRITICAL - 2022-04-24 21:45:56 --> Allowed memory size of 134217728 bytes exhausted (tried to allocate 98582528 bytes)
#0 [internal function]: CodeIgniter\Debug\Exceptions->shutdownHandler()
#1 {main}
CRITICAL - 2022-04-24 21:45:56 --> Allowed memory size of 134217728 bytes exhausted (tried to allocate 98582528 bytes)
#0 [internal function]: CodeIgniter\Debug\Exceptions->shutdownHandler()
#1 {main}
CRITICAL - 2022-04-24 21:46:15 --> Allowed memory size of 134217728 bytes exhausted (tried to allocate 98582528 bytes)
#0 [internal function]: CodeIgniter\Debug\Exceptions->shutdownHandler()
#1 {main}
CRITICAL - 2022-04-24 21:46:15 --> Allowed memory size of 134217728 bytes exhausted (tried to allocate 98582528 bytes)
#0 [internal function]: CodeIgniter\Debug\Exceptions->shutdownHandler()
#1 {main}
CRITICAL - 2022-04-24 21:46:16 --> Allowed memory size of 134217728 bytes exhausted (tried to allocate 98582528 bytes)
#0 [internal function]: CodeIgniter\Debug\Exceptions->shutdownHandler()
#1 {main}
CRITICAL - 2022-04-24 21:46:16 --> Allowed memory size of 134217728 bytes exhausted (tried to allocate 98582528 bytes)
#0 [internal function]: CodeIgniter\Debug\Exceptions->shutdownHandler()
#1 {main}
CRITICAL - 2022-04-24 21:46:16 --> Allowed memory size of 134217728 bytes exhausted (tried to allocate 98582528 bytes)
#0 [internal function]: CodeIgniter\Debug\Exceptions->shutdownHandler()
#1 {main}
ERROR - 2022-04-24 21:52:55 --> Email: sendWithSmtp throwed fsockopen(): SSL operation failed with code 1. OpenSSL Error messages:
error:14090086:SSL routines:ssl3_get_server_certificate:certificate verify failed
CRITICAL - 2022-04-24 21:58:42 --> Trying to access array offset on value of type null
#0 /home/kottako/public_html/app/Controllers/TeamLeadController.php(618): CodeIgniter\Debug\Exceptions->errorHandler(2, 'Trying to acces...', '/home/kottako/p...', 618)
#1 /home/kottako/public_html/system/CodeIgniter.php(825): App\Controllers\TeamLeadController->viewteamleadProfile('text-center.htm...')
#2 /home/kottako/public_html/system/CodeIgniter.php(412): CodeIgniter\CodeIgniter->runController(Object(App\Controllers\TeamLeadController))
#3 /home/kottako/public_html/system/CodeIgniter.php(320): CodeIgniter\CodeIgniter->handleRequest(NULL, Object(Config\Cache), false)
#4 /home/kottako/public_html/index.php(41): CodeIgniter\CodeIgniter->run()
#5 {main}
