CRITICAL - 2022-04-19 00:00:06 --> Trying to access array offset on value of type null
#0 /home/kottako/public_html/app/Controllers/SalesManagerController.php(899): CodeIgniter\Debug\Exceptions->errorHandler(2, 'Trying to acces...', '/home/kottako/p...', 899)
#1 /home/kottako/public_html/system/CodeIgniter.php(825): App\Controllers\SalesManagerController->fastagInventory()
#2 /home/kottako/public_html/system/CodeIgniter.php(412): CodeIgniter\CodeIgniter->runController(Object(App\Controllers\SalesManagerController))
#3 /home/kottako/public_html/system/CodeIgniter.php(320): CodeIgniter\CodeIgniter->handleRequest(NULL, Object(Config\Cache), false)
#4 /home/kottako/public_html/index.php(41): CodeIgniter\CodeIgniter->run()
#5 {main}
CRITICAL - 2022-04-19 00:36:23 --> Undefined array key "inventoryid"
#0 /home/kottako/public_html/app/Views/salesmanager/managefasttagspecific.php(142): CodeIgniter\Debug\Exceptions->errorHandler(2, 'Undefined array...', '/home/kottako/p...', 142)
#1 /home/kottako/public_html/system/View/View.php(210): include('/home/kottako/p...')
#2 /home/kottako/public_html/system/View/View.php(213): CodeIgniter\View\View->CodeIgniter\View\{closure}()
#3 /home/kottako/public_html/system/Common.php(1089): CodeIgniter\View\View->render('salesmanager/ma...', Array, true)
#4 /home/kottako/public_html/app/Controllers/SalesManagerController.php(1018): view('salesmanager/ma...', Array)
#5 /home/kottako/public_html/system/CodeIgniter.php(825): App\Controllers\SalesManagerController->managefasttagspecific('unallocated')
#6 /home/kottako/public_html/system/CodeIgniter.php(412): CodeIgniter\CodeIgniter->runController(Object(App\Controllers\SalesManagerController))
#7 /home/kottako/public_html/system/CodeIgniter.php(320): CodeIgniter\CodeIgniter->handleRequest(NULL, Object(Config\Cache), false)
#8 /home/kottako/public_html/index.php(41): CodeIgniter\CodeIgniter->run()
#9 {main}
CRITICAL - 2022-04-19 00:41:02 --> Undefined variable $fastag
#0 /home/kottako/public_html/app/Views/salesmanager/managefasttagspecific.php(137): CodeIgniter\Debug\Exceptions->errorHandler(2, 'Undefined varia...', '/home/kottako/p...', 137)
#1 /home/kottako/public_html/system/View/View.php(210): include('/home/kottako/p...')
#2 /home/kottako/public_html/system/View/View.php(213): CodeIgniter\View\View->CodeIgniter\View\{closure}()
#3 /home/kottako/public_html/system/Common.php(1089): CodeIgniter\View\View->render('salesmanager/ma...', Array, true)
#4 /home/kottako/public_html/app/Controllers/SalesManagerController.php(1010): view('salesmanager/ma...', Array)
#5 /home/kottako/public_html/system/CodeIgniter.php(825): App\Controllers\SalesManagerController->managefasttagspecific('allocated')
#6 /home/kottako/public_html/system/CodeIgniter.php(412): CodeIgniter\CodeIgniter->runController(Object(App\Controllers\SalesManagerController))
#7 /home/kottako/public_html/system/CodeIgniter.php(320): CodeIgniter\CodeIgniter->handleRequest(NULL, Object(Config\Cache), false)
#8 /home/kottako/public_html/index.php(41): CodeIgniter\CodeIgniter->run()
#9 {main}
CRITICAL - 2022-04-19 00:46:14 --> Call to a member function paginate() on array
#0 /home/kottako/public_html/system/CodeIgniter.php(825): App\Controllers\SalesManagerController->fastagInventory()
#1 /home/kottako/public_html/system/CodeIgniter.php(412): CodeIgniter\CodeIgniter->runController(Object(App\Controllers\SalesManagerController))
#2 /home/kottako/public_html/system/CodeIgniter.php(320): CodeIgniter\CodeIgniter->handleRequest(NULL, Object(Config\Cache), false)
#3 /home/kottako/public_html/index.php(41): CodeIgniter\CodeIgniter->run()
#4 {main}
CRITICAL - 2022-04-19 00:49:20 --> Cannot redeclare App\Models\SalesManagerModel::$table
#0 [internal function]: CodeIgniter\Debug\Exceptions->shutdownHandler()
#1 {main}
CRITICAL - 2022-04-19 00:49:42 --> Call to a member function paginate() on array
#0 /home/kottako/public_html/system/CodeIgniter.php(825): App\Controllers\SalesManagerController->fastagInventory()
#1 /home/kottako/public_html/system/CodeIgniter.php(412): CodeIgniter\CodeIgniter->runController(Object(App\Controllers\SalesManagerController))
#2 /home/kottako/public_html/system/CodeIgniter.php(320): CodeIgniter\CodeIgniter->handleRequest(NULL, Object(Config\Cache), false)
#3 /home/kottako/public_html/index.php(41): CodeIgniter\CodeIgniter->run()
#4 {main}
CRITICAL - 2022-04-19 00:55:00 --> Call to undefined method App\Models\FastagInventoryModel::showfastag
#0 /home/kottako/public_html/app/Controllers/SalesManagerController.php(991): CodeIgniter\Model->__call('showfastag', Array)
#1 /home/kottako/public_html/system/CodeIgniter.php(825): App\Controllers\SalesManagerController->fastagInventory()
#2 /home/kottako/public_html/system/CodeIgniter.php(412): CodeIgniter\CodeIgniter->runController(Object(App\Controllers\SalesManagerController))
#3 /home/kottako/public_html/system/CodeIgniter.php(320): CodeIgniter\CodeIgniter->handleRequest(NULL, Object(Config\Cache), false)
#4 /home/kottako/public_html/index.php(41): CodeIgniter\CodeIgniter->run()
#5 {main}
CRITICAL - 2022-04-19 00:55:41 --> Call to a member function paginate() on array
#0 /home/kottako/public_html/system/CodeIgniter.php(825): App\Controllers\SalesManagerController->fastagInventory()
#1 /home/kottako/public_html/system/CodeIgniter.php(412): CodeIgniter\CodeIgniter->runController(Object(App\Controllers\SalesManagerController))
#2 /home/kottako/public_html/system/CodeIgniter.php(320): CodeIgniter\CodeIgniter->handleRequest(NULL, Object(Config\Cache), false)
#3 /home/kottako/public_html/index.php(41): CodeIgniter\CodeIgniter->run()
#4 {main}
CRITICAL - 2022-04-19 00:58:06 --> Undefined variable $id
#0 /home/kottako/public_html/app/Controllers/SalesManagerController.php(995): CodeIgniter\Debug\Exceptions->errorHandler(2, 'Undefined varia...', '/home/kottako/p...', 995)
#1 /home/kottako/public_html/system/CodeIgniter.php(825): App\Controllers\SalesManagerController->fastagInventory()
#2 /home/kottako/public_html/system/CodeIgniter.php(412): CodeIgniter\CodeIgniter->runController(Object(App\Controllers\SalesManagerController))
#3 /home/kottako/public_html/system/CodeIgniter.php(320): CodeIgniter\CodeIgniter->handleRequest(NULL, Object(Config\Cache), false)
#4 /home/kottako/public_html/index.php(41): CodeIgniter\CodeIgniter->run()
#5 {main}
CRITICAL - 2022-04-19 01:02:56 --> sizeof(): Argument #1 ($value) must be of type Countable|array, null given
#0 /home/kottako/public_html/app/Controllers/SalesManagerController.php(900): sizeof(NULL)
#1 /home/kottako/public_html/system/CodeIgniter.php(825): App\Controllers\SalesManagerController->fastagInventory()
#2 /home/kottako/public_html/system/CodeIgniter.php(412): CodeIgniter\CodeIgniter->runController(Object(App\Controllers\SalesManagerController))
#3 /home/kottako/public_html/system/CodeIgniter.php(320): CodeIgniter\CodeIgniter->handleRequest(NULL, Object(Config\Cache), false)
#4 /home/kottako/public_html/index.php(41): CodeIgniter\CodeIgniter->run()
#5 {main}
CRITICAL - 2022-04-19 01:03:00 --> Undefined variable $pager
#0 /home/kottako/public_html/app/Views/salesmanager/managefasttagspecific.php(180): CodeIgniter\Debug\Exceptions->errorHandler(2, 'Undefined varia...', '/home/kottako/p...', 180)
#1 /home/kottako/public_html/system/View/View.php(210): include('/home/kottako/p...')
#2 /home/kottako/public_html/system/View/View.php(213): CodeIgniter\View\View->CodeIgniter\View\{closure}()
#3 /home/kottako/public_html/system/Common.php(1089): CodeIgniter\View\View->render('salesmanager/ma...', Array, true)
#4 /home/kottako/public_html/app/Controllers/SalesManagerController.php(1025): view('salesmanager/ma...', Array)
#5 /home/kottako/public_html/system/CodeIgniter.php(825): App\Controllers\SalesManagerController->managefasttagspecific('allocated')
#6 /home/kottako/public_html/system/CodeIgniter.php(412): CodeIgniter\CodeIgniter->runController(Object(App\Controllers\SalesManagerController))
#7 /home/kottako/public_html/system/CodeIgniter.php(320): CodeIgniter\CodeIgniter->handleRequest(NULL, Object(Config\Cache), false)
#8 /home/kottako/public_html/index.php(41): CodeIgniter\CodeIgniter->run()
#9 {main}
CRITICAL - 2022-04-19 01:10:41 --> Undefined variable $pager
#0 /home/kottako/public_html/app/Views/salesmanager/managefasttagspecific.php(180): CodeIgniter\Debug\Exceptions->errorHandler(2, 'Undefined varia...', '/home/kottako/p...', 180)
#1 /home/kottako/public_html/system/View/View.php(210): include('/home/kottako/p...')
#2 /home/kottako/public_html/system/View/View.php(213): CodeIgniter\View\View->CodeIgniter\View\{closure}()
#3 /home/kottako/public_html/system/Common.php(1089): CodeIgniter\View\View->render('salesmanager/ma...', Array, true)
#4 /home/kottako/public_html/app/Controllers/SalesManagerController.php(1026): view('salesmanager/ma...', Array)
#5 /home/kottako/public_html/system/CodeIgniter.php(825): App\Controllers\SalesManagerController->managefasttagspecific('unallocated')
#6 /home/kottako/public_html/system/CodeIgniter.php(412): CodeIgniter\CodeIgniter->runController(Object(App\Controllers\SalesManagerController))
#7 /home/kottako/public_html/system/CodeIgniter.php(320): CodeIgniter\CodeIgniter->handleRequest(NULL, Object(Config\Cache), false)
#8 /home/kottako/public_html/index.php(41): CodeIgniter\CodeIgniter->run()
#9 {main}
CRITICAL - 2022-04-19 01:13:42 --> Undefined variable $pager
#0 /home/kottako/public_html/app/Views/salesmanager/managefasttagspecific.php(180): CodeIgniter\Debug\Exceptions->errorHandler(2, 'Undefined varia...', '/home/kottako/p...', 180)
#1 /home/kottako/public_html/system/View/View.php(210): include('/home/kottako/p...')
#2 /home/kottako/public_html/system/View/View.php(213): CodeIgniter\View\View->CodeIgniter\View\{closure}()
#3 /home/kottako/public_html/system/Common.php(1089): CodeIgniter\View\View->render('salesmanager/ma...', Array, true)
#4 /home/kottako/public_html/app/Controllers/SalesManagerController.php(1025): view('salesmanager/ma...', Array)
#5 /home/kottako/public_html/system/CodeIgniter.php(825): App\Controllers\SalesManagerController->managefasttagspecific('allocated')
#6 /home/kottako/public_html/system/CodeIgniter.php(412): CodeIgniter\CodeIgniter->runController(Object(App\Controllers\SalesManagerController))
#7 /home/kottako/public_html/system/CodeIgniter.php(320): CodeIgniter\CodeIgniter->handleRequest(NULL, Object(Config\Cache), false)
#8 /home/kottako/public_html/index.php(41): CodeIgniter\CodeIgniter->run()
#9 {main}
CRITICAL - 2022-04-19 01:47:48 --> Undefined array key "bankname"
#0 /home/kottako/public_html/app/Controllers/SalesManagerController.php(999): CodeIgniter\Debug\Exceptions->errorHandler(2, 'Undefined array...', '/home/kottako/p...', 999)
#1 /home/kottako/public_html/system/CodeIgniter.php(825): App\Controllers\SalesManagerController->fastagInventory()
#2 /home/kottako/public_html/system/CodeIgniter.php(412): CodeIgniter\CodeIgniter->runController(Object(App\Controllers\SalesManagerController))
#3 /home/kottako/public_html/system/CodeIgniter.php(320): CodeIgniter\CodeIgniter->handleRequest(NULL, Object(Config\Cache), false)
#4 /home/kottako/public_html/index.php(41): CodeIgniter\CodeIgniter->run()
#5 {main}
CRITICAL - 2022-04-19 01:47:52 --> Undefined array key "bankname"
#0 /home/kottako/public_html/app/Controllers/SalesManagerController.php(999): CodeIgniter\Debug\Exceptions->errorHandler(2, 'Undefined array...', '/home/kottako/p...', 999)
#1 /home/kottako/public_html/system/CodeIgniter.php(825): App\Controllers\SalesManagerController->fastagInventory()
#2 /home/kottako/public_html/system/CodeIgniter.php(412): CodeIgniter\CodeIgniter->runController(Object(App\Controllers\SalesManagerController))
#3 /home/kottako/public_html/system/CodeIgniter.php(320): CodeIgniter\CodeIgniter->handleRequest(NULL, Object(Config\Cache), false)
#4 /home/kottako/public_html/index.php(41): CodeIgniter\CodeIgniter->run()
#5 {main}
ERROR - 2022-04-19 01:50:48 --> Not unique table/alias: 'fasttag'
CRITICAL - 2022-04-19 01:50:48 --> Not unique table/alias: 'fasttag'
#0 /home/kottako/public_html/system/Database/MySQLi/Connection.php(292): mysqli->query('SELECT `fasttag...', 0)
#1 /home/kottako/public_html/system/Database/BaseConnection.php(670): CodeIgniter\Database\MySQLi\Connection->execute('SELECT `fasttag...')
#2 /home/kottako/public_html/system/Database/BaseConnection.php(598): CodeIgniter\Database\BaseConnection->simpleQuery('SELECT `fasttag...')
#3 /home/kottako/public_html/system/Database/BaseBuilder.php(1455): CodeIgniter\Database\BaseConnection->query('SELECT `fasttag...', Array, false)
#4 /home/kottako/public_html/app/Models/SalesManagerModel.php(238): CodeIgniter\Database\BaseBuilder->get()
#5 /home/kottako/public_html/app/Controllers/SalesManagerController.php(953): App\Models\SalesManagerModel->fastaglikeManager('3', 1, 0, 520)
#6 /home/kottako/public_html/system/CodeIgniter.php(825): App\Controllers\SalesManagerController->fastagInventory()
#7 /home/kottako/public_html/system/CodeIgniter.php(412): CodeIgniter\CodeIgniter->runController(Object(App\Controllers\SalesManagerController))
#8 /home/kottako/public_html/system/CodeIgniter.php(320): CodeIgniter\CodeIgniter->handleRequest(NULL, Object(Config\Cache), false)
#9 /home/kottako/public_html/index.php(41): CodeIgniter\CodeIgniter->run()
#10 {main}
CRITICAL - 2022-04-19 01:58:39 --> Undefined array key "status"
#0 /home/kottako/public_html/app/Controllers/SalesManagerController.php(969): CodeIgniter\Debug\Exceptions->errorHandler(2, 'Undefined array...', '/home/kottako/p...', 969)
#1 /home/kottako/public_html/system/CodeIgniter.php(825): App\Controllers\SalesManagerController->fastagInventory()
#2 /home/kottako/public_html/system/CodeIgniter.php(412): CodeIgniter\CodeIgniter->runController(Object(App\Controllers\SalesManagerController))
#3 /home/kottako/public_html/system/CodeIgniter.php(320): CodeIgniter\CodeIgniter->handleRequest(NULL, Object(Config\Cache), false)
#4 /home/kottako/public_html/index.php(41): CodeIgniter\CodeIgniter->run()
#5 {main}
CRITICAL - 2022-04-19 01:59:18 --> Undefined array key "status"
#0 /home/kottako/public_html/app/Controllers/SalesManagerController.php(969): CodeIgniter\Debug\Exceptions->errorHandler(2, 'Undefined array...', '/home/kottako/p...', 969)
#1 /home/kottako/public_html/system/CodeIgniter.php(825): App\Controllers\SalesManagerController->fastagInventory()
#2 /home/kottako/public_html/system/CodeIgniter.php(412): CodeIgniter\CodeIgniter->runController(Object(App\Controllers\SalesManagerController))
#3 /home/kottako/public_html/system/CodeIgniter.php(320): CodeIgniter\CodeIgniter->handleRequest(NULL, Object(Config\Cache), false)
#4 /home/kottako/public_html/index.php(41): CodeIgniter\CodeIgniter->run()
#5 {main}
CRITICAL - 2022-04-19 02:03:07 --> Undefined variable $likebarcode
#0 /home/kottako/public_html/app/Controllers/SalesManagerController.php(955): CodeIgniter\Debug\Exceptions->errorHandler(2, 'Undefined varia...', '/home/kottako/p...', 955)
#1 /home/kottako/public_html/system/CodeIgniter.php(825): App\Controllers\SalesManagerController->fastagInventory()
#2 /home/kottako/public_html/system/CodeIgniter.php(412): CodeIgniter\CodeIgniter->runController(Object(App\Controllers\SalesManagerController))
#3 /home/kottako/public_html/system/CodeIgniter.php(320): CodeIgniter\CodeIgniter->handleRequest(NULL, Object(Config\Cache), false)
#4 /home/kottako/public_html/index.php(41): CodeIgniter\CodeIgniter->run()
#5 {main}
CRITICAL - 2022-04-19 02:06:23 --> Undefined array key "status"
#0 /home/kottako/public_html/app/Controllers/SalesManagerController.php(982): CodeIgniter\Debug\Exceptions->errorHandler(2, 'Undefined array...', '/home/kottako/p...', 982)
#1 /home/kottako/public_html/system/CodeIgniter.php(825): App\Controllers\SalesManagerController->fastagInventory()
#2 /home/kottako/public_html/system/CodeIgniter.php(412): CodeIgniter\CodeIgniter->runController(Object(App\Controllers\SalesManagerController))
#3 /home/kottako/public_html/system/CodeIgniter.php(320): CodeIgniter\CodeIgniter->handleRequest(NULL, Object(Config\Cache), false)
#4 /home/kottako/public_html/index.php(41): CodeIgniter\CodeIgniter->run()
#5 {main}
CRITICAL - 2022-04-19 02:06:24 --> Undefined array key "status"
#0 /home/kottako/public_html/app/Controllers/SalesManagerController.php(982): CodeIgniter\Debug\Exceptions->errorHandler(2, 'Undefined array...', '/home/kottako/p...', 982)
#1 /home/kottako/public_html/system/CodeIgniter.php(825): App\Controllers\SalesManagerController->fastagInventory()
#2 /home/kottako/public_html/system/CodeIgniter.php(412): CodeIgniter\CodeIgniter->runController(Object(App\Controllers\SalesManagerController))
#3 /home/kottako/public_html/system/CodeIgniter.php(320): CodeIgniter\CodeIgniter->handleRequest(NULL, Object(Config\Cache), false)
#4 /home/kottako/public_html/index.php(41): CodeIgniter\CodeIgniter->run()
#5 {main}
CRITICAL - 2022-04-19 02:06:24 --> Undefined array key "status"
#0 /home/kottako/public_html/app/Controllers/SalesManagerController.php(982): CodeIgniter\Debug\Exceptions->errorHandler(2, 'Undefined array...', '/home/kottako/p...', 982)
#1 /home/kottako/public_html/system/CodeIgniter.php(825): App\Controllers\SalesManagerController->fastagInventory()
#2 /home/kottako/public_html/system/CodeIgniter.php(412): CodeIgniter\CodeIgniter->runController(Object(App\Controllers\SalesManagerController))
#3 /home/kottako/public_html/system/CodeIgniter.php(320): CodeIgniter\CodeIgniter->handleRequest(NULL, Object(Config\Cache), false)
#4 /home/kottako/public_html/index.php(41): CodeIgniter\CodeIgniter->run()
#5 {main}
CRITICAL - 2022-04-19 02:06:25 --> Undefined array key "status"
#0 /home/kottako/public_html/app/Controllers/SalesManagerController.php(982): CodeIgniter\Debug\Exceptions->errorHandler(2, 'Undefined array...', '/home/kottako/p...', 982)
#1 /home/kottako/public_html/system/CodeIgniter.php(825): App\Controllers\SalesManagerController->fastagInventory()
#2 /home/kottako/public_html/system/CodeIgniter.php(412): CodeIgniter\CodeIgniter->runController(Object(App\Controllers\SalesManagerController))
#3 /home/kottako/public_html/system/CodeIgniter.php(320): CodeIgniter\CodeIgniter->handleRequest(NULL, Object(Config\Cache), false)
#4 /home/kottako/public_html/index.php(41): CodeIgniter\CodeIgniter->run()
#5 {main}
CRITICAL - 2022-04-19 02:09:54 --> Undefined array key "status"
#0 /home/kottako/public_html/app/Controllers/SalesManagerController.php(972): CodeIgniter\Debug\Exceptions->errorHandler(2, 'Undefined array...', '/home/kottako/p...', 972)
#1 /home/kottako/public_html/system/CodeIgniter.php(825): App\Controllers\SalesManagerController->fastagInventory()
#2 /home/kottako/public_html/system/CodeIgniter.php(412): CodeIgniter\CodeIgniter->runController(Object(App\Controllers\SalesManagerController))
#3 /home/kottako/public_html/system/CodeIgniter.php(320): CodeIgniter\CodeIgniter->handleRequest(NULL, Object(Config\Cache), false)
#4 /home/kottako/public_html/index.php(41): CodeIgniter\CodeIgniter->run()
#5 {main}
ERROR - 2022-04-19 06:01:33 --> Email: sendWithSmtp throwed fsockopen(): SSL operation failed with code 1. OpenSSL Error messages:
error:14090086:SSL routines:ssl3_get_server_certificate:certificate verify failed
CRITICAL - 2022-04-19 08:44:28 --> sizeof(): Argument #1 ($value) must be of type Countable|array, null given
#0 /home/kottako/public_html/app/Controllers/SalesAgentController.php(255): sizeof(NULL)
#1 /home/kottako/public_html/system/CodeIgniter.php(825): App\Controllers\SalesAgentController->addSalesAgent()
#2 /home/kottako/public_html/system/CodeIgniter.php(412): CodeIgniter\CodeIgniter->runController(Object(App\Controllers\SalesAgentController))
#3 /home/kottako/public_html/system/CodeIgniter.php(320): CodeIgniter\CodeIgniter->handleRequest(NULL, Object(Config\Cache), false)
#4 /home/kottako/public_html/index.php(41): CodeIgniter\CodeIgniter->run()
#5 {main}
CRITICAL - 2022-04-19 08:44:35 --> sizeof(): Argument #1 ($value) must be of type Countable|array, null given
#0 /home/kottako/public_html/app/Controllers/SalesAgentController.php(255): sizeof(NULL)
#1 /home/kottako/public_html/system/CodeIgniter.php(825): App\Controllers\SalesAgentController->addSalesAgent()
#2 /home/kottako/public_html/system/CodeIgniter.php(412): CodeIgniter\CodeIgniter->runController(Object(App\Controllers\SalesAgentController))
#3 /home/kottako/public_html/system/CodeIgniter.php(320): CodeIgniter\CodeIgniter->handleRequest(NULL, Object(Config\Cache), false)
#4 /home/kottako/public_html/index.php(41): CodeIgniter\CodeIgniter->run()
#5 {main}
ERROR - 2022-04-19 08:58:21 --> Email: sendWithSmtp throwed fsockopen(): SSL operation failed with code 1. OpenSSL Error messages:
error:14090086:SSL routines:ssl3_get_server_certificate:certificate verify failed
ERROR - 2022-04-19 09:24:20 --> Email: sendWithSmtp throwed fsockopen(): SSL operation failed with code 1. OpenSSL Error messages:
error:14090086:SSL routines:ssl3_get_server_certificate:certificate verify failed
CRITICAL - 2022-04-19 09:59:00 --> Invalid file: teamlead/Profile.php
#0 /home/kottako/public_html/system/View/View.php(198): CodeIgniter\Exceptions\FrameworkException::forInvalidFile('teamlead/Profil...')
#1 /home/kottako/public_html/system/Common.php(1089): CodeIgniter\View\View->render('teamlead/Profil...', Array, true)
#2 /home/kottako/public_html/app/Controllers/TeamLeadProfileController.php(262): view('teamlead/Profil...', Array)
#3 /home/kottako/public_html/system/CodeIgniter.php(825): App\Controllers\TeamLeadProfileController->viewProfile()
#4 /home/kottako/public_html/system/CodeIgniter.php(412): CodeIgniter\CodeIgniter->runController(Object(App\Controllers\TeamLeadProfileController))
#5 /home/kottako/public_html/system/CodeIgniter.php(320): CodeIgniter\CodeIgniter->handleRequest(NULL, Object(Config\Cache), false)
#6 /home/kottako/public_html/index.php(41): CodeIgniter\CodeIgniter->run()
#7 {main}
ERROR - 2022-04-19 09:59:09 --> Email: sendWithSmtp throwed fsockopen(): SSL operation failed with code 1. OpenSSL Error messages:
error:14090086:SSL routines:ssl3_get_server_certificate:certificate verify failed
ERROR - 2022-04-19 10:28:37 --> Email: sendWithSmtp throwed fsockopen(): SSL operation failed with code 1. OpenSSL Error messages:
error:14090086:SSL routines:ssl3_get_server_certificate:certificate verify failed
CRITICAL - 2022-04-19 10:29:49 --> Invalid file: teamlead/Profile.php
#0 /home/kottako/public_html/system/View/View.php(198): CodeIgniter\Exceptions\FrameworkException::forInvalidFile('teamlead/Profil...')
#1 /home/kottako/public_html/system/Common.php(1089): CodeIgniter\View\View->render('teamlead/Profil...', Array, true)
#2 /home/kottako/public_html/app/Controllers/TeamLeadProfileController.php(262): view('teamlead/Profil...', Array)
#3 /home/kottako/public_html/system/CodeIgniter.php(825): App\Controllers\TeamLeadProfileController->viewProfile()
#4 /home/kottako/public_html/system/CodeIgniter.php(412): CodeIgniter\CodeIgniter->runController(Object(App\Controllers\TeamLeadProfileController))
#5 /home/kottako/public_html/system/CodeIgniter.php(320): CodeIgniter\CodeIgniter->handleRequest(NULL, Object(Config\Cache), false)
#6 /home/kottako/public_html/index.php(41): CodeIgniter\CodeIgniter->run()
#7 {main}
CRITICAL - 2022-04-19 10:29:52 --> Invalid file: teamlead/Profile.php
#0 /home/kottako/public_html/system/View/View.php(198): CodeIgniter\Exceptions\FrameworkException::forInvalidFile('teamlead/Profil...')
#1 /home/kottako/public_html/system/Common.php(1089): CodeIgniter\View\View->render('teamlead/Profil...', Array, true)
#2 /home/kottako/public_html/app/Controllers/TeamLeadProfileController.php(262): view('teamlead/Profil...', Array)
#3 /home/kottako/public_html/system/CodeIgniter.php(825): App\Controllers\TeamLeadProfileController->viewProfile()
#4 /home/kottako/public_html/system/CodeIgniter.php(412): CodeIgniter\CodeIgniter->runController(Object(App\Controllers\TeamLeadProfileController))
#5 /home/kottako/public_html/system/CodeIgniter.php(320): CodeIgniter\CodeIgniter->handleRequest(NULL, Object(Config\Cache), false)
#6 /home/kottako/public_html/index.php(41): CodeIgniter\CodeIgniter->run()
#7 {main}
ERROR - 2022-04-19 10:35:22 --> Email: sendWithSmtp throwed fsockopen(): SSL operation failed with code 1. OpenSSL Error messages:
error:14090086:SSL routines:ssl3_get_server_certificate:certificate verify failed
ERROR - 2022-04-19 10:35:55 --> Email: sendWithSmtp throwed fsockopen(): SSL operation failed with code 1. OpenSSL Error messages:
error:14090086:SSL routines:ssl3_get_server_certificate:certificate verify failed
ERROR - 2022-04-19 10:36:19 --> Email: sendWithSmtp throwed fsockopen(): SSL operation failed with code 1. OpenSSL Error messages:
error:14090086:SSL routines:ssl3_get_server_certificate:certificate verify failed
ERROR - 2022-04-19 10:37:09 --> Email: sendWithSmtp throwed fsockopen(): SSL operation failed with code 1. OpenSSL Error messages:
error:14090086:SSL routines:ssl3_get_server_certificate:certificate verify failed
ERROR - 2022-04-19 10:38:04 --> Email: sendWithSmtp throwed fsockopen(): SSL operation failed with code 1. OpenSSL Error messages:
error:14090086:SSL routines:ssl3_get_server_certificate:certificate verify failed
ERROR - 2022-04-19 10:46:42 --> Email: sendWithSmtp throwed fsockopen(): SSL operation failed with code 1. OpenSSL Error messages:
error:14090086:SSL routines:ssl3_get_server_certificate:certificate verify failed
ERROR - 2022-04-19 10:49:45 --> Email: sendWithSmtp throwed fsockopen(): SSL operation failed with code 1. OpenSSL Error messages:
error:14090086:SSL routines:ssl3_get_server_certificate:certificate verify failed
ERROR - 2022-04-19 11:10:46 --> Email: sendWithSmtp throwed fsockopen(): SSL operation failed with code 1. OpenSSL Error messages:
error:14090086:SSL routines:ssl3_get_server_certificate:certificate verify failed
ERROR - 2022-04-19 11:12:08 --> Email: sendWithSmtp throwed fsockopen(): SSL operation failed with code 1. OpenSSL Error messages:
error:14090086:SSL routines:ssl3_get_server_certificate:certificate verify failed
ERROR - 2022-04-19 11:12:36 --> Email: sendWithSmtp throwed fsockopen(): SSL operation failed with code 1. OpenSSL Error messages:
error:14090086:SSL routines:ssl3_get_server_certificate:certificate verify failed
ERROR - 2022-04-19 11:18:08 --> Email: sendWithSmtp throwed fsockopen(): SSL operation failed with code 1. OpenSSL Error messages:
error:14090086:SSL routines:ssl3_get_server_certificate:certificate verify failed
ERROR - 2022-04-19 11:33:35 --> Email: sendWithSmtp throwed fsockopen(): SSL operation failed with code 1. OpenSSL Error messages:
error:14090086:SSL routines:ssl3_get_server_certificate:certificate verify failed
CRITICAL - 2022-04-19 11:37:36 --> sizeof(): Argument #1 ($value) must be of type Countable|array, null given
#0 /home/kottako/public_html/app/Controllers/FastTagController.php(309): sizeof(NULL)
#1 /home/kottako/public_html/system/CodeIgniter.php(825): App\Controllers\FastTagController->managefasttag()
#2 /home/kottako/public_html/system/CodeIgniter.php(412): CodeIgniter\CodeIgniter->runController(Object(App\Controllers\FastTagController))
#3 /home/kottako/public_html/system/CodeIgniter.php(320): CodeIgniter\CodeIgniter->handleRequest(NULL, Object(Config\Cache), false)
#4 /home/kottako/public_html/index.php(41): CodeIgniter\CodeIgniter->run()
#5 {main}
ERROR - 2022-04-19 11:47:12 --> Email: sendWithSmtp throwed fsockopen(): SSL operation failed with code 1. OpenSSL Error messages:
error:14090086:SSL routines:ssl3_get_server_certificate:certificate verify failed
CRITICAL - 2022-04-19 11:48:39 --> Invalid file: teamlead/Profile.php
#0 /home/kottako/public_html/system/View/View.php(198): CodeIgniter\Exceptions\FrameworkException::forInvalidFile('teamlead/Profil...')
#1 /home/kottako/public_html/system/Common.php(1089): CodeIgniter\View\View->render('teamlead/Profil...', Array, true)
#2 /home/kottako/public_html/app/Controllers/TeamLeadProfileController.php(262): view('teamlead/Profil...', Array)
#3 /home/kottako/public_html/system/CodeIgniter.php(825): App\Controllers\TeamLeadProfileController->viewProfile()
#4 /home/kottako/public_html/system/CodeIgniter.php(412): CodeIgniter\CodeIgniter->runController(Object(App\Controllers\TeamLeadProfileController))
#5 /home/kottako/public_html/system/CodeIgniter.php(320): CodeIgniter\CodeIgniter->handleRequest(NULL, Object(Config\Cache), false)
#6 /home/kottako/public_html/index.php(41): CodeIgniter\CodeIgniter->run()
#7 {main}
ERROR - 2022-04-19 11:54:10 --> Email: sendWithSmtp throwed fsockopen(): SSL operation failed with code 1. OpenSSL Error messages:
error:14090086:SSL routines:ssl3_get_server_certificate:certificate verify failed
ERROR - 2022-04-19 11:54:17 --> Email: sendWithSmtp throwed fsockopen(): SSL operation failed with code 1. OpenSSL Error messages:
error:14090086:SSL routines:ssl3_get_server_certificate:certificate verify failed
ERROR - 2022-04-19 11:55:15 --> Email: sendWithSmtp throwed fsockopen(): SSL operation failed with code 1. OpenSSL Error messages:
error:14090086:SSL routines:ssl3_get_server_certificate:certificate verify failed
ERROR - 2022-04-19 11:56:16 --> Email: sendWithSmtp throwed fsockopen(): SSL operation failed with code 1. OpenSSL Error messages:
error:14090086:SSL routines:ssl3_get_server_certificate:certificate verify failed
ERROR - 2022-04-19 11:58:58 --> Email: sendWithSmtp throwed fsockopen(): SSL operation failed with code 1. OpenSSL Error messages:
error:14090086:SSL routines:ssl3_get_server_certificate:certificate verify failed
ERROR - 2022-04-19 11:59:24 --> Email: sendWithSmtp throwed fsockopen(): SSL operation failed with code 1. OpenSSL Error messages:
error:14090086:SSL routines:ssl3_get_server_certificate:certificate verify failed
ERROR - 2022-04-19 12:32:05 --> Email: sendWithSmtp throwed fsockopen(): SSL operation failed with code 1. OpenSSL Error messages:
error:14090086:SSL routines:ssl3_get_server_certificate:certificate verify failed
ERROR - 2022-04-19 12:32:10 --> Email: sendWithSmtp throwed fsockopen(): SSL operation failed with code 1. OpenSSL Error messages:
error:14090086:SSL routines:ssl3_get_server_certificate:certificate verify failed
ERROR - 2022-04-19 12:36:17 --> Email: sendWithSmtp throwed fsockopen(): SSL operation failed with code 1. OpenSSL Error messages:
error:14090086:SSL routines:ssl3_get_server_certificate:certificate verify failed
ERROR - 2022-04-19 12:41:36 --> Email: sendWithSmtp throwed fsockopen(): SSL operation failed with code 1. OpenSSL Error messages:
error:14090086:SSL routines:ssl3_get_server_certificate:certificate verify failed
ERROR - 2022-04-19 12:41:42 --> Email: sendWithSmtp throwed fsockopen(): SSL operation failed with code 1. OpenSSL Error messages:
error:14090086:SSL routines:ssl3_get_server_certificate:certificate verify failed
ERROR - 2022-04-19 12:41:44 --> Email: sendWithSmtp throwed fsockopen(): SSL operation failed with code 1. OpenSSL Error messages:
error:14090086:SSL routines:ssl3_get_server_certificate:certificate verify failed
ERROR - 2022-04-19 12:41:44 --> Email: sendWithSmtp throwed fsockopen(): SSL operation failed with code 1. OpenSSL Error messages:
error:14090086:SSL routines:ssl3_get_server_certificate:certificate verify failed
ERROR - 2022-04-19 12:41:44 --> Email: sendWithSmtp throwed fsockopen(): SSL operation failed with code 1. OpenSSL Error messages:
error:14090086:SSL routines:ssl3_get_server_certificate:certificate verify failed
ERROR - 2022-04-19 12:42:01 --> Email: sendWithSmtp throwed fsockopen(): SSL operation failed with code 1. OpenSSL Error messages:
error:14090086:SSL routines:ssl3_get_server_certificate:certificate verify failed
ERROR - 2022-04-19 12:42:26 --> Email: sendWithSmtp throwed fsockopen(): SSL operation failed with code 1. OpenSSL Error messages:
error:14090086:SSL routines:ssl3_get_server_certificate:certificate verify failed
ERROR - 2022-04-19 12:42:34 --> Email: sendWithSmtp throwed fsockopen(): SSL operation failed with code 1. OpenSSL Error messages:
error:14090086:SSL routines:ssl3_get_server_certificate:certificate verify failed
ERROR - 2022-04-19 13:35:04 --> Email: sendWithSmtp throwed fsockopen(): SSL operation failed with code 1. OpenSSL Error messages:
error:14090086:SSL routines:ssl3_get_server_certificate:certificate verify failed
CRITICAL - 2022-04-19 13:47:30 --> Allowed memory size of 134217728 bytes exhausted (tried to allocate 98582528 bytes)
#0 [internal function]: CodeIgniter\Debug\Exceptions->shutdownHandler()
#1 {main}
CRITICAL - 2022-04-19 13:47:30 --> Allowed memory size of 134217728 bytes exhausted (tried to allocate 98582528 bytes)
#0 [internal function]: CodeIgniter\Debug\Exceptions->shutdownHandler()
#1 {main}
CRITICAL - 2022-04-19 13:47:37 --> Allowed memory size of 134217728 bytes exhausted (tried to allocate 98582528 bytes)
#0 [internal function]: CodeIgniter\Debug\Exceptions->shutdownHandler()
#1 {main}
CRITICAL - 2022-04-19 13:47:38 --> Allowed memory size of 134217728 bytes exhausted (tried to allocate 98582528 bytes)
#0 [internal function]: CodeIgniter\Debug\Exceptions->shutdownHandler()
#1 {main}
CRITICAL - 2022-04-19 13:47:38 --> Allowed memory size of 134217728 bytes exhausted (tried to allocate 98582528 bytes)
#0 [internal function]: CodeIgniter\Debug\Exceptions->shutdownHandler()
#1 {main}
CRITICAL - 2022-04-19 13:47:38 --> Allowed memory size of 134217728 bytes exhausted (tried to allocate 98582528 bytes)
#0 [internal function]: CodeIgniter\Debug\Exceptions->shutdownHandler()
#1 {main}
CRITICAL - 2022-04-19 13:47:38 --> Allowed memory size of 134217728 bytes exhausted (tried to allocate 98582528 bytes)
#0 [internal function]: CodeIgniter\Debug\Exceptions->shutdownHandler()
#1 {main}
ERROR - 2022-04-19 13:55:02 --> Email: sendWithSmtp throwed fsockopen(): SSL operation failed with code 1. OpenSSL Error messages:
error:14090086:SSL routines:ssl3_get_server_certificate:certificate verify failed
ERROR - 2022-04-19 14:53:50 --> Email: sendWithSmtp throwed fsockopen(): SSL operation failed with code 1. OpenSSL Error messages:
error:14090086:SSL routines:ssl3_get_server_certificate:certificate verify failed
ERROR - 2022-04-19 14:53:53 --> Email: sendWithSmtp throwed fsockopen(): SSL operation failed with code 1. OpenSSL Error messages:
error:14090086:SSL routines:ssl3_get_server_certificate:certificate verify failed
ERROR - 2022-04-19 14:54:07 --> Email: sendWithSmtp throwed fsockopen(): SSL operation failed with code 1. OpenSSL Error messages:
error:14090086:SSL routines:ssl3_get_server_certificate:certificate verify failed
CRITICAL - 2022-04-19 15:39:29 --> Invalid file: teamlead/Profile.php
#0 /home/kottako/public_html/system/View/View.php(198): CodeIgniter\Exceptions\FrameworkException::forInvalidFile('teamlead/Profil...')
#1 /home/kottako/public_html/system/Common.php(1089): CodeIgniter\View\View->render('teamlead/Profil...', Array, true)
#2 /home/kottako/public_html/app/Controllers/TeamLeadProfileController.php(262): view('teamlead/Profil...', Array)
#3 /home/kottako/public_html/system/CodeIgniter.php(825): App\Controllers\TeamLeadProfileController->viewProfile()
#4 /home/kottako/public_html/system/CodeIgniter.php(412): CodeIgniter\CodeIgniter->runController(Object(App\Controllers\TeamLeadProfileController))
#5 /home/kottako/public_html/system/CodeIgniter.php(320): CodeIgniter\CodeIgniter->handleRequest(NULL, Object(Config\Cache), false)
#6 /home/kottako/public_html/index.php(41): CodeIgniter\CodeIgniter->run()
#7 {main}
CRITICAL - 2022-04-19 15:40:08 --> Invalid file: teamlead/Profile.php
#0 /home/kottako/public_html/system/View/View.php(198): CodeIgniter\Exceptions\FrameworkException::forInvalidFile('teamlead/Profil...')
#1 /home/kottako/public_html/system/Common.php(1089): CodeIgniter\View\View->render('teamlead/Profil...', Array, true)
#2 /home/kottako/public_html/app/Controllers/TeamLeadProfileController.php(262): view('teamlead/Profil...', Array)
#3 /home/kottako/public_html/system/CodeIgniter.php(825): App\Controllers\TeamLeadProfileController->viewProfile()
#4 /home/kottako/public_html/system/CodeIgniter.php(412): CodeIgniter\CodeIgniter->runController(Object(App\Controllers\TeamLeadProfileController))
#5 /home/kottako/public_html/system/CodeIgniter.php(320): CodeIgniter\CodeIgniter->handleRequest(NULL, Object(Config\Cache), false)
#6 /home/kottako/public_html/index.php(41): CodeIgniter\CodeIgniter->run()
#7 {main}
ERROR - 2022-04-19 16:04:51 --> Email: sendWithSmtp throwed fsockopen(): SSL operation failed with code 1. OpenSSL Error messages:
error:14090086:SSL routines:ssl3_get_server_certificate:certificate verify failed
ERROR - 2022-04-19 16:05:30 --> Email: sendWithSmtp throwed fsockopen(): SSL operation failed with code 1. OpenSSL Error messages:
error:14090086:SSL routines:ssl3_get_server_certificate:certificate verify failed
ERROR - 2022-04-19 16:09:33 --> Email: sendWithSmtp throwed fsockopen(): SSL operation failed with code 1. OpenSSL Error messages:
error:14090086:SSL routines:ssl3_get_server_certificate:certificate verify failed
ERROR - 2022-04-19 16:13:43 --> Email: sendWithSmtp throwed fsockopen(): SSL operation failed with code 1. OpenSSL Error messages:
error:14090086:SSL routines:ssl3_get_server_certificate:certificate verify failed
ERROR - 2022-04-19 16:14:16 --> Email: sendWithSmtp throwed fsockopen(): SSL operation failed with code 1. OpenSSL Error messages:
error:14090086:SSL routines:ssl3_get_server_certificate:certificate verify failed
ERROR - 2022-04-19 16:15:03 --> Email: sendWithSmtp throwed fsockopen(): SSL operation failed with code 1. OpenSSL Error messages:
error:14090086:SSL routines:ssl3_get_server_certificate:certificate verify failed
ERROR - 2022-04-19 16:16:43 --> Email: sendWithSmtp throwed fsockopen(): SSL operation failed with code 1. OpenSSL Error messages:
error:14090086:SSL routines:ssl3_get_server_certificate:certificate verify failed
ERROR - 2022-04-19 16:16:53 --> Email: sendWithSmtp throwed fsockopen(): SSL operation failed with code 1. OpenSSL Error messages:
error:14090086:SSL routines:ssl3_get_server_certificate:certificate verify failed
ERROR - 2022-04-19 16:18:02 --> Email: sendWithSmtp throwed fsockopen(): SSL operation failed with code 1. OpenSSL Error messages:
error:14090086:SSL routines:ssl3_get_server_certificate:certificate verify failed
ERROR - 2022-04-19 16:18:10 --> Email: sendWithSmtp throwed fsockopen(): SSL operation failed with code 1. OpenSSL Error messages:
error:14090086:SSL routines:ssl3_get_server_certificate:certificate verify failed
ERROR - 2022-04-19 16:18:39 --> Email: sendWithSmtp throwed fsockopen(): SSL operation failed with code 1. OpenSSL Error messages:
error:14090086:SSL routines:ssl3_get_server_certificate:certificate verify failed
CRITICAL - 2022-04-19 16:19:00 --> unlink(/home/kottako/public_html/writable/debugbar/debugbar_1650365252.json): No such file or directory
#0 [internal function]: CodeIgniter\Debug\Exceptions->errorHandler(2, 'unlink(/home/ko...', '/home/kottako/p...', 74)
#1 /home/kottako/public_html/system/Debug/Toolbar/Collectors/History.php(74): unlink('/home/kottako/p...')
#2 /home/kottako/public_html/system/Debug/Toolbar.php(487): CodeIgniter\Debug\Toolbar\Collectors\History->setFiles(1650365338, 20)
#3 /home/kottako/public_html/system/Debug/Toolbar.php(464): CodeIgniter\Debug\Toolbar->format(Array, 'html')
#4 /home/kottako/public_html/app/Config/Events.php(48): CodeIgniter\Debug\Toolbar->respond()
#5 /home/kottako/public_html/system/Events/Events.php(149): CodeIgniter\Events\Events::Config\{closure}()
#6 /home/kottako/public_html/system/CodeIgniter.php(302): CodeIgniter\Events\Events::trigger('pre_system')
#7 /home/kottako/public_html/index.php(41): CodeIgniter\CodeIgniter->run()
#8 {main}
ERROR - 2022-04-19 16:23:16 --> Email: sendWithSmtp throwed fsockopen(): SSL operation failed with code 1. OpenSSL Error messages:
error:14090086:SSL routines:ssl3_get_server_certificate:certificate verify failed
ERROR - 2022-04-19 16:28:05 --> Email: sendWithSmtp throwed fsockopen(): SSL operation failed with code 1. OpenSSL Error messages:
error:14090086:SSL routines:ssl3_get_server_certificate:certificate verify failed
ERROR - 2022-04-19 16:28:33 --> Email: sendWithSmtp throwed fsockopen(): SSL operation failed with code 1. OpenSSL Error messages:
error:14090086:SSL routines:ssl3_get_server_certificate:certificate verify failed
ERROR - 2022-04-19 16:28:55 --> Email: sendWithSmtp throwed fsockopen(): SSL operation failed with code 1. OpenSSL Error messages:
error:14090086:SSL routines:ssl3_get_server_certificate:certificate verify failed
ERROR - 2022-04-19 16:30:40 --> Email: sendWithSmtp throwed fsockopen(): SSL operation failed with code 1. OpenSSL Error messages:
error:14090086:SSL routines:ssl3_get_server_certificate:certificate verify failed
ERROR - 2022-04-19 16:31:17 --> Email: sendWithSmtp throwed fsockopen(): SSL operation failed with code 1. OpenSSL Error messages:
error:14090086:SSL routines:ssl3_get_server_certificate:certificate verify failed
CRITICAL - 2022-04-19 16:36:02 --> sizeof(): Argument #1 ($value) must be of type Countable|array, null given
#0 /home/kottako/public_html/app/Controllers/TeamLeadController.php(1026): sizeof(NULL)
#1 /home/kottako/public_html/system/CodeIgniter.php(825): App\Controllers\TeamLeadController->fastagInventory()
#2 /home/kottako/public_html/system/CodeIgniter.php(412): CodeIgniter\CodeIgniter->runController(Object(App\Controllers\TeamLeadController))
#3 /home/kottako/public_html/system/CodeIgniter.php(320): CodeIgniter\CodeIgniter->handleRequest(NULL, Object(Config\Cache), false)
#4 /home/kottako/public_html/index.php(41): CodeIgniter\CodeIgniter->run()
#5 {main}
CRITICAL - 2022-04-19 16:36:06 --> sizeof(): Argument #1 ($value) must be of type Countable|array, null given
#0 /home/kottako/public_html/app/Controllers/TeamLeadController.php(1026): sizeof(NULL)
#1 /home/kottako/public_html/system/CodeIgniter.php(825): App\Controllers\TeamLeadController->fastagInventory()
#2 /home/kottako/public_html/system/CodeIgniter.php(412): CodeIgniter\CodeIgniter->runController(Object(App\Controllers\TeamLeadController))
#3 /home/kottako/public_html/system/CodeIgniter.php(320): CodeIgniter\CodeIgniter->handleRequest(NULL, Object(Config\Cache), false)
#4 /home/kottako/public_html/index.php(41): CodeIgniter\CodeIgniter->run()
#5 {main}
ERROR - 2022-04-19 16:36:27 --> Email: sendWithSmtp throwed fsockopen(): SSL operation failed with code 1. OpenSSL Error messages:
error:14090086:SSL routines:ssl3_get_server_certificate:certificate verify failed
ERROR - 2022-04-19 16:36:33 --> Email: sendWithSmtp throwed fsockopen(): SSL operation failed with code 1. OpenSSL Error messages:
error:14090086:SSL routines:ssl3_get_server_certificate:certificate verify failed
ERROR - 2022-04-19 16:40:05 --> Email: sendWithSmtp throwed fsockopen(): SSL operation failed with code 1. OpenSSL Error messages:
error:14090086:SSL routines:ssl3_get_server_certificate:certificate verify failed
ERROR - 2022-04-19 16:40:22 --> Email: sendWithSmtp throwed fsockopen(): SSL operation failed with code 1. OpenSSL Error messages:
error:14090086:SSL routines:ssl3_get_server_certificate:certificate verify failed
CRITICAL - 2022-04-19 16:41:10 --> Undefined array key "logged_img"
#0 /home/kottako/public_html/app/Views/partials/salesagent/sidebar.php(5): CodeIgniter\Debug\Exceptions->errorHandler(2, 'Undefined array...', '/home/kottako/p...', 5)
#1 /home/kottako/public_html/system/View/View.php(210): include('/home/kottako/p...')
#2 /home/kottako/public_html/system/View/View.php(213): CodeIgniter\View\View->CodeIgniter\View\{closure}()
#3 /home/kottako/public_html/system/View/View.php(424): CodeIgniter\View\View->render('partials/salesa...', NULL, true)
#4 /home/kottako/public_html/app/Views/salesagent/ncpitag.php(18): CodeIgniter\View\View->include('partials/salesa...')
#5 /home/kottako/public_html/system/View/View.php(210): include('/home/kottako/p...')
#6 /home/kottako/public_html/system/View/View.php(213): CodeIgniter\View\View->CodeIgniter\View\{closure}()
#7 /home/kottako/public_html/system/Common.php(1089): CodeIgniter\View\View->render('salesagent/ncpi...', Array, true)
#8 /home/kottako/public_html/app/Controllers/SalesAgentController.php(966): view('salesagent/ncpi...', Array)
#9 /home/kottako/public_html/system/CodeIgniter.php(825): App\Controllers\SalesAgentController->ncpitag()
#10 /home/kottako/public_html/system/CodeIgniter.php(412): CodeIgniter\CodeIgniter->runController(Object(App\Controllers\SalesAgentController))
#11 /home/kottako/public_html/system/CodeIgniter.php(320): CodeIgniter\CodeIgniter->handleRequest(NULL, Object(Config\Cache), false)
#12 /home/kottako/public_html/index.php(41): CodeIgniter\CodeIgniter->run()
#13 {main}
CRITICAL - 2022-04-19 16:41:17 --> unlink(/home/kottako/public_html/writable/debugbar/debugbar_1650366393.json): No such file or directory
#0 [internal function]: CodeIgniter\Debug\Exceptions->errorHandler(2, 'unlink(/home/ko...', '/home/kottako/p...', 74)
#1 /home/kottako/public_html/system/Debug/Toolbar/Collectors/History.php(74): unlink('/home/kottako/p...')
#2 /home/kottako/public_html/system/Debug/Toolbar.php(487): CodeIgniter\Debug\Toolbar\Collectors\History->setFiles(1650366675, 20)
#3 /home/kottako/public_html/system/Debug/Toolbar.php(464): CodeIgniter\Debug\Toolbar->format(Array, 'html')
#4 /home/kottako/public_html/app/Config/Events.php(48): CodeIgniter\Debug\Toolbar->respond()
#5 /home/kottako/public_html/system/Events/Events.php(149): CodeIgniter\Events\Events::Config\{closure}()
#6 /home/kottako/public_html/system/CodeIgniter.php(302): CodeIgniter\Events\Events::trigger('pre_system')
#7 /home/kottako/public_html/index.php(41): CodeIgniter\CodeIgniter->run()
#8 {main}
ERROR - 2022-04-19 16:41:49 --> Email: sendWithSmtp throwed fsockopen(): SSL operation failed with code 1. OpenSSL Error messages:
error:14090086:SSL routines:ssl3_get_server_certificate:certificate verify failed
ERROR - 2022-04-19 16:47:27 --> Email: sendWithSmtp throwed fsockopen(): SSL operation failed with code 1. OpenSSL Error messages:
error:14090086:SSL routines:ssl3_get_server_certificate:certificate verify failed
CRITICAL - 2022-04-19 16:51:03 --> Invalid file: salesagent/Profile.php
#0 /home/kottako/public_html/system/View/View.php(198): CodeIgniter\Exceptions\FrameworkException::forInvalidFile('salesagent/Prof...')
#1 /home/kottako/public_html/system/Common.php(1089): CodeIgniter\View\View->render('salesagent/Prof...', Array, true)
#2 /home/kottako/public_html/app/Controllers/SalesAgentProfileController.php(280): view('salesagent/Prof...', Array)
#3 /home/kottako/public_html/system/CodeIgniter.php(825): App\Controllers\SalesAgentProfileController->viewProfile()
#4 /home/kottako/public_html/system/CodeIgniter.php(412): CodeIgniter\CodeIgniter->runController(Object(App\Controllers\SalesAgentProfileController))
#5 /home/kottako/public_html/system/CodeIgniter.php(320): CodeIgniter\CodeIgniter->handleRequest(NULL, Object(Config\Cache), false)
#6 /home/kottako/public_html/index.php(41): CodeIgniter\CodeIgniter->run()
#7 {main}
ERROR - 2022-04-19 16:58:48 --> Email: sendWithSmtp throwed fsockopen(): SSL operation failed with code 1. OpenSSL Error messages:
error:14090086:SSL routines:ssl3_get_server_certificate:certificate verify failed
ERROR - 2022-04-19 16:58:54 --> Email: sendWithSmtp throwed fsockopen(): SSL operation failed with code 1. OpenSSL Error messages:
error:14090086:SSL routines:ssl3_get_server_certificate:certificate verify failed
ERROR - 2022-04-19 16:59:20 --> Email: sendWithSmtp throwed fsockopen(): SSL operation failed with code 1. OpenSSL Error messages:
error:14090086:SSL routines:ssl3_get_server_certificate:certificate verify failed
ERROR - 2022-04-19 17:00:03 --> Email: sendWithSmtp throwed fsockopen(): SSL operation failed with code 1. OpenSSL Error messages:
error:14090086:SSL routines:ssl3_get_server_certificate:certificate verify failed
ERROR - 2022-04-19 17:00:06 --> Email: sendWithSmtp throwed fsockopen(): SSL operation failed with code 1. OpenSSL Error messages:
error:14090086:SSL routines:ssl3_get_server_certificate:certificate verify failed
ERROR - 2022-04-19 17:00:08 --> Email: sendWithSmtp throwed fsockopen(): SSL operation failed with code 1. OpenSSL Error messages:
error:14090086:SSL routines:ssl3_get_server_certificate:certificate verify failed
ERROR - 2022-04-19 17:00:09 --> Email: sendWithSmtp throwed fsockopen(): SSL operation failed with code 1. OpenSSL Error messages:
error:14090086:SSL routines:ssl3_get_server_certificate:certificate verify failed
ERROR - 2022-04-19 17:00:09 --> Email: sendWithSmtp throwed fsockopen(): SSL operation failed with code 1. OpenSSL Error messages:
error:14090086:SSL routines:ssl3_get_server_certificate:certificate verify failed
ERROR - 2022-04-19 17:00:44 --> Email: sendWithSmtp throwed fsockopen(): SSL operation failed with code 1. OpenSSL Error messages:
error:14090086:SSL routines:ssl3_get_server_certificate:certificate verify failed
ERROR - 2022-04-19 17:00:44 --> Email: sendWithSmtp throwed fsockopen(): SSL operation failed with code 1. OpenSSL Error messages:
error:14090086:SSL routines:ssl3_get_server_certificate:certificate verify failed
ERROR - 2022-04-19 17:00:44 --> Email: sendWithSmtp throwed fsockopen(): SSL operation failed with code 1. OpenSSL Error messages:
error:14090086:SSL routines:ssl3_get_server_certificate:certificate verify failed
ERROR - 2022-04-19 17:00:50 --> Email: sendWithSmtp throwed fsockopen(): SSL operation failed with code 1. OpenSSL Error messages:
error:14090086:SSL routines:ssl3_get_server_certificate:certificate verify failed
ERROR - 2022-04-19 17:00:52 --> Email: sendWithSmtp throwed fsockopen(): SSL operation failed with code 1. OpenSSL Error messages:
error:14090086:SSL routines:ssl3_get_server_certificate:certificate verify failed
ERROR - 2022-04-19 17:01:09 --> Email: sendWithSmtp throwed fsockopen(): SSL operation failed with code 1. OpenSSL Error messages:
error:14090086:SSL routines:ssl3_get_server_certificate:certificate verify failed
ERROR - 2022-04-19 17:01:09 --> Email: sendWithSmtp throwed fsockopen(): SSL operation failed with code 1. OpenSSL Error messages:
error:14090086:SSL routines:ssl3_get_server_certificate:certificate verify failed
ERROR - 2022-04-19 17:01:10 --> Email: sendWithSmtp throwed fsockopen(): SSL operation failed with code 1. OpenSSL Error messages:
error:14090086:SSL routines:ssl3_get_server_certificate:certificate verify failed
ERROR - 2022-04-19 17:01:10 --> Email: sendWithSmtp throwed fsockopen(): SSL operation failed with code 1. OpenSSL Error messages:
error:14090086:SSL routines:ssl3_get_server_certificate:certificate verify failed
ERROR - 2022-04-19 17:02:34 --> Email: sendWithSmtp throwed fsockopen(): SSL operation failed with code 1. OpenSSL Error messages:
error:14090086:SSL routines:ssl3_get_server_certificate:certificate verify failed
ERROR - 2022-04-19 17:05:24 --> Email: sendWithSmtp throwed fsockopen(): SSL operation failed with code 1. OpenSSL Error messages:
error:14090086:SSL routines:ssl3_get_server_certificate:certificate verify failed
ERROR - 2022-04-19 17:05:57 --> Email: sendWithSmtp throwed fsockopen(): SSL operation failed with code 1. OpenSSL Error messages:
error:14090086:SSL routines:ssl3_get_server_certificate:certificate verify failed
ERROR - 2022-04-19 17:06:59 --> Email: sendWithSmtp throwed fsockopen(): SSL operation failed with code 1. OpenSSL Error messages:
error:14090086:SSL routines:ssl3_get_server_certificate:certificate verify failed
ERROR - 2022-04-19 17:07:17 --> Email: sendWithSmtp throwed fsockopen(): SSL operation failed with code 1. OpenSSL Error messages:
error:14090086:SSL routines:ssl3_get_server_certificate:certificate verify failed
CRITICAL - 2022-04-19 17:09:06 --> sizeof(): Argument #1 ($value) must be of type Countable|array, null given
#0 /home/kottako/public_html/app/Controllers/SalesAgentController.php(255): sizeof(NULL)
#1 /home/kottako/public_html/system/CodeIgniter.php(825): App\Controllers\SalesAgentController->addSalesAgent()
#2 /home/kottako/public_html/system/CodeIgniter.php(412): CodeIgniter\CodeIgniter->runController(Object(App\Controllers\SalesAgentController))
#3 /home/kottako/public_html/system/CodeIgniter.php(320): CodeIgniter\CodeIgniter->handleRequest(NULL, Object(Config\Cache), false)
#4 /home/kottako/public_html/index.php(41): CodeIgniter\CodeIgniter->run()
#5 {main}
CRITICAL - 2022-04-19 17:09:07 --> Invalid file: salesagent/editprofile.php
#0 /home/kottako/public_html/system/View/View.php(198): CodeIgniter\Exceptions\FrameworkException::forInvalidFile('salesagent/edit...')
#1 /home/kottako/public_html/system/Common.php(1089): CodeIgniter\View\View->render('salesagent/edit...', Array, true)
#2 /home/kottako/public_html/app/Controllers/SalesAgentProfileController.php(265): view('salesagent/edit...', Array)
#3 /home/kottako/public_html/system/CodeIgniter.php(825): App\Controllers\SalesAgentProfileController->editProfile()
#4 /home/kottako/public_html/system/CodeIgniter.php(412): CodeIgniter\CodeIgniter->runController(Object(App\Controllers\SalesAgentProfileController))
#5 /home/kottako/public_html/system/CodeIgniter.php(320): CodeIgniter\CodeIgniter->handleRequest(NULL, Object(Config\Cache), false)
#6 /home/kottako/public_html/index.php(41): CodeIgniter\CodeIgniter->run()
#7 {main}
CRITICAL - 2022-04-19 17:09:16 --> sizeof(): Argument #1 ($value) must be of type Countable|array, null given
#0 /home/kottako/public_html/app/Controllers/TeamLeadController.php(1026): sizeof(NULL)
#1 /home/kottako/public_html/system/CodeIgniter.php(825): App\Controllers\TeamLeadController->fastagInventory()
#2 /home/kottako/public_html/system/CodeIgniter.php(412): CodeIgniter\CodeIgniter->runController(Object(App\Controllers\TeamLeadController))
#3 /home/kottako/public_html/system/CodeIgniter.php(320): CodeIgniter\CodeIgniter->handleRequest(NULL, Object(Config\Cache), false)
#4 /home/kottako/public_html/index.php(41): CodeIgniter\CodeIgniter->run()
#5 {main}
CRITICAL - 2022-04-19 17:11:50 --> Invalid file: salesagent/Profile.php
#0 /home/kottako/public_html/system/View/View.php(198): CodeIgniter\Exceptions\FrameworkException::forInvalidFile('salesagent/Prof...')
#1 /home/kottako/public_html/system/Common.php(1089): CodeIgniter\View\View->render('salesagent/Prof...', Array, true)
#2 /home/kottako/public_html/app/Controllers/SalesAgentProfileController.php(280): view('salesagent/Prof...', Array)
#3 /home/kottako/public_html/system/CodeIgniter.php(825): App\Controllers\SalesAgentProfileController->viewProfile()
#4 /home/kottako/public_html/system/CodeIgniter.php(412): CodeIgniter\CodeIgniter->runController(Object(App\Controllers\SalesAgentProfileController))
#5 /home/kottako/public_html/system/CodeIgniter.php(320): CodeIgniter\CodeIgniter->handleRequest(NULL, Object(Config\Cache), false)
#6 /home/kottako/public_html/index.php(41): CodeIgniter\CodeIgniter->run()
#7 {main}
ERROR - 2022-04-19 17:13:09 --> Email: sendWithSmtp throwed fsockopen(): SSL operation failed with code 1. OpenSSL Error messages:
error:14090086:SSL routines:ssl3_get_server_certificate:certificate verify failed
ERROR - 2022-04-19 17:22:36 --> Email: sendWithSmtp throwed fsockopen(): SSL operation failed with code 1. OpenSSL Error messages:
error:14090086:SSL routines:ssl3_get_server_certificate:certificate verify failed
CRITICAL - 2022-04-19 17:22:36 --> Undefined array key "logged_img"
#0 /home/kottako/public_html/app/Views/partials/adminPanel/sidebar.php(5): CodeIgniter\Debug\Exceptions->errorHandler(2, 'Undefined array...', '/home/kottako/p...', 5)
#1 /home/kottako/public_html/system/View/View.php(210): include('/home/kottako/p...')
#2 /home/kottako/public_html/system/View/View.php(213): CodeIgniter\View\View->CodeIgniter\View\{closure}()
#3 /home/kottako/public_html/system/View/View.php(424): CodeIgniter\View\View->render('partials/adminP...', NULL, true)
#4 /home/kottako/public_html/app/Views/admin/dashboard.php(18): CodeIgniter\View\View->include('partials/adminP...')
#5 /home/kottako/public_html/system/View/View.php(210): include('/home/kottako/p...')
#6 /home/kottako/public_html/system/View/View.php(213): CodeIgniter\View\View->CodeIgniter\View\{closure}()
#7 /home/kottako/public_html/system/Common.php(1089): CodeIgniter\View\View->render('admin/dashboard', Array, true)
#8 /home/kottako/public_html/app/Controllers/AdminDashboardController.php(43): view('admin/dashboard', Array)
#9 /home/kottako/public_html/system/CodeIgniter.php(825): App\Controllers\AdminDashboardController->index()
#10 /home/kottako/public_html/system/CodeIgniter.php(412): CodeIgniter\CodeIgniter->runController(Object(App\Controllers\AdminDashboardController))
#11 /home/kottako/public_html/system/CodeIgniter.php(320): CodeIgniter\CodeIgniter->handleRequest(NULL, Object(Config\Cache), false)
#12 /home/kottako/public_html/index.php(41): CodeIgniter\CodeIgniter->run()
#13 {main}
CRITICAL - 2022-04-19 17:22:44 --> Undefined array key "logged_img"
#0 /home/kottako/public_html/app/Views/partials/adminPanel/sidebar.php(5): CodeIgniter\Debug\Exceptions->errorHandler(2, 'Undefined array...', '/home/kottako/p...', 5)
#1 /home/kottako/public_html/system/View/View.php(210): include('/home/kottako/p...')
#2 /home/kottako/public_html/system/View/View.php(213): CodeIgniter\View\View->CodeIgniter\View\{closure}()
#3 /home/kottako/public_html/system/View/View.php(424): CodeIgniter\View\View->render('partials/adminP...', NULL, true)
#4 /home/kottako/public_html/app/Views/admin/managefasttag.php(46): CodeIgniter\View\View->include('partials/adminP...')
#5 /home/kottako/public_html/system/View/View.php(210): include('/home/kottako/p...')
#6 /home/kottako/public_html/system/View/View.php(213): CodeIgniter\View\View->CodeIgniter\View\{closure}()
#7 /home/kottako/public_html/system/Common.php(1089): CodeIgniter\View\View->render('admin/managefas...', Array, true)
#8 /home/kottako/public_html/app/Controllers/FastTagController.php(542): view('admin/managefas...', Array)
#9 /home/kottako/public_html/system/CodeIgniter.php(825): App\Controllers\FastTagController->managefasttag()
#10 /home/kottako/public_html/system/CodeIgniter.php(412): CodeIgniter\CodeIgniter->runController(Object(App\Controllers\FastTagController))
#11 /home/kottako/public_html/system/CodeIgniter.php(320): CodeIgniter\CodeIgniter->handleRequest(NULL, Object(Config\Cache), false)
#12 /home/kottako/public_html/index.php(41): CodeIgniter\CodeIgniter->run()
#13 {main}
CRITICAL - 2022-04-19 17:23:14 --> Undefined array key "logged_img"
#0 /home/kottako/public_html/app/Views/partials/adminPanel/sidebar.php(5): CodeIgniter\Debug\Exceptions->errorHandler(2, 'Undefined array...', '/home/kottako/p...', 5)
#1 /home/kottako/public_html/system/View/View.php(210): include('/home/kottako/p...')
#2 /home/kottako/public_html/system/View/View.php(213): CodeIgniter\View\View->CodeIgniter\View\{closure}()
#3 /home/kottako/public_html/system/View/View.php(424): CodeIgniter\View\View->render('partials/adminP...', NULL, true)
#4 /home/kottako/public_html/app/Views/admin/addsalesmanager.php(18): CodeIgniter\View\View->include('partials/adminP...')
#5 /home/kottako/public_html/system/View/View.php(210): include('/home/kottako/p...')
#6 /home/kottako/public_html/system/View/View.php(213): CodeIgniter\View\View->CodeIgniter\View\{closure}()
#7 /home/kottako/public_html/system/Common.php(1089): CodeIgniter\View\View->render('admin/addsalesm...', Array, true)
#8 /home/kottako/public_html/app/Controllers/SalesManagerController.php(271): view('admin/addsalesm...', Array)
#9 /home/kottako/public_html/system/CodeIgniter.php(825): App\Controllers\SalesManagerController->addSalesManager()
#10 /home/kottako/public_html/system/CodeIgniter.php(412): CodeIgniter\CodeIgniter->runController(Object(App\Controllers\SalesManagerController))
#11 /home/kottako/public_html/system/CodeIgniter.php(320): CodeIgniter\CodeIgniter->handleRequest(NULL, Object(Config\Cache), false)
#12 /home/kottako/public_html/index.php(41): CodeIgniter\CodeIgniter->run()
#13 {main}
CRITICAL - 2022-04-19 17:23:30 --> Undefined array key "logged_img"
#0 /home/kottako/public_html/app/Views/partials/adminPanel/sidebar.php(5): CodeIgniter\Debug\Exceptions->errorHandler(2, 'Undefined array...', '/home/kottako/p...', 5)
#1 /home/kottako/public_html/system/View/View.php(210): include('/home/kottako/p...')
#2 /home/kottako/public_html/system/View/View.php(213): CodeIgniter\View\View->CodeIgniter\View\{closure}()
#3 /home/kottako/public_html/system/View/View.php(424): CodeIgniter\View\View->render('partials/adminP...', NULL, true)
#4 /home/kottako/public_html/app/Views/admin/addsalesmanager.php(18): CodeIgniter\View\View->include('partials/adminP...')
#5 /home/kottako/public_html/system/View/View.php(210): include('/home/kottako/p...')
#6 /home/kottako/public_html/system/View/View.php(213): CodeIgniter\View\View->CodeIgniter\View\{closure}()
#7 /home/kottako/public_html/system/Common.php(1089): CodeIgniter\View\View->render('admin/addsalesm...', Array, true)
#8 /home/kottako/public_html/app/Controllers/SalesManagerController.php(271): view('admin/addsalesm...', Array)
#9 /home/kottako/public_html/system/CodeIgniter.php(825): App\Controllers\SalesManagerController->addSalesManager()
#10 /home/kottako/public_html/system/CodeIgniter.php(412): CodeIgniter\CodeIgniter->runController(Object(App\Controllers\SalesManagerController))
#11 /home/kottako/public_html/system/CodeIgniter.php(320): CodeIgniter\CodeIgniter->handleRequest(NULL, Object(Config\Cache), false)
#12 /home/kottako/public_html/index.php(41): CodeIgniter\CodeIgniter->run()
#13 {main}
CRITICAL - 2022-04-19 17:23:33 --> Undefined array key "logged_img"
#0 /home/kottako/public_html/app/Views/partials/adminPanel/sidebar.php(5): CodeIgniter\Debug\Exceptions->errorHandler(2, 'Undefined array...', '/home/kottako/p...', 5)
#1 /home/kottako/public_html/system/View/View.php(210): include('/home/kottako/p...')
#2 /home/kottako/public_html/system/View/View.php(213): CodeIgniter\View\View->CodeIgniter\View\{closure}()
#3 /home/kottako/public_html/system/View/View.php(424): CodeIgniter\View\View->render('partials/adminP...', NULL, true)
#4 /home/kottako/public_html/app/Views/admin/manageteamlead.php(18): CodeIgniter\View\View->include('partials/adminP...')
#5 /home/kottako/public_html/system/View/View.php(210): include('/home/kottako/p...')
#6 /home/kottako/public_html/system/View/View.php(213): CodeIgniter\View\View->CodeIgniter\View\{closure}()
#7 /home/kottako/public_html/system/Common.php(1089): CodeIgniter\View\View->render('admin/managetea...', Array, true)
#8 /home/kottako/public_html/app/Controllers/TeamLeadController.php(607): view('admin/managetea...', Array)
#9 /home/kottako/public_html/system/CodeIgniter.php(825): App\Controllers\TeamLeadController->manageTeamLeadAdmin()
#10 /home/kottako/public_html/system/CodeIgniter.php(412): CodeIgniter\CodeIgniter->runController(Object(App\Controllers\TeamLeadController))
#11 /home/kottako/public_html/system/CodeIgniter.php(320): CodeIgniter\CodeIgniter->handleRequest(NULL, Object(Config\Cache), false)
#12 /home/kottako/public_html/index.php(41): CodeIgniter\CodeIgniter->run()
#13 {main}
CRITICAL - 2022-04-19 17:23:36 --> Undefined array key "logged_img"
#0 /home/kottako/public_html/app/Views/partials/adminPanel/sidebar.php(5): CodeIgniter\Debug\Exceptions->errorHandler(2, 'Undefined array...', '/home/kottako/p...', 5)
#1 /home/kottako/public_html/system/View/View.php(210): include('/home/kottako/p...')
#2 /home/kottako/public_html/system/View/View.php(213): CodeIgniter\View\View->CodeIgniter\View\{closure}()
#3 /home/kottako/public_html/system/View/View.php(424): CodeIgniter\View\View->render('partials/adminP...', NULL, true)
#4 /home/kottako/public_html/app/Views/admin/managesalesmanager.php(18): CodeIgniter\View\View->include('partials/adminP...')
#5 /home/kottako/public_html/system/View/View.php(210): include('/home/kottako/p...')
#6 /home/kottako/public_html/system/View/View.php(213): CodeIgniter\View\View->CodeIgniter\View\{closure}()
#7 /home/kottako/public_html/system/Common.php(1089): CodeIgniter\View\View->render('admin/managesal...', Array, true)
#8 /home/kottako/public_html/app/Controllers/SalesManagerController.php(283): view('admin/managesal...', Array)
#9 /home/kottako/public_html/system/CodeIgniter.php(825): App\Controllers\SalesManagerController->manageSalesManager()
#10 /home/kottako/public_html/system/CodeIgniter.php(412): CodeIgniter\CodeIgniter->runController(Object(App\Controllers\SalesManagerController))
#11 /home/kottako/public_html/system/CodeIgniter.php(320): CodeIgniter\CodeIgniter->handleRequest(NULL, Object(Config\Cache), false)
#12 /home/kottako/public_html/index.php(41): CodeIgniter\CodeIgniter->run()
#13 {main}
CRITICAL - 2022-04-19 17:23:38 --> Undefined array key "logged_img"
#0 /home/kottako/public_html/app/Views/partials/adminPanel/sidebar.php(5): CodeIgniter\Debug\Exceptions->errorHandler(2, 'Undefined array...', '/home/kottako/p...', 5)
#1 /home/kottako/public_html/system/View/View.php(210): include('/home/kottako/p...')
#2 /home/kottako/public_html/system/View/View.php(213): CodeIgniter\View\View->CodeIgniter\View\{closure}()
#3 /home/kottako/public_html/system/View/View.php(424): CodeIgniter\View\View->render('partials/adminP...', NULL, true)
#4 /home/kottako/public_html/app/Views/admin/manageteamlead.php(18): CodeIgniter\View\View->include('partials/adminP...')
#5 /home/kottako/public_html/system/View/View.php(210): include('/home/kottako/p...')
#6 /home/kottako/public_html/system/View/View.php(213): CodeIgniter\View\View->CodeIgniter\View\{closure}()
#7 /home/kottako/public_html/system/Common.php(1089): CodeIgniter\View\View->render('admin/managetea...', Array, true)
#8 /home/kottako/public_html/app/Controllers/TeamLeadController.php(607): view('admin/managetea...', Array)
#9 /home/kottako/public_html/system/CodeIgniter.php(825): App\Controllers\TeamLeadController->manageTeamLeadAdmin()
#10 /home/kottako/public_html/system/CodeIgniter.php(412): CodeIgniter\CodeIgniter->runController(Object(App\Controllers\TeamLeadController))
#11 /home/kottako/public_html/system/CodeIgniter.php(320): CodeIgniter\CodeIgniter->handleRequest(NULL, Object(Config\Cache), false)
#12 /home/kottako/public_html/index.php(41): CodeIgniter\CodeIgniter->run()
#13 {main}
CRITICAL - 2022-04-19 17:23:39 --> Undefined array key "logged_img"
#0 /home/kottako/public_html/app/Views/partials/adminPanel/sidebar.php(5): CodeIgniter\Debug\Exceptions->errorHandler(2, 'Undefined array...', '/home/kottako/p...', 5)
#1 /home/kottako/public_html/system/View/View.php(210): include('/home/kottako/p...')
#2 /home/kottako/public_html/system/View/View.php(213): CodeIgniter\View\View->CodeIgniter\View\{closure}()
#3 /home/kottako/public_html/system/View/View.php(424): CodeIgniter\View\View->render('partials/adminP...', NULL, true)
#4 /home/kottako/public_html/app/Views/admin/managesalesmanager.php(18): CodeIgniter\View\View->include('partials/adminP...')
#5 /home/kottako/public_html/system/View/View.php(210): include('/home/kottako/p...')
#6 /home/kottako/public_html/system/View/View.php(213): CodeIgniter\View\View->CodeIgniter\View\{closure}()
#7 /home/kottako/public_html/system/Common.php(1089): CodeIgniter\View\View->render('admin/managesal...', Array, true)
#8 /home/kottako/public_html/app/Controllers/SalesManagerController.php(283): view('admin/managesal...', Array)
#9 /home/kottako/public_html/system/CodeIgniter.php(825): App\Controllers\SalesManagerController->manageSalesManager()
#10 /home/kottako/public_html/system/CodeIgniter.php(412): CodeIgniter\CodeIgniter->runController(Object(App\Controllers\SalesManagerController))
#11 /home/kottako/public_html/system/CodeIgniter.php(320): CodeIgniter\CodeIgniter->handleRequest(NULL, Object(Config\Cache), false)
#12 /home/kottako/public_html/index.php(41): CodeIgniter\CodeIgniter->run()
#13 {main}
CRITICAL - 2022-04-19 17:23:40 --> Undefined array key "logged_img"
#0 /home/kottako/public_html/app/Views/partials/adminPanel/sidebar.php(5): CodeIgniter\Debug\Exceptions->errorHandler(2, 'Undefined array...', '/home/kottako/p...', 5)
#1 /home/kottako/public_html/system/View/View.php(210): include('/home/kottako/p...')
#2 /home/kottako/public_html/system/View/View.php(213): CodeIgniter\View\View->CodeIgniter\View\{closure}()
#3 /home/kottako/public_html/system/View/View.php(424): CodeIgniter\View\View->render('partials/adminP...', NULL, true)
#4 /home/kottako/public_html/app/Views/admin/managefasttag.php(46): CodeIgniter\View\View->include('partials/adminP...')
#5 /home/kottako/public_html/system/View/View.php(210): include('/home/kottako/p...')
#6 /home/kottako/public_html/system/View/View.php(213): CodeIgniter\View\View->CodeIgniter\View\{closure}()
#7 /home/kottako/public_html/system/Common.php(1089): CodeIgniter\View\View->render('admin/managefas...', Array, true)
#8 /home/kottako/public_html/app/Controllers/FastTagController.php(542): view('admin/managefas...', Array)
#9 /home/kottako/public_html/system/CodeIgniter.php(825): App\Controllers\FastTagController->managefasttag()
#10 /home/kottako/public_html/system/CodeIgniter.php(412): CodeIgniter\CodeIgniter->runController(Object(App\Controllers\FastTagController))
#11 /home/kottako/public_html/system/CodeIgniter.php(320): CodeIgniter\CodeIgniter->handleRequest(NULL, Object(Config\Cache), false)
#12 /home/kottako/public_html/index.php(41): CodeIgniter\CodeIgniter->run()
#13 {main}
CRITICAL - 2022-04-19 17:23:47 --> Undefined array key "logged_img"
#0 /home/kottako/public_html/app/Views/partials/adminPanel/sidebar.php(5): CodeIgniter\Debug\Exceptions->errorHandler(2, 'Undefined array...', '/home/kottako/p...', 5)
#1 /home/kottako/public_html/system/View/View.php(210): include('/home/kottako/p...')
#2 /home/kottako/public_html/system/View/View.php(213): CodeIgniter\View\View->CodeIgniter\View\{closure}()
#3 /home/kottako/public_html/system/View/View.php(424): CodeIgniter\View\View->render('partials/adminP...', NULL, true)
#4 /home/kottako/public_html/app/Views/admin/managefasttag.php(46): CodeIgniter\View\View->include('partials/adminP...')
#5 /home/kottako/public_html/system/View/View.php(210): include('/home/kottako/p...')
#6 /home/kottako/public_html/system/View/View.php(213): CodeIgniter\View\View->CodeIgniter\View\{closure}()
#7 /home/kottako/public_html/system/Common.php(1089): CodeIgniter\View\View->render('admin/managefas...', Array, true)
#8 /home/kottako/public_html/app/Controllers/FastTagController.php(542): view('admin/managefas...', Array)
#9 /home/kottako/public_html/system/CodeIgniter.php(825): App\Controllers\FastTagController->managefasttag()
#10 /home/kottako/public_html/system/CodeIgniter.php(412): CodeIgniter\CodeIgniter->runController(Object(App\Controllers\FastTagController))
#11 /home/kottako/public_html/system/CodeIgniter.php(320): CodeIgniter\CodeIgniter->handleRequest(NULL, Object(Config\Cache), false)
#12 /home/kottako/public_html/index.php(41): CodeIgniter\CodeIgniter->run()
#13 {main}
ERROR - 2022-04-19 17:24:34 --> Email: sendWithSmtp throwed fsockopen(): SSL operation failed with code 1. OpenSSL Error messages:
error:14090086:SSL routines:ssl3_get_server_certificate:certificate verify failed
CRITICAL - 2022-04-19 17:30:30 --> ini_set(): Session ini settings cannot be changed after headers have already been sent
#0 [internal function]: CodeIgniter\Debug\Exceptions->errorHandler(2, 'ini_set(): Sess...', '/home/kottako/p...', 71)
#1 /home/kottako/public_html/system/Session/Handlers/FileHandler.php(71): ini_set('session.save_pa...', '/home/kottako/p...')
#2 /home/kottako/public_html/system/Config/Services.php(570): CodeIgniter\Session\Handlers\FileHandler->__construct(Object(Config\App), '158.69.38.193')
#3 /home/kottako/public_html/system/Config/BaseService.php(248): CodeIgniter\Config\Services::session(Object(Config\App), false)
#4 /home/kottako/public_html/system/Config/BaseService.php(189): CodeIgniter\Config\BaseService::__callStatic('session', Array)
#5 /home/kottako/public_html/system/Config/Services.php(563): CodeIgniter\Config\BaseService::getSharedInstance('session', NULL)
#6 /home/kottako/public_html/system/Config/BaseService.php(248): CodeIgniter\Config\Services::session()
#7 /home/kottako/public_html/system/Common.php(901): CodeIgniter\Config\BaseService::__callStatic('session', Array)
#8 /home/kottako/public_html/app/Controllers/SalesAgentController.php(26): session()
#9 /home/kottako/public_html/system/CodeIgniter.php(802): App\Controllers\SalesAgentController->__construct()
#10 /home/kottako/public_html/system/CodeIgniter.php(403): CodeIgniter\CodeIgniter->createController()
#11 /home/kottako/public_html/system/CodeIgniter.php(320): CodeIgniter\CodeIgniter->handleRequest(NULL, Object(Config\Cache), false)
#12 /home/kottako/public_html/index.php(41): CodeIgniter\CodeIgniter->run()
#13 {main}
CRITICAL - 2022-04-19 17:30:30 --> Uncaught ErrorException: Cannot modify header information - headers already sent in /home/kottako/public_html/system/Debug/Exceptions.php:112
Stack trace:
#0 [internal function]: CodeIgniter\Debug\Exceptions->errorHandler(2, 'Cannot modify h...', '/home/kottako/p...', 112)
#1 /home/kottako/public_html/system/Debug/Exceptions.php(112): header('HTTP/1.0 500 In...', true, 500)
#2 [internal function]: CodeIgniter\Debug\Exceptions->exceptionHandler(Object(ErrorException))
#3 {main}
  thrown
#0 [internal function]: CodeIgniter\Debug\Exceptions->shutdownHandler()
#1 {main}
ERROR - 2022-04-19 17:38:16 --> Email: sendWithSmtp throwed fsockopen(): SSL operation failed with code 1. OpenSSL Error messages:
error:14090086:SSL routines:ssl3_get_server_certificate:certificate verify failed
CRITICAL - 2022-04-19 17:40:07 --> Invalid file: teamlead/editprofile.php
#0 /home/kottako/public_html/system/View/View.php(198): CodeIgniter\Exceptions\FrameworkException::forInvalidFile('teamlead/editpr...')
#1 /home/kottako/public_html/system/Common.php(1089): CodeIgniter\View\View->render('teamlead/editpr...', Array, true)
#2 /home/kottako/public_html/app/Controllers/TeamLeadProfileController.php(248): view('teamlead/editpr...', Array)
#3 /home/kottako/public_html/system/CodeIgniter.php(825): App\Controllers\TeamLeadProfileController->editProfile()
#4 /home/kottako/public_html/system/CodeIgniter.php(412): CodeIgniter\CodeIgniter->runController(Object(App\Controllers\TeamLeadProfileController))
#5 /home/kottako/public_html/system/CodeIgniter.php(320): CodeIgniter\CodeIgniter->handleRequest(NULL, Object(Config\Cache), false)
#6 /home/kottako/public_html/index.php(41): CodeIgniter\CodeIgniter->run()
#7 {main}
CRITICAL - 2022-04-19 17:40:08 --> Invalid file: teamlead/Profile.php
#0 /home/kottako/public_html/system/View/View.php(198): CodeIgniter\Exceptions\FrameworkException::forInvalidFile('teamlead/Profil...')
#1 /home/kottako/public_html/system/Common.php(1089): CodeIgniter\View\View->render('teamlead/Profil...', Array, true)
#2 /home/kottako/public_html/app/Controllers/TeamLeadProfileController.php(262): view('teamlead/Profil...', Array)
#3 /home/kottako/public_html/system/CodeIgniter.php(825): App\Controllers\TeamLeadProfileController->viewProfile()
#4 /home/kottako/public_html/system/CodeIgniter.php(412): CodeIgniter\CodeIgniter->runController(Object(App\Controllers\TeamLeadProfileController))
#5 /home/kottako/public_html/system/CodeIgniter.php(320): CodeIgniter\CodeIgniter->handleRequest(NULL, Object(Config\Cache), false)
#6 /home/kottako/public_html/index.php(41): CodeIgniter\CodeIgniter->run()
#7 {main}
CRITICAL - 2022-04-19 17:40:08 --> Invalid file: teamlead/Profile.php
#0 /home/kottako/public_html/system/View/View.php(198): CodeIgniter\Exceptions\FrameworkException::forInvalidFile('teamlead/Profil...')
#1 /home/kottako/public_html/system/Common.php(1089): CodeIgniter\View\View->render('teamlead/Profil...', Array, true)
#2 /home/kottako/public_html/app/Controllers/TeamLeadProfileController.php(262): view('teamlead/Profil...', Array)
#3 /home/kottako/public_html/system/CodeIgniter.php(825): App\Controllers\TeamLeadProfileController->viewProfile()
#4 /home/kottako/public_html/system/CodeIgniter.php(412): CodeIgniter\CodeIgniter->runController(Object(App\Controllers\TeamLeadProfileController))
#5 /home/kottako/public_html/system/CodeIgniter.php(320): CodeIgniter\CodeIgniter->handleRequest(NULL, Object(Config\Cache), false)
#6 /home/kottako/public_html/index.php(41): CodeIgniter\CodeIgniter->run()
#7 {main}
CRITICAL - 2022-04-19 17:40:09 --> Invalid file: teamlead/Profile.php
#0 /home/kottako/public_html/system/View/View.php(198): CodeIgniter\Exceptions\FrameworkException::forInvalidFile('teamlead/Profil...')
#1 /home/kottako/public_html/system/Common.php(1089): CodeIgniter\View\View->render('teamlead/Profil...', Array, true)
#2 /home/kottako/public_html/app/Controllers/TeamLeadProfileController.php(262): view('teamlead/Profil...', Array)
#3 /home/kottako/public_html/system/CodeIgniter.php(825): App\Controllers\TeamLeadProfileController->viewProfile()
#4 /home/kottako/public_html/system/CodeIgniter.php(412): CodeIgniter\CodeIgniter->runController(Object(App\Controllers\TeamLeadProfileController))
#5 /home/kottako/public_html/system/CodeIgniter.php(320): CodeIgniter\CodeIgniter->handleRequest(NULL, Object(Config\Cache), false)
#6 /home/kottako/public_html/index.php(41): CodeIgniter\CodeIgniter->run()
#7 {main}
CRITICAL - 2022-04-19 17:40:10 --> Invalid file: teamlead/Profile.php
#0 /home/kottako/public_html/system/View/View.php(198): CodeIgniter\Exceptions\FrameworkException::forInvalidFile('teamlead/Profil...')
#1 /home/kottako/public_html/system/Common.php(1089): CodeIgniter\View\View->render('teamlead/Profil...', Array, true)
#2 /home/kottako/public_html/app/Controllers/TeamLeadProfileController.php(262): view('teamlead/Profil...', Array)
#3 /home/kottako/public_html/system/CodeIgniter.php(825): App\Controllers\TeamLeadProfileController->viewProfile()
#4 /home/kottako/public_html/system/CodeIgniter.php(412): CodeIgniter\CodeIgniter->runController(Object(App\Controllers\TeamLeadProfileController))
#5 /home/kottako/public_html/system/CodeIgniter.php(320): CodeIgniter\CodeIgniter->handleRequest(NULL, Object(Config\Cache), false)
#6 /home/kottako/public_html/index.php(41): CodeIgniter\CodeIgniter->run()
#7 {main}
CRITICAL - 2022-04-19 17:40:11 --> Invalid file: teamlead/editprofile.php
#0 /home/kottako/public_html/system/View/View.php(198): CodeIgniter\Exceptions\FrameworkException::forInvalidFile('teamlead/editpr...')
#1 /home/kottako/public_html/system/Common.php(1089): CodeIgniter\View\View->render('teamlead/editpr...', Array, true)
#2 /home/kottako/public_html/app/Controllers/TeamLeadProfileController.php(248): view('teamlead/editpr...', Array)
#3 /home/kottako/public_html/system/CodeIgniter.php(825): App\Controllers\TeamLeadProfileController->editProfile()
#4 /home/kottako/public_html/system/CodeIgniter.php(412): CodeIgniter\CodeIgniter->runController(Object(App\Controllers\TeamLeadProfileController))
#5 /home/kottako/public_html/system/CodeIgniter.php(320): CodeIgniter\CodeIgniter->handleRequest(NULL, Object(Config\Cache), false)
#6 /home/kottako/public_html/index.php(41): CodeIgniter\CodeIgniter->run()
#7 {main}
CRITICAL - 2022-04-19 17:40:12 --> Invalid file: teamlead/editprofile.php
#0 /home/kottako/public_html/system/View/View.php(198): CodeIgniter\Exceptions\FrameworkException::forInvalidFile('teamlead/editpr...')
#1 /home/kottako/public_html/system/Common.php(1089): CodeIgniter\View\View->render('teamlead/editpr...', Array, true)
#2 /home/kottako/public_html/app/Controllers/TeamLeadProfileController.php(248): view('teamlead/editpr...', Array)
#3 /home/kottako/public_html/system/CodeIgniter.php(825): App\Controllers\TeamLeadProfileController->editProfile()
#4 /home/kottako/public_html/system/CodeIgniter.php(412): CodeIgniter\CodeIgniter->runController(Object(App\Controllers\TeamLeadProfileController))
#5 /home/kottako/public_html/system/CodeIgniter.php(320): CodeIgniter\CodeIgniter->handleRequest(NULL, Object(Config\Cache), false)
#6 /home/kottako/public_html/index.php(41): CodeIgniter\CodeIgniter->run()
#7 {main}
CRITICAL - 2022-04-19 17:40:30 --> Invalid file: teamlead/editprofile.php
#0 /home/kottako/public_html/system/View/View.php(198): CodeIgniter\Exceptions\FrameworkException::forInvalidFile('teamlead/editpr...')
#1 /home/kottako/public_html/system/Common.php(1089): CodeIgniter\View\View->render('teamlead/editpr...', Array, true)
#2 /home/kottako/public_html/app/Controllers/TeamLeadProfileController.php(248): view('teamlead/editpr...', Array)
#3 /home/kottako/public_html/system/CodeIgniter.php(825): App\Controllers\TeamLeadProfileController->editProfile()
#4 /home/kottako/public_html/system/CodeIgniter.php(412): CodeIgniter\CodeIgniter->runController(Object(App\Controllers\TeamLeadProfileController))
#5 /home/kottako/public_html/system/CodeIgniter.php(320): CodeIgniter\CodeIgniter->handleRequest(NULL, Object(Config\Cache), false)
#6 /home/kottako/public_html/index.php(41): CodeIgniter\CodeIgniter->run()
#7 {main}
ERROR - 2022-04-19 17:48:38 --> Email: sendWithSmtp throwed fsockopen(): SSL operation failed with code 1. OpenSSL Error messages:
error:14090086:SSL routines:ssl3_get_server_certificate:certificate verify failed
ERROR - 2022-04-19 18:02:16 --> Email: sendWithSmtp throwed fsockopen(): SSL operation failed with code 1. OpenSSL Error messages:
error:14090086:SSL routines:ssl3_get_server_certificate:certificate verify failed
ERROR - 2022-04-19 18:03:00 --> Email: sendWithSmtp throwed fsockopen(): SSL operation failed with code 1. OpenSSL Error messages:
error:14090086:SSL routines:ssl3_get_server_certificate:certificate verify failed
ERROR - 2022-04-19 18:15:47 --> Email: sendWithSmtp throwed fsockopen(): SSL operation failed with code 1. OpenSSL Error messages:
error:14090086:SSL routines:ssl3_get_server_certificate:certificate verify failed
ERROR - 2022-04-19 18:15:55 --> Email: sendWithSmtp throwed fsockopen(): SSL operation failed with code 1. OpenSSL Error messages:
error:14090086:SSL routines:ssl3_get_server_certificate:certificate verify failed
ERROR - 2022-04-19 18:17:42 --> Email: sendWithSmtp throwed fsockopen(): SSL operation failed with code 1. OpenSSL Error messages:
error:14090086:SSL routines:ssl3_get_server_certificate:certificate verify failed
ERROR - 2022-04-19 18:18:49 --> Email: sendWithSmtp throwed fsockopen(): SSL operation failed with code 1. OpenSSL Error messages:
error:14090086:SSL routines:ssl3_get_server_certificate:certificate verify failed
ERROR - 2022-04-19 18:24:57 --> Email: sendWithSmtp throwed fsockopen(): SSL operation failed with code 1. OpenSSL Error messages:
error:14090086:SSL routines:ssl3_get_server_certificate:certificate verify failed
ERROR - 2022-04-19 18:27:41 --> Email: sendWithSmtp throwed fsockopen(): SSL operation failed with code 1. OpenSSL Error messages:
error:14090086:SSL routines:ssl3_get_server_certificate:certificate verify failed
ERROR - 2022-04-19 18:28:38 --> Email: sendWithSmtp throwed fsockopen(): SSL operation failed with code 1. OpenSSL Error messages:
error:14090086:SSL routines:ssl3_get_server_certificate:certificate verify failed
CRITICAL - 2022-04-19 18:57:41 --> sizeof(): Argument #1 ($value) must be of type Countable|array, null given
#0 /home/kottako/public_html/app/Controllers/SalesManagerController.php(900): sizeof(NULL)
#1 /home/kottako/public_html/system/CodeIgniter.php(825): App\Controllers\SalesManagerController->fastagInventory()
#2 /home/kottako/public_html/system/CodeIgniter.php(412): CodeIgniter\CodeIgniter->runController(Object(App\Controllers\SalesManagerController))
#3 /home/kottako/public_html/system/CodeIgniter.php(320): CodeIgniter\CodeIgniter->handleRequest(NULL, Object(Config\Cache), false)
#4 /home/kottako/public_html/index.php(41): CodeIgniter\CodeIgniter->run()
#5 {main}
ERROR - 2022-04-19 20:00:21 --> Email: sendWithSmtp throwed fsockopen(): SSL operation failed with code 1. OpenSSL Error messages:
error:14090086:SSL routines:ssl3_get_server_certificate:certificate verify failed
CRITICAL - 2022-04-19 20:08:14 --> Invalid file: teamlead/Profile.php
#0 /home/kottako/public_html/system/View/View.php(198): CodeIgniter\Exceptions\FrameworkException::forInvalidFile('teamlead/Profil...')
#1 /home/kottako/public_html/system/Common.php(1089): CodeIgniter\View\View->render('teamlead/Profil...', Array, true)
#2 /home/kottako/public_html/app/Controllers/TeamLeadProfileController.php(262): view('teamlead/Profil...', Array)
#3 /home/kottako/public_html/system/CodeIgniter.php(825): App\Controllers\TeamLeadProfileController->viewProfile()
#4 /home/kottako/public_html/system/CodeIgniter.php(412): CodeIgniter\CodeIgniter->runController(Object(App\Controllers\TeamLeadProfileController))
#5 /home/kottako/public_html/system/CodeIgniter.php(320): CodeIgniter\CodeIgniter->handleRequest(NULL, Object(Config\Cache), false)
#6 /home/kottako/public_html/index.php(41): CodeIgniter\CodeIgniter->run()
#7 {main}
ERROR - 2022-04-19 20:28:58 --> Email: sendWithSmtp throwed fsockopen(): SSL operation failed with code 1. OpenSSL Error messages:
error:14090086:SSL routines:ssl3_get_server_certificate:certificate verify failed
CRITICAL - 2022-04-19 20:33:13 --> sizeof(): Argument #1 ($value) must be of type Countable|array, null given
#0 /home/kottako/public_html/app/Controllers/TeamLeadController.php(1026): sizeof(NULL)
#1 /home/kottako/public_html/system/CodeIgniter.php(825): App\Controllers\TeamLeadController->fastagInventory()
#2 /home/kottako/public_html/system/CodeIgniter.php(412): CodeIgniter\CodeIgniter->runController(Object(App\Controllers\TeamLeadController))
#3 /home/kottako/public_html/system/CodeIgniter.php(320): CodeIgniter\CodeIgniter->handleRequest(NULL, Object(Config\Cache), false)
#4 /home/kottako/public_html/index.php(41): CodeIgniter\CodeIgniter->run()
#5 {main}
CRITICAL - 2022-04-19 20:37:38 --> ini_set(): Session ini settings cannot be changed after headers have already been sent
#0 [internal function]: CodeIgniter\Debug\Exceptions->errorHandler(2, 'ini_set(): Sess...', '/home/kottako/p...', 71)
#1 /home/kottako/public_html/system/Session/Handlers/FileHandler.php(71): ini_set('session.save_pa...', '/home/kottako/p...')
#2 /home/kottako/public_html/system/Config/Services.php(570): CodeIgniter\Session\Handlers\FileHandler->__construct(Object(Config\App), '158.69.38.193')
#3 /home/kottako/public_html/system/Config/BaseService.php(248): CodeIgniter\Config\Services::session(Object(Config\App), false)
#4 /home/kottako/public_html/system/Config/BaseService.php(189): CodeIgniter\Config\BaseService::__callStatic('session', Array)
#5 /home/kottako/public_html/system/Config/Services.php(563): CodeIgniter\Config\BaseService::getSharedInstance('session', NULL)
#6 /home/kottako/public_html/system/Config/BaseService.php(248): CodeIgniter\Config\Services::session()
#7 /home/kottako/public_html/system/Common.php(901): CodeIgniter\Config\BaseService::__callStatic('session', Array)
#8 /home/kottako/public_html/app/Controllers/SalesAgentController.php(26): session()
#9 /home/kottako/public_html/system/CodeIgniter.php(802): App\Controllers\SalesAgentController->__construct()
#10 /home/kottako/public_html/system/CodeIgniter.php(403): CodeIgniter\CodeIgniter->createController()
#11 /home/kottako/public_html/system/CodeIgniter.php(320): CodeIgniter\CodeIgniter->handleRequest(NULL, Object(Config\Cache), false)
#12 /home/kottako/public_html/index.php(41): CodeIgniter\CodeIgniter->run()
#13 {main}
CRITICAL - 2022-04-19 20:37:38 --> Uncaught ErrorException: Cannot modify header information - headers already sent in /home/kottako/public_html/system/Debug/Exceptions.php:112
Stack trace:
#0 [internal function]: CodeIgniter\Debug\Exceptions->errorHandler(2, 'Cannot modify h...', '/home/kottako/p...', 112)
#1 /home/kottako/public_html/system/Debug/Exceptions.php(112): header('HTTP/1.0 500 In...', true, 500)
#2 [internal function]: CodeIgniter\Debug\Exceptions->exceptionHandler(Object(ErrorException))
#3 {main}
  thrown
#0 [internal function]: CodeIgniter\Debug\Exceptions->shutdownHandler()
#1 {main}
