CRITICAL - 2022-08-27 07:09:31 --> Undefined variable $response
#0 /home/kottakotabusines/public_html/app/Controllers/SalesAgentController.php(1930): CodeIgniter\Debug\Exceptions->errorHandler(2, 'Undefined varia...', '/home/kottakota...', 1930)
#1 /home/kottakotabusines/public_html/system/CodeIgniter.php(825): App\Controllers\SalesAgentController->activateexisting()
#2 /home/kottakotabusines/public_html/system/CodeIgniter.php(412): CodeIgniter\CodeIgniter->runController(Object(App\Controllers\SalesAgentController))
#3 /home/kottakotabusines/public_html/system/CodeIgniter.php(320): CodeIgniter\CodeIgniter->handleRequest(NULL, Object(Config\Cache), false)
#4 /home/kottakotabusines/public_html/index.php(41): CodeIgniter\CodeIgniter->run()
#5 {main}
CRITICAL - 2022-08-27 08:15:10 --> Undefined array key 0
#0 /home/kottakotabusines/public_html/app/Controllers/SalesAgentWalletController.php(75): CodeIgniter\Debug\Exceptions->errorHandler(2, 'Undefined array...', '/home/kottakota...', 75)
#1 /home/kottakotabusines/public_html/system/CodeIgniter.php(825): App\Controllers\SalesAgentWalletController->paymentnotation()
#2 /home/kottakotabusines/public_html/system/CodeIgniter.php(412): CodeIgniter\CodeIgniter->runController(Object(App\Controllers\SalesAgentWalletController))
#3 /home/kottakotabusines/public_html/system/CodeIgniter.php(320): CodeIgniter\CodeIgniter->handleRequest(NULL, Object(Config\Cache), false)
#4 /home/kottakotabusines/public_html/index.php(41): CodeIgniter\CodeIgniter->run()
#5 {main}
CRITICAL - 2022-08-27 09:12:25 --> Undefined variable $a
#0 /home/kottakotabusines/public_html/app/Controllers/AdminLoginController.php(354): CodeIgniter\Debug\Exceptions->errorHandler(2, 'Undefined varia...', '/home/kottakota...', 354)
#1 /home/kottakotabusines/public_html/system/CodeIgniter.php(825): App\Controllers\AdminLoginController->logout()
#2 /home/kottakotabusines/public_html/system/CodeIgniter.php(412): CodeIgniter\CodeIgniter->runController(Object(App\Controllers\AdminLoginController))
#3 /home/kottakotabusines/public_html/system/CodeIgniter.php(320): CodeIgniter\CodeIgniter->handleRequest(NULL, Object(Config\Cache), false)
#4 /home/kottakotabusines/public_html/index.php(41): CodeIgniter\CodeIgniter->run()
#5 {main}
CRITICAL - 2022-08-27 09:12:27 --> Undefined variable $a
#0 /home/kottakotabusines/public_html/app/Controllers/AdminLoginController.php(354): CodeIgniter\Debug\Exceptions->errorHandler(2, 'Undefined varia...', '/home/kottakota...', 354)
#1 /home/kottakotabusines/public_html/system/CodeIgniter.php(825): App\Controllers\AdminLoginController->logout()
#2 /home/kottakotabusines/public_html/system/CodeIgniter.php(412): CodeIgniter\CodeIgniter->runController(Object(App\Controllers\AdminLoginController))
#3 /home/kottakotabusines/public_html/system/CodeIgniter.php(320): CodeIgniter\CodeIgniter->handleRequest(NULL, Object(Config\Cache), false)
#4 /home/kottakotabusines/public_html/index.php(41): CodeIgniter\CodeIgniter->run()
#5 {main}
CRITICAL - 2022-08-27 09:17:29 --> Undefined variable $a
#0 /home/kottakotabusines/public_html/app/Controllers/AdminLoginController.php(354): CodeIgniter\Debug\Exceptions->errorHandler(2, 'Undefined varia...', '/home/kottakota...', 354)
#1 /home/kottakotabusines/public_html/system/CodeIgniter.php(825): App\Controllers\AdminLoginController->logout()
#2 /home/kottakotabusines/public_html/system/CodeIgniter.php(412): CodeIgniter\CodeIgniter->runController(Object(App\Controllers\AdminLoginController))
#3 /home/kottakotabusines/public_html/system/CodeIgniter.php(320): CodeIgniter\CodeIgniter->handleRequest(NULL, Object(Config\Cache), false)
#4 /home/kottakotabusines/public_html/index.php(41): CodeIgniter\CodeIgniter->run()
#5 {main}
CRITICAL - 2022-08-27 09:17:30 --> Undefined variable $a
#0 /home/kottakotabusines/public_html/app/Controllers/AdminLoginController.php(354): CodeIgniter\Debug\Exceptions->errorHandler(2, 'Undefined varia...', '/home/kottakota...', 354)
#1 /home/kottakotabusines/public_html/system/CodeIgniter.php(825): App\Controllers\AdminLoginController->logout()
#2 /home/kottakotabusines/public_html/system/CodeIgniter.php(412): CodeIgniter\CodeIgniter->runController(Object(App\Controllers\AdminLoginController))
#3 /home/kottakotabusines/public_html/system/CodeIgniter.php(320): CodeIgniter\CodeIgniter->handleRequest(NULL, Object(Config\Cache), false)
#4 /home/kottakotabusines/public_html/index.php(41): CodeIgniter\CodeIgniter->run()
#5 {main}
CRITICAL - 2022-08-27 09:17:33 --> Undefined variable $a
#0 /home/kottakotabusines/public_html/app/Controllers/AdminLoginController.php(354): CodeIgniter\Debug\Exceptions->errorHandler(2, 'Undefined varia...', '/home/kottakota...', 354)
#1 /home/kottakotabusines/public_html/system/CodeIgniter.php(825): App\Controllers\AdminLoginController->logout()
#2 /home/kottakotabusines/public_html/system/CodeIgniter.php(412): CodeIgniter\CodeIgniter->runController(Object(App\Controllers\AdminLoginController))
#3 /home/kottakotabusines/public_html/system/CodeIgniter.php(320): CodeIgniter\CodeIgniter->handleRequest(NULL, Object(Config\Cache), false)
#4 /home/kottakotabusines/public_html/index.php(41): CodeIgniter\CodeIgniter->run()
#5 {main}
CRITICAL - 2022-08-27 09:28:25 --> Undefined array key 0
#0 /home/kottakotabusines/public_html/app/Controllers/SalesAgentWalletController.php(75): CodeIgniter\Debug\Exceptions->errorHandler(2, 'Undefined array...', '/home/kottakota...', 75)
#1 /home/kottakotabusines/public_html/system/CodeIgniter.php(825): App\Controllers\SalesAgentWalletController->paymentnotation()
#2 /home/kottakotabusines/public_html/system/CodeIgniter.php(412): CodeIgniter\CodeIgniter->runController(Object(App\Controllers\SalesAgentWalletController))
#3 /home/kottakotabusines/public_html/system/CodeIgniter.php(320): CodeIgniter\CodeIgniter->handleRequest(NULL, Object(Config\Cache), false)
#4 /home/kottakotabusines/public_html/index.php(41): CodeIgniter\CodeIgniter->run()
#5 {main}
CRITICAL - 2022-08-27 09:41:06 --> Undefined array key 0
#0 /home/kottakotabusines/public_html/app/Controllers/SalesAgentWalletController.php(75): CodeIgniter\Debug\Exceptions->errorHandler(2, 'Undefined array...', '/home/kottakota...', 75)
#1 /home/kottakotabusines/public_html/system/CodeIgniter.php(825): App\Controllers\SalesAgentWalletController->paymentnotation()
#2 /home/kottakotabusines/public_html/system/CodeIgniter.php(412): CodeIgniter\CodeIgniter->runController(Object(App\Controllers\SalesAgentWalletController))
#3 /home/kottakotabusines/public_html/system/CodeIgniter.php(320): CodeIgniter\CodeIgniter->handleRequest(NULL, Object(Config\Cache), false)
#4 /home/kottakotabusines/public_html/index.php(41): CodeIgniter\CodeIgniter->run()
#5 {main}
CRITICAL - 2022-08-27 09:42:23 --> Undefined array key 0
#0 /home/kottakotabusines/public_html/app/Controllers/SalesAgentWalletController.php(75): CodeIgniter\Debug\Exceptions->errorHandler(2, 'Undefined array...', '/home/kottakota...', 75)
#1 /home/kottakotabusines/public_html/system/CodeIgniter.php(825): App\Controllers\SalesAgentWalletController->paymentnotation()
#2 /home/kottakotabusines/public_html/system/CodeIgniter.php(412): CodeIgniter\CodeIgniter->runController(Object(App\Controllers\SalesAgentWalletController))
#3 /home/kottakotabusines/public_html/system/CodeIgniter.php(320): CodeIgniter\CodeIgniter->handleRequest(NULL, Object(Config\Cache), false)
#4 /home/kottakotabusines/public_html/index.php(41): CodeIgniter\CodeIgniter->run()
#5 {main}
CRITICAL - 2022-08-27 10:26:58 --> Undefined array key 0
#0 /home/kottakotabusines/public_html/app/Controllers/SalesAgentWalletController.php(75): CodeIgniter\Debug\Exceptions->errorHandler(2, 'Undefined array...', '/home/kottakota...', 75)
#1 /home/kottakotabusines/public_html/system/CodeIgniter.php(825): App\Controllers\SalesAgentWalletController->paymentnotation()
#2 /home/kottakotabusines/public_html/system/CodeIgniter.php(412): CodeIgniter\CodeIgniter->runController(Object(App\Controllers\SalesAgentWalletController))
#3 /home/kottakotabusines/public_html/system/CodeIgniter.php(320): CodeIgniter\CodeIgniter->handleRequest(NULL, Object(Config\Cache), false)
#4 /home/kottakotabusines/public_html/index.php(41): CodeIgniter\CodeIgniter->run()
#5 {main}
CRITICAL - 2022-08-27 10:34:22 --> Undefined array key 0
#0 /home/kottakotabusines/public_html/app/Controllers/SalesAgentWalletController.php(75): CodeIgniter\Debug\Exceptions->errorHandler(2, 'Undefined array...', '/home/kottakota...', 75)
#1 /home/kottakotabusines/public_html/system/CodeIgniter.php(825): App\Controllers\SalesAgentWalletController->paymentnotation()
#2 /home/kottakotabusines/public_html/system/CodeIgniter.php(412): CodeIgniter\CodeIgniter->runController(Object(App\Controllers\SalesAgentWalletController))
#3 /home/kottakotabusines/public_html/system/CodeIgniter.php(320): CodeIgniter\CodeIgniter->handleRequest(NULL, Object(Config\Cache), false)
#4 /home/kottakotabusines/public_html/index.php(41): CodeIgniter\CodeIgniter->run()
#5 {main}
CRITICAL - 2022-08-27 10:38:21 --> Undefined array key 0
#0 /home/kottakotabusines/public_html/app/Controllers/IciciBankController.php(779): CodeIgniter\Debug\Exceptions->errorHandler(2, 'Undefined array...', '/home/kottakota...', 779)
#1 /home/kottakotabusines/public_html/system/CodeIgniter.php(825): App\Controllers\IciciBankController->walletnotification()
#2 /home/kottakotabusines/public_html/system/CodeIgniter.php(412): CodeIgniter\CodeIgniter->runController(Object(App\Controllers\IciciBankController))
#3 /home/kottakotabusines/public_html/system/CodeIgniter.php(320): CodeIgniter\CodeIgniter->handleRequest(NULL, Object(Config\Cache), false)
#4 /home/kottakotabusines/public_html/index.php(41): CodeIgniter\CodeIgniter->run()
#5 {main}
CRITICAL - 2022-08-27 10:38:32 --> Undefined array key 0
#0 /home/kottakotabusines/public_html/app/Controllers/IciciBankController.php(779): CodeIgniter\Debug\Exceptions->errorHandler(2, 'Undefined array...', '/home/kottakota...', 779)
#1 /home/kottakotabusines/public_html/system/CodeIgniter.php(825): App\Controllers\IciciBankController->walletnotification()
#2 /home/kottakotabusines/public_html/system/CodeIgniter.php(412): CodeIgniter\CodeIgniter->runController(Object(App\Controllers\IciciBankController))
#3 /home/kottakotabusines/public_html/system/CodeIgniter.php(320): CodeIgniter\CodeIgniter->handleRequest(NULL, Object(Config\Cache), false)
#4 /home/kottakotabusines/public_html/index.php(41): CodeIgniter\CodeIgniter->run()
#5 {main}
CRITICAL - 2022-08-27 10:56:36 --> Undefined array key 0
#0 /home/kottakotabusines/public_html/app/Controllers/SalesAgentWalletController.php(75): CodeIgniter\Debug\Exceptions->errorHandler(2, 'Undefined array...', '/home/kottakota...', 75)
#1 /home/kottakotabusines/public_html/system/CodeIgniter.php(825): App\Controllers\SalesAgentWalletController->paymentnotation()
#2 /home/kottakotabusines/public_html/system/CodeIgniter.php(412): CodeIgniter\CodeIgniter->runController(Object(App\Controllers\SalesAgentWalletController))
#3 /home/kottakotabusines/public_html/system/CodeIgniter.php(320): CodeIgniter\CodeIgniter->handleRequest(NULL, Object(Config\Cache), false)
#4 /home/kottakotabusines/public_html/index.php(41): CodeIgniter\CodeIgniter->run()
#5 {main}
CRITICAL - 2022-08-27 11:38:57 --> Undefined array key 0
#0 /home/kottakotabusines/public_html/app/Controllers/SalesAgentWalletController.php(75): CodeIgniter\Debug\Exceptions->errorHandler(2, 'Undefined array...', '/home/kottakota...', 75)
#1 /home/kottakotabusines/public_html/system/CodeIgniter.php(825): App\Controllers\SalesAgentWalletController->paymentnotation()
#2 /home/kottakotabusines/public_html/system/CodeIgniter.php(412): CodeIgniter\CodeIgniter->runController(Object(App\Controllers\SalesAgentWalletController))
#3 /home/kottakotabusines/public_html/system/CodeIgniter.php(320): CodeIgniter\CodeIgniter->handleRequest(NULL, Object(Config\Cache), false)
#4 /home/kottakotabusines/public_html/index.php(41): CodeIgniter\CodeIgniter->run()
#5 {main}
CRITICAL - 2022-08-27 11:45:08 --> Undefined array key 0
#0 /home/kottakotabusines/public_html/app/Controllers/SalesAgentWalletController.php(75): CodeIgniter\Debug\Exceptions->errorHandler(2, 'Undefined array...', '/home/kottakota...', 75)
#1 /home/kottakotabusines/public_html/system/CodeIgniter.php(825): App\Controllers\SalesAgentWalletController->paymentnotation()
#2 /home/kottakotabusines/public_html/system/CodeIgniter.php(412): CodeIgniter\CodeIgniter->runController(Object(App\Controllers\SalesAgentWalletController))
#3 /home/kottakotabusines/public_html/system/CodeIgniter.php(320): CodeIgniter\CodeIgniter->handleRequest(NULL, Object(Config\Cache), false)
#4 /home/kottakotabusines/public_html/index.php(41): CodeIgniter\CodeIgniter->run()
#5 {main}
CRITICAL - 2022-08-27 12:02:35 --> Undefined variable $response
#0 /home/kottakotabusines/public_html/app/Controllers/SalesAgentController.php(1930): CodeIgniter\Debug\Exceptions->errorHandler(2, 'Undefined varia...', '/home/kottakota...', 1930)
#1 /home/kottakotabusines/public_html/system/CodeIgniter.php(825): App\Controllers\SalesAgentController->activateexisting()
#2 /home/kottakotabusines/public_html/system/CodeIgniter.php(412): CodeIgniter\CodeIgniter->runController(Object(App\Controllers\SalesAgentController))
#3 /home/kottakotabusines/public_html/system/CodeIgniter.php(320): CodeIgniter\CodeIgniter->handleRequest(NULL, Object(Config\Cache), false)
#4 /home/kottakotabusines/public_html/index.php(41): CodeIgniter\CodeIgniter->run()
#5 {main}
CRITICAL - 2022-08-27 12:08:41 --> Undefined variable $response
#0 /home/kottakotabusines/public_html/app/Controllers/SalesAgentController.php(1930): CodeIgniter\Debug\Exceptions->errorHandler(2, 'Undefined varia...', '/home/kottakota...', 1930)
#1 /home/kottakotabusines/public_html/system/CodeIgniter.php(825): App\Controllers\SalesAgentController->activateexisting()
#2 /home/kottakotabusines/public_html/system/CodeIgniter.php(412): CodeIgniter\CodeIgniter->runController(Object(App\Controllers\SalesAgentController))
#3 /home/kottakotabusines/public_html/system/CodeIgniter.php(320): CodeIgniter\CodeIgniter->handleRequest(NULL, Object(Config\Cache), false)
#4 /home/kottakotabusines/public_html/index.php(41): CodeIgniter\CodeIgniter->run()
#5 {main}
CRITICAL - 2022-08-27 12:41:10 --> Undefined array key 0
#0 /home/kottakotabusines/public_html/app/Controllers/SalesAgentWalletController.php(75): CodeIgniter\Debug\Exceptions->errorHandler(2, 'Undefined array...', '/home/kottakota...', 75)
#1 /home/kottakotabusines/public_html/system/CodeIgniter.php(825): App\Controllers\SalesAgentWalletController->paymentnotation()
#2 /home/kottakotabusines/public_html/system/CodeIgniter.php(412): CodeIgniter\CodeIgniter->runController(Object(App\Controllers\SalesAgentWalletController))
#3 /home/kottakotabusines/public_html/system/CodeIgniter.php(320): CodeIgniter\CodeIgniter->handleRequest(NULL, Object(Config\Cache), false)
#4 /home/kottakotabusines/public_html/index.php(41): CodeIgniter\CodeIgniter->run()
#5 {main}
CRITICAL - 2022-08-27 12:41:32 --> Undefined array key 0
#0 /home/kottakotabusines/public_html/app/Controllers/FastTagController.php(460): CodeIgniter\Debug\Exceptions->errorHandler(2, 'Undefined array...', '/home/kottakota...', 460)
#1 /home/kottakotabusines/public_html/system/CodeIgniter.php(825): App\Controllers\FastTagController->managefasttag()
#2 /home/kottakotabusines/public_html/system/CodeIgniter.php(412): CodeIgniter\CodeIgniter->runController(Object(App\Controllers\FastTagController))
#3 /home/kottakotabusines/public_html/system/CodeIgniter.php(320): CodeIgniter\CodeIgniter->handleRequest(NULL, Object(Config\Cache), false)
#4 /home/kottakotabusines/public_html/index.php(41): CodeIgniter\CodeIgniter->run()
#5 {main}
CRITICAL - 2022-08-27 12:41:47 --> Undefined array key 0
#0 /home/kottakotabusines/public_html/app/Controllers/FastTagController.php(460): CodeIgniter\Debug\Exceptions->errorHandler(2, 'Undefined array...', '/home/kottakota...', 460)
#1 /home/kottakotabusines/public_html/system/CodeIgniter.php(825): App\Controllers\FastTagController->managefasttag()
#2 /home/kottakotabusines/public_html/system/CodeIgniter.php(412): CodeIgniter\CodeIgniter->runController(Object(App\Controllers\FastTagController))
#3 /home/kottakotabusines/public_html/system/CodeIgniter.php(320): CodeIgniter\CodeIgniter->handleRequest(NULL, Object(Config\Cache), false)
#4 /home/kottakotabusines/public_html/index.php(41): CodeIgniter\CodeIgniter->run()
#5 {main}
CRITICAL - 2022-08-27 12:42:21 --> unlink(/home/kottakotabusines/public_html/writable/debugbar/debugbar_1661584127.json): No such file or directory
#0 [internal function]: CodeIgniter\Debug\Exceptions->errorHandler(2, 'unlink(/home/ko...', '/home/kottakota...', 74)
#1 /home/kottakotabusines/public_html/system/Debug/Toolbar/Collectors/History.php(74): unlink('/home/kottakota...')
#2 /home/kottakotabusines/public_html/system/Debug/Toolbar.php(487): CodeIgniter\Debug\Toolbar\Collectors\History->setFiles(1661584336, 20)
#3 /home/kottakotabusines/public_html/system/Debug/Toolbar.php(464): CodeIgniter\Debug\Toolbar->format(Array, 'html')
#4 /home/kottakotabusines/public_html/app/Config/Events.php(48): CodeIgniter\Debug\Toolbar->respond()
#5 /home/kottakotabusines/public_html/system/Events/Events.php(149): CodeIgniter\Events\Events::Config\{closure}()
#6 /home/kottakotabusines/public_html/system/CodeIgniter.php(302): CodeIgniter\Events\Events::trigger('pre_system')
#7 /home/kottakotabusines/public_html/index.php(41): CodeIgniter\CodeIgniter->run()
#8 {main}
CRITICAL - 2022-08-27 12:55:36 --> Undefined array key 0
#0 /home/kottakotabusines/public_html/app/Controllers/FastTagController.php(460): CodeIgniter\Debug\Exceptions->errorHandler(2, 'Undefined array...', '/home/kottakota...', 460)
#1 /home/kottakotabusines/public_html/system/CodeIgniter.php(825): App\Controllers\FastTagController->managefasttag()
#2 /home/kottakotabusines/public_html/system/CodeIgniter.php(412): CodeIgniter\CodeIgniter->runController(Object(App\Controllers\FastTagController))
#3 /home/kottakotabusines/public_html/system/CodeIgniter.php(320): CodeIgniter\CodeIgniter->handleRequest(NULL, Object(Config\Cache), false)
#4 /home/kottakotabusines/public_html/index.php(41): CodeIgniter\CodeIgniter->run()
#5 {main}
CRITICAL - 2022-08-27 12:56:34 --> Undefined array key 0
#0 /home/kottakotabusines/public_html/app/Controllers/SalesAgentWalletController.php(75): CodeIgniter\Debug\Exceptions->errorHandler(2, 'Undefined array...', '/home/kottakota...', 75)
#1 /home/kottakotabusines/public_html/system/CodeIgniter.php(825): App\Controllers\SalesAgentWalletController->paymentnotation()
#2 /home/kottakotabusines/public_html/system/CodeIgniter.php(412): CodeIgniter\CodeIgniter->runController(Object(App\Controllers\SalesAgentWalletController))
#3 /home/kottakotabusines/public_html/system/CodeIgniter.php(320): CodeIgniter\CodeIgniter->handleRequest(NULL, Object(Config\Cache), false)
#4 /home/kottakotabusines/public_html/index.php(41): CodeIgniter\CodeIgniter->run()
#5 {main}
CRITICAL - 2022-08-27 13:03:51 --> Undefined variable $response
#0 /home/kottakotabusines/public_html/app/Controllers/SalesAgentController.php(1930): CodeIgniter\Debug\Exceptions->errorHandler(2, 'Undefined varia...', '/home/kottakota...', 1930)
#1 /home/kottakotabusines/public_html/system/CodeIgniter.php(825): App\Controllers\SalesAgentController->activateexisting()
#2 /home/kottakotabusines/public_html/system/CodeIgniter.php(412): CodeIgniter\CodeIgniter->runController(Object(App\Controllers\SalesAgentController))
#3 /home/kottakotabusines/public_html/system/CodeIgniter.php(320): CodeIgniter\CodeIgniter->handleRequest(NULL, Object(Config\Cache), false)
#4 /home/kottakotabusines/public_html/index.php(41): CodeIgniter\CodeIgniter->run()
#5 {main}
CRITICAL - 2022-08-27 13:21:22 --> Undefined array key 0
#0 /home/kottakotabusines/public_html/app/Controllers/SalesAgentWalletController.php(75): CodeIgniter\Debug\Exceptions->errorHandler(2, 'Undefined array...', '/home/kottakota...', 75)
#1 /home/kottakotabusines/public_html/system/CodeIgniter.php(825): App\Controllers\SalesAgentWalletController->paymentnotation()
#2 /home/kottakotabusines/public_html/system/CodeIgniter.php(412): CodeIgniter\CodeIgniter->runController(Object(App\Controllers\SalesAgentWalletController))
#3 /home/kottakotabusines/public_html/system/CodeIgniter.php(320): CodeIgniter\CodeIgniter->handleRequest(NULL, Object(Config\Cache), false)
#4 /home/kottakotabusines/public_html/index.php(41): CodeIgniter\CodeIgniter->run()
#5 {main}
CRITICAL - 2022-08-27 13:22:39 --> unlink(/home/kottakotabusines/public_html/writable/debugbar/debugbar_1661586647.json): No such file or directory
#0 [internal function]: CodeIgniter\Debug\Exceptions->errorHandler(2, 'unlink(/home/ko...', '/home/kottakota...', 74)
#1 /home/kottakotabusines/public_html/system/Debug/Toolbar/Collectors/History.php(74): unlink('/home/kottakota...')
#2 /home/kottakotabusines/public_html/system/Debug/Toolbar.php(487): CodeIgniter\Debug\Toolbar\Collectors\History->setFiles(1661586757, 20)
#3 /home/kottakotabusines/public_html/system/Debug/Toolbar.php(464): CodeIgniter\Debug\Toolbar->format(Array, 'html')
#4 /home/kottakotabusines/public_html/app/Config/Events.php(48): CodeIgniter\Debug\Toolbar->respond()
#5 /home/kottakotabusines/public_html/system/Events/Events.php(149): CodeIgniter\Events\Events::Config\{closure}()
#6 /home/kottakotabusines/public_html/system/CodeIgniter.php(302): CodeIgniter\Events\Events::trigger('pre_system')
#7 /home/kottakotabusines/public_html/index.php(41): CodeIgniter\CodeIgniter->run()
#8 {main}
CRITICAL - 2022-08-27 14:34:31 --> Undefined array key 0
#0 /home/kottakotabusines/public_html/app/Controllers/SalesAgentWalletController.php(75): CodeIgniter\Debug\Exceptions->errorHandler(2, 'Undefined array...', '/home/kottakota...', 75)
#1 /home/kottakotabusines/public_html/system/CodeIgniter.php(825): App\Controllers\SalesAgentWalletController->paymentnotation()
#2 /home/kottakotabusines/public_html/system/CodeIgniter.php(412): CodeIgniter\CodeIgniter->runController(Object(App\Controllers\SalesAgentWalletController))
#3 /home/kottakotabusines/public_html/system/CodeIgniter.php(320): CodeIgniter\CodeIgniter->handleRequest(NULL, Object(Config\Cache), false)
#4 /home/kottakotabusines/public_html/index.php(41): CodeIgniter\CodeIgniter->run()
#5 {main}
CRITICAL - 2022-08-27 14:51:11 --> Undefined array key "logged_img"
#0 /home/kottakotabusines/public_html/app/Views/partials/adminPanel/sidebar.php(5): CodeIgniter\Debug\Exceptions->errorHandler(2, 'Undefined array...', '/home/kottakota...', 5)
#1 /home/kottakotabusines/public_html/system/View/View.php(210): include('/home/kottakota...')
#2 /home/kottakotabusines/public_html/system/View/View.php(213): CodeIgniter\View\View->CodeIgniter\View\{closure}()
#3 /home/kottakotabusines/public_html/system/View/View.php(424): CodeIgniter\View\View->render('partials/adminP...', NULL, true)
#4 /home/kottakotabusines/public_html/app/Views/admin/editsalesagent.php(18): CodeIgniter\View\View->include('partials/adminP...')
#5 /home/kottakotabusines/public_html/system/View/View.php(210): include('/home/kottakota...')
#6 /home/kottakotabusines/public_html/system/View/View.php(213): CodeIgniter\View\View->CodeIgniter\View\{closure}()
#7 /home/kottakotabusines/public_html/system/Common.php(1089): CodeIgniter\View\View->render('admin/editsales...', Array, true)
#8 /home/kottakotabusines/public_html/app/Controllers/SalesAgentController.php(1051): view('admin/editsales...', Array)
#9 /home/kottakotabusines/public_html/system/CodeIgniter.php(825): App\Controllers\SalesAgentController->editProfileAdmin('292')
#10 /home/kottakotabusines/public_html/system/CodeIgniter.php(412): CodeIgniter\CodeIgniter->runController(Object(App\Controllers\SalesAgentController))
#11 /home/kottakotabusines/public_html/system/CodeIgniter.php(320): CodeIgniter\CodeIgniter->handleRequest(NULL, Object(Config\Cache), false)
#12 /home/kottakotabusines/public_html/index.php(41): CodeIgniter\CodeIgniter->run()
#13 {main}
CRITICAL - 2022-08-27 14:52:57 --> unlink(/home/kottakotabusines/public_html/writable/debugbar/debugbar_1661591950.json): No such file or directory
#0 [internal function]: CodeIgniter\Debug\Exceptions->errorHandler(2, 'unlink(/home/ko...', '/home/kottakota...', 74)
#1 /home/kottakotabusines/public_html/system/Debug/Toolbar/Collectors/History.php(74): unlink('/home/kottakota...')
#2 /home/kottakotabusines/public_html/system/Debug/Toolbar.php(487): CodeIgniter\Debug\Toolbar\Collectors\History->setFiles(1661592175, 20)
#3 /home/kottakotabusines/public_html/system/Debug/Toolbar.php(464): CodeIgniter\Debug\Toolbar->format(Array, 'html')
#4 /home/kottakotabusines/public_html/app/Config/Events.php(48): CodeIgniter\Debug\Toolbar->respond()
#5 /home/kottakotabusines/public_html/system/Events/Events.php(149): CodeIgniter\Events\Events::Config\{closure}()
#6 /home/kottakotabusines/public_html/system/CodeIgniter.php(302): CodeIgniter\Events\Events::trigger('pre_system')
#7 /home/kottakotabusines/public_html/index.php(41): CodeIgniter\CodeIgniter->run()
#8 {main}
CRITICAL - 2022-08-27 14:53:48 --> Undefined variable $response
#0 /home/kottakotabusines/public_html/app/Controllers/SalesAgentController.php(1930): CodeIgniter\Debug\Exceptions->errorHandler(2, 'Undefined varia...', '/home/kottakota...', 1930)
#1 /home/kottakotabusines/public_html/system/CodeIgniter.php(825): App\Controllers\SalesAgentController->activateexisting()
#2 /home/kottakotabusines/public_html/system/CodeIgniter.php(412): CodeIgniter\CodeIgniter->runController(Object(App\Controllers\SalesAgentController))
#3 /home/kottakotabusines/public_html/system/CodeIgniter.php(320): CodeIgniter\CodeIgniter->handleRequest(NULL, Object(Config\Cache), false)
#4 /home/kottakotabusines/public_html/index.php(41): CodeIgniter\CodeIgniter->run()
#5 {main}
CRITICAL - 2022-08-27 14:57:00 --> Undefined array key 0
#0 /home/kottakotabusines/public_html/app/Controllers/SalesAgentWalletController.php(75): CodeIgniter\Debug\Exceptions->errorHandler(2, 'Undefined array...', '/home/kottakota...', 75)
#1 /home/kottakotabusines/public_html/system/CodeIgniter.php(825): App\Controllers\SalesAgentWalletController->paymentnotation()
#2 /home/kottakotabusines/public_html/system/CodeIgniter.php(412): CodeIgniter\CodeIgniter->runController(Object(App\Controllers\SalesAgentWalletController))
#3 /home/kottakotabusines/public_html/system/CodeIgniter.php(320): CodeIgniter\CodeIgniter->handleRequest(NULL, Object(Config\Cache), false)
#4 /home/kottakotabusines/public_html/index.php(41): CodeIgniter\CodeIgniter->run()
#5 {main}
CRITICAL - 2022-08-27 14:58:42 --> Undefined variable $response
#0 /home/kottakotabusines/public_html/app/Controllers/SalesAgentController.php(1930): CodeIgniter\Debug\Exceptions->errorHandler(2, 'Undefined varia...', '/home/kottakota...', 1930)
#1 /home/kottakotabusines/public_html/system/CodeIgniter.php(825): App\Controllers\SalesAgentController->activateexisting()
#2 /home/kottakotabusines/public_html/system/CodeIgniter.php(412): CodeIgniter\CodeIgniter->runController(Object(App\Controllers\SalesAgentController))
#3 /home/kottakotabusines/public_html/system/CodeIgniter.php(320): CodeIgniter\CodeIgniter->handleRequest(NULL, Object(Config\Cache), false)
#4 /home/kottakotabusines/public_html/index.php(41): CodeIgniter\CodeIgniter->run()
#5 {main}
CRITICAL - 2022-08-27 15:01:07 --> Undefined variable $response
#0 /home/kottakotabusines/public_html/app/Controllers/SalesAgentController.php(1930): CodeIgniter\Debug\Exceptions->errorHandler(2, 'Undefined varia...', '/home/kottakota...', 1930)
#1 /home/kottakotabusines/public_html/system/CodeIgniter.php(825): App\Controllers\SalesAgentController->activateexisting()
#2 /home/kottakotabusines/public_html/system/CodeIgniter.php(412): CodeIgniter\CodeIgniter->runController(Object(App\Controllers\SalesAgentController))
#3 /home/kottakotabusines/public_html/system/CodeIgniter.php(320): CodeIgniter\CodeIgniter->handleRequest(NULL, Object(Config\Cache), false)
#4 /home/kottakotabusines/public_html/index.php(41): CodeIgniter\CodeIgniter->run()
#5 {main}
CRITICAL - 2022-08-27 15:01:10 --> Undefined variable $response
#0 /home/kottakotabusines/public_html/app/Controllers/SalesAgentController.php(1930): CodeIgniter\Debug\Exceptions->errorHandler(2, 'Undefined varia...', '/home/kottakota...', 1930)
#1 /home/kottakotabusines/public_html/system/CodeIgniter.php(825): App\Controllers\SalesAgentController->activateexisting()
#2 /home/kottakotabusines/public_html/system/CodeIgniter.php(412): CodeIgniter\CodeIgniter->runController(Object(App\Controllers\SalesAgentController))
#3 /home/kottakotabusines/public_html/system/CodeIgniter.php(320): CodeIgniter\CodeIgniter->handleRequest(NULL, Object(Config\Cache), false)
#4 /home/kottakotabusines/public_html/index.php(41): CodeIgniter\CodeIgniter->run()
#5 {main}
CRITICAL - 2022-08-27 15:01:44 --> Undefined variable $response
#0 /home/kottakotabusines/public_html/app/Controllers/SalesAgentController.php(1930): CodeIgniter\Debug\Exceptions->errorHandler(2, 'Undefined varia...', '/home/kottakota...', 1930)
#1 /home/kottakotabusines/public_html/system/CodeIgniter.php(825): App\Controllers\SalesAgentController->activateexisting()
#2 /home/kottakotabusines/public_html/system/CodeIgniter.php(412): CodeIgniter\CodeIgniter->runController(Object(App\Controllers\SalesAgentController))
#3 /home/kottakotabusines/public_html/system/CodeIgniter.php(320): CodeIgniter\CodeIgniter->handleRequest(NULL, Object(Config\Cache), false)
#4 /home/kottakotabusines/public_html/index.php(41): CodeIgniter\CodeIgniter->run()
#5 {main}
CRITICAL - 2022-08-27 15:01:49 --> Undefined variable $response
#0 /home/kottakotabusines/public_html/app/Controllers/SalesAgentController.php(1930): CodeIgniter\Debug\Exceptions->errorHandler(2, 'Undefined varia...', '/home/kottakota...', 1930)
#1 /home/kottakotabusines/public_html/system/CodeIgniter.php(825): App\Controllers\SalesAgentController->activateexisting()
#2 /home/kottakotabusines/public_html/system/CodeIgniter.php(412): CodeIgniter\CodeIgniter->runController(Object(App\Controllers\SalesAgentController))
#3 /home/kottakotabusines/public_html/system/CodeIgniter.php(320): CodeIgniter\CodeIgniter->handleRequest(NULL, Object(Config\Cache), false)
#4 /home/kottakotabusines/public_html/index.php(41): CodeIgniter\CodeIgniter->run()
#5 {main}
CRITICAL - 2022-08-27 15:01:51 --> Undefined variable $response
#0 /home/kottakotabusines/public_html/app/Controllers/SalesAgentController.php(1930): CodeIgniter\Debug\Exceptions->errorHandler(2, 'Undefined varia...', '/home/kottakota...', 1930)
#1 /home/kottakotabusines/public_html/system/CodeIgniter.php(825): App\Controllers\SalesAgentController->activateexisting()
#2 /home/kottakotabusines/public_html/system/CodeIgniter.php(412): CodeIgniter\CodeIgniter->runController(Object(App\Controllers\SalesAgentController))
#3 /home/kottakotabusines/public_html/system/CodeIgniter.php(320): CodeIgniter\CodeIgniter->handleRequest(NULL, Object(Config\Cache), false)
#4 /home/kottakotabusines/public_html/index.php(41): CodeIgniter\CodeIgniter->run()
#5 {main}
CRITICAL - 2022-08-27 15:02:10 --> Undefined variable $response
#0 /home/kottakotabusines/public_html/app/Controllers/SalesAgentController.php(1930): CodeIgniter\Debug\Exceptions->errorHandler(2, 'Undefined varia...', '/home/kottakota...', 1930)
#1 /home/kottakotabusines/public_html/system/CodeIgniter.php(825): App\Controllers\SalesAgentController->activateexisting()
#2 /home/kottakotabusines/public_html/system/CodeIgniter.php(412): CodeIgniter\CodeIgniter->runController(Object(App\Controllers\SalesAgentController))
#3 /home/kottakotabusines/public_html/system/CodeIgniter.php(320): CodeIgniter\CodeIgniter->handleRequest(NULL, Object(Config\Cache), false)
#4 /home/kottakotabusines/public_html/index.php(41): CodeIgniter\CodeIgniter->run()
#5 {main}
CRITICAL - 2022-08-27 15:02:13 --> Undefined variable $response
#0 /home/kottakotabusines/public_html/app/Controllers/SalesAgentController.php(1930): CodeIgniter\Debug\Exceptions->errorHandler(2, 'Undefined varia...', '/home/kottakota...', 1930)
#1 /home/kottakotabusines/public_html/system/CodeIgniter.php(825): App\Controllers\SalesAgentController->activateexisting()
#2 /home/kottakotabusines/public_html/system/CodeIgniter.php(412): CodeIgniter\CodeIgniter->runController(Object(App\Controllers\SalesAgentController))
#3 /home/kottakotabusines/public_html/system/CodeIgniter.php(320): CodeIgniter\CodeIgniter->handleRequest(NULL, Object(Config\Cache), false)
#4 /home/kottakotabusines/public_html/index.php(41): CodeIgniter\CodeIgniter->run()
#5 {main}
CRITICAL - 2022-08-27 15:04:04 --> Undefined variable $response
#0 /home/kottakotabusines/public_html/app/Controllers/SalesAgentController.php(1930): CodeIgniter\Debug\Exceptions->errorHandler(2, 'Undefined varia...', '/home/kottakota...', 1930)
#1 /home/kottakotabusines/public_html/system/CodeIgniter.php(825): App\Controllers\SalesAgentController->activateexisting()
#2 /home/kottakotabusines/public_html/system/CodeIgniter.php(412): CodeIgniter\CodeIgniter->runController(Object(App\Controllers\SalesAgentController))
#3 /home/kottakotabusines/public_html/system/CodeIgniter.php(320): CodeIgniter\CodeIgniter->handleRequest(NULL, Object(Config\Cache), false)
#4 /home/kottakotabusines/public_html/index.php(41): CodeIgniter\CodeIgniter->run()
#5 {main}
CRITICAL - 2022-08-27 15:12:37 --> Undefined array key 0
#0 /home/kottakotabusines/public_html/app/Controllers/FastTagController.php(460): CodeIgniter\Debug\Exceptions->errorHandler(2, 'Undefined array...', '/home/kottakota...', 460)
#1 /home/kottakotabusines/public_html/system/CodeIgniter.php(825): App\Controllers\FastTagController->managefasttag()
#2 /home/kottakotabusines/public_html/system/CodeIgniter.php(412): CodeIgniter\CodeIgniter->runController(Object(App\Controllers\FastTagController))
#3 /home/kottakotabusines/public_html/system/CodeIgniter.php(320): CodeIgniter\CodeIgniter->handleRequest(NULL, Object(Config\Cache), false)
#4 /home/kottakotabusines/public_html/index.php(41): CodeIgniter\CodeIgniter->run()
#5 {main}
CRITICAL - 2022-08-27 15:12:43 --> Undefined array key 0
#0 /home/kottakotabusines/public_html/app/Controllers/FastTagController.php(460): CodeIgniter\Debug\Exceptions->errorHandler(2, 'Undefined array...', '/home/kottakota...', 460)
#1 /home/kottakotabusines/public_html/system/CodeIgniter.php(825): App\Controllers\FastTagController->managefasttag()
#2 /home/kottakotabusines/public_html/system/CodeIgniter.php(412): CodeIgniter\CodeIgniter->runController(Object(App\Controllers\FastTagController))
#3 /home/kottakotabusines/public_html/system/CodeIgniter.php(320): CodeIgniter\CodeIgniter->handleRequest(NULL, Object(Config\Cache), false)
#4 /home/kottakotabusines/public_html/index.php(41): CodeIgniter\CodeIgniter->run()
#5 {main}
CRITICAL - 2022-08-27 15:12:53 --> Undefined array key 0
#0 /home/kottakotabusines/public_html/app/Controllers/FastTagController.php(460): CodeIgniter\Debug\Exceptions->errorHandler(2, 'Undefined array...', '/home/kottakota...', 460)
#1 /home/kottakotabusines/public_html/system/CodeIgniter.php(825): App\Controllers\FastTagController->managefasttag()
#2 /home/kottakotabusines/public_html/system/CodeIgniter.php(412): CodeIgniter\CodeIgniter->runController(Object(App\Controllers\FastTagController))
#3 /home/kottakotabusines/public_html/system/CodeIgniter.php(320): CodeIgniter\CodeIgniter->handleRequest(NULL, Object(Config\Cache), false)
#4 /home/kottakotabusines/public_html/index.php(41): CodeIgniter\CodeIgniter->run()
#5 {main}
CRITICAL - 2022-08-27 15:13:03 --> Undefined array key 0
#0 /home/kottakotabusines/public_html/app/Controllers/FastTagController.php(460): CodeIgniter\Debug\Exceptions->errorHandler(2, 'Undefined array...', '/home/kottakota...', 460)
#1 /home/kottakotabusines/public_html/system/CodeIgniter.php(825): App\Controllers\FastTagController->managefasttag()
#2 /home/kottakotabusines/public_html/system/CodeIgniter.php(412): CodeIgniter\CodeIgniter->runController(Object(App\Controllers\FastTagController))
#3 /home/kottakotabusines/public_html/system/CodeIgniter.php(320): CodeIgniter\CodeIgniter->handleRequest(NULL, Object(Config\Cache), false)
#4 /home/kottakotabusines/public_html/index.php(41): CodeIgniter\CodeIgniter->run()
#5 {main}
CRITICAL - 2022-08-27 15:20:51 --> Undefined array key 0
#0 /home/kottakotabusines/public_html/app/Controllers/SalesAgentWalletController.php(75): CodeIgniter\Debug\Exceptions->errorHandler(2, 'Undefined array...', '/home/kottakota...', 75)
#1 /home/kottakotabusines/public_html/system/CodeIgniter.php(825): App\Controllers\SalesAgentWalletController->paymentnotation()
#2 /home/kottakotabusines/public_html/system/CodeIgniter.php(412): CodeIgniter\CodeIgniter->runController(Object(App\Controllers\SalesAgentWalletController))
#3 /home/kottakotabusines/public_html/system/CodeIgniter.php(320): CodeIgniter\CodeIgniter->handleRequest(NULL, Object(Config\Cache), false)
#4 /home/kottakotabusines/public_html/index.php(41): CodeIgniter\CodeIgniter->run()
#5 {main}
CRITICAL - 2022-08-27 15:40:42 --> Undefined variable $response
#0 /home/kottakotabusines/public_html/app/Controllers/SalesAgentController.php(1930): CodeIgniter\Debug\Exceptions->errorHandler(2, 'Undefined varia...', '/home/kottakota...', 1930)
#1 /home/kottakotabusines/public_html/system/CodeIgniter.php(825): App\Controllers\SalesAgentController->activateexisting()
#2 /home/kottakotabusines/public_html/system/CodeIgniter.php(412): CodeIgniter\CodeIgniter->runController(Object(App\Controllers\SalesAgentController))
#3 /home/kottakotabusines/public_html/system/CodeIgniter.php(320): CodeIgniter\CodeIgniter->handleRequest(NULL, Object(Config\Cache), false)
#4 /home/kottakotabusines/public_html/index.php(41): CodeIgniter\CodeIgniter->run()
#5 {main}
CRITICAL - 2022-08-27 16:08:47 --> Undefined array key 0
#0 /home/kottakotabusines/public_html/app/Controllers/SalesAgentWalletController.php(75): CodeIgniter\Debug\Exceptions->errorHandler(2, 'Undefined array...', '/home/kottakota...', 75)
#1 /home/kottakotabusines/public_html/system/CodeIgniter.php(825): App\Controllers\SalesAgentWalletController->paymentnotation()
#2 /home/kottakotabusines/public_html/system/CodeIgniter.php(412): CodeIgniter\CodeIgniter->runController(Object(App\Controllers\SalesAgentWalletController))
#3 /home/kottakotabusines/public_html/system/CodeIgniter.php(320): CodeIgniter\CodeIgniter->handleRequest(NULL, Object(Config\Cache), false)
#4 /home/kottakotabusines/public_html/index.php(41): CodeIgniter\CodeIgniter->run()
#5 {main}
CRITICAL - 2022-08-27 16:09:51 --> Undefined array key 0
#0 /home/kottakotabusines/public_html/app/Controllers/SalesAgentWalletController.php(75): CodeIgniter\Debug\Exceptions->errorHandler(2, 'Undefined array...', '/home/kottakota...', 75)
#1 /home/kottakotabusines/public_html/system/CodeIgniter.php(825): App\Controllers\SalesAgentWalletController->paymentnotation()
#2 /home/kottakotabusines/public_html/system/CodeIgniter.php(412): CodeIgniter\CodeIgniter->runController(Object(App\Controllers\SalesAgentWalletController))
#3 /home/kottakotabusines/public_html/system/CodeIgniter.php(320): CodeIgniter\CodeIgniter->handleRequest(NULL, Object(Config\Cache), false)
#4 /home/kottakotabusines/public_html/index.php(41): CodeIgniter\CodeIgniter->run()
#5 {main}
CRITICAL - 2022-08-27 17:00:50 --> Undefined array key "logged_img"
#0 /home/kottakotabusines/public_html/app/Views/partials/adminPanel/sidebar.php(5): CodeIgniter\Debug\Exceptions->errorHandler(2, 'Undefined array...', '/home/kottakota...', 5)
#1 /home/kottakotabusines/public_html/system/View/View.php(210): include('/home/kottakota...')
#2 /home/kottakotabusines/public_html/system/View/View.php(213): CodeIgniter\View\View->CodeIgniter\View\{closure}()
#3 /home/kottakotabusines/public_html/system/View/View.php(424): CodeIgniter\View\View->render('partials/adminP...', NULL, true)
#4 /home/kottakotabusines/public_html/app/Views/admin/editsalesagent.php(18): CodeIgniter\View\View->include('partials/adminP...')
#5 /home/kottakotabusines/public_html/system/View/View.php(210): include('/home/kottakota...')
#6 /home/kottakotabusines/public_html/system/View/View.php(213): CodeIgniter\View\View->CodeIgniter\View\{closure}()
#7 /home/kottakotabusines/public_html/system/Common.php(1089): CodeIgniter\View\View->render('admin/editsales...', Array, true)
#8 /home/kottakotabusines/public_html/app/Controllers/SalesAgentController.php(1051): view('admin/editsales...', Array)
#9 /home/kottakotabusines/public_html/system/CodeIgniter.php(825): App\Controllers\SalesAgentController->editProfileAdmin('573')
#10 /home/kottakotabusines/public_html/system/CodeIgniter.php(412): CodeIgniter\CodeIgniter->runController(Object(App\Controllers\SalesAgentController))
#11 /home/kottakotabusines/public_html/system/CodeIgniter.php(320): CodeIgniter\CodeIgniter->handleRequest(NULL, Object(Config\Cache), false)
#12 /home/kottakotabusines/public_html/index.php(41): CodeIgniter\CodeIgniter->run()
#13 {main}
CRITICAL - 2022-08-27 17:35:40 --> unlink(/home/kottakotabusines/public_html/writable/debugbar/debugbar_1661601802.json): No such file or directory
#0 [internal function]: CodeIgniter\Debug\Exceptions->errorHandler(2, 'unlink(/home/ko...', '/home/kottakota...', 74)
#1 /home/kottakotabusines/public_html/system/Debug/Toolbar/Collectors/History.php(74): unlink('/home/kottakota...')
#2 /home/kottakotabusines/public_html/system/Debug/Toolbar.php(487): CodeIgniter\Debug\Toolbar\Collectors\History->setFiles(1661601938, 20)
#3 /home/kottakotabusines/public_html/system/Debug/Toolbar.php(464): CodeIgniter\Debug\Toolbar->format(Array, 'html')
#4 /home/kottakotabusines/public_html/app/Config/Events.php(48): CodeIgniter\Debug\Toolbar->respond()
#5 /home/kottakotabusines/public_html/system/Events/Events.php(149): CodeIgniter\Events\Events::Config\{closure}()
#6 /home/kottakotabusines/public_html/system/CodeIgniter.php(302): CodeIgniter\Events\Events::trigger('pre_system')
#7 /home/kottakotabusines/public_html/index.php(41): CodeIgniter\CodeIgniter->run()
#8 {main}
CRITICAL - 2022-08-27 17:38:46 --> Undefined variable $response
#0 /home/kottakotabusines/public_html/app/Controllers/SalesAgentController.php(1930): CodeIgniter\Debug\Exceptions->errorHandler(2, 'Undefined varia...', '/home/kottakota...', 1930)
#1 /home/kottakotabusines/public_html/system/CodeIgniter.php(825): App\Controllers\SalesAgentController->activateexisting()
#2 /home/kottakotabusines/public_html/system/CodeIgniter.php(412): CodeIgniter\CodeIgniter->runController(Object(App\Controllers\SalesAgentController))
#3 /home/kottakotabusines/public_html/system/CodeIgniter.php(320): CodeIgniter\CodeIgniter->handleRequest(NULL, Object(Config\Cache), false)
#4 /home/kottakotabusines/public_html/index.php(41): CodeIgniter\CodeIgniter->run()
#5 {main}
CRITICAL - 2022-08-27 18:30:50 --> Undefined array key "logged_img"
#0 /home/kottakotabusines/public_html/app/Views/partials/adminPanel/sidebar.php(5): CodeIgniter\Debug\Exceptions->errorHandler(2, 'Undefined array...', '/home/kottakota...', 5)
#1 /home/kottakotabusines/public_html/system/View/View.php(210): include('/home/kottakota...')
#2 /home/kottakotabusines/public_html/system/View/View.php(213): CodeIgniter\View\View->CodeIgniter\View\{closure}()
#3 /home/kottakotabusines/public_html/system/View/View.php(424): CodeIgniter\View\View->render('partials/adminP...', NULL, true)
#4 /home/kottakotabusines/public_html/app/Views/admin/editsalesagent.php(18): CodeIgniter\View\View->include('partials/adminP...')
#5 /home/kottakotabusines/public_html/system/View/View.php(210): include('/home/kottakota...')
#6 /home/kottakotabusines/public_html/system/View/View.php(213): CodeIgniter\View\View->CodeIgniter\View\{closure}()
#7 /home/kottakotabusines/public_html/system/Common.php(1089): CodeIgniter\View\View->render('admin/editsales...', Array, true)
#8 /home/kottakotabusines/public_html/app/Controllers/SalesAgentController.php(1051): view('admin/editsales...', Array)
#9 /home/kottakotabusines/public_html/system/CodeIgniter.php(825): App\Controllers\SalesAgentController->editProfileAdmin('319')
#10 /home/kottakotabusines/public_html/system/CodeIgniter.php(412): CodeIgniter\CodeIgniter->runController(Object(App\Controllers\SalesAgentController))
#11 /home/kottakotabusines/public_html/system/CodeIgniter.php(320): CodeIgniter\CodeIgniter->handleRequest(NULL, Object(Config\Cache), false)
#12 /home/kottakotabusines/public_html/index.php(41): CodeIgniter\CodeIgniter->run()
#13 {main}
CRITICAL - 2022-08-27 19:01:56 --> Undefined array key 0
#0 /home/kottakotabusines/public_html/app/Controllers/SalesAgentWalletController.php(75): CodeIgniter\Debug\Exceptions->errorHandler(2, 'Undefined array...', '/home/kottakota...', 75)
#1 /home/kottakotabusines/public_html/system/CodeIgniter.php(825): App\Controllers\SalesAgentWalletController->paymentnotation()
#2 /home/kottakotabusines/public_html/system/CodeIgniter.php(412): CodeIgniter\CodeIgniter->runController(Object(App\Controllers\SalesAgentWalletController))
#3 /home/kottakotabusines/public_html/system/CodeIgniter.php(320): CodeIgniter\CodeIgniter->handleRequest(NULL, Object(Config\Cache), false)
#4 /home/kottakotabusines/public_html/index.php(41): CodeIgniter\CodeIgniter->run()
#5 {main}
CRITICAL - 2022-08-27 19:35:50 --> Undefined array key 0
#0 /home/kottakotabusines/public_html/app/Controllers/SalesAgentWalletController.php(75): CodeIgniter\Debug\Exceptions->errorHandler(2, 'Undefined array...', '/home/kottakota...', 75)
#1 /home/kottakotabusines/public_html/system/CodeIgniter.php(825): App\Controllers\SalesAgentWalletController->paymentnotation()
#2 /home/kottakotabusines/public_html/system/CodeIgniter.php(412): CodeIgniter\CodeIgniter->runController(Object(App\Controllers\SalesAgentWalletController))
#3 /home/kottakotabusines/public_html/system/CodeIgniter.php(320): CodeIgniter\CodeIgniter->handleRequest(NULL, Object(Config\Cache), false)
#4 /home/kottakotabusines/public_html/index.php(41): CodeIgniter\CodeIgniter->run()
#5 {main}
CRITICAL - 2022-08-27 20:10:25 --> Undefined array key 0
#0 /home/kottakotabusines/public_html/app/Controllers/SalesAgentWalletController.php(75): CodeIgniter\Debug\Exceptions->errorHandler(2, 'Undefined array...', '/home/kottakota...', 75)
#1 /home/kottakotabusines/public_html/system/CodeIgniter.php(825): App\Controllers\SalesAgentWalletController->paymentnotation()
#2 /home/kottakotabusines/public_html/system/CodeIgniter.php(412): CodeIgniter\CodeIgniter->runController(Object(App\Controllers\SalesAgentWalletController))
#3 /home/kottakotabusines/public_html/system/CodeIgniter.php(320): CodeIgniter\CodeIgniter->handleRequest(NULL, Object(Config\Cache), false)
#4 /home/kottakotabusines/public_html/index.php(41): CodeIgniter\CodeIgniter->run()
#5 {main}
CRITICAL - 2022-08-27 22:44:33 --> Undefined array key "logged_img"
#0 /home/kottakotabusines/public_html/app/Views/partials/adminPanel/sidebar.php(5): CodeIgniter\Debug\Exceptions->errorHandler(2, 'Undefined array...', '/home/kottakota...', 5)
#1 /home/kottakotabusines/public_html/system/View/View.php(210): include('/home/kottakota...')
#2 /home/kottakotabusines/public_html/system/View/View.php(213): CodeIgniter\View\View->CodeIgniter\View\{closure}()
#3 /home/kottakotabusines/public_html/system/View/View.php(424): CodeIgniter\View\View->render('partials/adminP...', NULL, true)
#4 /home/kottakotabusines/public_html/app/Views/admin/editsalesmanager.php(18): CodeIgniter\View\View->include('partials/adminP...')
#5 /home/kottakotabusines/public_html/system/View/View.php(210): include('/home/kottakota...')
#6 /home/kottakotabusines/public_html/system/View/View.php(213): CodeIgniter\View\View->CodeIgniter\View\{closure}()
#7 /home/kottakotabusines/public_html/system/Common.php(1089): CodeIgniter\View\View->render('admin/editsales...', Array, true)
#8 /home/kottakotabusines/public_html/app/Controllers/SalesManagerController.php(860): view('admin/editsales...', Array)
#9 /home/kottakotabusines/public_html/system/CodeIgniter.php(825): App\Controllers\SalesManagerController->editProfileAdmin('1')
#10 /home/kottakotabusines/public_html/system/CodeIgniter.php(412): CodeIgniter\CodeIgniter->runController(Object(App\Controllers\SalesManagerController))
#11 /home/kottakotabusines/public_html/system/CodeIgniter.php(320): CodeIgniter\CodeIgniter->handleRequest(NULL, Object(Config\Cache), false)
#12 /home/kottakotabusines/public_html/index.php(41): CodeIgniter\CodeIgniter->run()
#13 {main}
CRITICAL - 2022-08-27 23:51:38 --> Undefined array key "logged_intype"
#0 /home/kottakotabusines/public_html/app/Controllers/AdminLoginController.php(345): CodeIgniter\Debug\Exceptions->errorHandler(2, 'Undefined array...', '/home/kottakota...', 345)
#1 /home/kottakotabusines/public_html/system/CodeIgniter.php(825): App\Controllers\AdminLoginController->logout()
#2 /home/kottakotabusines/public_html/system/CodeIgniter.php(412): CodeIgniter\CodeIgniter->runController(Object(App\Controllers\AdminLoginController))
#3 /home/kottakotabusines/public_html/system/CodeIgniter.php(320): CodeIgniter\CodeIgniter->handleRequest(NULL, Object(Config\Cache), false)
#4 /home/kottakotabusines/public_html/index.php(41): CodeIgniter\CodeIgniter->run()
#5 {main}
