CRITICAL - 2022-04-18 08:37:48 --> Allowed memory size of 134217728 bytes exhausted (tried to allocate 98582528 bytes)
#0 [internal function]: CodeIgniter\Debug\Exceptions->shutdownHandler()
#1 {main}
CRITICAL - 2022-04-18 08:37:48 --> Allowed memory size of 134217728 bytes exhausted (tried to allocate 98582528 bytes)
#0 [internal function]: CodeIgniter\Debug\Exceptions->shutdownHandler()
#1 {main}
CRITICAL - 2022-04-18 08:37:49 --> Allowed memory size of 134217728 bytes exhausted (tried to allocate 98582528 bytes)
#0 [internal function]: CodeIgniter\Debug\Exceptions->shutdownHandler()
#1 {main}
CRITICAL - 2022-04-18 08:37:49 --> Allowed memory size of 134217728 bytes exhausted (tried to allocate 98582528 bytes)
#0 [internal function]: CodeIgniter\Debug\Exceptions->shutdownHandler()
#1 {main}
CRITICAL - 2022-04-18 08:38:28 --> Allowed memory size of 134217728 bytes exhausted (tried to allocate 98582528 bytes)
#0 [internal function]: CodeIgniter\Debug\Exceptions->shutdownHandler()
#1 {main}
CRITICAL - 2022-04-18 08:38:28 --> Allowed memory size of 134217728 bytes exhausted (tried to allocate 98582528 bytes)
#0 [internal function]: CodeIgniter\Debug\Exceptions->shutdownHandler()
#1 {main}
CRITICAL - 2022-04-18 08:38:28 --> Allowed memory size of 134217728 bytes exhausted (tried to allocate 98582528 bytes)
#0 [internal function]: CodeIgniter\Debug\Exceptions->shutdownHandler()
#1 {main}
ERROR - 2022-04-18 08:46:16 --> Email: sendWithSmtp throwed fsockopen(): SSL operation failed with code 1. OpenSSL Error messages:
error:14090086:SSL routines:ssl3_get_server_certificate:certificate verify failed
ERROR - 2022-04-18 09:07:40 --> Email: sendWithSmtp throwed fsockopen(): SSL operation failed with code 1. OpenSSL Error messages:
error:14090086:SSL routines:ssl3_get_server_certificate:certificate verify failed
ERROR - 2022-04-18 09:47:04 --> Email: sendWithSmtp throwed fsockopen(): SSL operation failed with code 1. OpenSSL Error messages:
error:14090086:SSL routines:ssl3_get_server_certificate:certificate verify failed
ERROR - 2022-04-18 09:48:37 --> Email: sendWithSmtp throwed fsockopen(): SSL operation failed with code 1. OpenSSL Error messages:
error:14090086:SSL routines:ssl3_get_server_certificate:certificate verify failed
ERROR - 2022-04-18 10:05:51 --> Email: sendWithSmtp throwed fsockopen(): SSL operation failed with code 1. OpenSSL Error messages:
error:14090086:SSL routines:ssl3_get_server_certificate:certificate verify failed
ERROR - 2022-04-18 10:11:15 --> Email: sendWithSmtp throwed fsockopen(): SSL operation failed with code 1. OpenSSL Error messages:
error:14090086:SSL routines:ssl3_get_server_certificate:certificate verify failed
ERROR - 2022-04-18 10:16:22 --> Email: sendWithSmtp throwed fsockopen(): SSL operation failed with code 1. OpenSSL Error messages:
error:14090086:SSL routines:ssl3_get_server_certificate:certificate verify failed
ERROR - 2022-04-18 10:18:36 --> Email: sendWithSmtp throwed fsockopen(): SSL operation failed with code 1. OpenSSL Error messages:
error:14090086:SSL routines:ssl3_get_server_certificate:certificate verify failed
CRITICAL - 2022-04-18 10:20:34 --> sizeof(): Argument #1 ($value) must be of type Countable|array, null given
#0 /home/kottako/public_html/app/Controllers/FastTagController.php(309): sizeof(NULL)
#1 /home/kottako/public_html/system/CodeIgniter.php(825): App\Controllers\FastTagController->managefasttag()
#2 /home/kottako/public_html/system/CodeIgniter.php(412): CodeIgniter\CodeIgniter->runController(Object(App\Controllers\FastTagController))
#3 /home/kottako/public_html/system/CodeIgniter.php(320): CodeIgniter\CodeIgniter->handleRequest(NULL, Object(Config\Cache), false)
#4 /home/kottako/public_html/index.php(41): CodeIgniter\CodeIgniter->run()
#5 {main}
CRITICAL - 2022-04-18 10:20:37 --> sizeof(): Argument #1 ($value) must be of type Countable|array, null given
#0 /home/kottako/public_html/app/Controllers/FastTagController.php(309): sizeof(NULL)
#1 /home/kottako/public_html/system/CodeIgniter.php(825): App\Controllers\FastTagController->managefasttag()
#2 /home/kottako/public_html/system/CodeIgniter.php(412): CodeIgniter\CodeIgniter->runController(Object(App\Controllers\FastTagController))
#3 /home/kottako/public_html/system/CodeIgniter.php(320): CodeIgniter\CodeIgniter->handleRequest(NULL, Object(Config\Cache), false)
#4 /home/kottako/public_html/index.php(41): CodeIgniter\CodeIgniter->run()
#5 {main}
CRITICAL - 2022-04-18 10:33:43 --> unlink(/home/kottako/public_html/writable/debugbar/debugbar_1650258165.json): No such file or directory
#0 [internal function]: CodeIgniter\Debug\Exceptions->errorHandler(2, 'unlink(/home/ko...', '/home/kottako/p...', 74)
#1 /home/kottako/public_html/system/Debug/Toolbar/Collectors/History.php(74): unlink('/home/kottako/p...')
#2 /home/kottako/public_html/system/Debug/Toolbar.php(487): CodeIgniter\Debug\Toolbar\Collectors\History->setFiles(1650258222, 20)
#3 /home/kottako/public_html/system/Debug/Toolbar.php(464): CodeIgniter\Debug\Toolbar->format(Array, 'html')
#4 /home/kottako/public_html/app/Config/Events.php(48): CodeIgniter\Debug\Toolbar->respond()
#5 /home/kottako/public_html/system/Events/Events.php(149): CodeIgniter\Events\Events::Config\{closure}()
#6 /home/kottako/public_html/system/CodeIgniter.php(302): CodeIgniter\Events\Events::trigger('pre_system')
#7 /home/kottako/public_html/index.php(41): CodeIgniter\CodeIgniter->run()
#8 {main}
ERROR - 2022-04-18 10:34:21 --> Email: sendWithSmtp throwed fsockopen(): SSL operation failed with code 1. OpenSSL Error messages:
error:14090086:SSL routines:ssl3_get_server_certificate:certificate verify failed
CRITICAL - 2022-04-18 10:38:34 --> unlink(/home/kottako/public_html/writable/debugbar/debugbar_1650258425.json): No such file or directory
#0 [internal function]: CodeIgniter\Debug\Exceptions->errorHandler(2, 'unlink(/home/ko...', '/home/kottako/p...', 74)
#1 /home/kottako/public_html/system/Debug/Toolbar/Collectors/History.php(74): unlink('/home/kottako/p...')
#2 /home/kottako/public_html/system/Debug/Toolbar.php(487): CodeIgniter\Debug\Toolbar\Collectors\History->setFiles(1650258512, 20)
#3 /home/kottako/public_html/system/Debug/Toolbar.php(464): CodeIgniter\Debug\Toolbar->format(Array, 'html')
#4 /home/kottako/public_html/app/Config/Events.php(48): CodeIgniter\Debug\Toolbar->respond()
#5 /home/kottako/public_html/system/Events/Events.php(149): CodeIgniter\Events\Events::Config\{closure}()
#6 /home/kottako/public_html/system/CodeIgniter.php(302): CodeIgniter\Events\Events::trigger('pre_system')
#7 /home/kottako/public_html/index.php(41): CodeIgniter\CodeIgniter->run()
#8 {main}
CRITICAL - 2022-04-18 10:44:35 --> unlink(/home/kottako/public_html/writable/debugbar/debugbar_1650258820.json): No such file or directory
#0 [internal function]: CodeIgniter\Debug\Exceptions->errorHandler(2, 'unlink(/home/ko...', '/home/kottako/p...', 74)
#1 /home/kottako/public_html/system/Debug/Toolbar/Collectors/History.php(74): unlink('/home/kottako/p...')
#2 /home/kottako/public_html/system/Debug/Toolbar.php(487): CodeIgniter\Debug\Toolbar\Collectors\History->setFiles(1650258873, 20)
#3 /home/kottako/public_html/system/Debug/Toolbar.php(464): CodeIgniter\Debug\Toolbar->format(Array, 'html')
#4 /home/kottako/public_html/app/Config/Events.php(48): CodeIgniter\Debug\Toolbar->respond()
#5 /home/kottako/public_html/system/Events/Events.php(149): CodeIgniter\Events\Events::Config\{closure}()
#6 /home/kottako/public_html/system/CodeIgniter.php(302): CodeIgniter\Events\Events::trigger('pre_system')
#7 /home/kottako/public_html/index.php(41): CodeIgniter\CodeIgniter->run()
#8 {main}
CRITICAL - 2022-04-18 10:54:29 --> unlink(/home/kottako/public_html/writable/debugbar/debugbar_1650259375.json): No such file or directory
#0 [internal function]: CodeIgniter\Debug\Exceptions->errorHandler(2, 'unlink(/home/ko...', '/home/kottako/p...', 74)
#1 /home/kottako/public_html/system/Debug/Toolbar/Collectors/History.php(74): unlink('/home/kottako/p...')
#2 /home/kottako/public_html/system/Debug/Toolbar.php(487): CodeIgniter\Debug\Toolbar\Collectors\History->setFiles(1650259467, 20)
#3 /home/kottako/public_html/system/Debug/Toolbar.php(464): CodeIgniter\Debug\Toolbar->format(Array, 'html')
#4 /home/kottako/public_html/app/Config/Events.php(48): CodeIgniter\Debug\Toolbar->respond()
#5 /home/kottako/public_html/system/Events/Events.php(149): CodeIgniter\Events\Events::Config\{closure}()
#6 /home/kottako/public_html/system/CodeIgniter.php(302): CodeIgniter\Events\Events::trigger('pre_system')
#7 /home/kottako/public_html/index.php(41): CodeIgniter\CodeIgniter->run()
#8 {main}
ERROR - 2022-04-18 10:56:12 --> Email: sendWithSmtp throwed fsockopen(): SSL operation failed with code 1. OpenSSL Error messages:
error:14090086:SSL routines:ssl3_get_server_certificate:certificate verify failed
CRITICAL - 2022-04-18 10:59:32 --> unlink(/home/kottako/public_html/writable/debugbar/debugbar_1650259710.json): No such file or directory
#0 [internal function]: CodeIgniter\Debug\Exceptions->errorHandler(2, 'unlink(/home/ko...', '/home/kottako/p...', 74)
#1 /home/kottako/public_html/system/Debug/Toolbar/Collectors/History.php(74): unlink('/home/kottako/p...')
#2 /home/kottako/public_html/system/Debug/Toolbar.php(487): CodeIgniter\Debug\Toolbar\Collectors\History->setFiles(1650259770, 20)
#3 /home/kottako/public_html/system/Debug/Toolbar.php(464): CodeIgniter\Debug\Toolbar->format(Array, 'html')
#4 /home/kottako/public_html/app/Config/Events.php(48): CodeIgniter\Debug\Toolbar->respond()
#5 /home/kottako/public_html/system/Events/Events.php(149): CodeIgniter\Events\Events::Config\{closure}()
#6 /home/kottako/public_html/system/CodeIgniter.php(302): CodeIgniter\Events\Events::trigger('pre_system')
#7 /home/kottako/public_html/index.php(41): CodeIgniter\CodeIgniter->run()
#8 {main}
ERROR - 2022-04-18 11:11:35 --> Email: sendWithSmtp throwed fsockopen(): SSL operation failed with code 1. OpenSSL Error messages:
error:14090086:SSL routines:ssl3_get_server_certificate:certificate verify failed
CRITICAL - 2022-04-18 11:14:26 --> sizeof(): Argument #1 ($value) must be of type Countable|array, null given
#0 /home/kottako/public_html/app/Controllers/SalesAgentController.php(255): sizeof(NULL)
#1 /home/kottako/public_html/system/CodeIgniter.php(825): App\Controllers\SalesAgentController->addSalesAgent()
#2 /home/kottako/public_html/system/CodeIgniter.php(412): CodeIgniter\CodeIgniter->runController(Object(App\Controllers\SalesAgentController))
#3 /home/kottako/public_html/system/CodeIgniter.php(320): CodeIgniter\CodeIgniter->handleRequest(NULL, Object(Config\Cache), false)
#4 /home/kottako/public_html/index.php(41): CodeIgniter\CodeIgniter->run()
#5 {main}
CRITICAL - 2022-04-18 11:14:33 --> sizeof(): Argument #1 ($value) must be of type Countable|array, null given
#0 /home/kottako/public_html/app/Controllers/SalesAgentController.php(255): sizeof(NULL)
#1 /home/kottako/public_html/system/CodeIgniter.php(825): App\Controllers\SalesAgentController->addSalesAgent()
#2 /home/kottako/public_html/system/CodeIgniter.php(412): CodeIgniter\CodeIgniter->runController(Object(App\Controllers\SalesAgentController))
#3 /home/kottako/public_html/system/CodeIgniter.php(320): CodeIgniter\CodeIgniter->handleRequest(NULL, Object(Config\Cache), false)
#4 /home/kottako/public_html/index.php(41): CodeIgniter\CodeIgniter->run()
#5 {main}
ERROR - 2022-04-18 11:17:59 --> Email: sendWithSmtp throwed fsockopen(): SSL operation failed with code 1. OpenSSL Error messages:
error:14090086:SSL routines:ssl3_get_server_certificate:certificate verify failed
ERROR - 2022-04-18 11:46:27 --> Email: sendWithSmtp throwed fsockopen(): SSL operation failed with code 1. OpenSSL Error messages:
error:14090086:SSL routines:ssl3_get_server_certificate:certificate verify failed
CRITICAL - 2022-04-18 11:50:36 --> sizeof(): Argument #1 ($value) must be of type Countable|array, null given
#0 /home/kottako/public_html/app/Controllers/SalesAgentController.php(255): sizeof(NULL)
#1 /home/kottako/public_html/system/CodeIgniter.php(825): App\Controllers\SalesAgentController->addSalesAgent()
#2 /home/kottako/public_html/system/CodeIgniter.php(412): CodeIgniter\CodeIgniter->runController(Object(App\Controllers\SalesAgentController))
#3 /home/kottako/public_html/system/CodeIgniter.php(320): CodeIgniter\CodeIgniter->handleRequest(NULL, Object(Config\Cache), false)
#4 /home/kottako/public_html/index.php(41): CodeIgniter\CodeIgniter->run()
#5 {main}
CRITICAL - 2022-04-18 11:50:42 --> sizeof(): Argument #1 ($value) must be of type Countable|array, null given
#0 /home/kottako/public_html/app/Controllers/SalesAgentController.php(255): sizeof(NULL)
#1 /home/kottako/public_html/system/CodeIgniter.php(825): App\Controllers\SalesAgentController->addSalesAgent()
#2 /home/kottako/public_html/system/CodeIgniter.php(412): CodeIgniter\CodeIgniter->runController(Object(App\Controllers\SalesAgentController))
#3 /home/kottako/public_html/system/CodeIgniter.php(320): CodeIgniter\CodeIgniter->handleRequest(NULL, Object(Config\Cache), false)
#4 /home/kottako/public_html/index.php(41): CodeIgniter\CodeIgniter->run()
#5 {main}
CRITICAL - 2022-04-18 11:54:49 --> unlink(/home/kottako/public_html/writable/debugbar/debugbar_1650263024.json): No such file or directory
#0 [internal function]: CodeIgniter\Debug\Exceptions->errorHandler(2, 'unlink(/home/ko...', '/home/kottako/p...', 74)
#1 /home/kottako/public_html/system/Debug/Toolbar/Collectors/History.php(74): unlink('/home/kottako/p...')
#2 /home/kottako/public_html/system/Debug/Toolbar.php(487): CodeIgniter\Debug\Toolbar\Collectors\History->setFiles(1650263087, 20)
#3 /home/kottako/public_html/system/Debug/Toolbar.php(464): CodeIgniter\Debug\Toolbar->format(Array, 'html')
#4 /home/kottako/public_html/app/Config/Events.php(48): CodeIgniter\Debug\Toolbar->respond()
#5 /home/kottako/public_html/system/Events/Events.php(149): CodeIgniter\Events\Events::Config\{closure}()
#6 /home/kottako/public_html/system/CodeIgniter.php(302): CodeIgniter\Events\Events::trigger('pre_system')
#7 /home/kottako/public_html/index.php(41): CodeIgniter\CodeIgniter->run()
#8 {main}
CRITICAL - 2022-04-18 11:55:01 --> unlink(/home/kottako/public_html/writable/debugbar/debugbar_1650263028.json): No such file or directory
#0 [internal function]: CodeIgniter\Debug\Exceptions->errorHandler(2, 'unlink(/home/ko...', '/home/kottako/p...', 74)
#1 /home/kottako/public_html/system/Debug/Toolbar/Collectors/History.php(74): unlink('/home/kottako/p...')
#2 /home/kottako/public_html/system/Debug/Toolbar.php(487): CodeIgniter\Debug\Toolbar\Collectors\History->setFiles(1650263098, 20)
#3 /home/kottako/public_html/system/Debug/Toolbar.php(464): CodeIgniter\Debug\Toolbar->format(Array, 'html')
#4 /home/kottako/public_html/app/Config/Events.php(48): CodeIgniter\Debug\Toolbar->respond()
#5 /home/kottako/public_html/system/Events/Events.php(149): CodeIgniter\Events\Events::Config\{closure}()
#6 /home/kottako/public_html/system/CodeIgniter.php(302): CodeIgniter\Events\Events::trigger('pre_system')
#7 /home/kottako/public_html/index.php(41): CodeIgniter\CodeIgniter->run()
#8 {main}
CRITICAL - 2022-04-18 12:12:26 --> unlink(/home/kottako/public_html/writable/debugbar/debugbar_1650264082.json): No such file or directory
#0 [internal function]: CodeIgniter\Debug\Exceptions->errorHandler(2, 'unlink(/home/ko...', '/home/kottako/p...', 74)
#1 /home/kottako/public_html/system/Debug/Toolbar/Collectors/History.php(74): unlink('/home/kottako/p...')
#2 /home/kottako/public_html/system/Debug/Toolbar.php(487): CodeIgniter\Debug\Toolbar\Collectors\History->setFiles(1650264144, 20)
#3 /home/kottako/public_html/system/Debug/Toolbar.php(464): CodeIgniter\Debug\Toolbar->format(Array, 'html')
#4 /home/kottako/public_html/app/Config/Events.php(48): CodeIgniter\Debug\Toolbar->respond()
#5 /home/kottako/public_html/system/Events/Events.php(149): CodeIgniter\Events\Events::Config\{closure}()
#6 /home/kottako/public_html/system/CodeIgniter.php(302): CodeIgniter\Events\Events::trigger('pre_system')
#7 /home/kottako/public_html/index.php(41): CodeIgniter\CodeIgniter->run()
#8 {main}
ERROR - 2022-04-18 12:13:33 --> Email: sendWithSmtp throwed fsockopen(): SSL operation failed with code 1. OpenSSL Error messages:
error:14090086:SSL routines:ssl3_get_server_certificate:certificate verify failed
CRITICAL - 2022-04-18 12:16:40 --> unlink(/home/kottako/public_html/writable/debugbar/debugbar_1650264329.json): No such file or directory
#0 [internal function]: CodeIgniter\Debug\Exceptions->errorHandler(2, 'unlink(/home/ko...', '/home/kottako/p...', 74)
#1 /home/kottako/public_html/system/Debug/Toolbar/Collectors/History.php(74): unlink('/home/kottako/p...')
#2 /home/kottako/public_html/system/Debug/Toolbar.php(487): CodeIgniter\Debug\Toolbar\Collectors\History->setFiles(1650264398, 20)
#3 /home/kottako/public_html/system/Debug/Toolbar.php(464): CodeIgniter\Debug\Toolbar->format(Array, 'html')
#4 /home/kottako/public_html/app/Config/Events.php(48): CodeIgniter\Debug\Toolbar->respond()
#5 /home/kottako/public_html/system/Events/Events.php(149): CodeIgniter\Events\Events::Config\{closure}()
#6 /home/kottako/public_html/system/CodeIgniter.php(302): CodeIgniter\Events\Events::trigger('pre_system')
#7 /home/kottako/public_html/index.php(41): CodeIgniter\CodeIgniter->run()
#8 {main}
CRITICAL - 2022-04-18 12:19:54 --> unlink(/home/kottako/public_html/writable/debugbar/debugbar_1650264544.json): No such file or directory
#0 [internal function]: CodeIgniter\Debug\Exceptions->errorHandler(2, 'unlink(/home/ko...', '/home/kottako/p...', 74)
#1 /home/kottako/public_html/system/Debug/Toolbar/Collectors/History.php(74): unlink('/home/kottako/p...')
#2 /home/kottako/public_html/system/Debug/Toolbar.php(487): CodeIgniter\Debug\Toolbar\Collectors\History->setFiles(1650264592, 20)
#3 /home/kottako/public_html/system/Debug/Toolbar.php(464): CodeIgniter\Debug\Toolbar->format(Array, 'html')
#4 /home/kottako/public_html/app/Config/Events.php(48): CodeIgniter\Debug\Toolbar->respond()
#5 /home/kottako/public_html/system/Events/Events.php(149): CodeIgniter\Events\Events::Config\{closure}()
#6 /home/kottako/public_html/system/CodeIgniter.php(302): CodeIgniter\Events\Events::trigger('pre_system')
#7 /home/kottako/public_html/index.php(41): CodeIgniter\CodeIgniter->run()
#8 {main}
CRITICAL - 2022-04-18 12:22:27 --> Invalid file: teamlead/Profile.php
#0 /home/kottako/public_html/system/View/View.php(198): CodeIgniter\Exceptions\FrameworkException::forInvalidFile('teamlead/Profil...')
#1 /home/kottako/public_html/system/Common.php(1089): CodeIgniter\View\View->render('teamlead/Profil...', Array, true)
#2 /home/kottako/public_html/app/Controllers/TeamLeadProfileController.php(262): view('teamlead/Profil...', Array)
#3 /home/kottako/public_html/system/CodeIgniter.php(825): App\Controllers\TeamLeadProfileController->viewProfile()
#4 /home/kottako/public_html/system/CodeIgniter.php(412): CodeIgniter\CodeIgniter->runController(Object(App\Controllers\TeamLeadProfileController))
#5 /home/kottako/public_html/system/CodeIgniter.php(320): CodeIgniter\CodeIgniter->handleRequest(NULL, Object(Config\Cache), false)
#6 /home/kottako/public_html/index.php(41): CodeIgniter\CodeIgniter->run()
#7 {main}
CRITICAL - 2022-04-18 12:24:20 --> unlink(/home/kottako/public_html/writable/debugbar/debugbar_1650264782.json): No such file or directory
#0 [internal function]: CodeIgniter\Debug\Exceptions->errorHandler(2, 'unlink(/home/ko...', '/home/kottako/p...', 74)
#1 /home/kottako/public_html/system/Debug/Toolbar/Collectors/History.php(74): unlink('/home/kottako/p...')
#2 /home/kottako/public_html/system/Debug/Toolbar.php(487): CodeIgniter\Debug\Toolbar\Collectors\History->setFiles(1650264858, 20)
#3 /home/kottako/public_html/system/Debug/Toolbar.php(464): CodeIgniter\Debug\Toolbar->format(Array, 'html')
#4 /home/kottako/public_html/app/Config/Events.php(48): CodeIgniter\Debug\Toolbar->respond()
#5 /home/kottako/public_html/system/Events/Events.php(149): CodeIgniter\Events\Events::Config\{closure}()
#6 /home/kottako/public_html/system/CodeIgniter.php(302): CodeIgniter\Events\Events::trigger('pre_system')
#7 /home/kottako/public_html/index.php(41): CodeIgniter\CodeIgniter->run()
#8 {main}
ERROR - 2022-04-18 12:27:49 --> Email: sendWithSmtp throwed fsockopen(): SSL operation failed with code 1. OpenSSL Error messages:
error:14090086:SSL routines:ssl3_get_server_certificate:certificate verify failed
CRITICAL - 2022-04-18 12:33:33 --> sizeof(): Argument #1 ($value) must be of type Countable|array, null given
#0 /home/kottako/public_html/app/Controllers/FastTagController.php(309): sizeof(NULL)
#1 /home/kottako/public_html/system/CodeIgniter.php(825): App\Controllers\FastTagController->managefasttag()
#2 /home/kottako/public_html/system/CodeIgniter.php(412): CodeIgniter\CodeIgniter->runController(Object(App\Controllers\FastTagController))
#3 /home/kottako/public_html/system/CodeIgniter.php(320): CodeIgniter\CodeIgniter->handleRequest(NULL, Object(Config\Cache), false)
#4 /home/kottako/public_html/index.php(41): CodeIgniter\CodeIgniter->run()
#5 {main}
CRITICAL - 2022-04-18 12:48:41 --> unlink(/home/kottako/public_html/writable/debugbar/debugbar_1650266243.json): No such file or directory
#0 [internal function]: CodeIgniter\Debug\Exceptions->errorHandler(2, 'unlink(/home/ko...', '/home/kottako/p...', 74)
#1 /home/kottako/public_html/system/Debug/Toolbar/Collectors/History.php(74): unlink('/home/kottako/p...')
#2 /home/kottako/public_html/system/Debug/Toolbar.php(487): CodeIgniter\Debug\Toolbar\Collectors\History->setFiles(1650266320, 20)
#3 /home/kottako/public_html/system/Debug/Toolbar.php(464): CodeIgniter\Debug\Toolbar->format(Array, 'html')
#4 /home/kottako/public_html/app/Config/Events.php(48): CodeIgniter\Debug\Toolbar->respond()
#5 /home/kottako/public_html/system/Events/Events.php(149): CodeIgniter\Events\Events::Config\{closure}()
#6 /home/kottako/public_html/system/CodeIgniter.php(302): CodeIgniter\Events\Events::trigger('pre_system')
#7 /home/kottako/public_html/index.php(41): CodeIgniter\CodeIgniter->run()
#8 {main}
ERROR - 2022-04-18 12:56:01 --> Email: sendWithSmtp throwed fsockopen(): SSL operation failed with code 1. OpenSSL Error messages:
error:14090086:SSL routines:ssl3_get_server_certificate:certificate verify failed
CRITICAL - 2022-04-18 13:08:52 --> unlink(/home/kottako/public_html/writable/debugbar/debugbar_1650267355.json): No such file or directory
#0 [internal function]: CodeIgniter\Debug\Exceptions->errorHandler(2, 'unlink(/home/ko...', '/home/kottako/p...', 74)
#1 /home/kottako/public_html/system/Debug/Toolbar/Collectors/History.php(74): unlink('/home/kottako/p...')
#2 /home/kottako/public_html/system/Debug/Toolbar.php(487): CodeIgniter\Debug\Toolbar\Collectors\History->setFiles(1650267531, 20)
#3 /home/kottako/public_html/system/Debug/Toolbar.php(464): CodeIgniter\Debug\Toolbar->format(Array, 'html')
#4 /home/kottako/public_html/app/Config/Events.php(48): CodeIgniter\Debug\Toolbar->respond()
#5 /home/kottako/public_html/system/Events/Events.php(149): CodeIgniter\Events\Events::Config\{closure}()
#6 /home/kottako/public_html/system/CodeIgniter.php(302): CodeIgniter\Events\Events::trigger('pre_system')
#7 /home/kottako/public_html/index.php(41): CodeIgniter\CodeIgniter->run()
#8 {main}
ERROR - 2022-04-18 13:19:29 --> Email: sendWithSmtp throwed fsockopen(): SSL operation failed with code 1. OpenSSL Error messages:
error:14090086:SSL routines:ssl3_get_server_certificate:certificate verify failed
CRITICAL - 2022-04-18 13:29:10 --> sizeof(): Argument #1 ($value) must be of type Countable|array, null given
#0 /home/kottako/public_html/app/Controllers/FastTagController.php(309): sizeof(NULL)
#1 /home/kottako/public_html/system/CodeIgniter.php(825): App\Controllers\FastTagController->managefasttag()
#2 /home/kottako/public_html/system/CodeIgniter.php(412): CodeIgniter\CodeIgniter->runController(Object(App\Controllers\FastTagController))
#3 /home/kottako/public_html/system/CodeIgniter.php(320): CodeIgniter\CodeIgniter->handleRequest(NULL, Object(Config\Cache), false)
#4 /home/kottako/public_html/index.php(41): CodeIgniter\CodeIgniter->run()
#5 {main}
CRITICAL - 2022-04-18 13:29:40 --> sizeof(): Argument #1 ($value) must be of type Countable|array, null given
#0 /home/kottako/public_html/app/Controllers/FastTagController.php(309): sizeof(NULL)
#1 /home/kottako/public_html/system/CodeIgniter.php(825): App\Controllers\FastTagController->managefasttag()
#2 /home/kottako/public_html/system/CodeIgniter.php(412): CodeIgniter\CodeIgniter->runController(Object(App\Controllers\FastTagController))
#3 /home/kottako/public_html/system/CodeIgniter.php(320): CodeIgniter\CodeIgniter->handleRequest(NULL, Object(Config\Cache), false)
#4 /home/kottako/public_html/index.php(41): CodeIgniter\CodeIgniter->run()
#5 {main}
ERROR - 2022-04-18 13:33:23 --> Email: sendWithSmtp throwed fsockopen(): SSL operation failed with code 1. OpenSSL Error messages:
error:14090086:SSL routines:ssl3_get_server_certificate:certificate verify failed
CRITICAL - 2022-04-18 13:39:03 --> sizeof(): Argument #1 ($value) must be of type Countable|array, null given
#0 /home/kottako/public_html/app/Controllers/SalesAgentController.php(255): sizeof(NULL)
#1 /home/kottako/public_html/system/CodeIgniter.php(825): App\Controllers\SalesAgentController->addSalesAgent()
#2 /home/kottako/public_html/system/CodeIgniter.php(412): CodeIgniter\CodeIgniter->runController(Object(App\Controllers\SalesAgentController))
#3 /home/kottako/public_html/system/CodeIgniter.php(320): CodeIgniter\CodeIgniter->handleRequest(NULL, Object(Config\Cache), false)
#4 /home/kottako/public_html/index.php(41): CodeIgniter\CodeIgniter->run()
#5 {main}
ERROR - 2022-04-18 13:40:46 --> Email: sendWithSmtp throwed fsockopen(): SSL operation failed with code 1. OpenSSL Error messages:
error:14090086:SSL routines:ssl3_get_server_certificate:certificate verify failed
CRITICAL - 2022-04-18 13:40:46 --> Undefined array key "logged_img"
#0 /home/kottako/public_html/app/Views/partials/adminPanel/sidebar.php(5): CodeIgniter\Debug\Exceptions->errorHandler(2, 'Undefined array...', '/home/kottako/p...', 5)
#1 /home/kottako/public_html/system/View/View.php(210): include('/home/kottako/p...')
#2 /home/kottako/public_html/system/View/View.php(213): CodeIgniter\View\View->CodeIgniter\View\{closure}()
#3 /home/kottako/public_html/system/View/View.php(424): CodeIgniter\View\View->render('partials/adminP...', NULL, true)
#4 /home/kottako/public_html/app/Views/admin/managesalesmanager.php(18): CodeIgniter\View\View->include('partials/adminP...')
#5 /home/kottako/public_html/system/View/View.php(210): include('/home/kottako/p...')
#6 /home/kottako/public_html/system/View/View.php(213): CodeIgniter\View\View->CodeIgniter\View\{closure}()
#7 /home/kottako/public_html/system/Common.php(1089): CodeIgniter\View\View->render('admin/managesal...', Array, true)
#8 /home/kottako/public_html/app/Controllers/SalesManagerController.php(279): view('admin/managesal...', Array)
#9 /home/kottako/public_html/system/CodeIgniter.php(825): App\Controllers\SalesManagerController->manageSalesManager()
#10 /home/kottako/public_html/system/CodeIgniter.php(412): CodeIgniter\CodeIgniter->runController(Object(App\Controllers\SalesManagerController))
#11 /home/kottako/public_html/system/CodeIgniter.php(320): CodeIgniter\CodeIgniter->handleRequest(NULL, Object(Config\Cache), false)
#12 /home/kottako/public_html/index.php(41): CodeIgniter\CodeIgniter->run()
#13 {main}
CRITICAL - 2022-04-18 13:40:51 --> Undefined array key "logged_img"
#0 /home/kottako/public_html/app/Views/partials/adminPanel/sidebar.php(5): CodeIgniter\Debug\Exceptions->errorHandler(2, 'Undefined array...', '/home/kottako/p...', 5)
#1 /home/kottako/public_html/system/View/View.php(210): include('/home/kottako/p...')
#2 /home/kottako/public_html/system/View/View.php(213): CodeIgniter\View\View->CodeIgniter\View\{closure}()
#3 /home/kottako/public_html/system/View/View.php(424): CodeIgniter\View\View->render('partials/adminP...', NULL, true)
#4 /home/kottako/public_html/app/Views/admin/approveteamlead.php(18): CodeIgniter\View\View->include('partials/adminP...')
#5 /home/kottako/public_html/system/View/View.php(210): include('/home/kottako/p...')
#6 /home/kottako/public_html/system/View/View.php(213): CodeIgniter\View\View->CodeIgniter\View\{closure}()
#7 /home/kottako/public_html/system/Common.php(1089): CodeIgniter\View\View->render('admin/approvete...', Array, true)
#8 /home/kottako/public_html/app/Controllers/TeamLeadController.php(593): view('admin/approvete...', Array)
#9 /home/kottako/public_html/system/CodeIgniter.php(825): App\Controllers\TeamLeadController->adminAproval()
#10 /home/kottako/public_html/system/CodeIgniter.php(412): CodeIgniter\CodeIgniter->runController(Object(App\Controllers\TeamLeadController))
#11 /home/kottako/public_html/system/CodeIgniter.php(320): CodeIgniter\CodeIgniter->handleRequest(NULL, Object(Config\Cache), false)
#12 /home/kottako/public_html/index.php(41): CodeIgniter\CodeIgniter->run()
#13 {main}
CRITICAL - 2022-04-18 13:43:19 --> Invalid file: teamlead/editprofile.php
#0 /home/kottako/public_html/system/View/View.php(198): CodeIgniter\Exceptions\FrameworkException::forInvalidFile('teamlead/editpr...')
#1 /home/kottako/public_html/system/Common.php(1089): CodeIgniter\View\View->render('teamlead/editpr...', Array, true)
#2 /home/kottako/public_html/app/Controllers/TeamLeadProfileController.php(248): view('teamlead/editpr...', Array)
#3 /home/kottako/public_html/system/CodeIgniter.php(825): App\Controllers\TeamLeadProfileController->editProfile()
#4 /home/kottako/public_html/system/CodeIgniter.php(412): CodeIgniter\CodeIgniter->runController(Object(App\Controllers\TeamLeadProfileController))
#5 /home/kottako/public_html/system/CodeIgniter.php(320): CodeIgniter\CodeIgniter->handleRequest(NULL, Object(Config\Cache), false)
#6 /home/kottako/public_html/index.php(41): CodeIgniter\CodeIgniter->run()
#7 {main}
CRITICAL - 2022-04-18 13:44:02 --> Invalid file: teamlead/Profile.php
#0 /home/kottako/public_html/system/View/View.php(198): CodeIgniter\Exceptions\FrameworkException::forInvalidFile('teamlead/Profil...')
#1 /home/kottako/public_html/system/Common.php(1089): CodeIgniter\View\View->render('teamlead/Profil...', Array, true)
#2 /home/kottako/public_html/app/Controllers/TeamLeadProfileController.php(262): view('teamlead/Profil...', Array)
#3 /home/kottako/public_html/system/CodeIgniter.php(825): App\Controllers\TeamLeadProfileController->viewProfile()
#4 /home/kottako/public_html/system/CodeIgniter.php(412): CodeIgniter\CodeIgniter->runController(Object(App\Controllers\TeamLeadProfileController))
#5 /home/kottako/public_html/system/CodeIgniter.php(320): CodeIgniter\CodeIgniter->handleRequest(NULL, Object(Config\Cache), false)
#6 /home/kottako/public_html/index.php(41): CodeIgniter\CodeIgniter->run()
#7 {main}
CRITICAL - 2022-04-18 13:45:58 --> sizeof(): Argument #1 ($value) must be of type Countable|array, null given
#0 /home/kottako/public_html/app/Controllers/TeamLeadController.php(1026): sizeof(NULL)
#1 /home/kottako/public_html/system/CodeIgniter.php(825): App\Controllers\TeamLeadController->fastagInventory()
#2 /home/kottako/public_html/system/CodeIgniter.php(412): CodeIgniter\CodeIgniter->runController(Object(App\Controllers\TeamLeadController))
#3 /home/kottako/public_html/system/CodeIgniter.php(320): CodeIgniter\CodeIgniter->handleRequest(NULL, Object(Config\Cache), false)
#4 /home/kottako/public_html/index.php(41): CodeIgniter\CodeIgniter->run()
#5 {main}
ERROR - 2022-04-18 13:50:43 --> Email: sendWithSmtp throwed fsockopen(): SSL operation failed with code 1. OpenSSL Error messages:
error:14090086:SSL routines:ssl3_get_server_certificate:certificate verify failed
ERROR - 2022-04-18 13:55:52 --> Email: sendWithSmtp throwed fsockopen(): SSL operation failed with code 1. OpenSSL Error messages:
error:14090086:SSL routines:ssl3_get_server_certificate:certificate verify failed
ERROR - 2022-04-18 14:14:01 --> Email: sendWithSmtp throwed fsockopen(): SSL operation failed with code 1. OpenSSL Error messages:
error:14090086:SSL routines:ssl3_get_server_certificate:certificate verify failed
CRITICAL - 2022-04-18 14:33:47 --> sizeof(): Argument #1 ($value) must be of type Countable|array, null given
#0 /home/kottako/public_html/app/Controllers/SalesAgentController.php(255): sizeof(NULL)
#1 /home/kottako/public_html/system/CodeIgniter.php(825): App\Controllers\SalesAgentController->addSalesAgent()
#2 /home/kottako/public_html/system/CodeIgniter.php(412): CodeIgniter\CodeIgniter->runController(Object(App\Controllers\SalesAgentController))
#3 /home/kottako/public_html/system/CodeIgniter.php(320): CodeIgniter\CodeIgniter->handleRequest(NULL, Object(Config\Cache), false)
#4 /home/kottako/public_html/index.php(41): CodeIgniter\CodeIgniter->run()
#5 {main}
CRITICAL - 2022-04-18 14:35:48 --> sizeof(): Argument #1 ($value) must be of type Countable|array, null given
#0 /home/kottako/public_html/app/Controllers/SalesAgentController.php(255): sizeof(NULL)
#1 /home/kottako/public_html/system/CodeIgniter.php(825): App\Controllers\SalesAgentController->addSalesAgent()
#2 /home/kottako/public_html/system/CodeIgniter.php(412): CodeIgniter\CodeIgniter->runController(Object(App\Controllers\SalesAgentController))
#3 /home/kottako/public_html/system/CodeIgniter.php(320): CodeIgniter\CodeIgniter->handleRequest(NULL, Object(Config\Cache), false)
#4 /home/kottako/public_html/index.php(41): CodeIgniter\CodeIgniter->run()
#5 {main}
CRITICAL - 2022-04-18 14:47:20 --> Undefined array key "logged_img"
#0 /home/kottako/public_html/app/Views/partials/adminPanel/sidebar.php(5): CodeIgniter\Debug\Exceptions->errorHandler(2, 'Undefined array...', '/home/kottako/p...', 5)
#1 /home/kottako/public_html/system/View/View.php(210): include('/home/kottako/p...')
#2 /home/kottako/public_html/system/View/View.php(213): CodeIgniter\View\View->CodeIgniter\View\{closure}()
#3 /home/kottako/public_html/system/View/View.php(424): CodeIgniter\View\View->render('partials/adminP...', NULL, true)
#4 /home/kottako/public_html/app/Views/admin/managefasttag.php(18): CodeIgniter\View\View->include('partials/adminP...')
#5 /home/kottako/public_html/system/View/View.php(210): include('/home/kottako/p...')
#6 /home/kottako/public_html/system/View/View.php(213): CodeIgniter\View\View->CodeIgniter\View\{closure}()
#7 /home/kottako/public_html/system/Common.php(1089): CodeIgniter\View\View->render('admin/managefas...', Array, true)
#8 /home/kottako/public_html/app/Controllers/FastTagController.php(469): view('admin/managefas...', Array)
#9 /home/kottako/public_html/system/CodeIgniter.php(825): App\Controllers\FastTagController->managefasttag()
#10 /home/kottako/public_html/system/CodeIgniter.php(412): CodeIgniter\CodeIgniter->runController(Object(App\Controllers\FastTagController))
#11 /home/kottako/public_html/system/CodeIgniter.php(320): CodeIgniter\CodeIgniter->handleRequest(NULL, Object(Config\Cache), false)
#12 /home/kottako/public_html/index.php(41): CodeIgniter\CodeIgniter->run()
#13 {main}
CRITICAL - 2022-04-18 14:47:31 --> Undefined array key "logged_img"
#0 /home/kottako/public_html/app/Views/partials/adminPanel/sidebar.php(5): CodeIgniter\Debug\Exceptions->errorHandler(2, 'Undefined array...', '/home/kottako/p...', 5)
#1 /home/kottako/public_html/system/View/View.php(210): include('/home/kottako/p...')
#2 /home/kottako/public_html/system/View/View.php(213): CodeIgniter\View\View->CodeIgniter\View\{closure}()
#3 /home/kottako/public_html/system/View/View.php(424): CodeIgniter\View\View->render('partials/adminP...', NULL, true)
#4 /home/kottako/public_html/app/Views/admin/managefasttag.php(18): CodeIgniter\View\View->include('partials/adminP...')
#5 /home/kottako/public_html/system/View/View.php(210): include('/home/kottako/p...')
#6 /home/kottako/public_html/system/View/View.php(213): CodeIgniter\View\View->CodeIgniter\View\{closure}()
#7 /home/kottako/public_html/system/Common.php(1089): CodeIgniter\View\View->render('admin/managefas...', Array, true)
#8 /home/kottako/public_html/app/Controllers/FastTagController.php(469): view('admin/managefas...', Array)
#9 /home/kottako/public_html/system/CodeIgniter.php(825): App\Controllers\FastTagController->managefasttag()
#10 /home/kottako/public_html/system/CodeIgniter.php(412): CodeIgniter\CodeIgniter->runController(Object(App\Controllers\FastTagController))
#11 /home/kottako/public_html/system/CodeIgniter.php(320): CodeIgniter\CodeIgniter->handleRequest(NULL, Object(Config\Cache), false)
#12 /home/kottako/public_html/index.php(41): CodeIgniter\CodeIgniter->run()
#13 {main}
CRITICAL - 2022-04-18 14:47:52 --> Undefined array key "logged_img"
#0 /home/kottako/public_html/app/Views/partials/adminPanel/sidebar.php(5): CodeIgniter\Debug\Exceptions->errorHandler(2, 'Undefined array...', '/home/kottako/p...', 5)
#1 /home/kottako/public_html/system/View/View.php(210): include('/home/kottako/p...')
#2 /home/kottako/public_html/system/View/View.php(213): CodeIgniter\View\View->CodeIgniter\View\{closure}()
#3 /home/kottako/public_html/system/View/View.php(424): CodeIgniter\View\View->render('partials/adminP...', NULL, true)
#4 /home/kottako/public_html/app/Views/admin/managefasttag.php(18): CodeIgniter\View\View->include('partials/adminP...')
#5 /home/kottako/public_html/system/View/View.php(210): include('/home/kottako/p...')
#6 /home/kottako/public_html/system/View/View.php(213): CodeIgniter\View\View->CodeIgniter\View\{closure}()
#7 /home/kottako/public_html/system/Common.php(1089): CodeIgniter\View\View->render('admin/managefas...', Array, true)
#8 /home/kottako/public_html/app/Controllers/FastTagController.php(469): view('admin/managefas...', Array)
#9 /home/kottako/public_html/system/CodeIgniter.php(825): App\Controllers\FastTagController->managefasttag()
#10 /home/kottako/public_html/system/CodeIgniter.php(412): CodeIgniter\CodeIgniter->runController(Object(App\Controllers\FastTagController))
#11 /home/kottako/public_html/system/CodeIgniter.php(320): CodeIgniter\CodeIgniter->handleRequest(NULL, Object(Config\Cache), false)
#12 /home/kottako/public_html/index.php(41): CodeIgniter\CodeIgniter->run()
#13 {main}
CRITICAL - 2022-04-18 14:47:52 --> Undefined array key "logged_img"
#0 /home/kottako/public_html/app/Views/partials/adminPanel/sidebar.php(5): CodeIgniter\Debug\Exceptions->errorHandler(2, 'Undefined array...', '/home/kottako/p...', 5)
#1 /home/kottako/public_html/system/View/View.php(210): include('/home/kottako/p...')
#2 /home/kottako/public_html/system/View/View.php(213): CodeIgniter\View\View->CodeIgniter\View\{closure}()
#3 /home/kottako/public_html/system/View/View.php(424): CodeIgniter\View\View->render('partials/adminP...', NULL, true)
#4 /home/kottako/public_html/app/Views/admin/managefasttag.php(18): CodeIgniter\View\View->include('partials/adminP...')
#5 /home/kottako/public_html/system/View/View.php(210): include('/home/kottako/p...')
#6 /home/kottako/public_html/system/View/View.php(213): CodeIgniter\View\View->CodeIgniter\View\{closure}()
#7 /home/kottako/public_html/system/Common.php(1089): CodeIgniter\View\View->render('admin/managefas...', Array, true)
#8 /home/kottako/public_html/app/Controllers/FastTagController.php(469): view('admin/managefas...', Array)
#9 /home/kottako/public_html/system/CodeIgniter.php(825): App\Controllers\FastTagController->managefasttag()
#10 /home/kottako/public_html/system/CodeIgniter.php(412): CodeIgniter\CodeIgniter->runController(Object(App\Controllers\FastTagController))
#11 /home/kottako/public_html/system/CodeIgniter.php(320): CodeIgniter\CodeIgniter->handleRequest(NULL, Object(Config\Cache), false)
#12 /home/kottako/public_html/index.php(41): CodeIgniter\CodeIgniter->run()
#13 {main}
ERROR - 2022-04-18 14:48:37 --> Email: sendWithSmtp throwed fsockopen(): SSL operation failed with code 1. OpenSSL Error messages:
error:14090086:SSL routines:ssl3_get_server_certificate:certificate verify failed
CRITICAL - 2022-04-18 14:54:00 --> sizeof(): Argument #1 ($value) must be of type Countable|array, null given
#0 /home/kottako/public_html/app/Controllers/SalesAgentController.php(265): sizeof(NULL)
#1 /home/kottako/public_html/system/CodeIgniter.php(825): App\Controllers\SalesAgentController->addSalesAgent()
#2 /home/kottako/public_html/system/CodeIgniter.php(412): CodeIgniter\CodeIgniter->runController(Object(App\Controllers\SalesAgentController))
#3 /home/kottako/public_html/system/CodeIgniter.php(320): CodeIgniter\CodeIgniter->handleRequest(NULL, Object(Config\Cache), false)
#4 /home/kottako/public_html/index.php(41): CodeIgniter\CodeIgniter->run()
#5 {main}
ERROR - 2022-04-18 14:55:50 --> Email: sendWithSmtp throwed fsockopen(): SSL operation failed with code 1. OpenSSL Error messages:
error:14090086:SSL routines:ssl3_get_server_certificate:certificate verify failed
CRITICAL - 2022-04-18 14:56:58 --> Undefined array key "logged_img"
#0 /home/kottako/public_html/app/Views/partials/adminPanel/sidebar.php(5): CodeIgniter\Debug\Exceptions->errorHandler(2, 'Undefined array...', '/home/kottako/p...', 5)
#1 /home/kottako/public_html/system/View/View.php(210): include('/home/kottako/p...')
#2 /home/kottako/public_html/system/View/View.php(213): CodeIgniter\View\View->CodeIgniter\View\{closure}()
#3 /home/kottako/public_html/system/View/View.php(424): CodeIgniter\View\View->render('partials/adminP...', NULL, true)
#4 /home/kottako/public_html/app/Views/admin/managefasttag.php(18): CodeIgniter\View\View->include('partials/adminP...')
#5 /home/kottako/public_html/system/View/View.php(210): include('/home/kottako/p...')
#6 /home/kottako/public_html/system/View/View.php(213): CodeIgniter\View\View->CodeIgniter\View\{closure}()
#7 /home/kottako/public_html/system/Common.php(1089): CodeIgniter\View\View->render('admin/managefas...', Array, true)
#8 /home/kottako/public_html/app/Controllers/FastTagController.php(469): view('admin/managefas...', Array)
#9 /home/kottako/public_html/system/CodeIgniter.php(825): App\Controllers\FastTagController->managefasttag()
#10 /home/kottako/public_html/system/CodeIgniter.php(412): CodeIgniter\CodeIgniter->runController(Object(App\Controllers\FastTagController))
#11 /home/kottako/public_html/system/CodeIgniter.php(320): CodeIgniter\CodeIgniter->handleRequest(NULL, Object(Config\Cache), false)
#12 /home/kottako/public_html/index.php(41): CodeIgniter\CodeIgniter->run()
#13 {main}
ERROR - 2022-04-18 14:57:07 --> Email: sendWithSmtp throwed fsockopen(): SSL operation failed with code 1. OpenSSL Error messages:
error:14090086:SSL routines:ssl3_get_server_certificate:certificate verify failed
ERROR - 2022-04-18 15:00:06 --> Email: sendWithSmtp throwed fsockopen(): SSL operation failed with code 1. OpenSSL Error messages:
error:14090086:SSL routines:ssl3_get_server_certificate:certificate verify failed
CRITICAL - 2022-04-18 15:03:06 --> Undefined array key "logged_img"
#0 /home/kottako/public_html/app/Views/partials/adminPanel/sidebar.php(5): CodeIgniter\Debug\Exceptions->errorHandler(2, 'Undefined array...', '/home/kottako/p...', 5)
#1 /home/kottako/public_html/system/View/View.php(210): include('/home/kottako/p...')
#2 /home/kottako/public_html/system/View/View.php(213): CodeIgniter\View\View->CodeIgniter\View\{closure}()
#3 /home/kottako/public_html/system/View/View.php(424): CodeIgniter\View\View->render('partials/adminP...', NULL, true)
#4 /home/kottako/public_html/app/Views/admin/managefasttag.php(18): CodeIgniter\View\View->include('partials/adminP...')
#5 /home/kottako/public_html/system/View/View.php(210): include('/home/kottako/p...')
#6 /home/kottako/public_html/system/View/View.php(213): CodeIgniter\View\View->CodeIgniter\View\{closure}()
#7 /home/kottako/public_html/system/Common.php(1089): CodeIgniter\View\View->render('admin/managefas...', Array, true)
#8 /home/kottako/public_html/app/Controllers/FastTagController.php(469): view('admin/managefas...', Array)
#9 /home/kottako/public_html/system/CodeIgniter.php(825): App\Controllers\FastTagController->managefasttag()
#10 /home/kottako/public_html/system/CodeIgniter.php(412): CodeIgniter\CodeIgniter->runController(Object(App\Controllers\FastTagController))
#11 /home/kottako/public_html/system/CodeIgniter.php(320): CodeIgniter\CodeIgniter->handleRequest(NULL, Object(Config\Cache), false)
#12 /home/kottako/public_html/index.php(41): CodeIgniter\CodeIgniter->run()
#13 {main}
CRITICAL - 2022-04-18 15:05:32 --> Undefined array key "logged_img"
#0 /home/kottako/public_html/app/Views/partials/adminPanel/sidebar.php(5): CodeIgniter\Debug\Exceptions->errorHandler(2, 'Undefined array...', '/home/kottako/p...', 5)
#1 /home/kottako/public_html/system/View/View.php(210): include('/home/kottako/p...')
#2 /home/kottako/public_html/system/View/View.php(213): CodeIgniter\View\View->CodeIgniter\View\{closure}()
#3 /home/kottako/public_html/system/View/View.php(424): CodeIgniter\View\View->render('partials/adminP...', NULL, true)
#4 /home/kottako/public_html/app/Views/admin/managefasttag.php(18): CodeIgniter\View\View->include('partials/adminP...')
#5 /home/kottako/public_html/system/View/View.php(210): include('/home/kottako/p...')
#6 /home/kottako/public_html/system/View/View.php(213): CodeIgniter\View\View->CodeIgniter\View\{closure}()
#7 /home/kottako/public_html/system/Common.php(1089): CodeIgniter\View\View->render('admin/managefas...', Array, true)
#8 /home/kottako/public_html/app/Controllers/FastTagController.php(469): view('admin/managefas...', Array)
#9 /home/kottako/public_html/system/CodeIgniter.php(825): App\Controllers\FastTagController->managefasttag()
#10 /home/kottako/public_html/system/CodeIgniter.php(412): CodeIgniter\CodeIgniter->runController(Object(App\Controllers\FastTagController))
#11 /home/kottako/public_html/system/CodeIgniter.php(320): CodeIgniter\CodeIgniter->handleRequest(NULL, Object(Config\Cache), false)
#12 /home/kottako/public_html/index.php(41): CodeIgniter\CodeIgniter->run()
#13 {main}
CRITICAL - 2022-04-18 15:13:47 --> Undefined array key "logged_img"
#0 /home/kottako/public_html/app/Views/partials/adminPanel/sidebar.php(5): CodeIgniter\Debug\Exceptions->errorHandler(2, 'Undefined array...', '/home/kottako/p...', 5)
#1 /home/kottako/public_html/system/View/View.php(210): include('/home/kottako/p...')
#2 /home/kottako/public_html/system/View/View.php(213): CodeIgniter\View\View->CodeIgniter\View\{closure}()
#3 /home/kottako/public_html/system/View/View.php(424): CodeIgniter\View\View->render('partials/adminP...', NULL, true)
#4 /home/kottako/public_html/app/Views/admin/managefasttag.php(18): CodeIgniter\View\View->include('partials/adminP...')
#5 /home/kottako/public_html/system/View/View.php(210): include('/home/kottako/p...')
#6 /home/kottako/public_html/system/View/View.php(213): CodeIgniter\View\View->CodeIgniter\View\{closure}()
#7 /home/kottako/public_html/system/Common.php(1089): CodeIgniter\View\View->render('admin/managefas...', Array, true)
#8 /home/kottako/public_html/app/Controllers/FastTagController.php(469): view('admin/managefas...', Array)
#9 /home/kottako/public_html/system/CodeIgniter.php(825): App\Controllers\FastTagController->managefasttag()
#10 /home/kottako/public_html/system/CodeIgniter.php(412): CodeIgniter\CodeIgniter->runController(Object(App\Controllers\FastTagController))
#11 /home/kottako/public_html/system/CodeIgniter.php(320): CodeIgniter\CodeIgniter->handleRequest(NULL, Object(Config\Cache), false)
#12 /home/kottako/public_html/index.php(41): CodeIgniter\CodeIgniter->run()
#13 {main}
CRITICAL - 2022-04-18 15:20:05 --> sizeof(): Argument #1 ($value) must be of type Countable|array, null given
#0 /home/kottako/public_html/app/Controllers/SalesAgentController.php(265): sizeof(NULL)
#1 /home/kottako/public_html/system/CodeIgniter.php(825): App\Controllers\SalesAgentController->addSalesAgent()
#2 /home/kottako/public_html/system/CodeIgniter.php(412): CodeIgniter\CodeIgniter->runController(Object(App\Controllers\SalesAgentController))
#3 /home/kottako/public_html/system/CodeIgniter.php(320): CodeIgniter\CodeIgniter->handleRequest(NULL, Object(Config\Cache), false)
#4 /home/kottako/public_html/index.php(41): CodeIgniter\CodeIgniter->run()
#5 {main}
CRITICAL - 2022-04-18 15:20:33 --> Undefined array key "logged_img"
#0 /home/kottako/public_html/app/Views/partials/adminPanel/sidebar.php(5): CodeIgniter\Debug\Exceptions->errorHandler(2, 'Undefined array...', '/home/kottako/p...', 5)
#1 /home/kottako/public_html/system/View/View.php(210): include('/home/kottako/p...')
#2 /home/kottako/public_html/system/View/View.php(213): CodeIgniter\View\View->CodeIgniter\View\{closure}()
#3 /home/kottako/public_html/system/View/View.php(424): CodeIgniter\View\View->render('partials/adminP...', NULL, true)
#4 /home/kottako/public_html/app/Views/admin/managefasttag.php(18): CodeIgniter\View\View->include('partials/adminP...')
#5 /home/kottako/public_html/system/View/View.php(210): include('/home/kottako/p...')
#6 /home/kottako/public_html/system/View/View.php(213): CodeIgniter\View\View->CodeIgniter\View\{closure}()
#7 /home/kottako/public_html/system/Common.php(1089): CodeIgniter\View\View->render('admin/managefas...', Array, true)
#8 /home/kottako/public_html/app/Controllers/FastTagController.php(469): view('admin/managefas...', Array)
#9 /home/kottako/public_html/system/CodeIgniter.php(825): App\Controllers\FastTagController->managefasttag()
#10 /home/kottako/public_html/system/CodeIgniter.php(412): CodeIgniter\CodeIgniter->runController(Object(App\Controllers\FastTagController))
#11 /home/kottako/public_html/system/CodeIgniter.php(320): CodeIgniter\CodeIgniter->handleRequest(NULL, Object(Config\Cache), false)
#12 /home/kottako/public_html/index.php(41): CodeIgniter\CodeIgniter->run()
#13 {main}
ERROR - 2022-04-18 15:21:26 --> Email: sendWithSmtp throwed fsockopen(): SSL operation failed with code 1. OpenSSL Error messages:
error:14090086:SSL routines:ssl3_get_server_certificate:certificate verify failed
ERROR - 2022-04-18 15:23:20 --> Email: sendWithSmtp throwed fsockopen(): SSL operation failed with code 1. OpenSSL Error messages:
error:14090086:SSL routines:ssl3_get_server_certificate:certificate verify failed
CRITICAL - 2022-04-18 15:30:56 --> Undefined array key "logged_img"
#0 /home/kottako/public_html/app/Views/partials/adminPanel/sidebar.php(5): CodeIgniter\Debug\Exceptions->errorHandler(2, 'Undefined array...', '/home/kottako/p...', 5)
#1 /home/kottako/public_html/system/View/View.php(210): include('/home/kottako/p...')
#2 /home/kottako/public_html/system/View/View.php(213): CodeIgniter\View\View->CodeIgniter\View\{closure}()
#3 /home/kottako/public_html/system/View/View.php(424): CodeIgniter\View\View->render('partials/adminP...', NULL, true)
#4 /home/kottako/public_html/app/Views/admin/managefasttag.php(18): CodeIgniter\View\View->include('partials/adminP...')
#5 /home/kottako/public_html/system/View/View.php(210): include('/home/kottako/p...')
#6 /home/kottako/public_html/system/View/View.php(213): CodeIgniter\View\View->CodeIgniter\View\{closure}()
#7 /home/kottako/public_html/system/Common.php(1089): CodeIgniter\View\View->render('admin/managefas...', Array, true)
#8 /home/kottako/public_html/app/Controllers/FastTagController.php(469): view('admin/managefas...', Array)
#9 /home/kottako/public_html/system/CodeIgniter.php(825): App\Controllers\FastTagController->managefasttag()
#10 /home/kottako/public_html/system/CodeIgniter.php(412): CodeIgniter\CodeIgniter->runController(Object(App\Controllers\FastTagController))
#11 /home/kottako/public_html/system/CodeIgniter.php(320): CodeIgniter\CodeIgniter->handleRequest(NULL, Object(Config\Cache), false)
#12 /home/kottako/public_html/index.php(41): CodeIgniter\CodeIgniter->run()
#13 {main}
CRITICAL - 2022-04-18 15:31:04 --> Undefined array key "logged_img"
#0 /home/kottako/public_html/app/Views/partials/adminPanel/sidebar.php(5): CodeIgniter\Debug\Exceptions->errorHandler(2, 'Undefined array...', '/home/kottako/p...', 5)
#1 /home/kottako/public_html/system/View/View.php(210): include('/home/kottako/p...')
#2 /home/kottako/public_html/system/View/View.php(213): CodeIgniter\View\View->CodeIgniter\View\{closure}()
#3 /home/kottako/public_html/system/View/View.php(424): CodeIgniter\View\View->render('partials/adminP...', NULL, true)
#4 /home/kottako/public_html/app/Views/admin/managefasttag.php(18): CodeIgniter\View\View->include('partials/adminP...')
#5 /home/kottako/public_html/system/View/View.php(210): include('/home/kottako/p...')
#6 /home/kottako/public_html/system/View/View.php(213): CodeIgniter\View\View->CodeIgniter\View\{closure}()
#7 /home/kottako/public_html/system/Common.php(1089): CodeIgniter\View\View->render('admin/managefas...', Array, true)
#8 /home/kottako/public_html/app/Controllers/FastTagController.php(469): view('admin/managefas...', Array)
#9 /home/kottako/public_html/system/CodeIgniter.php(825): App\Controllers\FastTagController->managefasttag()
#10 /home/kottako/public_html/system/CodeIgniter.php(412): CodeIgniter\CodeIgniter->runController(Object(App\Controllers\FastTagController))
#11 /home/kottako/public_html/system/CodeIgniter.php(320): CodeIgniter\CodeIgniter->handleRequest(NULL, Object(Config\Cache), false)
#12 /home/kottako/public_html/index.php(41): CodeIgniter\CodeIgniter->run()
#13 {main}
CRITICAL - 2022-04-18 15:31:12 --> Undefined array key "logged_img"
#0 /home/kottako/public_html/app/Views/partials/adminPanel/sidebar.php(5): CodeIgniter\Debug\Exceptions->errorHandler(2, 'Undefined array...', '/home/kottako/p...', 5)
#1 /home/kottako/public_html/system/View/View.php(210): include('/home/kottako/p...')
#2 /home/kottako/public_html/system/View/View.php(213): CodeIgniter\View\View->CodeIgniter\View\{closure}()
#3 /home/kottako/public_html/system/View/View.php(424): CodeIgniter\View\View->render('partials/adminP...', NULL, true)
#4 /home/kottako/public_html/app/Views/admin/managefasttag.php(18): CodeIgniter\View\View->include('partials/adminP...')
#5 /home/kottako/public_html/system/View/View.php(210): include('/home/kottako/p...')
#6 /home/kottako/public_html/system/View/View.php(213): CodeIgniter\View\View->CodeIgniter\View\{closure}()
#7 /home/kottako/public_html/system/Common.php(1089): CodeIgniter\View\View->render('admin/managefas...', Array, true)
#8 /home/kottako/public_html/app/Controllers/FastTagController.php(469): view('admin/managefas...', Array)
#9 /home/kottako/public_html/system/CodeIgniter.php(825): App\Controllers\FastTagController->managefasttag()
#10 /home/kottako/public_html/system/CodeIgniter.php(412): CodeIgniter\CodeIgniter->runController(Object(App\Controllers\FastTagController))
#11 /home/kottako/public_html/system/CodeIgniter.php(320): CodeIgniter\CodeIgniter->handleRequest(NULL, Object(Config\Cache), false)
#12 /home/kottako/public_html/index.php(41): CodeIgniter\CodeIgniter->run()
#13 {main}
CRITICAL - 2022-04-18 15:35:52 --> Undefined array key "logged_img"
#0 /home/kottako/public_html/app/Views/partials/adminPanel/sidebar.php(5): CodeIgniter\Debug\Exceptions->errorHandler(2, 'Undefined array...', '/home/kottako/p...', 5)
#1 /home/kottako/public_html/system/View/View.php(210): include('/home/kottako/p...')
#2 /home/kottako/public_html/system/View/View.php(213): CodeIgniter\View\View->CodeIgniter\View\{closure}()
#3 /home/kottako/public_html/system/View/View.php(424): CodeIgniter\View\View->render('partials/adminP...', NULL, true)
#4 /home/kottako/public_html/app/Views/admin/managefasttag.php(18): CodeIgniter\View\View->include('partials/adminP...')
#5 /home/kottako/public_html/system/View/View.php(210): include('/home/kottako/p...')
#6 /home/kottako/public_html/system/View/View.php(213): CodeIgniter\View\View->CodeIgniter\View\{closure}()
#7 /home/kottako/public_html/system/Common.php(1089): CodeIgniter\View\View->render('admin/managefas...', Array, true)
#8 /home/kottako/public_html/app/Controllers/FastTagController.php(469): view('admin/managefas...', Array)
#9 /home/kottako/public_html/system/CodeIgniter.php(825): App\Controllers\FastTagController->managefasttag()
#10 /home/kottako/public_html/system/CodeIgniter.php(412): CodeIgniter\CodeIgniter->runController(Object(App\Controllers\FastTagController))
#11 /home/kottako/public_html/system/CodeIgniter.php(320): CodeIgniter\CodeIgniter->handleRequest(NULL, Object(Config\Cache), false)
#12 /home/kottako/public_html/index.php(41): CodeIgniter\CodeIgniter->run()
#13 {main}
ERROR - 2022-04-18 15:36:13 --> Email: sendWithSmtp throwed fsockopen(): SSL operation failed with code 1. OpenSSL Error messages:
error:14090086:SSL routines:ssl3_get_server_certificate:certificate verify failed
CRITICAL - 2022-04-18 15:37:12 --> sizeof(): Argument #1 ($value) must be of type Countable|array, null given
#0 /home/kottako/public_html/app/Controllers/FastTagController.php(309): sizeof(NULL)
#1 /home/kottako/public_html/system/CodeIgniter.php(825): App\Controllers\FastTagController->managefasttag()
#2 /home/kottako/public_html/system/CodeIgniter.php(412): CodeIgniter\CodeIgniter->runController(Object(App\Controllers\FastTagController))
#3 /home/kottako/public_html/system/CodeIgniter.php(320): CodeIgniter\CodeIgniter->handleRequest(NULL, Object(Config\Cache), false)
#4 /home/kottako/public_html/index.php(41): CodeIgniter\CodeIgniter->run()
#5 {main}
CRITICAL - 2022-04-18 16:51:14 --> Undefined array key "logged_img"
#0 /home/kottako/public_html/app/Views/partials/adminPanel/sidebar.php(5): CodeIgniter\Debug\Exceptions->errorHandler(2, 'Undefined array...', '/home/kottako/p...', 5)
#1 /home/kottako/public_html/system/View/View.php(210): include('/home/kottako/p...')
#2 /home/kottako/public_html/system/View/View.php(213): CodeIgniter\View\View->CodeIgniter\View\{closure}()
#3 /home/kottako/public_html/system/View/View.php(424): CodeIgniter\View\View->render('partials/adminP...', NULL, true)
#4 /home/kottako/public_html/app/Views/admin/managefasttag.php(18): CodeIgniter\View\View->include('partials/adminP...')
#5 /home/kottako/public_html/system/View/View.php(210): include('/home/kottako/p...')
#6 /home/kottako/public_html/system/View/View.php(213): CodeIgniter\View\View->CodeIgniter\View\{closure}()
#7 /home/kottako/public_html/system/Common.php(1089): CodeIgniter\View\View->render('admin/managefas...', Array, true)
#8 /home/kottako/public_html/app/Controllers/FastTagController.php(469): view('admin/managefas...', Array)
#9 /home/kottako/public_html/system/CodeIgniter.php(825): App\Controllers\FastTagController->managefasttag()
#10 /home/kottako/public_html/system/CodeIgniter.php(412): CodeIgniter\CodeIgniter->runController(Object(App\Controllers\FastTagController))
#11 /home/kottako/public_html/system/CodeIgniter.php(320): CodeIgniter\CodeIgniter->handleRequest(NULL, Object(Config\Cache), false)
#12 /home/kottako/public_html/index.php(41): CodeIgniter\CodeIgniter->run()
#13 {main}
ERROR - 2022-04-18 17:02:28 --> Email: sendWithSmtp throwed fsockopen(): SSL operation failed with code 1. OpenSSL Error messages:
error:14090086:SSL routines:ssl3_get_server_certificate:certificate verify failed
CRITICAL - 2022-04-18 17:06:57 --> sizeof(): Argument #1 ($value) must be of type Countable|array, null given
#0 /home/kottako/public_html/app/Controllers/FastTagController.php(309): sizeof(NULL)
#1 /home/kottako/public_html/system/CodeIgniter.php(825): App\Controllers\FastTagController->managefasttag()
#2 /home/kottako/public_html/system/CodeIgniter.php(412): CodeIgniter\CodeIgniter->runController(Object(App\Controllers\FastTagController))
#3 /home/kottako/public_html/system/CodeIgniter.php(320): CodeIgniter\CodeIgniter->handleRequest(NULL, Object(Config\Cache), false)
#4 /home/kottako/public_html/index.php(41): CodeIgniter\CodeIgniter->run()
#5 {main}
CRITICAL - 2022-04-18 17:09:42 --> unlink(/home/kottako/public_html/writable/debugbar/debugbar_1650281817.json): No such file or directory
#0 [internal function]: CodeIgniter\Debug\Exceptions->errorHandler(2, 'unlink(/home/ko...', '/home/kottako/p...', 74)
#1 /home/kottako/public_html/system/Debug/Toolbar/Collectors/History.php(74): unlink('/home/kottako/p...')
#2 /home/kottako/public_html/system/Debug/Toolbar.php(487): CodeIgniter\Debug\Toolbar\Collectors\History->setFiles(1650281981, 20)
#3 /home/kottako/public_html/system/Debug/Toolbar.php(464): CodeIgniter\Debug\Toolbar->format(Array, 'html')
#4 /home/kottako/public_html/app/Config/Events.php(48): CodeIgniter\Debug\Toolbar->respond()
#5 /home/kottako/public_html/system/Events/Events.php(149): CodeIgniter\Events\Events::Config\{closure}()
#6 /home/kottako/public_html/system/CodeIgniter.php(302): CodeIgniter\Events\Events::trigger('pre_system')
#7 /home/kottako/public_html/index.php(41): CodeIgniter\CodeIgniter->run()
#8 {main}
CRITICAL - 2022-04-18 17:19:05 --> Undefined array key "logged_img"
#0 /home/kottako/public_html/app/Views/partials/adminPanel/sidebar.php(5): CodeIgniter\Debug\Exceptions->errorHandler(2, 'Undefined array...', '/home/kottako/p...', 5)
#1 /home/kottako/public_html/system/View/View.php(210): include('/home/kottako/p...')
#2 /home/kottako/public_html/system/View/View.php(213): CodeIgniter\View\View->CodeIgniter\View\{closure}()
#3 /home/kottako/public_html/system/View/View.php(424): CodeIgniter\View\View->render('partials/adminP...', NULL, true)
#4 /home/kottako/public_html/app/Views/admin/managefasttag.php(18): CodeIgniter\View\View->include('partials/adminP...')
#5 /home/kottako/public_html/system/View/View.php(210): include('/home/kottako/p...')
#6 /home/kottako/public_html/system/View/View.php(213): CodeIgniter\View\View->CodeIgniter\View\{closure}()
#7 /home/kottako/public_html/system/Common.php(1089): CodeIgniter\View\View->render('admin/managefas...', Array, true)
#8 /home/kottako/public_html/app/Controllers/FastTagController.php(469): view('admin/managefas...', Array)
#9 /home/kottako/public_html/system/CodeIgniter.php(825): App\Controllers\FastTagController->managefasttag()
#10 /home/kottako/public_html/system/CodeIgniter.php(412): CodeIgniter\CodeIgniter->runController(Object(App\Controllers\FastTagController))
#11 /home/kottako/public_html/system/CodeIgniter.php(320): CodeIgniter\CodeIgniter->handleRequest(NULL, Object(Config\Cache), false)
#12 /home/kottako/public_html/index.php(41): CodeIgniter\CodeIgniter->run()
#13 {main}
ERROR - 2022-04-18 17:22:03 --> Email: sendWithSmtp throwed fsockopen(): SSL operation failed with code 1. OpenSSL Error messages:
error:14090086:SSL routines:ssl3_get_server_certificate:certificate verify failed
ERROR - 2022-04-18 17:23:19 --> Email: sendWithSmtp throwed fsockopen(): SSL operation failed with code 1. OpenSSL Error messages:
error:14090086:SSL routines:ssl3_get_server_certificate:certificate verify failed
CRITICAL - 2022-04-18 17:31:49 --> sizeof(): Argument #1 ($value) must be of type Countable|array, null given
#0 /home/kottako/public_html/app/Controllers/SalesAgentController.php(255): sizeof(NULL)
#1 /home/kottako/public_html/system/CodeIgniter.php(825): App\Controllers\SalesAgentController->addSalesAgent()
#2 /home/kottako/public_html/system/CodeIgniter.php(412): CodeIgniter\CodeIgniter->runController(Object(App\Controllers\SalesAgentController))
#3 /home/kottako/public_html/system/CodeIgniter.php(320): CodeIgniter\CodeIgniter->handleRequest(NULL, Object(Config\Cache), false)
#4 /home/kottako/public_html/index.php(41): CodeIgniter\CodeIgniter->run()
#5 {main}
CRITICAL - 2022-04-18 17:36:51 --> sizeof(): Argument #1 ($value) must be of type Countable|array, null given
#0 /home/kottako/public_html/app/Controllers/SalesAgentController.php(265): sizeof(NULL)
#1 /home/kottako/public_html/system/CodeIgniter.php(825): App\Controllers\SalesAgentController->addSalesAgent()
#2 /home/kottako/public_html/system/CodeIgniter.php(412): CodeIgniter\CodeIgniter->runController(Object(App\Controllers\SalesAgentController))
#3 /home/kottako/public_html/system/CodeIgniter.php(320): CodeIgniter\CodeIgniter->handleRequest(NULL, Object(Config\Cache), false)
#4 /home/kottako/public_html/index.php(41): CodeIgniter\CodeIgniter->run()
#5 {main}
ERROR - 2022-04-18 17:38:05 --> Email: sendWithSmtp throwed fsockopen(): SSL operation failed with code 1. OpenSSL Error messages:
error:14090086:SSL routines:ssl3_get_server_certificate:certificate verify failed
ERROR - 2022-04-18 17:40:19 --> Email: sendWithSmtp throwed fsockopen(): SSL operation failed with code 1. OpenSSL Error messages:
error:14090086:SSL routines:ssl3_get_server_certificate:certificate verify failed
ERROR - 2022-04-18 17:47:55 --> Email: sendWithSmtp throwed fsockopen(): SSL operation failed with code 1. OpenSSL Error messages:
error:14090086:SSL routines:ssl3_get_server_certificate:certificate verify failed
CRITICAL - 2022-04-18 17:53:32 --> sizeof(): Argument #1 ($value) must be of type Countable|array, null given
#0 /home/kottako/public_html/app/Controllers/SalesAgentController.php(265): sizeof(NULL)
#1 /home/kottako/public_html/system/CodeIgniter.php(825): App\Controllers\SalesAgentController->addSalesAgent()
#2 /home/kottako/public_html/system/CodeIgniter.php(412): CodeIgniter\CodeIgniter->runController(Object(App\Controllers\SalesAgentController))
#3 /home/kottako/public_html/system/CodeIgniter.php(320): CodeIgniter\CodeIgniter->handleRequest(NULL, Object(Config\Cache), false)
#4 /home/kottako/public_html/index.php(41): CodeIgniter\CodeIgniter->run()
#5 {main}
ERROR - 2022-04-18 17:56:12 --> Email: sendWithSmtp throwed fsockopen(): SSL operation failed with code 1. OpenSSL Error messages:
error:14090086:SSL routines:ssl3_get_server_certificate:certificate verify failed
CRITICAL - 2022-04-18 18:02:43 --> sizeof(): Argument #1 ($value) must be of type Countable|array, null given
#0 /home/kottako/public_html/app/Controllers/SalesAgentController.php(265): sizeof(NULL)
#1 /home/kottako/public_html/system/CodeIgniter.php(825): App\Controllers\SalesAgentController->addSalesAgent()
#2 /home/kottako/public_html/system/CodeIgniter.php(412): CodeIgniter\CodeIgniter->runController(Object(App\Controllers\SalesAgentController))
#3 /home/kottako/public_html/system/CodeIgniter.php(320): CodeIgniter\CodeIgniter->handleRequest(NULL, Object(Config\Cache), false)
#4 /home/kottako/public_html/index.php(41): CodeIgniter\CodeIgniter->run()
#5 {main}
CRITICAL - 2022-04-18 18:10:47 --> sizeof(): Argument #1 ($value) must be of type Countable|array, null given
#0 /home/kottako/public_html/app/Controllers/SalesAgentController.php(265): sizeof(NULL)
#1 /home/kottako/public_html/system/CodeIgniter.php(825): App\Controllers\SalesAgentController->addSalesAgent()
#2 /home/kottako/public_html/system/CodeIgniter.php(412): CodeIgniter\CodeIgniter->runController(Object(App\Controllers\SalesAgentController))
#3 /home/kottako/public_html/system/CodeIgniter.php(320): CodeIgniter\CodeIgniter->handleRequest(NULL, Object(Config\Cache), false)
#4 /home/kottako/public_html/index.php(41): CodeIgniter\CodeIgniter->run()
#5 {main}
ERROR - 2022-04-18 18:13:37 --> Email: sendWithSmtp throwed fsockopen(): SSL operation failed with code 1. OpenSSL Error messages:
error:14090086:SSL routines:ssl3_get_server_certificate:certificate verify failed
ERROR - 2022-04-18 18:14:01 --> Email: sendWithSmtp throwed fsockopen(): SSL operation failed with code 1. OpenSSL Error messages:
error:14090086:SSL routines:ssl3_get_server_certificate:certificate verify failed
ERROR - 2022-04-18 18:14:35 --> Email: sendWithSmtp throwed fsockopen(): SSL operation failed with code 1. OpenSSL Error messages:
error:14090086:SSL routines:ssl3_get_server_certificate:certificate verify failed
CRITICAL - 2022-04-18 18:19:00 --> sizeof(): Argument #1 ($value) must be of type Countable|array, null given
#0 /home/kottako/public_html/app/Controllers/SalesAgentController.php(265): sizeof(NULL)
#1 /home/kottako/public_html/system/CodeIgniter.php(825): App\Controllers\SalesAgentController->addSalesAgent()
#2 /home/kottako/public_html/system/CodeIgniter.php(412): CodeIgniter\CodeIgniter->runController(Object(App\Controllers\SalesAgentController))
#3 /home/kottako/public_html/system/CodeIgniter.php(320): CodeIgniter\CodeIgniter->handleRequest(NULL, Object(Config\Cache), false)
#4 /home/kottako/public_html/index.php(41): CodeIgniter\CodeIgniter->run()
#5 {main}
CRITICAL - 2022-04-18 18:32:58 --> sizeof(): Argument #1 ($value) must be of type Countable|array, null given
#0 /home/kottako/public_html/app/Controllers/SalesAgentController.php(255): sizeof(NULL)
#1 /home/kottako/public_html/system/CodeIgniter.php(825): App\Controllers\SalesAgentController->addSalesAgent()
#2 /home/kottako/public_html/system/CodeIgniter.php(412): CodeIgniter\CodeIgniter->runController(Object(App\Controllers\SalesAgentController))
#3 /home/kottako/public_html/system/CodeIgniter.php(320): CodeIgniter\CodeIgniter->handleRequest(NULL, Object(Config\Cache), false)
#4 /home/kottako/public_html/index.php(41): CodeIgniter\CodeIgniter->run()
#5 {main}
ERROR - 2022-04-18 20:10:12 --> Email: sendWithSmtp throwed fsockopen(): SSL operation failed with code 1. OpenSSL Error messages:
error:14090086:SSL routines:ssl3_get_server_certificate:certificate verify failed
CRITICAL - 2022-04-18 21:12:20 --> sizeof(): Argument #1 ($value) must be of type Countable|array, null given
#0 /home/kottako/public_html/app/Controllers/TeamLeadController.php(1026): sizeof(NULL)
#1 /home/kottako/public_html/system/CodeIgniter.php(825): App\Controllers\TeamLeadController->fastagInventory()
#2 /home/kottako/public_html/system/CodeIgniter.php(412): CodeIgniter\CodeIgniter->runController(Object(App\Controllers\TeamLeadController))
#3 /home/kottako/public_html/system/CodeIgniter.php(320): CodeIgniter\CodeIgniter->handleRequest(NULL, Object(Config\Cache), false)
#4 /home/kottako/public_html/index.php(41): CodeIgniter\CodeIgniter->run()
#5 {main}
CRITICAL - 2022-04-18 21:12:22 --> sizeof(): Argument #1 ($value) must be of type Countable|array, null given
#0 /home/kottako/public_html/app/Controllers/TeamLeadController.php(1026): sizeof(NULL)
#1 /home/kottako/public_html/system/CodeIgniter.php(825): App\Controllers\TeamLeadController->fastagInventory()
#2 /home/kottako/public_html/system/CodeIgniter.php(412): CodeIgniter\CodeIgniter->runController(Object(App\Controllers\TeamLeadController))
#3 /home/kottako/public_html/system/CodeIgniter.php(320): CodeIgniter\CodeIgniter->handleRequest(NULL, Object(Config\Cache), false)
#4 /home/kottako/public_html/index.php(41): CodeIgniter\CodeIgniter->run()
#5 {main}
ERROR - 2022-04-18 22:09:26 --> Email: sendWithSmtp throwed fsockopen(): SSL operation failed with code 1. OpenSSL Error messages:
error:14090086:SSL routines:ssl3_get_server_certificate:certificate verify failed
ERROR - 2022-04-18 22:15:56 --> Email: sendWithSmtp throwed fsockopen(): SSL operation failed with code 1. OpenSSL Error messages:
error:14090086:SSL routines:ssl3_get_server_certificate:certificate verify failed
ERROR - 2022-04-18 22:29:42 --> Email: sendWithSmtp throwed fsockopen(): SSL operation failed with code 1. OpenSSL Error messages:
error:14090086:SSL routines:ssl3_get_server_certificate:certificate verify failed
CRITICAL - 2022-04-18 22:53:05 --> sizeof(): Argument #1 ($value) must be of type Countable|array, null given
#0 /home/kottako/public_html/app/Controllers/FastTagController.php(309): sizeof(NULL)
#1 /home/kottako/public_html/system/CodeIgniter.php(825): App\Controllers\FastTagController->managefasttag()
#2 /home/kottako/public_html/system/CodeIgniter.php(412): CodeIgniter\CodeIgniter->runController(Object(App\Controllers\FastTagController))
#3 /home/kottako/public_html/system/CodeIgniter.php(320): CodeIgniter\CodeIgniter->handleRequest(NULL, Object(Config\Cache), false)
#4 /home/kottako/public_html/index.php(41): CodeIgniter\CodeIgniter->run()
#5 {main}
ERROR - 2022-04-18 22:53:25 --> Email: sendWithSmtp throwed fsockopen(): SSL operation failed with code 1. OpenSSL Error messages:
error:14090086:SSL routines:ssl3_get_server_certificate:certificate verify failed
ERROR - 2022-04-18 22:55:05 --> Email: sendWithSmtp throwed fsockopen(): SSL operation failed with code 1. OpenSSL Error messages:
error:14090086:SSL routines:ssl3_get_server_certificate:certificate verify failed
ERROR - 2022-04-18 23:31:33 --> Email: sendWithSmtp throwed fsockopen(): SSL operation failed with code 1. OpenSSL Error messages:
error:14090086:SSL routines:ssl3_get_server_certificate:certificate verify failed
CRITICAL - 2022-04-18 23:37:21 --> Call to a member function paginate() on array
#0 /home/kottako/public_html/system/CodeIgniter.php(825): App\Controllers\SalesManagerController->fastagInventory()
#1 /home/kottako/public_html/system/CodeIgniter.php(412): CodeIgniter\CodeIgniter->runController(Object(App\Controllers\SalesManagerController))
#2 /home/kottako/public_html/system/CodeIgniter.php(320): CodeIgniter\CodeIgniter->handleRequest(NULL, Object(Config\Cache), false)
#3 /home/kottako/public_html/index.php(41): CodeIgniter\CodeIgniter->run()
#4 {main}
CRITICAL - 2022-04-18 23:39:53 --> Call to a member function paginate() on array
#0 /home/kottako/public_html/system/CodeIgniter.php(825): App\Controllers\SalesManagerController->fastagInventory()
#1 /home/kottako/public_html/system/CodeIgniter.php(412): CodeIgniter\CodeIgniter->runController(Object(App\Controllers\SalesManagerController))
#2 /home/kottako/public_html/system/CodeIgniter.php(320): CodeIgniter\CodeIgniter->handleRequest(NULL, Object(Config\Cache), false)
#3 /home/kottako/public_html/index.php(41): CodeIgniter\CodeIgniter->run()
#4 {main}
CRITICAL - 2022-04-18 23:40:57 --> syntax error, unexpected single-quoted string "pager", expecting "]"
#0 /home/kottako/public_html/system/Autoloader/Autoloader.php(241): CodeIgniter\Autoloader\Autoloader->includeFile('/home/kottako/p...')
#1 /home/kottako/public_html/system/Autoloader/Autoloader.php(219): CodeIgniter\Autoloader\Autoloader->loadInNamespace('App\\Controllers...')
#2 [internal function]: CodeIgniter\Autoloader\Autoloader->loadClass('App\\Controllers...')
#3 /home/kottako/public_html/system/CodeIgniter.php(790): class_exists('\\App\\Controller...', true)
#4 /home/kottako/public_html/system/CodeIgniter.php(399): CodeIgniter\CodeIgniter->startController()
#5 /home/kottako/public_html/system/CodeIgniter.php(320): CodeIgniter\CodeIgniter->handleRequest(NULL, Object(Config\Cache), false)
#6 /home/kottako/public_html/index.php(41): CodeIgniter\CodeIgniter->run()
#7 {main}
CRITICAL - 2022-04-18 23:42:01 --> Call to a member function paginate() on array
#0 /home/kottako/public_html/system/CodeIgniter.php(825): App\Controllers\SalesManagerController->fastagInventory()
#1 /home/kottako/public_html/system/CodeIgniter.php(412): CodeIgniter\CodeIgniter->runController(Object(App\Controllers\SalesManagerController))
#2 /home/kottako/public_html/system/CodeIgniter.php(320): CodeIgniter\CodeIgniter->handleRequest(NULL, Object(Config\Cache), false)
#3 /home/kottako/public_html/index.php(41): CodeIgniter\CodeIgniter->run()
#4 {main}
CRITICAL - 2022-04-18 23:42:56 --> Call to a member function paginate() on array
#0 /home/kottako/public_html/system/CodeIgniter.php(825): App\Controllers\SalesManagerController->fastagInventory()
#1 /home/kottako/public_html/system/CodeIgniter.php(412): CodeIgniter\CodeIgniter->runController(Object(App\Controllers\SalesManagerController))
#2 /home/kottako/public_html/system/CodeIgniter.php(320): CodeIgniter\CodeIgniter->handleRequest(NULL, Object(Config\Cache), false)
#3 /home/kottako/public_html/index.php(41): CodeIgniter\CodeIgniter->run()
#4 {main}
CRITICAL - 2022-04-18 23:44:39 --> Call to a member function paginate() on array
#0 /home/kottako/public_html/system/CodeIgniter.php(825): App\Controllers\SalesManagerController->fastagInventory()
#1 /home/kottako/public_html/system/CodeIgniter.php(412): CodeIgniter\CodeIgniter->runController(Object(App\Controllers\SalesManagerController))
#2 /home/kottako/public_html/system/CodeIgniter.php(320): CodeIgniter\CodeIgniter->handleRequest(NULL, Object(Config\Cache), false)
#3 /home/kottako/public_html/index.php(41): CodeIgniter\CodeIgniter->run()
#4 {main}
CRITICAL - 2022-04-18 23:45:01 --> Call to a member function paginate() on array
#0 /home/kottako/public_html/system/CodeIgniter.php(825): App\Controllers\SalesManagerController->fastagInventory()
#1 /home/kottako/public_html/system/CodeIgniter.php(412): CodeIgniter\CodeIgniter->runController(Object(App\Controllers\SalesManagerController))
#2 /home/kottako/public_html/system/CodeIgniter.php(320): CodeIgniter\CodeIgniter->handleRequest(NULL, Object(Config\Cache), false)
#3 /home/kottako/public_html/index.php(41): CodeIgniter\CodeIgniter->run()
#4 {main}
CRITICAL - 2022-04-18 23:45:50 --> Undefined array key "inventoryid"
#0 /home/kottako/public_html/app/Views/salesmanager/fastag.php(96): CodeIgniter\Debug\Exceptions->errorHandler(2, 'Undefined array...', '/home/kottako/p...', 96)
#1 /home/kottako/public_html/system/View/View.php(210): include('/home/kottako/p...')
#2 /home/kottako/public_html/system/View/View.php(213): CodeIgniter\View\View->CodeIgniter\View\{closure}()
#3 /home/kottako/public_html/system/Common.php(1089): CodeIgniter\View\View->render('salesmanager/fa...', Array, true)
#4 /home/kottako/public_html/app/Controllers/SalesManagerController.php(995): view('salesmanager/fa...', Array)
#5 /home/kottako/public_html/system/CodeIgniter.php(825): App\Controllers\SalesManagerController->fastagInventory()
#6 /home/kottako/public_html/system/CodeIgniter.php(412): CodeIgniter\CodeIgniter->runController(Object(App\Controllers\SalesManagerController))
#7 /home/kottako/public_html/system/CodeIgniter.php(320): CodeIgniter\CodeIgniter->handleRequest(NULL, Object(Config\Cache), false)
#8 /home/kottako/public_html/index.php(41): CodeIgniter\CodeIgniter->run()
#9 {main}
CRITICAL - 2022-04-18 23:46:32 --> Undefined variable $fastag
#0 /home/kottako/public_html/app/Views/salesmanager/fastag.php(91): CodeIgniter\Debug\Exceptions->errorHandler(2, 'Undefined varia...', '/home/kottako/p...', 91)
#1 /home/kottako/public_html/system/View/View.php(210): include('/home/kottako/p...')
#2 /home/kottako/public_html/system/View/View.php(213): CodeIgniter\View\View->CodeIgniter\View\{closure}()
#3 /home/kottako/public_html/system/Common.php(1089): CodeIgniter\View\View->render('salesmanager/fa...', Array, true)
#4 /home/kottako/public_html/app/Controllers/SalesManagerController.php(988): view('salesmanager/fa...', Array)
#5 /home/kottako/public_html/system/CodeIgniter.php(825): App\Controllers\SalesManagerController->fastagInventory()
#6 /home/kottako/public_html/system/CodeIgniter.php(412): CodeIgniter\CodeIgniter->runController(Object(App\Controllers\SalesManagerController))
#7 /home/kottako/public_html/system/CodeIgniter.php(320): CodeIgniter\CodeIgniter->handleRequest(NULL, Object(Config\Cache), false)
#8 /home/kottako/public_html/index.php(41): CodeIgniter\CodeIgniter->run()
#9 {main}
CRITICAL - 2022-04-18 23:55:05 --> Trying to access array offset on value of type null
#0 /home/kottako/public_html/app/Controllers/SalesManagerController.php(899): CodeIgniter\Debug\Exceptions->errorHandler(2, 'Trying to acces...', '/home/kottako/p...', 899)
#1 /home/kottako/public_html/system/CodeIgniter.php(825): App\Controllers\SalesManagerController->fastagInventory()
#2 /home/kottako/public_html/system/CodeIgniter.php(412): CodeIgniter\CodeIgniter->runController(Object(App\Controllers\SalesManagerController))
#3 /home/kottako/public_html/system/CodeIgniter.php(320): CodeIgniter\CodeIgniter->handleRequest(NULL, Object(Config\Cache), false)
#4 /home/kottako/public_html/index.php(41): CodeIgniter\CodeIgniter->run()
#5 {main}
CRITICAL - 2022-04-18 23:55:14 --> Trying to access array offset on value of type null
#0 /home/kottako/public_html/app/Controllers/SalesManagerController.php(899): CodeIgniter\Debug\Exceptions->errorHandler(2, 'Trying to acces...', '/home/kottako/p...', 899)
#1 /home/kottako/public_html/system/CodeIgniter.php(825): App\Controllers\SalesManagerController->fastagInventory()
#2 /home/kottako/public_html/system/CodeIgniter.php(412): CodeIgniter\CodeIgniter->runController(Object(App\Controllers\SalesManagerController))
#3 /home/kottako/public_html/system/CodeIgniter.php(320): CodeIgniter\CodeIgniter->handleRequest(NULL, Object(Config\Cache), false)
#4 /home/kottako/public_html/index.php(41): CodeIgniter\CodeIgniter->run()
#5 {main}
CRITICAL - 2022-04-18 23:55:16 --> Trying to access array offset on value of type null
#0 /home/kottako/public_html/app/Controllers/SalesManagerController.php(899): CodeIgniter\Debug\Exceptions->errorHandler(2, 'Trying to acces...', '/home/kottako/p...', 899)
#1 /home/kottako/public_html/system/CodeIgniter.php(825): App\Controllers\SalesManagerController->fastagInventory()
#2 /home/kottako/public_html/system/CodeIgniter.php(412): CodeIgniter\CodeIgniter->runController(Object(App\Controllers\SalesManagerController))
#3 /home/kottako/public_html/system/CodeIgniter.php(320): CodeIgniter\CodeIgniter->handleRequest(NULL, Object(Config\Cache), false)
#4 /home/kottako/public_html/index.php(41): CodeIgniter\CodeIgniter->run()
#5 {main}
CRITICAL - 2022-04-18 23:55:24 --> Trying to access array offset on value of type null
#0 /home/kottako/public_html/app/Controllers/SalesManagerController.php(899): CodeIgniter\Debug\Exceptions->errorHandler(2, 'Trying to acces...', '/home/kottako/p...', 899)
#1 /home/kottako/public_html/system/CodeIgniter.php(825): App\Controllers\SalesManagerController->fastagInventory()
#2 /home/kottako/public_html/system/CodeIgniter.php(412): CodeIgniter\CodeIgniter->runController(Object(App\Controllers\SalesManagerController))
#3 /home/kottako/public_html/system/CodeIgniter.php(320): CodeIgniter\CodeIgniter->handleRequest(NULL, Object(Config\Cache), false)
#4 /home/kottako/public_html/index.php(41): CodeIgniter\CodeIgniter->run()
#5 {main}
