CRITICAL - 2022-08-09 00:49:10 --> Undefined array key 0
#0 /home/kottakotabusines/public_html/app/Controllers/SalesAgentWalletController.php(75): CodeIgniter\Debug\Exceptions->errorHandler(2, 'Undefined array...', '/home/kottakota...', 75)
#1 /home/kottakotabusines/public_html/system/CodeIgniter.php(825): App\Controllers\SalesAgentWalletController->paymentnotation()
#2 /home/kottakotabusines/public_html/system/CodeIgniter.php(412): CodeIgniter\CodeIgniter->runController(Object(App\Controllers\SalesAgentWalletController))
#3 /home/kottakotabusines/public_html/system/CodeIgniter.php(320): CodeIgniter\CodeIgniter->handleRequest(NULL, Object(Config\Cache), false)
#4 /home/kottakotabusines/public_html/index.php(41): CodeIgniter\CodeIgniter->run()
#5 {main}
CRITICAL - 2022-08-09 01:26:25 --> Undefined array key 0
#0 /home/kottakotabusines/public_html/app/Controllers/SalesAgentWalletController.php(75): CodeIgniter\Debug\Exceptions->errorHandler(2, 'Undefined array...', '/home/kottakota...', 75)
#1 /home/kottakotabusines/public_html/system/CodeIgniter.php(825): App\Controllers\SalesAgentWalletController->paymentnotation()
#2 /home/kottakotabusines/public_html/system/CodeIgniter.php(412): CodeIgniter\CodeIgniter->runController(Object(App\Controllers\SalesAgentWalletController))
#3 /home/kottakotabusines/public_html/system/CodeIgniter.php(320): CodeIgniter\CodeIgniter->handleRequest(NULL, Object(Config\Cache), false)
#4 /home/kottakotabusines/public_html/index.php(41): CodeIgniter\CodeIgniter->run()
#5 {main}
CRITICAL - 2022-08-09 01:29:25 --> Undefined array key 0
#0 /home/kottakotabusines/public_html/app/Controllers/SalesAgentWalletController.php(75): CodeIgniter\Debug\Exceptions->errorHandler(2, 'Undefined array...', '/home/kottakota...', 75)
#1 /home/kottakotabusines/public_html/system/CodeIgniter.php(825): App\Controllers\SalesAgentWalletController->paymentnotation()
#2 /home/kottakotabusines/public_html/system/CodeIgniter.php(412): CodeIgniter\CodeIgniter->runController(Object(App\Controllers\SalesAgentWalletController))
#3 /home/kottakotabusines/public_html/system/CodeIgniter.php(320): CodeIgniter\CodeIgniter->handleRequest(NULL, Object(Config\Cache), false)
#4 /home/kottakotabusines/public_html/index.php(41): CodeIgniter\CodeIgniter->run()
#5 {main}
CRITICAL - 2022-08-09 01:49:25 --> Undefined array key 0
#0 /home/kottakotabusines/public_html/app/Controllers/SalesAgentWalletController.php(75): CodeIgniter\Debug\Exceptions->errorHandler(2, 'Undefined array...', '/home/kottakota...', 75)
#1 /home/kottakotabusines/public_html/system/CodeIgniter.php(825): App\Controllers\SalesAgentWalletController->paymentnotation()
#2 /home/kottakotabusines/public_html/system/CodeIgniter.php(412): CodeIgniter\CodeIgniter->runController(Object(App\Controllers\SalesAgentWalletController))
#3 /home/kottakotabusines/public_html/system/CodeIgniter.php(320): CodeIgniter\CodeIgniter->handleRequest(NULL, Object(Config\Cache), false)
#4 /home/kottakotabusines/public_html/index.php(41): CodeIgniter\CodeIgniter->run()
#5 {main}
CRITICAL - 2022-08-09 01:50:55 --> Undefined array key 0
#0 /home/kottakotabusines/public_html/app/Controllers/SalesAgentWalletController.php(75): CodeIgniter\Debug\Exceptions->errorHandler(2, 'Undefined array...', '/home/kottakota...', 75)
#1 /home/kottakotabusines/public_html/system/CodeIgniter.php(825): App\Controllers\SalesAgentWalletController->paymentnotation()
#2 /home/kottakotabusines/public_html/system/CodeIgniter.php(412): CodeIgniter\CodeIgniter->runController(Object(App\Controllers\SalesAgentWalletController))
#3 /home/kottakotabusines/public_html/system/CodeIgniter.php(320): CodeIgniter\CodeIgniter->handleRequest(NULL, Object(Config\Cache), false)
#4 /home/kottakotabusines/public_html/index.php(41): CodeIgniter\CodeIgniter->run()
#5 {main}
CRITICAL - 2022-08-09 02:19:26 --> Undefined array key 0
#0 /home/kottakotabusines/public_html/app/Controllers/SalesAgentWalletController.php(75): CodeIgniter\Debug\Exceptions->errorHandler(2, 'Undefined array...', '/home/kottakota...', 75)
#1 /home/kottakotabusines/public_html/system/CodeIgniter.php(825): App\Controllers\SalesAgentWalletController->paymentnotation()
#2 /home/kottakotabusines/public_html/system/CodeIgniter.php(412): CodeIgniter\CodeIgniter->runController(Object(App\Controllers\SalesAgentWalletController))
#3 /home/kottakotabusines/public_html/system/CodeIgniter.php(320): CodeIgniter\CodeIgniter->handleRequest(NULL, Object(Config\Cache), false)
#4 /home/kottakotabusines/public_html/index.php(41): CodeIgniter\CodeIgniter->run()
#5 {main}
CRITICAL - 2022-08-09 03:20:57 --> Undefined array key 0
#0 /home/kottakotabusines/public_html/app/Controllers/SalesAgentWalletController.php(75): CodeIgniter\Debug\Exceptions->errorHandler(2, 'Undefined array...', '/home/kottakota...', 75)
#1 /home/kottakotabusines/public_html/system/CodeIgniter.php(825): App\Controllers\SalesAgentWalletController->paymentnotation()
#2 /home/kottakotabusines/public_html/system/CodeIgniter.php(412): CodeIgniter\CodeIgniter->runController(Object(App\Controllers\SalesAgentWalletController))
#3 /home/kottakotabusines/public_html/system/CodeIgniter.php(320): CodeIgniter\CodeIgniter->handleRequest(NULL, Object(Config\Cache), false)
#4 /home/kottakotabusines/public_html/index.php(41): CodeIgniter\CodeIgniter->run()
#5 {main}
CRITICAL - 2022-08-09 03:27:57 --> Undefined array key 0
#0 /home/kottakotabusines/public_html/app/Controllers/SalesAgentWalletController.php(75): CodeIgniter\Debug\Exceptions->errorHandler(2, 'Undefined array...', '/home/kottakota...', 75)
#1 /home/kottakotabusines/public_html/system/CodeIgniter.php(825): App\Controllers\SalesAgentWalletController->paymentnotation()
#2 /home/kottakotabusines/public_html/system/CodeIgniter.php(412): CodeIgniter\CodeIgniter->runController(Object(App\Controllers\SalesAgentWalletController))
#3 /home/kottakotabusines/public_html/system/CodeIgniter.php(320): CodeIgniter\CodeIgniter->handleRequest(NULL, Object(Config\Cache), false)
#4 /home/kottakotabusines/public_html/index.php(41): CodeIgniter\CodeIgniter->run()
#5 {main}
CRITICAL - 2022-08-09 03:49:27 --> Undefined array key 0
#0 /home/kottakotabusines/public_html/app/Controllers/SalesAgentWalletController.php(75): CodeIgniter\Debug\Exceptions->errorHandler(2, 'Undefined array...', '/home/kottakota...', 75)
#1 /home/kottakotabusines/public_html/system/CodeIgniter.php(825): App\Controllers\SalesAgentWalletController->paymentnotation()
#2 /home/kottakotabusines/public_html/system/CodeIgniter.php(412): CodeIgniter\CodeIgniter->runController(Object(App\Controllers\SalesAgentWalletController))
#3 /home/kottakotabusines/public_html/system/CodeIgniter.php(320): CodeIgniter\CodeIgniter->handleRequest(NULL, Object(Config\Cache), false)
#4 /home/kottakotabusines/public_html/index.php(41): CodeIgniter\CodeIgniter->run()
#5 {main}
CRITICAL - 2022-08-09 05:29:28 --> Undefined array key 0
#0 /home/kottakotabusines/public_html/app/Controllers/SalesAgentWalletController.php(75): CodeIgniter\Debug\Exceptions->errorHandler(2, 'Undefined array...', '/home/kottakota...', 75)
#1 /home/kottakotabusines/public_html/system/CodeIgniter.php(825): App\Controllers\SalesAgentWalletController->paymentnotation()
#2 /home/kottakotabusines/public_html/system/CodeIgniter.php(412): CodeIgniter\CodeIgniter->runController(Object(App\Controllers\SalesAgentWalletController))
#3 /home/kottakotabusines/public_html/system/CodeIgniter.php(320): CodeIgniter\CodeIgniter->handleRequest(NULL, Object(Config\Cache), false)
#4 /home/kottakotabusines/public_html/index.php(41): CodeIgniter\CodeIgniter->run()
#5 {main}
CRITICAL - 2022-08-09 06:53:12 --> Undefined array key 0
#0 /home/kottakotabusines/public_html/app/Controllers/SalesAgentWalletController.php(75): CodeIgniter\Debug\Exceptions->errorHandler(2, 'Undefined array...', '/home/kottakota...', 75)
#1 /home/kottakotabusines/public_html/system/CodeIgniter.php(825): App\Controllers\SalesAgentWalletController->paymentnotation()
#2 /home/kottakotabusines/public_html/system/CodeIgniter.php(412): CodeIgniter\CodeIgniter->runController(Object(App\Controllers\SalesAgentWalletController))
#3 /home/kottakotabusines/public_html/system/CodeIgniter.php(320): CodeIgniter\CodeIgniter->handleRequest(NULL, Object(Config\Cache), false)
#4 /home/kottakotabusines/public_html/index.php(41): CodeIgniter\CodeIgniter->run()
#5 {main}
CRITICAL - 2022-08-09 07:31:20 --> Undefined array key 0
#0 /home/kottakotabusines/public_html/app/Controllers/SalesAgentWalletController.php(75): CodeIgniter\Debug\Exceptions->errorHandler(2, 'Undefined array...', '/home/kottakota...', 75)
#1 /home/kottakotabusines/public_html/system/CodeIgniter.php(825): App\Controllers\SalesAgentWalletController->paymentnotation()
#2 /home/kottakotabusines/public_html/system/CodeIgniter.php(412): CodeIgniter\CodeIgniter->runController(Object(App\Controllers\SalesAgentWalletController))
#3 /home/kottakotabusines/public_html/system/CodeIgniter.php(320): CodeIgniter\CodeIgniter->handleRequest(NULL, Object(Config\Cache), false)
#4 /home/kottakotabusines/public_html/index.php(41): CodeIgniter\CodeIgniter->run()
#5 {main}
CRITICAL - 2022-08-09 07:49:30 --> Undefined array key 0
#0 /home/kottakotabusines/public_html/app/Controllers/SalesAgentWalletController.php(75): CodeIgniter\Debug\Exceptions->errorHandler(2, 'Undefined array...', '/home/kottakota...', 75)
#1 /home/kottakotabusines/public_html/system/CodeIgniter.php(825): App\Controllers\SalesAgentWalletController->paymentnotation()
#2 /home/kottakotabusines/public_html/system/CodeIgniter.php(412): CodeIgniter\CodeIgniter->runController(Object(App\Controllers\SalesAgentWalletController))
#3 /home/kottakotabusines/public_html/system/CodeIgniter.php(320): CodeIgniter\CodeIgniter->handleRequest(NULL, Object(Config\Cache), false)
#4 /home/kottakotabusines/public_html/index.php(41): CodeIgniter\CodeIgniter->run()
#5 {main}
CRITICAL - 2022-08-09 07:53:30 --> Undefined array key 0
#0 /home/kottakotabusines/public_html/app/Controllers/SalesAgentWalletController.php(75): CodeIgniter\Debug\Exceptions->errorHandler(2, 'Undefined array...', '/home/kottakota...', 75)
#1 /home/kottakotabusines/public_html/system/CodeIgniter.php(825): App\Controllers\SalesAgentWalletController->paymentnotation()
#2 /home/kottakotabusines/public_html/system/CodeIgniter.php(412): CodeIgniter\CodeIgniter->runController(Object(App\Controllers\SalesAgentWalletController))
#3 /home/kottakotabusines/public_html/system/CodeIgniter.php(320): CodeIgniter\CodeIgniter->handleRequest(NULL, Object(Config\Cache), false)
#4 /home/kottakotabusines/public_html/index.php(41): CodeIgniter\CodeIgniter->run()
#5 {main}
CRITICAL - 2022-08-09 08:31:30 --> Undefined array key 0
#0 /home/kottakotabusines/public_html/app/Controllers/SalesAgentWalletController.php(75): CodeIgniter\Debug\Exceptions->errorHandler(2, 'Undefined array...', '/home/kottakota...', 75)
#1 /home/kottakotabusines/public_html/system/CodeIgniter.php(825): App\Controllers\SalesAgentWalletController->paymentnotation()
#2 /home/kottakotabusines/public_html/system/CodeIgniter.php(412): CodeIgniter\CodeIgniter->runController(Object(App\Controllers\SalesAgentWalletController))
#3 /home/kottakotabusines/public_html/system/CodeIgniter.php(320): CodeIgniter\CodeIgniter->handleRequest(NULL, Object(Config\Cache), false)
#4 /home/kottakotabusines/public_html/index.php(41): CodeIgniter\CodeIgniter->run()
#5 {main}
CRITICAL - 2022-08-09 08:32:58 --> Undefined array key 0
#0 /home/kottakotabusines/public_html/app/Controllers/SalesAgentWalletController.php(75): CodeIgniter\Debug\Exceptions->errorHandler(2, 'Undefined array...', '/home/kottakota...', 75)
#1 /home/kottakotabusines/public_html/system/CodeIgniter.php(825): App\Controllers\SalesAgentWalletController->paymentnotation()
#2 /home/kottakotabusines/public_html/system/CodeIgniter.php(412): CodeIgniter\CodeIgniter->runController(Object(App\Controllers\SalesAgentWalletController))
#3 /home/kottakotabusines/public_html/system/CodeIgniter.php(320): CodeIgniter\CodeIgniter->handleRequest(NULL, Object(Config\Cache), false)
#4 /home/kottakotabusines/public_html/index.php(41): CodeIgniter\CodeIgniter->run()
#5 {main}
CRITICAL - 2022-08-09 09:21:26 --> Undefined array key 0
#0 /home/kottakotabusines/public_html/app/Controllers/SalesAgentWalletController.php(75): CodeIgniter\Debug\Exceptions->errorHandler(2, 'Undefined array...', '/home/kottakota...', 75)
#1 /home/kottakotabusines/public_html/system/CodeIgniter.php(825): App\Controllers\SalesAgentWalletController->paymentnotation()
#2 /home/kottakotabusines/public_html/system/CodeIgniter.php(412): CodeIgniter\CodeIgniter->runController(Object(App\Controllers\SalesAgentWalletController))
#3 /home/kottakotabusines/public_html/system/CodeIgniter.php(320): CodeIgniter\CodeIgniter->handleRequest(NULL, Object(Config\Cache), false)
#4 /home/kottakotabusines/public_html/index.php(41): CodeIgniter\CodeIgniter->run()
#5 {main}
CRITICAL - 2022-08-09 09:27:24 --> Undefined array key 0
#0 /home/kottakotabusines/public_html/app/Controllers/SalesAgentWalletController.php(75): CodeIgniter\Debug\Exceptions->errorHandler(2, 'Undefined array...', '/home/kottakota...', 75)
#1 /home/kottakotabusines/public_html/system/CodeIgniter.php(825): App\Controllers\SalesAgentWalletController->paymentnotation()
#2 /home/kottakotabusines/public_html/system/CodeIgniter.php(412): CodeIgniter\CodeIgniter->runController(Object(App\Controllers\SalesAgentWalletController))
#3 /home/kottakotabusines/public_html/system/CodeIgniter.php(320): CodeIgniter\CodeIgniter->handleRequest(NULL, Object(Config\Cache), false)
#4 /home/kottakotabusines/public_html/index.php(41): CodeIgniter\CodeIgniter->run()
#5 {main}
CRITICAL - 2022-08-09 09:33:01 --> Undefined array key 0
#0 /home/kottakotabusines/public_html/app/Controllers/SalesAgentWalletController.php(75): CodeIgniter\Debug\Exceptions->errorHandler(2, 'Undefined array...', '/home/kottakota...', 75)
#1 /home/kottakotabusines/public_html/system/CodeIgniter.php(825): App\Controllers\SalesAgentWalletController->paymentnotation()
#2 /home/kottakotabusines/public_html/system/CodeIgniter.php(412): CodeIgniter\CodeIgniter->runController(Object(App\Controllers\SalesAgentWalletController))
#3 /home/kottakotabusines/public_html/system/CodeIgniter.php(320): CodeIgniter\CodeIgniter->handleRequest(NULL, Object(Config\Cache), false)
#4 /home/kottakotabusines/public_html/index.php(41): CodeIgniter\CodeIgniter->run()
#5 {main}
CRITICAL - 2022-08-09 09:37:24 --> Undefined array key 0
#0 /home/kottakotabusines/public_html/app/Controllers/SalesAgentWalletController.php(75): CodeIgniter\Debug\Exceptions->errorHandler(2, 'Undefined array...', '/home/kottakota...', 75)
#1 /home/kottakotabusines/public_html/system/CodeIgniter.php(825): App\Controllers\SalesAgentWalletController->paymentnotation()
#2 /home/kottakotabusines/public_html/system/CodeIgniter.php(412): CodeIgniter\CodeIgniter->runController(Object(App\Controllers\SalesAgentWalletController))
#3 /home/kottakotabusines/public_html/system/CodeIgniter.php(320): CodeIgniter\CodeIgniter->handleRequest(NULL, Object(Config\Cache), false)
#4 /home/kottakotabusines/public_html/index.php(41): CodeIgniter\CodeIgniter->run()
#5 {main}
CRITICAL - 2022-08-09 09:46:01 --> Undefined array key 0
#0 /home/kottakotabusines/public_html/app/Controllers/SalesAgentWalletController.php(75): CodeIgniter\Debug\Exceptions->errorHandler(2, 'Undefined array...', '/home/kottakota...', 75)
#1 /home/kottakotabusines/public_html/system/CodeIgniter.php(825): App\Controllers\SalesAgentWalletController->paymentnotation()
#2 /home/kottakotabusines/public_html/system/CodeIgniter.php(412): CodeIgniter\CodeIgniter->runController(Object(App\Controllers\SalesAgentWalletController))
#3 /home/kottakotabusines/public_html/system/CodeIgniter.php(320): CodeIgniter\CodeIgniter->handleRequest(NULL, Object(Config\Cache), false)
#4 /home/kottakotabusines/public_html/index.php(41): CodeIgniter\CodeIgniter->run()
#5 {main}
CRITICAL - 2022-08-09 09:53:31 --> Undefined array key 0
#0 /home/kottakotabusines/public_html/app/Controllers/SalesAgentWalletController.php(75): CodeIgniter\Debug\Exceptions->errorHandler(2, 'Undefined array...', '/home/kottakota...', 75)
#1 /home/kottakotabusines/public_html/system/CodeIgniter.php(825): App\Controllers\SalesAgentWalletController->paymentnotation()
#2 /home/kottakotabusines/public_html/system/CodeIgniter.php(412): CodeIgniter\CodeIgniter->runController(Object(App\Controllers\SalesAgentWalletController))
#3 /home/kottakotabusines/public_html/system/CodeIgniter.php(320): CodeIgniter\CodeIgniter->handleRequest(NULL, Object(Config\Cache), false)
#4 /home/kottakotabusines/public_html/index.php(41): CodeIgniter\CodeIgniter->run()
#5 {main}
CRITICAL - 2022-08-09 10:21:31 --> Undefined array key 0
#0 /home/kottakotabusines/public_html/app/Controllers/SalesAgentWalletController.php(75): CodeIgniter\Debug\Exceptions->errorHandler(2, 'Undefined array...', '/home/kottakota...', 75)
#1 /home/kottakotabusines/public_html/system/CodeIgniter.php(825): App\Controllers\SalesAgentWalletController->paymentnotation()
#2 /home/kottakotabusines/public_html/system/CodeIgniter.php(412): CodeIgniter\CodeIgniter->runController(Object(App\Controllers\SalesAgentWalletController))
#3 /home/kottakotabusines/public_html/system/CodeIgniter.php(320): CodeIgniter\CodeIgniter->handleRequest(NULL, Object(Config\Cache), false)
#4 /home/kottakotabusines/public_html/index.php(41): CodeIgniter\CodeIgniter->run()
#5 {main}
CRITICAL - 2022-08-09 10:27:31 --> Undefined array key 0
#0 /home/kottakotabusines/public_html/app/Controllers/SalesAgentWalletController.php(75): CodeIgniter\Debug\Exceptions->errorHandler(2, 'Undefined array...', '/home/kottakota...', 75)
#1 /home/kottakotabusines/public_html/system/CodeIgniter.php(825): App\Controllers\SalesAgentWalletController->paymentnotation()
#2 /home/kottakotabusines/public_html/system/CodeIgniter.php(412): CodeIgniter\CodeIgniter->runController(Object(App\Controllers\SalesAgentWalletController))
#3 /home/kottakotabusines/public_html/system/CodeIgniter.php(320): CodeIgniter\CodeIgniter->handleRequest(NULL, Object(Config\Cache), false)
#4 /home/kottakotabusines/public_html/index.php(41): CodeIgniter\CodeIgniter->run()
#5 {main}
CRITICAL - 2022-08-09 10:31:31 --> Undefined array key 0
#0 /home/kottakotabusines/public_html/app/Controllers/SalesAgentWalletController.php(75): CodeIgniter\Debug\Exceptions->errorHandler(2, 'Undefined array...', '/home/kottakota...', 75)
#1 /home/kottakotabusines/public_html/system/CodeIgniter.php(825): App\Controllers\SalesAgentWalletController->paymentnotation()
#2 /home/kottakotabusines/public_html/system/CodeIgniter.php(412): CodeIgniter\CodeIgniter->runController(Object(App\Controllers\SalesAgentWalletController))
#3 /home/kottakotabusines/public_html/system/CodeIgniter.php(320): CodeIgniter\CodeIgniter->handleRequest(NULL, Object(Config\Cache), false)
#4 /home/kottakotabusines/public_html/index.php(41): CodeIgniter\CodeIgniter->run()
#5 {main}
CRITICAL - 2022-08-09 10:37:32 --> Undefined array key 0
#0 /home/kottakotabusines/public_html/app/Controllers/SalesAgentWalletController.php(75): CodeIgniter\Debug\Exceptions->errorHandler(2, 'Undefined array...', '/home/kottakota...', 75)
#1 /home/kottakotabusines/public_html/system/CodeIgniter.php(825): App\Controllers\SalesAgentWalletController->paymentnotation()
#2 /home/kottakotabusines/public_html/system/CodeIgniter.php(412): CodeIgniter\CodeIgniter->runController(Object(App\Controllers\SalesAgentWalletController))
#3 /home/kottakotabusines/public_html/system/CodeIgniter.php(320): CodeIgniter\CodeIgniter->handleRequest(NULL, Object(Config\Cache), false)
#4 /home/kottakotabusines/public_html/index.php(41): CodeIgniter\CodeIgniter->run()
#5 {main}
CRITICAL - 2022-08-09 10:46:02 --> Undefined array key 0
#0 /home/kottakotabusines/public_html/app/Controllers/SalesAgentWalletController.php(75): CodeIgniter\Debug\Exceptions->errorHandler(2, 'Undefined array...', '/home/kottakota...', 75)
#1 /home/kottakotabusines/public_html/system/CodeIgniter.php(825): App\Controllers\SalesAgentWalletController->paymentnotation()
#2 /home/kottakotabusines/public_html/system/CodeIgniter.php(412): CodeIgniter\CodeIgniter->runController(Object(App\Controllers\SalesAgentWalletController))
#3 /home/kottakotabusines/public_html/system/CodeIgniter.php(320): CodeIgniter\CodeIgniter->handleRequest(NULL, Object(Config\Cache), false)
#4 /home/kottakotabusines/public_html/index.php(41): CodeIgniter\CodeIgniter->run()
#5 {main}
CRITICAL - 2022-08-09 11:08:13 --> Undefined array key 0
#0 /home/kottakotabusines/public_html/app/Controllers/SalesAgentWalletController.php(75): CodeIgniter\Debug\Exceptions->errorHandler(2, 'Undefined array...', '/home/kottakota...', 75)
#1 /home/kottakotabusines/public_html/system/CodeIgniter.php(825): App\Controllers\SalesAgentWalletController->paymentnotation()
#2 /home/kottakotabusines/public_html/system/CodeIgniter.php(412): CodeIgniter\CodeIgniter->runController(Object(App\Controllers\SalesAgentWalletController))
#3 /home/kottakotabusines/public_html/system/CodeIgniter.php(320): CodeIgniter\CodeIgniter->handleRequest(NULL, Object(Config\Cache), false)
#4 /home/kottakotabusines/public_html/index.php(41): CodeIgniter\CodeIgniter->run()
#5 {main}
CRITICAL - 2022-08-09 11:33:03 --> Undefined array key 0
#0 /home/kottakotabusines/public_html/app/Controllers/SalesAgentWalletController.php(75): CodeIgniter\Debug\Exceptions->errorHandler(2, 'Undefined array...', '/home/kottakota...', 75)
#1 /home/kottakotabusines/public_html/system/CodeIgniter.php(825): App\Controllers\SalesAgentWalletController->paymentnotation()
#2 /home/kottakotabusines/public_html/system/CodeIgniter.php(412): CodeIgniter\CodeIgniter->runController(Object(App\Controllers\SalesAgentWalletController))
#3 /home/kottakotabusines/public_html/system/CodeIgniter.php(320): CodeIgniter\CodeIgniter->handleRequest(NULL, Object(Config\Cache), false)
#4 /home/kottakotabusines/public_html/index.php(41): CodeIgniter\CodeIgniter->run()
#5 {main}
CRITICAL - 2022-08-09 11:34:49 --> Undefined array key 0
#0 /home/kottakotabusines/public_html/app/Controllers/SalesAgentWalletController.php(75): CodeIgniter\Debug\Exceptions->errorHandler(2, 'Undefined array...', '/home/kottakota...', 75)
#1 /home/kottakotabusines/public_html/system/CodeIgniter.php(825): App\Controllers\SalesAgentWalletController->paymentnotation()
#2 /home/kottakotabusines/public_html/system/CodeIgniter.php(412): CodeIgniter\CodeIgniter->runController(Object(App\Controllers\SalesAgentWalletController))
#3 /home/kottakotabusines/public_html/system/CodeIgniter.php(320): CodeIgniter\CodeIgniter->handleRequest(NULL, Object(Config\Cache), false)
#4 /home/kottakotabusines/public_html/index.php(41): CodeIgniter\CodeIgniter->run()
#5 {main}
CRITICAL - 2022-08-09 11:48:55 --> Undefined array key 0
#0 /home/kottakotabusines/public_html/app/Controllers/SalesAgentWalletController.php(75): CodeIgniter\Debug\Exceptions->errorHandler(2, 'Undefined array...', '/home/kottakota...', 75)
#1 /home/kottakotabusines/public_html/system/CodeIgniter.php(825): App\Controllers\SalesAgentWalletController->paymentnotation()
#2 /home/kottakotabusines/public_html/system/CodeIgniter.php(412): CodeIgniter\CodeIgniter->runController(Object(App\Controllers\SalesAgentWalletController))
#3 /home/kottakotabusines/public_html/system/CodeIgniter.php(320): CodeIgniter\CodeIgniter->handleRequest(NULL, Object(Config\Cache), false)
#4 /home/kottakotabusines/public_html/index.php(41): CodeIgniter\CodeIgniter->run()
#5 {main}
CRITICAL - 2022-08-09 12:08:34 --> Undefined array key 0
#0 /home/kottakotabusines/public_html/app/Controllers/SalesAgentWalletController.php(75): CodeIgniter\Debug\Exceptions->errorHandler(2, 'Undefined array...', '/home/kottakota...', 75)
#1 /home/kottakotabusines/public_html/system/CodeIgniter.php(825): App\Controllers\SalesAgentWalletController->paymentnotation()
#2 /home/kottakotabusines/public_html/system/CodeIgniter.php(412): CodeIgniter\CodeIgniter->runController(Object(App\Controllers\SalesAgentWalletController))
#3 /home/kottakotabusines/public_html/system/CodeIgniter.php(320): CodeIgniter\CodeIgniter->handleRequest(NULL, Object(Config\Cache), false)
#4 /home/kottakotabusines/public_html/index.php(41): CodeIgniter\CodeIgniter->run()
#5 {main}
CRITICAL - 2022-08-09 12:21:35 --> Undefined array key 0
#0 /home/kottakotabusines/public_html/app/Controllers/SalesAgentWalletController.php(75): CodeIgniter\Debug\Exceptions->errorHandler(2, 'Undefined array...', '/home/kottakota...', 75)
#1 /home/kottakotabusines/public_html/system/CodeIgniter.php(825): App\Controllers\SalesAgentWalletController->paymentnotation()
#2 /home/kottakotabusines/public_html/system/CodeIgniter.php(412): CodeIgniter\CodeIgniter->runController(Object(App\Controllers\SalesAgentWalletController))
#3 /home/kottakotabusines/public_html/system/CodeIgniter.php(320): CodeIgniter\CodeIgniter->handleRequest(NULL, Object(Config\Cache), false)
#4 /home/kottakotabusines/public_html/index.php(41): CodeIgniter\CodeIgniter->run()
#5 {main}
CRITICAL - 2022-08-09 12:27:35 --> Undefined array key 0
#0 /home/kottakotabusines/public_html/app/Controllers/SalesAgentWalletController.php(75): CodeIgniter\Debug\Exceptions->errorHandler(2, 'Undefined array...', '/home/kottakota...', 75)
#1 /home/kottakotabusines/public_html/system/CodeIgniter.php(825): App\Controllers\SalesAgentWalletController->paymentnotation()
#2 /home/kottakotabusines/public_html/system/CodeIgniter.php(412): CodeIgniter\CodeIgniter->runController(Object(App\Controllers\SalesAgentWalletController))
#3 /home/kottakotabusines/public_html/system/CodeIgniter.php(320): CodeIgniter\CodeIgniter->handleRequest(NULL, Object(Config\Cache), false)
#4 /home/kottakotabusines/public_html/index.php(41): CodeIgniter\CodeIgniter->run()
#5 {main}
CRITICAL - 2022-08-09 12:35:05 --> Undefined array key 0
#0 /home/kottakotabusines/public_html/app/Controllers/SalesAgentWalletController.php(75): CodeIgniter\Debug\Exceptions->errorHandler(2, 'Undefined array...', '/home/kottakota...', 75)
#1 /home/kottakotabusines/public_html/system/CodeIgniter.php(825): App\Controllers\SalesAgentWalletController->paymentnotation()
#2 /home/kottakotabusines/public_html/system/CodeIgniter.php(412): CodeIgniter\CodeIgniter->runController(Object(App\Controllers\SalesAgentWalletController))
#3 /home/kottakotabusines/public_html/system/CodeIgniter.php(320): CodeIgniter\CodeIgniter->handleRequest(NULL, Object(Config\Cache), false)
#4 /home/kottakotabusines/public_html/index.php(41): CodeIgniter\CodeIgniter->run()
#5 {main}
CRITICAL - 2022-08-09 12:37:35 --> Undefined array key 0
#0 /home/kottakotabusines/public_html/app/Controllers/SalesAgentWalletController.php(75): CodeIgniter\Debug\Exceptions->errorHandler(2, 'Undefined array...', '/home/kottakota...', 75)
#1 /home/kottakotabusines/public_html/system/CodeIgniter.php(825): App\Controllers\SalesAgentWalletController->paymentnotation()
#2 /home/kottakotabusines/public_html/system/CodeIgniter.php(412): CodeIgniter\CodeIgniter->runController(Object(App\Controllers\SalesAgentWalletController))
#3 /home/kottakotabusines/public_html/system/CodeIgniter.php(320): CodeIgniter\CodeIgniter->handleRequest(NULL, Object(Config\Cache), false)
#4 /home/kottakotabusines/public_html/index.php(41): CodeIgniter\CodeIgniter->run()
#5 {main}
CRITICAL - 2022-08-09 12:46:05 --> Undefined array key 0
#0 /home/kottakotabusines/public_html/app/Controllers/SalesAgentWalletController.php(75): CodeIgniter\Debug\Exceptions->errorHandler(2, 'Undefined array...', '/home/kottakota...', 75)
#1 /home/kottakotabusines/public_html/system/CodeIgniter.php(825): App\Controllers\SalesAgentWalletController->paymentnotation()
#2 /home/kottakotabusines/public_html/system/CodeIgniter.php(412): CodeIgniter\CodeIgniter->runController(Object(App\Controllers\SalesAgentWalletController))
#3 /home/kottakotabusines/public_html/system/CodeIgniter.php(320): CodeIgniter\CodeIgniter->handleRequest(NULL, Object(Config\Cache), false)
#4 /home/kottakotabusines/public_html/index.php(41): CodeIgniter\CodeIgniter->run()
#5 {main}
CRITICAL - 2022-08-09 12:49:05 --> Undefined array key 0
#0 /home/kottakotabusines/public_html/app/Controllers/SalesAgentWalletController.php(75): CodeIgniter\Debug\Exceptions->errorHandler(2, 'Undefined array...', '/home/kottakota...', 75)
#1 /home/kottakotabusines/public_html/system/CodeIgniter.php(825): App\Controllers\SalesAgentWalletController->paymentnotation()
#2 /home/kottakotabusines/public_html/system/CodeIgniter.php(412): CodeIgniter\CodeIgniter->runController(Object(App\Controllers\SalesAgentWalletController))
#3 /home/kottakotabusines/public_html/system/CodeIgniter.php(320): CodeIgniter\CodeIgniter->handleRequest(NULL, Object(Config\Cache), false)
#4 /home/kottakotabusines/public_html/index.php(41): CodeIgniter\CodeIgniter->run()
#5 {main}
CRITICAL - 2022-08-09 12:57:23 --> Undefined array key 0
#0 /home/kottakotabusines/public_html/app/Controllers/SalesAgentWalletController.php(75): CodeIgniter\Debug\Exceptions->errorHandler(2, 'Undefined array...', '/home/kottakota...', 75)
#1 /home/kottakotabusines/public_html/system/CodeIgniter.php(825): App\Controllers\SalesAgentWalletController->paymentnotation()
#2 /home/kottakotabusines/public_html/system/CodeIgniter.php(412): CodeIgniter\CodeIgniter->runController(Object(App\Controllers\SalesAgentWalletController))
#3 /home/kottakotabusines/public_html/system/CodeIgniter.php(320): CodeIgniter\CodeIgniter->handleRequest(NULL, Object(Config\Cache), false)
#4 /home/kottakotabusines/public_html/index.php(41): CodeIgniter\CodeIgniter->run()
#5 {main}
CRITICAL - 2022-08-09 13:36:36 --> Undefined array key "logged_img"
#0 /home/kottakotabusines/public_html/app/Views/partials/adminPanel/sidebar.php(5): CodeIgniter\Debug\Exceptions->errorHandler(2, 'Undefined array...', '/home/kottakota...', 5)
#1 /home/kottakotabusines/public_html/system/View/View.php(210): include('/home/kottakota...')
#2 /home/kottakotabusines/public_html/system/View/View.php(213): CodeIgniter\View\View->CodeIgniter\View\{closure}()
#3 /home/kottakotabusines/public_html/system/View/View.php(424): CodeIgniter\View\View->render('partials/adminP...', NULL, true)
#4 /home/kottakotabusines/public_html/app/Views/admin/viewsalesmanager.php(18): CodeIgniter\View\View->include('partials/adminP...')
#5 /home/kottakotabusines/public_html/system/View/View.php(210): include('/home/kottakota...')
#6 /home/kottakotabusines/public_html/system/View/View.php(213): CodeIgniter\View\View->CodeIgniter\View\{closure}()
#7 /home/kottakotabusines/public_html/system/Common.php(1089): CodeIgniter\View\View->render('admin/viewsales...', Array, true)
#8 /home/kottakotabusines/public_html/app/Controllers/SalesManagerController.php(599): view('admin/viewsales...', Array)
#9 /home/kottakotabusines/public_html/system/CodeIgniter.php(825): App\Controllers\SalesManagerController->viewsalesmanagerProfile('1')
#10 /home/kottakotabusines/public_html/system/CodeIgniter.php(412): CodeIgniter\CodeIgniter->runController(Object(App\Controllers\SalesManagerController))
#11 /home/kottakotabusines/public_html/system/CodeIgniter.php(320): CodeIgniter\CodeIgniter->handleRequest(NULL, Object(Config\Cache), false)
#12 /home/kottakotabusines/public_html/index.php(41): CodeIgniter\CodeIgniter->run()
#13 {main}
CRITICAL - 2022-08-09 13:53:37 --> Undefined array key 0
#0 /home/kottakotabusines/public_html/app/Controllers/SalesAgentWalletController.php(75): CodeIgniter\Debug\Exceptions->errorHandler(2, 'Undefined array...', '/home/kottakota...', 75)
#1 /home/kottakotabusines/public_html/system/CodeIgniter.php(825): App\Controllers\SalesAgentWalletController->paymentnotation()
#2 /home/kottakotabusines/public_html/system/CodeIgniter.php(412): CodeIgniter\CodeIgniter->runController(Object(App\Controllers\SalesAgentWalletController))
#3 /home/kottakotabusines/public_html/system/CodeIgniter.php(320): CodeIgniter\CodeIgniter->handleRequest(NULL, Object(Config\Cache), false)
#4 /home/kottakotabusines/public_html/index.php(41): CodeIgniter\CodeIgniter->run()
#5 {main}
CRITICAL - 2022-08-09 13:57:37 --> Undefined array key 0
#0 /home/kottakotabusines/public_html/app/Controllers/SalesAgentWalletController.php(75): CodeIgniter\Debug\Exceptions->errorHandler(2, 'Undefined array...', '/home/kottakota...', 75)
#1 /home/kottakotabusines/public_html/system/CodeIgniter.php(825): App\Controllers\SalesAgentWalletController->paymentnotation()
#2 /home/kottakotabusines/public_html/system/CodeIgniter.php(412): CodeIgniter\CodeIgniter->runController(Object(App\Controllers\SalesAgentWalletController))
#3 /home/kottakotabusines/public_html/system/CodeIgniter.php(320): CodeIgniter\CodeIgniter->handleRequest(NULL, Object(Config\Cache), false)
#4 /home/kottakotabusines/public_html/index.php(41): CodeIgniter\CodeIgniter->run()
#5 {main}
CRITICAL - 2022-08-09 14:05:41 --> Undefined array key "logged_img"
#0 /home/kottakotabusines/public_html/app/Views/partials/adminPanel/sidebar.php(5): CodeIgniter\Debug\Exceptions->errorHandler(2, 'Undefined array...', '/home/kottakota...', 5)
#1 /home/kottakotabusines/public_html/system/View/View.php(210): include('/home/kottakota...')
#2 /home/kottakotabusines/public_html/system/View/View.php(213): CodeIgniter\View\View->CodeIgniter\View\{closure}()
#3 /home/kottakotabusines/public_html/system/View/View.php(424): CodeIgniter\View\View->render('partials/adminP...', NULL, true)
#4 /home/kottakotabusines/public_html/app/Views/admin/viewsalesmanager.php(18): CodeIgniter\View\View->include('partials/adminP...')
#5 /home/kottakotabusines/public_html/system/View/View.php(210): include('/home/kottakota...')
#6 /home/kottakotabusines/public_html/system/View/View.php(213): CodeIgniter\View\View->CodeIgniter\View\{closure}()
#7 /home/kottakotabusines/public_html/system/Common.php(1089): CodeIgniter\View\View->render('admin/viewsales...', Array, true)
#8 /home/kottakotabusines/public_html/app/Controllers/SalesManagerController.php(599): view('admin/viewsales...', Array)
#9 /home/kottakotabusines/public_html/system/CodeIgniter.php(825): App\Controllers\SalesManagerController->viewsalesmanagerProfile('1')
#10 /home/kottakotabusines/public_html/system/CodeIgniter.php(412): CodeIgniter\CodeIgniter->runController(Object(App\Controllers\SalesManagerController))
#11 /home/kottakotabusines/public_html/system/CodeIgniter.php(320): CodeIgniter\CodeIgniter->handleRequest(NULL, Object(Config\Cache), false)
#12 /home/kottakotabusines/public_html/index.php(41): CodeIgniter\CodeIgniter->run()
#13 {main}
CRITICAL - 2022-08-09 14:08:38 --> Undefined array key 0
#0 /home/kottakotabusines/public_html/app/Controllers/SalesAgentWalletController.php(75): CodeIgniter\Debug\Exceptions->errorHandler(2, 'Undefined array...', '/home/kottakota...', 75)
#1 /home/kottakotabusines/public_html/system/CodeIgniter.php(825): App\Controllers\SalesAgentWalletController->paymentnotation()
#2 /home/kottakotabusines/public_html/system/CodeIgniter.php(412): CodeIgniter\CodeIgniter->runController(Object(App\Controllers\SalesAgentWalletController))
#3 /home/kottakotabusines/public_html/system/CodeIgniter.php(320): CodeIgniter\CodeIgniter->handleRequest(NULL, Object(Config\Cache), false)
#4 /home/kottakotabusines/public_html/index.php(41): CodeIgniter\CodeIgniter->run()
#5 {main}
CRITICAL - 2022-08-09 14:16:49 --> Undefined array key 0
#0 /home/kottakotabusines/public_html/app/Controllers/SalesAgentWalletController.php(75): CodeIgniter\Debug\Exceptions->errorHandler(2, 'Undefined array...', '/home/kottakota...', 75)
#1 /home/kottakotabusines/public_html/system/CodeIgniter.php(825): App\Controllers\SalesAgentWalletController->paymentnotation()
#2 /home/kottakotabusines/public_html/system/CodeIgniter.php(412): CodeIgniter\CodeIgniter->runController(Object(App\Controllers\SalesAgentWalletController))
#3 /home/kottakotabusines/public_html/system/CodeIgniter.php(320): CodeIgniter\CodeIgniter->handleRequest(NULL, Object(Config\Cache), false)
#4 /home/kottakotabusines/public_html/index.php(41): CodeIgniter\CodeIgniter->run()
#5 {main}
CRITICAL - 2022-08-09 14:17:20 --> Undefined array key "teamleademailid"
#0 /home/kottakotabusines/public_html/app/Views/admin/viewteamlead.php(94): CodeIgniter\Debug\Exceptions->errorHandler(2, 'Undefined array...', '/home/kottakota...', 94)
#1 /home/kottakotabusines/public_html/system/View/View.php(210): include('/home/kottakota...')
#2 /home/kottakotabusines/public_html/system/View/View.php(213): CodeIgniter\View\View->CodeIgniter\View\{closure}()
#3 /home/kottakotabusines/public_html/system/Common.php(1089): CodeIgniter\View\View->render('admin/viewteaml...', Array, true)
#4 /home/kottakotabusines/public_html/app/Controllers/TeamLeadController.php(652): view('admin/viewteaml...', Array)
#5 /home/kottakotabusines/public_html/system/CodeIgniter.php(825): App\Controllers\TeamLeadController->viewteamleadProfile('1')
#6 /home/kottakotabusines/public_html/system/CodeIgniter.php(412): CodeIgniter\CodeIgniter->runController(Object(App\Controllers\TeamLeadController))
#7 /home/kottakotabusines/public_html/system/CodeIgniter.php(320): CodeIgniter\CodeIgniter->handleRequest(NULL, Object(Config\Cache), false)
#8 /home/kottakotabusines/public_html/index.php(41): CodeIgniter\CodeIgniter->run()
#9 {main}
CRITICAL - 2022-08-09 14:23:20 --> Undefined array key "teamleademailid"
#0 /home/kottakotabusines/public_html/app/Views/admin/editteamlead.php(120): CodeIgniter\Debug\Exceptions->errorHandler(2, 'Undefined array...', '/home/kottakota...', 120)
#1 /home/kottakotabusines/public_html/system/View/View.php(210): include('/home/kottakota...')
#2 /home/kottakotabusines/public_html/system/View/View.php(213): CodeIgniter\View\View->CodeIgniter\View\{closure}()
#3 /home/kottakotabusines/public_html/system/Common.php(1089): CodeIgniter\View\View->render('admin/editteaml...', Array, true)
#4 /home/kottakotabusines/public_html/app/Controllers/TeamLeadController.php(1002): view('admin/editteaml...', Array)
#5 /home/kottakotabusines/public_html/system/CodeIgniter.php(825): App\Controllers\TeamLeadController->editProfileAdmin('1')
#6 /home/kottakotabusines/public_html/system/CodeIgniter.php(412): CodeIgniter\CodeIgniter->runController(Object(App\Controllers\TeamLeadController))
#7 /home/kottakotabusines/public_html/system/CodeIgniter.php(320): CodeIgniter\CodeIgniter->handleRequest(NULL, Object(Config\Cache), false)
#8 /home/kottakotabusines/public_html/index.php(41): CodeIgniter\CodeIgniter->run()
#9 {main}
CRITICAL - 2022-08-09 14:25:08 --> Undefined array key 0
#0 /home/kottakotabusines/public_html/app/Controllers/SalesAgentWalletController.php(75): CodeIgniter\Debug\Exceptions->errorHandler(2, 'Undefined array...', '/home/kottakota...', 75)
#1 /home/kottakotabusines/public_html/system/CodeIgniter.php(825): App\Controllers\SalesAgentWalletController->paymentnotation()
#2 /home/kottakotabusines/public_html/system/CodeIgniter.php(412): CodeIgniter\CodeIgniter->runController(Object(App\Controllers\SalesAgentWalletController))
#3 /home/kottakotabusines/public_html/system/CodeIgniter.php(320): CodeIgniter\CodeIgniter->handleRequest(NULL, Object(Config\Cache), false)
#4 /home/kottakotabusines/public_html/index.php(41): CodeIgniter\CodeIgniter->run()
#5 {main}
CRITICAL - 2022-08-09 14:31:38 --> Undefined array key 0
#0 /home/kottakotabusines/public_html/app/Controllers/SalesAgentWalletController.php(75): CodeIgniter\Debug\Exceptions->errorHandler(2, 'Undefined array...', '/home/kottakota...', 75)
#1 /home/kottakotabusines/public_html/system/CodeIgniter.php(825): App\Controllers\SalesAgentWalletController->paymentnotation()
#2 /home/kottakotabusines/public_html/system/CodeIgniter.php(412): CodeIgniter\CodeIgniter->runController(Object(App\Controllers\SalesAgentWalletController))
#3 /home/kottakotabusines/public_html/system/CodeIgniter.php(320): CodeIgniter\CodeIgniter->handleRequest(NULL, Object(Config\Cache), false)
#4 /home/kottakotabusines/public_html/index.php(41): CodeIgniter\CodeIgniter->run()
#5 {main}
CRITICAL - 2022-08-09 14:35:09 --> Undefined array key 0
#0 /home/kottakotabusines/public_html/app/Controllers/SalesAgentWalletController.php(75): CodeIgniter\Debug\Exceptions->errorHandler(2, 'Undefined array...', '/home/kottakota...', 75)
#1 /home/kottakotabusines/public_html/system/CodeIgniter.php(825): App\Controllers\SalesAgentWalletController->paymentnotation()
#2 /home/kottakotabusines/public_html/system/CodeIgniter.php(412): CodeIgniter\CodeIgniter->runController(Object(App\Controllers\SalesAgentWalletController))
#3 /home/kottakotabusines/public_html/system/CodeIgniter.php(320): CodeIgniter\CodeIgniter->handleRequest(NULL, Object(Config\Cache), false)
#4 /home/kottakotabusines/public_html/index.php(41): CodeIgniter\CodeIgniter->run()
#5 {main}
CRITICAL - 2022-08-09 14:49:09 --> Undefined array key 0
#0 /home/kottakotabusines/public_html/app/Controllers/SalesAgentWalletController.php(75): CodeIgniter\Debug\Exceptions->errorHandler(2, 'Undefined array...', '/home/kottakota...', 75)
#1 /home/kottakotabusines/public_html/system/CodeIgniter.php(825): App\Controllers\SalesAgentWalletController->paymentnotation()
#2 /home/kottakotabusines/public_html/system/CodeIgniter.php(412): CodeIgniter\CodeIgniter->runController(Object(App\Controllers\SalesAgentWalletController))
#3 /home/kottakotabusines/public_html/system/CodeIgniter.php(320): CodeIgniter\CodeIgniter->handleRequest(NULL, Object(Config\Cache), false)
#4 /home/kottakotabusines/public_html/index.php(41): CodeIgniter\CodeIgniter->run()
#5 {main}
CRITICAL - 2022-08-09 14:53:33 --> Undefined variable $otp
#0 /home/kottakotabusines/public_html/app/Controllers/AdminDashboardController.php(448): CodeIgniter\Debug\Exceptions->errorHandler(2, 'Undefined varia...', '/home/kottakota...', 448)
#1 /home/kottakotabusines/public_html/system/CodeIgniter.php(825): App\Controllers\AdminDashboardController->otplist()
#2 /home/kottakotabusines/public_html/system/CodeIgniter.php(412): CodeIgniter\CodeIgniter->runController(Object(App\Controllers\AdminDashboardController))
#3 /home/kottakotabusines/public_html/system/CodeIgniter.php(320): CodeIgniter\CodeIgniter->handleRequest(NULL, Object(Config\Cache), false)
#4 /home/kottakotabusines/public_html/index.php(41): CodeIgniter\CodeIgniter->run()
#5 {main}
CRITICAL - 2022-08-09 15:01:22 --> Undefined variable $otp
#0 /home/kottakotabusines/public_html/app/Views/admin/otplist.php(106): CodeIgniter\Debug\Exceptions->errorHandler(2, 'Undefined varia...', '/home/kottakota...', 106)
#1 /home/kottakotabusines/public_html/system/View/View.php(210): include('/home/kottakota...')
#2 /home/kottakotabusines/public_html/system/View/View.php(213): CodeIgniter\View\View->CodeIgniter\View\{closure}()
#3 /home/kottakotabusines/public_html/system/Common.php(1089): CodeIgniter\View\View->render('admin/otplist', Array, true)
#4 /home/kottakotabusines/public_html/app/Controllers/AdminDashboardController.php(448): view('admin/otplist')
#5 /home/kottakotabusines/public_html/system/CodeIgniter.php(825): App\Controllers\AdminDashboardController->otplist()
#6 /home/kottakotabusines/public_html/system/CodeIgniter.php(412): CodeIgniter\CodeIgniter->runController(Object(App\Controllers\AdminDashboardController))
#7 /home/kottakotabusines/public_html/system/CodeIgniter.php(320): CodeIgniter\CodeIgniter->handleRequest(NULL, Object(Config\Cache), false)
#8 /home/kottakotabusines/public_html/index.php(41): CodeIgniter\CodeIgniter->run()
#9 {main}
ERROR - 2022-08-09 15:09:04 --> Table 'kottakotabusines_hitchpa.fse' doesn't exist
CRITICAL - 2022-08-09 15:09:04 --> Table 'kottakotabusines_hitchpa.fse' doesn't exist
#0 /home/kottakotabusines/public_html/system/Database/MySQLi/Connection.php(292): mysqli->query('SELECT *\nFROM `...', 0)
#1 /home/kottakotabusines/public_html/system/Database/BaseConnection.php(670): CodeIgniter\Database\MySQLi\Connection->execute('SELECT *\nFROM `...')
#2 /home/kottakotabusines/public_html/system/Database/BaseConnection.php(598): CodeIgniter\Database\BaseConnection->simpleQuery('SELECT *\nFROM `...')
#3 /home/kottakotabusines/public_html/system/Database/BaseBuilder.php(1455): CodeIgniter\Database\BaseConnection->query('SELECT *\nFROM `...', Array, false)
#4 /home/kottakotabusines/public_html/app/Models/LoginModel.php(122): CodeIgniter\Database\BaseBuilder->get()
#5 /home/kottakotabusines/public_html/app/Controllers/AdminDashboardController.php(446): App\Models\LoginModel->searchhotp('fse')
#6 /home/kottakotabusines/public_html/system/CodeIgniter.php(825): App\Controllers\AdminDashboardController->otplist('fse')
#7 /home/kottakotabusines/public_html/system/CodeIgniter.php(412): CodeIgniter\CodeIgniter->runController(Object(App\Controllers\AdminDashboardController))
#8 /home/kottakotabusines/public_html/system/CodeIgniter.php(320): CodeIgniter\CodeIgniter->handleRequest(NULL, Object(Config\Cache), false)
#9 /home/kottakotabusines/public_html/index.php(41): CodeIgniter\CodeIgniter->run()
#10 {main}
CRITICAL - 2022-08-09 15:16:08 --> Uninitialized string offset 3
#0 /home/kottakotabusines/public_html/app/Views/admin/otplist.php(113): CodeIgniter\Debug\Exceptions->errorHandler(2, 'Uninitialized s...', '/home/kottakota...', 113)
#1 /home/kottakotabusines/public_html/system/View/View.php(210): include('/home/kottakota...')
#2 /home/kottakotabusines/public_html/system/View/View.php(213): CodeIgniter\View\View->CodeIgniter\View\{closure}()
#3 /home/kottakotabusines/public_html/system/Common.php(1089): CodeIgniter\View\View->render('admin/otplist', Array, true)
#4 /home/kottakotabusines/public_html/app/Controllers/AdminDashboardController.php(457): view('admin/otplist', Array)
#5 /home/kottakotabusines/public_html/system/CodeIgniter.php(825): App\Controllers\AdminDashboardController->otplist('fse')
#6 /home/kottakotabusines/public_html/system/CodeIgniter.php(412): CodeIgniter\CodeIgniter->runController(Object(App\Controllers\AdminDashboardController))
#7 /home/kottakotabusines/public_html/system/CodeIgniter.php(320): CodeIgniter\CodeIgniter->handleRequest(NULL, Object(Config\Cache), false)
#8 /home/kottakotabusines/public_html/index.php(41): CodeIgniter\CodeIgniter->run()
#9 {main}
CRITICAL - 2022-08-09 15:17:10 --> Undefined array key 0
#0 /home/kottakotabusines/public_html/app/Controllers/SalesAgentWalletController.php(75): CodeIgniter\Debug\Exceptions->errorHandler(2, 'Undefined array...', '/home/kottakota...', 75)
#1 /home/kottakotabusines/public_html/system/CodeIgniter.php(825): App\Controllers\SalesAgentWalletController->paymentnotation()
#2 /home/kottakotabusines/public_html/system/CodeIgniter.php(412): CodeIgniter\CodeIgniter->runController(Object(App\Controllers\SalesAgentWalletController))
#3 /home/kottakotabusines/public_html/system/CodeIgniter.php(320): CodeIgniter\CodeIgniter->handleRequest(NULL, Object(Config\Cache), false)
#4 /home/kottakotabusines/public_html/index.php(41): CodeIgniter\CodeIgniter->run()
#5 {main}
CRITICAL - 2022-08-09 15:24:15 --> Undefined array key 0
#0 /home/kottakotabusines/public_html/app/Controllers/SalesAgentWalletController.php(75): CodeIgniter\Debug\Exceptions->errorHandler(2, 'Undefined array...', '/home/kottakota...', 75)
#1 /home/kottakotabusines/public_html/system/CodeIgniter.php(825): App\Controllers\SalesAgentWalletController->paymentnotation()
#2 /home/kottakotabusines/public_html/system/CodeIgniter.php(412): CodeIgniter\CodeIgniter->runController(Object(App\Controllers\SalesAgentWalletController))
#3 /home/kottakotabusines/public_html/system/CodeIgniter.php(320): CodeIgniter\CodeIgniter->handleRequest(NULL, Object(Config\Cache), false)
#4 /home/kottakotabusines/public_html/index.php(41): CodeIgniter\CodeIgniter->run()
#5 {main}
CRITICAL - 2022-08-09 15:25:10 --> Undefined array key 0
#0 /home/kottakotabusines/public_html/app/Controllers/SalesAgentWalletController.php(75): CodeIgniter\Debug\Exceptions->errorHandler(2, 'Undefined array...', '/home/kottakota...', 75)
#1 /home/kottakotabusines/public_html/system/CodeIgniter.php(825): App\Controllers\SalesAgentWalletController->paymentnotation()
#2 /home/kottakotabusines/public_html/system/CodeIgniter.php(412): CodeIgniter\CodeIgniter->runController(Object(App\Controllers\SalesAgentWalletController))
#3 /home/kottakotabusines/public_html/system/CodeIgniter.php(320): CodeIgniter\CodeIgniter->handleRequest(NULL, Object(Config\Cache), false)
#4 /home/kottakotabusines/public_html/index.php(41): CodeIgniter\CodeIgniter->run()
#5 {main}
CRITICAL - 2022-08-09 15:33:10 --> Undefined array key 0
#0 /home/kottakotabusines/public_html/app/Controllers/SalesAgentWalletController.php(75): CodeIgniter\Debug\Exceptions->errorHandler(2, 'Undefined array...', '/home/kottakota...', 75)
#1 /home/kottakotabusines/public_html/system/CodeIgniter.php(825): App\Controllers\SalesAgentWalletController->paymentnotation()
#2 /home/kottakotabusines/public_html/system/CodeIgniter.php(412): CodeIgniter\CodeIgniter->runController(Object(App\Controllers\SalesAgentWalletController))
#3 /home/kottakotabusines/public_html/system/CodeIgniter.php(320): CodeIgniter\CodeIgniter->handleRequest(NULL, Object(Config\Cache), false)
#4 /home/kottakotabusines/public_html/index.php(41): CodeIgniter\CodeIgniter->run()
#5 {main}
ERROR - 2022-08-09 15:43:44 --> Expression #5 of SELECT list is not in GROUP BY clause and contains nonaggregated column 'kottakotabusines_hitchpa.classofbarcode.typeofvehicle' which is not functionally dependent on columns in GROUP BY clause; this is incompatible with sql_mode=only_full_group_by
CRITICAL - 2022-08-09 15:43:44 --> Expression #5 of SELECT list is not in GROUP BY clause and contains nonaggregated column 'kottakotabusines_hitchpa.classofbarcode.typeofvehicle' which is not functionally dependent on columns in GROUP BY clause; this is incompatible with sql_mode=only_full_group_by
#0 /home/kottakotabusines/public_html/system/Database/MySQLi/Connection.php(292): mysqli->query('SELECT `product...', 0)
#1 /home/kottakotabusines/public_html/system/Database/BaseConnection.php(670): CodeIgniter\Database\MySQLi\Connection->execute('SELECT `product...')
#2 /home/kottakotabusines/public_html/system/Database/BaseConnection.php(598): CodeIgniter\Database\BaseConnection->simpleQuery('SELECT `product...')
#3 /home/kottakotabusines/public_html/system/Database/BaseBuilder.php(1455): CodeIgniter\Database\BaseConnection->query('SELECT `product...', Array, false)
#4 /home/kottakotabusines/public_html/app/Models/SalesAgentModel.php(395): CodeIgniter\Database\BaseBuilder->get()
#5 /home/kottakotabusines/public_html/app/Controllers/CustometrOnboardingController.php(96): App\Models\SalesAgentModel->getClassofbarcode('1')
#6 /home/kottakotabusines/public_html/system/CodeIgniter.php(825): App\Controllers\CustometrOnboardingController->customeronboarding()
#7 /home/kottakotabusines/public_html/system/CodeIgniter.php(412): CodeIgniter\CodeIgniter->runController(Object(App\Controllers\CustometrOnboardingController))
#8 /home/kottakotabusines/public_html/system/CodeIgniter.php(320): CodeIgniter\CodeIgniter->handleRequest(NULL, Object(Config\Cache), false)
#9 /home/kottakotabusines/public_html/index.php(41): CodeIgniter\CodeIgniter->run()
#10 {main}
ERROR - 2022-08-09 15:52:34 --> Expression #5 of SELECT list is not in GROUP BY clause and contains nonaggregated column 'kottakotabusines_hitchpa.classofbarcode.typeofvehicle' which is not functionally dependent on columns in GROUP BY clause; this is incompatible with sql_mode=only_full_group_by
CRITICAL - 2022-08-09 15:52:34 --> Expression #5 of SELECT list is not in GROUP BY clause and contains nonaggregated column 'kottakotabusines_hitchpa.classofbarcode.typeofvehicle' which is not functionally dependent on columns in GROUP BY clause; this is incompatible with sql_mode=only_full_group_by
#0 /home/kottakotabusines/public_html/system/Database/MySQLi/Connection.php(292): mysqli->query('SELECT `product...', 0)
#1 /home/kottakotabusines/public_html/system/Database/BaseConnection.php(670): CodeIgniter\Database\MySQLi\Connection->execute('SELECT `product...')
#2 /home/kottakotabusines/public_html/system/Database/BaseConnection.php(598): CodeIgniter\Database\BaseConnection->simpleQuery('SELECT `product...')
#3 /home/kottakotabusines/public_html/system/Database/BaseBuilder.php(1455): CodeIgniter\Database\BaseConnection->query('SELECT `product...', Array, false)
#4 /home/kottakotabusines/public_html/app/Models/SalesAgentModel.php(395): CodeIgniter\Database\BaseBuilder->get()
#5 /home/kottakotabusines/public_html/app/Controllers/CustometrOnboardingController.php(96): App\Models\SalesAgentModel->getClassofbarcode('1')
#6 /home/kottakotabusines/public_html/system/CodeIgniter.php(825): App\Controllers\CustometrOnboardingController->customeronboarding()
#7 /home/kottakotabusines/public_html/system/CodeIgniter.php(412): CodeIgniter\CodeIgniter->runController(Object(App\Controllers\CustometrOnboardingController))
#8 /home/kottakotabusines/public_html/system/CodeIgniter.php(320): CodeIgniter\CodeIgniter->handleRequest(NULL, Object(Config\Cache), false)
#9 /home/kottakotabusines/public_html/index.php(41): CodeIgniter\CodeIgniter->run()
#10 {main}
CRITICAL - 2022-08-09 15:57:41 --> Undefined array key 0
#0 /home/kottakotabusines/public_html/app/Controllers/SalesAgentWalletController.php(75): CodeIgniter\Debug\Exceptions->errorHandler(2, 'Undefined array...', '/home/kottakota...', 75)
#1 /home/kottakotabusines/public_html/system/CodeIgniter.php(825): App\Controllers\SalesAgentWalletController->paymentnotation()
#2 /home/kottakotabusines/public_html/system/CodeIgniter.php(412): CodeIgniter\CodeIgniter->runController(Object(App\Controllers\SalesAgentWalletController))
#3 /home/kottakotabusines/public_html/system/CodeIgniter.php(320): CodeIgniter\CodeIgniter->handleRequest(NULL, Object(Config\Cache), false)
#4 /home/kottakotabusines/public_html/index.php(41): CodeIgniter\CodeIgniter->run()
#5 {main}
ERROR - 2022-08-09 15:58:29 --> Expression #5 of SELECT list is not in GROUP BY clause and contains nonaggregated column 'kottakotabusines_hitchpa.classofbarcode.typeofvehicle' which is not functionally dependent on columns in GROUP BY clause; this is incompatible with sql_mode=only_full_group_by
CRITICAL - 2022-08-09 15:58:29 --> Expression #5 of SELECT list is not in GROUP BY clause and contains nonaggregated column 'kottakotabusines_hitchpa.classofbarcode.typeofvehicle' which is not functionally dependent on columns in GROUP BY clause; this is incompatible with sql_mode=only_full_group_by
#0 /home/kottakotabusines/public_html/system/Database/MySQLi/Connection.php(292): mysqli->query('SELECT `product...', 0)
#1 /home/kottakotabusines/public_html/system/Database/BaseConnection.php(670): CodeIgniter\Database\MySQLi\Connection->execute('SELECT `product...')
#2 /home/kottakotabusines/public_html/system/Database/BaseConnection.php(598): CodeIgniter\Database\BaseConnection->simpleQuery('SELECT `product...')
#3 /home/kottakotabusines/public_html/system/Database/BaseBuilder.php(1455): CodeIgniter\Database\BaseConnection->query('SELECT `product...', Array, false)
#4 /home/kottakotabusines/public_html/app/Models/SalesAgentModel.php(395): CodeIgniter\Database\BaseBuilder->get()
#5 /home/kottakotabusines/public_html/app/Controllers/CustometrOnboardingController.php(96): App\Models\SalesAgentModel->getClassofbarcode('1')
#6 /home/kottakotabusines/public_html/system/CodeIgniter.php(825): App\Controllers\CustometrOnboardingController->customeronboarding()
#7 /home/kottakotabusines/public_html/system/CodeIgniter.php(412): CodeIgniter\CodeIgniter->runController(Object(App\Controllers\CustometrOnboardingController))
#8 /home/kottakotabusines/public_html/system/CodeIgniter.php(320): CodeIgniter\CodeIgniter->handleRequest(NULL, Object(Config\Cache), false)
#9 /home/kottakotabusines/public_html/index.php(41): CodeIgniter\CodeIgniter->run()
#10 {main}
ERROR - 2022-08-09 15:58:44 --> Expression #5 of SELECT list is not in GROUP BY clause and contains nonaggregated column 'kottakotabusines_hitchpa.classofbarcode.typeofvehicle' which is not functionally dependent on columns in GROUP BY clause; this is incompatible with sql_mode=only_full_group_by
CRITICAL - 2022-08-09 15:58:44 --> Expression #5 of SELECT list is not in GROUP BY clause and contains nonaggregated column 'kottakotabusines_hitchpa.classofbarcode.typeofvehicle' which is not functionally dependent on columns in GROUP BY clause; this is incompatible with sql_mode=only_full_group_by
#0 /home/kottakotabusines/public_html/system/Database/MySQLi/Connection.php(292): mysqli->query('SELECT `product...', 0)
#1 /home/kottakotabusines/public_html/system/Database/BaseConnection.php(670): CodeIgniter\Database\MySQLi\Connection->execute('SELECT `product...')
#2 /home/kottakotabusines/public_html/system/Database/BaseConnection.php(598): CodeIgniter\Database\BaseConnection->simpleQuery('SELECT `product...')
#3 /home/kottakotabusines/public_html/system/Database/BaseBuilder.php(1455): CodeIgniter\Database\BaseConnection->query('SELECT `product...', Array, false)
#4 /home/kottakotabusines/public_html/app/Models/SalesAgentModel.php(395): CodeIgniter\Database\BaseBuilder->get()
#5 /home/kottakotabusines/public_html/app/Controllers/CustometrOnboardingController.php(96): App\Models\SalesAgentModel->getClassofbarcode('1')
#6 /home/kottakotabusines/public_html/system/CodeIgniter.php(825): App\Controllers\CustometrOnboardingController->customeronboarding()
#7 /home/kottakotabusines/public_html/system/CodeIgniter.php(412): CodeIgniter\CodeIgniter->runController(Object(App\Controllers\CustometrOnboardingController))
#8 /home/kottakotabusines/public_html/system/CodeIgniter.php(320): CodeIgniter\CodeIgniter->handleRequest(NULL, Object(Config\Cache), false)
#9 /home/kottakotabusines/public_html/index.php(41): CodeIgniter\CodeIgniter->run()
#10 {main}
ERROR - 2022-08-09 16:00:53 --> Expression #5 of SELECT list is not in GROUP BY clause and contains nonaggregated column 'kottakotabusines_hitchpa.classofbarcode.typeofvehicle' which is not functionally dependent on columns in GROUP BY clause; this is incompatible with sql_mode=only_full_group_by
CRITICAL - 2022-08-09 16:00:53 --> Expression #5 of SELECT list is not in GROUP BY clause and contains nonaggregated column 'kottakotabusines_hitchpa.classofbarcode.typeofvehicle' which is not functionally dependent on columns in GROUP BY clause; this is incompatible with sql_mode=only_full_group_by
#0 /home/kottakotabusines/public_html/system/Database/MySQLi/Connection.php(292): mysqli->query('SELECT `product...', 0)
#1 /home/kottakotabusines/public_html/system/Database/BaseConnection.php(670): CodeIgniter\Database\MySQLi\Connection->execute('SELECT `product...')
#2 /home/kottakotabusines/public_html/system/Database/BaseConnection.php(598): CodeIgniter\Database\BaseConnection->simpleQuery('SELECT `product...')
#3 /home/kottakotabusines/public_html/system/Database/BaseBuilder.php(1455): CodeIgniter\Database\BaseConnection->query('SELECT `product...', Array, false)
#4 /home/kottakotabusines/public_html/app/Models/SalesAgentModel.php(395): CodeIgniter\Database\BaseBuilder->get()
#5 /home/kottakotabusines/public_html/app/Controllers/CustometrOnboardingController.php(1100): App\Models\SalesAgentModel->getClassofbarcode('1')
#6 /home/kottakotabusines/public_html/system/CodeIgniter.php(825): App\Controllers\CustometrOnboardingController->requestcustomeronboarding()
#7 /home/kottakotabusines/public_html/system/CodeIgniter.php(412): CodeIgniter\CodeIgniter->runController(Object(App\Controllers\CustometrOnboardingController))
#8 /home/kottakotabusines/public_html/system/CodeIgniter.php(320): CodeIgniter\CodeIgniter->handleRequest(NULL, Object(Config\Cache), false)
#9 /home/kottakotabusines/public_html/index.php(41): CodeIgniter\CodeIgniter->run()
#10 {main}
CRITICAL - 2022-08-09 16:21:42 --> Undefined array key 0
#0 /home/kottakotabusines/public_html/app/Controllers/SalesAgentWalletController.php(75): CodeIgniter\Debug\Exceptions->errorHandler(2, 'Undefined array...', '/home/kottakota...', 75)
#1 /home/kottakotabusines/public_html/system/CodeIgniter.php(825): App\Controllers\SalesAgentWalletController->paymentnotation()
#2 /home/kottakotabusines/public_html/system/CodeIgniter.php(412): CodeIgniter\CodeIgniter->runController(Object(App\Controllers\SalesAgentWalletController))
#3 /home/kottakotabusines/public_html/system/CodeIgniter.php(320): CodeIgniter\CodeIgniter->handleRequest(NULL, Object(Config\Cache), false)
#4 /home/kottakotabusines/public_html/index.php(41): CodeIgniter\CodeIgniter->run()
#5 {main}
CRITICAL - 2022-08-09 16:24:42 --> Undefined array key 0
#0 /home/kottakotabusines/public_html/app/Controllers/SalesAgentWalletController.php(75): CodeIgniter\Debug\Exceptions->errorHandler(2, 'Undefined array...', '/home/kottakota...', 75)
#1 /home/kottakotabusines/public_html/system/CodeIgniter.php(825): App\Controllers\SalesAgentWalletController->paymentnotation()
#2 /home/kottakotabusines/public_html/system/CodeIgniter.php(412): CodeIgniter\CodeIgniter->runController(Object(App\Controllers\SalesAgentWalletController))
#3 /home/kottakotabusines/public_html/system/CodeIgniter.php(320): CodeIgniter\CodeIgniter->handleRequest(NULL, Object(Config\Cache), false)
#4 /home/kottakotabusines/public_html/index.php(41): CodeIgniter\CodeIgniter->run()
#5 {main}
CRITICAL - 2022-08-09 16:27:42 --> Undefined array key 0
#0 /home/kottakotabusines/public_html/app/Controllers/SalesAgentWalletController.php(75): CodeIgniter\Debug\Exceptions->errorHandler(2, 'Undefined array...', '/home/kottakota...', 75)
#1 /home/kottakotabusines/public_html/system/CodeIgniter.php(825): App\Controllers\SalesAgentWalletController->paymentnotation()
#2 /home/kottakotabusines/public_html/system/CodeIgniter.php(412): CodeIgniter\CodeIgniter->runController(Object(App\Controllers\SalesAgentWalletController))
#3 /home/kottakotabusines/public_html/system/CodeIgniter.php(320): CodeIgniter\CodeIgniter->handleRequest(NULL, Object(Config\Cache), false)
#4 /home/kottakotabusines/public_html/index.php(41): CodeIgniter\CodeIgniter->run()
#5 {main}
CRITICAL - 2022-08-09 16:37:42 --> Undefined array key 0
#0 /home/kottakotabusines/public_html/app/Controllers/SalesAgentWalletController.php(75): CodeIgniter\Debug\Exceptions->errorHandler(2, 'Undefined array...', '/home/kottakota...', 75)
#1 /home/kottakotabusines/public_html/system/CodeIgniter.php(825): App\Controllers\SalesAgentWalletController->paymentnotation()
#2 /home/kottakotabusines/public_html/system/CodeIgniter.php(412): CodeIgniter\CodeIgniter->runController(Object(App\Controllers\SalesAgentWalletController))
#3 /home/kottakotabusines/public_html/system/CodeIgniter.php(320): CodeIgniter\CodeIgniter->handleRequest(NULL, Object(Config\Cache), false)
#4 /home/kottakotabusines/public_html/index.php(41): CodeIgniter\CodeIgniter->run()
#5 {main}
CRITICAL - 2022-08-09 16:46:12 --> Undefined array key 0
#0 /home/kottakotabusines/public_html/app/Controllers/SalesAgentWalletController.php(75): CodeIgniter\Debug\Exceptions->errorHandler(2, 'Undefined array...', '/home/kottakota...', 75)
#1 /home/kottakotabusines/public_html/system/CodeIgniter.php(825): App\Controllers\SalesAgentWalletController->paymentnotation()
#2 /home/kottakotabusines/public_html/system/CodeIgniter.php(412): CodeIgniter\CodeIgniter->runController(Object(App\Controllers\SalesAgentWalletController))
#3 /home/kottakotabusines/public_html/system/CodeIgniter.php(320): CodeIgniter\CodeIgniter->handleRequest(NULL, Object(Config\Cache), false)
#4 /home/kottakotabusines/public_html/index.php(41): CodeIgniter\CodeIgniter->run()
#5 {main}
CRITICAL - 2022-08-09 17:17:13 --> Undefined array key 0
#0 /home/kottakotabusines/public_html/app/Controllers/SalesAgentWalletController.php(75): CodeIgniter\Debug\Exceptions->errorHandler(2, 'Undefined array...', '/home/kottakota...', 75)
#1 /home/kottakotabusines/public_html/system/CodeIgniter.php(825): App\Controllers\SalesAgentWalletController->paymentnotation()
#2 /home/kottakotabusines/public_html/system/CodeIgniter.php(412): CodeIgniter\CodeIgniter->runController(Object(App\Controllers\SalesAgentWalletController))
#3 /home/kottakotabusines/public_html/system/CodeIgniter.php(320): CodeIgniter\CodeIgniter->handleRequest(NULL, Object(Config\Cache), false)
#4 /home/kottakotabusines/public_html/index.php(41): CodeIgniter\CodeIgniter->run()
#5 {main}
CRITICAL - 2022-08-09 17:23:54 --> Undefined array key 0
#0 /home/kottakotabusines/public_html/app/Controllers/SalesAgentWalletController.php(75): CodeIgniter\Debug\Exceptions->errorHandler(2, 'Undefined array...', '/home/kottakota...', 75)
#1 /home/kottakotabusines/public_html/system/CodeIgniter.php(825): App\Controllers\SalesAgentWalletController->paymentnotation()
#2 /home/kottakotabusines/public_html/system/CodeIgniter.php(412): CodeIgniter\CodeIgniter->runController(Object(App\Controllers\SalesAgentWalletController))
#3 /home/kottakotabusines/public_html/system/CodeIgniter.php(320): CodeIgniter\CodeIgniter->handleRequest(NULL, Object(Config\Cache), false)
#4 /home/kottakotabusines/public_html/index.php(41): CodeIgniter\CodeIgniter->run()
#5 {main}
CRITICAL - 2022-08-09 17:25:14 --> Undefined array key 0
#0 /home/kottakotabusines/public_html/app/Controllers/SalesAgentWalletController.php(75): CodeIgniter\Debug\Exceptions->errorHandler(2, 'Undefined array...', '/home/kottakota...', 75)
#1 /home/kottakotabusines/public_html/system/CodeIgniter.php(825): App\Controllers\SalesAgentWalletController->paymentnotation()
#2 /home/kottakotabusines/public_html/system/CodeIgniter.php(412): CodeIgniter\CodeIgniter->runController(Object(App\Controllers\SalesAgentWalletController))
#3 /home/kottakotabusines/public_html/system/CodeIgniter.php(320): CodeIgniter\CodeIgniter->handleRequest(NULL, Object(Config\Cache), false)
#4 /home/kottakotabusines/public_html/index.php(41): CodeIgniter\CodeIgniter->run()
#5 {main}
CRITICAL - 2022-08-09 17:56:20 --> Undefined array key 0
#0 /home/kottakotabusines/public_html/app/Controllers/SalesAgentWalletController.php(75): CodeIgniter\Debug\Exceptions->errorHandler(2, 'Undefined array...', '/home/kottakota...', 75)
#1 /home/kottakotabusines/public_html/system/CodeIgniter.php(825): App\Controllers\SalesAgentWalletController->paymentnotation()
#2 /home/kottakotabusines/public_html/system/CodeIgniter.php(412): CodeIgniter\CodeIgniter->runController(Object(App\Controllers\SalesAgentWalletController))
#3 /home/kottakotabusines/public_html/system/CodeIgniter.php(320): CodeIgniter\CodeIgniter->handleRequest(NULL, Object(Config\Cache), false)
#4 /home/kottakotabusines/public_html/index.php(41): CodeIgniter\CodeIgniter->run()
#5 {main}
CRITICAL - 2022-08-09 18:08:46 --> Undefined array key 0
#0 /home/kottakotabusines/public_html/app/Controllers/SalesAgentWalletController.php(75): CodeIgniter\Debug\Exceptions->errorHandler(2, 'Undefined array...', '/home/kottakota...', 75)
#1 /home/kottakotabusines/public_html/system/CodeIgniter.php(825): App\Controllers\SalesAgentWalletController->paymentnotation()
#2 /home/kottakotabusines/public_html/system/CodeIgniter.php(412): CodeIgniter\CodeIgniter->runController(Object(App\Controllers\SalesAgentWalletController))
#3 /home/kottakotabusines/public_html/system/CodeIgniter.php(320): CodeIgniter\CodeIgniter->handleRequest(NULL, Object(Config\Cache), false)
#4 /home/kottakotabusines/public_html/index.php(41): CodeIgniter\CodeIgniter->run()
#5 {main}
CRITICAL - 2022-08-09 18:09:04 --> Undefined array key 0
#0 /home/kottakotabusines/public_html/app/Controllers/SalesAgentWalletController.php(75): CodeIgniter\Debug\Exceptions->errorHandler(2, 'Undefined array...', '/home/kottakota...', 75)
#1 /home/kottakotabusines/public_html/system/CodeIgniter.php(825): App\Controllers\SalesAgentWalletController->paymentnotation()
#2 /home/kottakotabusines/public_html/system/CodeIgniter.php(412): CodeIgniter\CodeIgniter->runController(Object(App\Controllers\SalesAgentWalletController))
#3 /home/kottakotabusines/public_html/system/CodeIgniter.php(320): CodeIgniter\CodeIgniter->handleRequest(NULL, Object(Config\Cache), false)
#4 /home/kottakotabusines/public_html/index.php(41): CodeIgniter\CodeIgniter->run()
#5 {main}
CRITICAL - 2022-08-09 18:24:16 --> Undefined array key 0
#0 /home/kottakotabusines/public_html/app/Controllers/SalesAgentWalletController.php(75): CodeIgniter\Debug\Exceptions->errorHandler(2, 'Undefined array...', '/home/kottakota...', 75)
#1 /home/kottakotabusines/public_html/system/CodeIgniter.php(825): App\Controllers\SalesAgentWalletController->paymentnotation()
#2 /home/kottakotabusines/public_html/system/CodeIgniter.php(412): CodeIgniter\CodeIgniter->runController(Object(App\Controllers\SalesAgentWalletController))
#3 /home/kottakotabusines/public_html/system/CodeIgniter.php(320): CodeIgniter\CodeIgniter->handleRequest(NULL, Object(Config\Cache), false)
#4 /home/kottakotabusines/public_html/index.php(41): CodeIgniter\CodeIgniter->run()
#5 {main}
CRITICAL - 2022-08-09 18:24:46 --> Undefined array key 0
#0 /home/kottakotabusines/public_html/app/Controllers/SalesAgentWalletController.php(75): CodeIgniter\Debug\Exceptions->errorHandler(2, 'Undefined array...', '/home/kottakota...', 75)
#1 /home/kottakotabusines/public_html/system/CodeIgniter.php(825): App\Controllers\SalesAgentWalletController->paymentnotation()
#2 /home/kottakotabusines/public_html/system/CodeIgniter.php(412): CodeIgniter\CodeIgniter->runController(Object(App\Controllers\SalesAgentWalletController))
#3 /home/kottakotabusines/public_html/system/CodeIgniter.php(320): CodeIgniter\CodeIgniter->handleRequest(NULL, Object(Config\Cache), false)
#4 /home/kottakotabusines/public_html/index.php(41): CodeIgniter\CodeIgniter->run()
#5 {main}
CRITICAL - 2022-08-09 18:35:17 --> Undefined array key 0
#0 /home/kottakotabusines/public_html/app/Controllers/SalesAgentWalletController.php(75): CodeIgniter\Debug\Exceptions->errorHandler(2, 'Undefined array...', '/home/kottakota...', 75)
#1 /home/kottakotabusines/public_html/system/CodeIgniter.php(825): App\Controllers\SalesAgentWalletController->paymentnotation()
#2 /home/kottakotabusines/public_html/system/CodeIgniter.php(412): CodeIgniter\CodeIgniter->runController(Object(App\Controllers\SalesAgentWalletController))
#3 /home/kottakotabusines/public_html/system/CodeIgniter.php(320): CodeIgniter\CodeIgniter->handleRequest(NULL, Object(Config\Cache), false)
#4 /home/kottakotabusines/public_html/index.php(41): CodeIgniter\CodeIgniter->run()
#5 {main}
CRITICAL - 2022-08-09 18:49:17 --> Undefined array key 0
#0 /home/kottakotabusines/public_html/app/Controllers/SalesAgentWalletController.php(75): CodeIgniter\Debug\Exceptions->errorHandler(2, 'Undefined array...', '/home/kottakota...', 75)
#1 /home/kottakotabusines/public_html/system/CodeIgniter.php(825): App\Controllers\SalesAgentWalletController->paymentnotation()
#2 /home/kottakotabusines/public_html/system/CodeIgniter.php(412): CodeIgniter\CodeIgniter->runController(Object(App\Controllers\SalesAgentWalletController))
#3 /home/kottakotabusines/public_html/system/CodeIgniter.php(320): CodeIgniter\CodeIgniter->handleRequest(NULL, Object(Config\Cache), false)
#4 /home/kottakotabusines/public_html/index.php(41): CodeIgniter\CodeIgniter->run()
#5 {main}
CRITICAL - 2022-08-09 18:56:47 --> Undefined array key 0
#0 /home/kottakotabusines/public_html/app/Controllers/SalesAgentWalletController.php(75): CodeIgniter\Debug\Exceptions->errorHandler(2, 'Undefined array...', '/home/kottakota...', 75)
#1 /home/kottakotabusines/public_html/system/CodeIgniter.php(825): App\Controllers\SalesAgentWalletController->paymentnotation()
#2 /home/kottakotabusines/public_html/system/CodeIgniter.php(412): CodeIgniter\CodeIgniter->runController(Object(App\Controllers\SalesAgentWalletController))
#3 /home/kottakotabusines/public_html/system/CodeIgniter.php(320): CodeIgniter\CodeIgniter->handleRequest(NULL, Object(Config\Cache), false)
#4 /home/kottakotabusines/public_html/index.php(41): CodeIgniter\CodeIgniter->run()
#5 {main}
CRITICAL - 2022-08-09 19:09:17 --> Undefined array key 0
#0 /home/kottakotabusines/public_html/app/Controllers/SalesAgentWalletController.php(75): CodeIgniter\Debug\Exceptions->errorHandler(2, 'Undefined array...', '/home/kottakota...', 75)
#1 /home/kottakotabusines/public_html/system/CodeIgniter.php(825): App\Controllers\SalesAgentWalletController->paymentnotation()
#2 /home/kottakotabusines/public_html/system/CodeIgniter.php(412): CodeIgniter\CodeIgniter->runController(Object(App\Controllers\SalesAgentWalletController))
#3 /home/kottakotabusines/public_html/system/CodeIgniter.php(320): CodeIgniter\CodeIgniter->handleRequest(NULL, Object(Config\Cache), false)
#4 /home/kottakotabusines/public_html/index.php(41): CodeIgniter\CodeIgniter->run()
#5 {main}
ERROR - 2022-08-09 19:13:49 --> Expression #5 of SELECT list is not in GROUP BY clause and contains nonaggregated column 'kottakotabusines_hitchpa.classofbarcode.typeofvehicle' which is not functionally dependent on columns in GROUP BY clause; this is incompatible with sql_mode=only_full_group_by
CRITICAL - 2022-08-09 19:13:49 --> Expression #5 of SELECT list is not in GROUP BY clause and contains nonaggregated column 'kottakotabusines_hitchpa.classofbarcode.typeofvehicle' which is not functionally dependent on columns in GROUP BY clause; this is incompatible with sql_mode=only_full_group_by
#0 /home/kottakotabusines/public_html/system/Database/MySQLi/Connection.php(292): mysqli->query('SELECT `product...', 0)
#1 /home/kottakotabusines/public_html/system/Database/BaseConnection.php(670): CodeIgniter\Database\MySQLi\Connection->execute('SELECT `product...')
#2 /home/kottakotabusines/public_html/system/Database/BaseConnection.php(598): CodeIgniter\Database\BaseConnection->simpleQuery('SELECT `product...')
#3 /home/kottakotabusines/public_html/system/Database/BaseBuilder.php(1455): CodeIgniter\Database\BaseConnection->query('SELECT `product...', Array, false)
#4 /home/kottakotabusines/public_html/app/Models/SalesAgentModel.php(395): CodeIgniter\Database\BaseBuilder->get()
#5 /home/kottakotabusines/public_html/app/Controllers/CustometrOnboardingController.php(1100): App\Models\SalesAgentModel->getClassofbarcode('1')
#6 /home/kottakotabusines/public_html/system/CodeIgniter.php(825): App\Controllers\CustometrOnboardingController->requestcustomeronboarding()
#7 /home/kottakotabusines/public_html/system/CodeIgniter.php(412): CodeIgniter\CodeIgniter->runController(Object(App\Controllers\CustometrOnboardingController))
#8 /home/kottakotabusines/public_html/system/CodeIgniter.php(320): CodeIgniter\CodeIgniter->handleRequest(NULL, Object(Config\Cache), false)
#9 /home/kottakotabusines/public_html/index.php(41): CodeIgniter\CodeIgniter->run()
#10 {main}
CRITICAL - 2022-08-09 19:44:50 --> Call to undefined function App\Models\DISTINCT()
#0 /home/kottakotabusines/public_html/app/Controllers/CustometrOnboardingController.php(1102): App\Models\SalesAgentModel->viewspecificdstnt('classofbarcode', 'classofbarcode,...', 'fastagclass', '4')
#1 /home/kottakotabusines/public_html/system/CodeIgniter.php(825): App\Controllers\CustometrOnboardingController->requestcustomeronboarding()
#2 /home/kottakotabusines/public_html/system/CodeIgniter.php(412): CodeIgniter\CodeIgniter->runController(Object(App\Controllers\CustometrOnboardingController))
#3 /home/kottakotabusines/public_html/system/CodeIgniter.php(320): CodeIgniter\CodeIgniter->handleRequest(NULL, Object(Config\Cache), false)
#4 /home/kottakotabusines/public_html/index.php(41): CodeIgniter\CodeIgniter->run()
#5 {main}
CRITICAL - 2022-08-09 19:57:48 --> Undefined array key 0
#0 /home/kottakotabusines/public_html/app/Controllers/SalesAgentWalletController.php(75): CodeIgniter\Debug\Exceptions->errorHandler(2, 'Undefined array...', '/home/kottakota...', 75)
#1 /home/kottakotabusines/public_html/system/CodeIgniter.php(825): App\Controllers\SalesAgentWalletController->paymentnotation()
#2 /home/kottakotabusines/public_html/system/CodeIgniter.php(412): CodeIgniter\CodeIgniter->runController(Object(App\Controllers\SalesAgentWalletController))
#3 /home/kottakotabusines/public_html/system/CodeIgniter.php(320): CodeIgniter\CodeIgniter->handleRequest(NULL, Object(Config\Cache), false)
#4 /home/kottakotabusines/public_html/index.php(41): CodeIgniter\CodeIgniter->run()
#5 {main}
CRITICAL - 2022-08-09 20:24:19 --> Undefined array key 0
#0 /home/kottakotabusines/public_html/app/Controllers/SalesAgentWalletController.php(75): CodeIgniter\Debug\Exceptions->errorHandler(2, 'Undefined array...', '/home/kottakota...', 75)
#1 /home/kottakotabusines/public_html/system/CodeIgniter.php(825): App\Controllers\SalesAgentWalletController->paymentnotation()
#2 /home/kottakotabusines/public_html/system/CodeIgniter.php(412): CodeIgniter\CodeIgniter->runController(Object(App\Controllers\SalesAgentWalletController))
#3 /home/kottakotabusines/public_html/system/CodeIgniter.php(320): CodeIgniter\CodeIgniter->handleRequest(NULL, Object(Config\Cache), false)
#4 /home/kottakotabusines/public_html/index.php(41): CodeIgniter\CodeIgniter->run()
#5 {main}
CRITICAL - 2022-08-09 20:56:50 --> Undefined array key 0
#0 /home/kottakotabusines/public_html/app/Controllers/SalesAgentWalletController.php(75): CodeIgniter\Debug\Exceptions->errorHandler(2, 'Undefined array...', '/home/kottakota...', 75)
#1 /home/kottakotabusines/public_html/system/CodeIgniter.php(825): App\Controllers\SalesAgentWalletController->paymentnotation()
#2 /home/kottakotabusines/public_html/system/CodeIgniter.php(412): CodeIgniter\CodeIgniter->runController(Object(App\Controllers\SalesAgentWalletController))
#3 /home/kottakotabusines/public_html/system/CodeIgniter.php(320): CodeIgniter\CodeIgniter->handleRequest(NULL, Object(Config\Cache), false)
#4 /home/kottakotabusines/public_html/index.php(41): CodeIgniter\CodeIgniter->run()
#5 {main}
CRITICAL - 2022-08-09 21:09:30 --> Undefined array key 0
#0 /home/kottakotabusines/public_html/app/Controllers/SalesAgentWalletController.php(75): CodeIgniter\Debug\Exceptions->errorHandler(2, 'Undefined array...', '/home/kottakota...', 75)
#1 /home/kottakotabusines/public_html/system/CodeIgniter.php(825): App\Controllers\SalesAgentWalletController->paymentnotation()
#2 /home/kottakotabusines/public_html/system/CodeIgniter.php(412): CodeIgniter\CodeIgniter->runController(Object(App\Controllers\SalesAgentWalletController))
#3 /home/kottakotabusines/public_html/system/CodeIgniter.php(320): CodeIgniter\CodeIgniter->handleRequest(NULL, Object(Config\Cache), false)
#4 /home/kottakotabusines/public_html/index.php(41): CodeIgniter\CodeIgniter->run()
#5 {main}
CRITICAL - 2022-08-09 21:17:20 --> Undefined array key 0
#0 /home/kottakotabusines/public_html/app/Controllers/SalesAgentWalletController.php(75): CodeIgniter\Debug\Exceptions->errorHandler(2, 'Undefined array...', '/home/kottakota...', 75)
#1 /home/kottakotabusines/public_html/system/CodeIgniter.php(825): App\Controllers\SalesAgentWalletController->paymentnotation()
#2 /home/kottakotabusines/public_html/system/CodeIgniter.php(412): CodeIgniter\CodeIgniter->runController(Object(App\Controllers\SalesAgentWalletController))
#3 /home/kottakotabusines/public_html/system/CodeIgniter.php(320): CodeIgniter\CodeIgniter->handleRequest(NULL, Object(Config\Cache), false)
#4 /home/kottakotabusines/public_html/index.php(41): CodeIgniter\CodeIgniter->run()
#5 {main}
CRITICAL - 2022-08-09 21:25:21 --> Undefined array key 0
#0 /home/kottakotabusines/public_html/app/Controllers/SalesAgentWalletController.php(75): CodeIgniter\Debug\Exceptions->errorHandler(2, 'Undefined array...', '/home/kottakota...', 75)
#1 /home/kottakotabusines/public_html/system/CodeIgniter.php(825): App\Controllers\SalesAgentWalletController->paymentnotation()
#2 /home/kottakotabusines/public_html/system/CodeIgniter.php(412): CodeIgniter\CodeIgniter->runController(Object(App\Controllers\SalesAgentWalletController))
#3 /home/kottakotabusines/public_html/system/CodeIgniter.php(320): CodeIgniter\CodeIgniter->handleRequest(NULL, Object(Config\Cache), false)
#4 /home/kottakotabusines/public_html/index.php(41): CodeIgniter\CodeIgniter->run()
#5 {main}
CRITICAL - 2022-08-09 22:24:52 --> Undefined array key 0
#0 /home/kottakotabusines/public_html/app/Controllers/SalesAgentWalletController.php(75): CodeIgniter\Debug\Exceptions->errorHandler(2, 'Undefined array...', '/home/kottakota...', 75)
#1 /home/kottakotabusines/public_html/system/CodeIgniter.php(825): App\Controllers\SalesAgentWalletController->paymentnotation()
#2 /home/kottakotabusines/public_html/system/CodeIgniter.php(412): CodeIgniter\CodeIgniter->runController(Object(App\Controllers\SalesAgentWalletController))
#3 /home/kottakotabusines/public_html/system/CodeIgniter.php(320): CodeIgniter\CodeIgniter->handleRequest(NULL, Object(Config\Cache), false)
#4 /home/kottakotabusines/public_html/index.php(41): CodeIgniter\CodeIgniter->run()
#5 {main}
CRITICAL - 2022-08-09 22:30:40 --> Undefined array key 0
#0 /home/kottakotabusines/public_html/app/Controllers/SalesAgentWalletController.php(75): CodeIgniter\Debug\Exceptions->errorHandler(2, 'Undefined array...', '/home/kottakota...', 75)
#1 /home/kottakotabusines/public_html/system/CodeIgniter.php(825): App\Controllers\SalesAgentWalletController->paymentnotation()
#2 /home/kottakotabusines/public_html/system/CodeIgniter.php(412): CodeIgniter\CodeIgniter->runController(Object(App\Controllers\SalesAgentWalletController))
#3 /home/kottakotabusines/public_html/system/CodeIgniter.php(320): CodeIgniter\CodeIgniter->handleRequest(NULL, Object(Config\Cache), false)
#4 /home/kottakotabusines/public_html/index.php(41): CodeIgniter\CodeIgniter->run()
#5 {main}
CRITICAL - 2022-08-09 22:32:54 --> Undefined variable $otp
#0 /home/kottakotabusines/public_html/app/Controllers/IciciBankController.php(69): CodeIgniter\Debug\Exceptions->errorHandler(2, 'Undefined varia...', '/home/kottakota...', 69)
#1 /home/kottakotabusines/public_html/system/CodeIgniter.php(825): App\Controllers\IciciBankController->requestid()
#2 /home/kottakotabusines/public_html/system/CodeIgniter.php(412): CodeIgniter\CodeIgniter->runController(Object(App\Controllers\IciciBankController))
#3 /home/kottakotabusines/public_html/system/CodeIgniter.php(320): CodeIgniter\CodeIgniter->handleRequest(NULL, Object(Config\Cache), false)
#4 /home/kottakotabusines/public_html/index.php(41): CodeIgniter\CodeIgniter->run()
#5 {main}
CRITICAL - 2022-08-09 22:35:41 --> Undefined variable $otp
#0 /home/kottakotabusines/public_html/app/Controllers/IciciBankController.php(71): CodeIgniter\Debug\Exceptions->errorHandler(2, 'Undefined varia...', '/home/kottakota...', 71)
#1 /home/kottakotabusines/public_html/system/CodeIgniter.php(825): App\Controllers\IciciBankController->requestid()
#2 /home/kottakotabusines/public_html/system/CodeIgniter.php(412): CodeIgniter\CodeIgniter->runController(Object(App\Controllers\IciciBankController))
#3 /home/kottakotabusines/public_html/system/CodeIgniter.php(320): CodeIgniter\CodeIgniter->handleRequest(NULL, Object(Config\Cache), false)
#4 /home/kottakotabusines/public_html/index.php(41): CodeIgniter\CodeIgniter->run()
#5 {main}
CRITICAL - 2022-08-09 22:36:05 --> Undefined variable $otp
#0 /home/kottakotabusines/public_html/app/Controllers/IciciBankController.php(70): CodeIgniter\Debug\Exceptions->errorHandler(2, 'Undefined varia...', '/home/kottakota...', 70)
#1 /home/kottakotabusines/public_html/system/CodeIgniter.php(825): App\Controllers\IciciBankController->requestid()
#2 /home/kottakotabusines/public_html/system/CodeIgniter.php(412): CodeIgniter\CodeIgniter->runController(Object(App\Controllers\IciciBankController))
#3 /home/kottakotabusines/public_html/system/CodeIgniter.php(320): CodeIgniter\CodeIgniter->handleRequest(NULL, Object(Config\Cache), false)
#4 /home/kottakotabusines/public_html/index.php(41): CodeIgniter\CodeIgniter->run()
#5 {main}
CRITICAL - 2022-08-09 22:37:45 --> Undefined array key "logged_img"
#0 /home/kottakotabusines/public_html/app/Views/partials/adminPanel/sidebar.php(5): CodeIgniter\Debug\Exceptions->errorHandler(2, 'Undefined array...', '/home/kottakota...', 5)
#1 /home/kottakotabusines/public_html/system/View/View.php(210): include('/home/kottakota...')
#2 /home/kottakotabusines/public_html/system/View/View.php(213): CodeIgniter\View\View->CodeIgniter\View\{closure}()
#3 /home/kottakotabusines/public_html/system/View/View.php(424): CodeIgniter\View\View->render('partials/adminP...', NULL, true)
#4 /home/kottakotabusines/public_html/app/Views/admin/editsalesagent.php(18): CodeIgniter\View\View->include('partials/adminP...')
#5 /home/kottakotabusines/public_html/system/View/View.php(210): include('/home/kottakota...')
#6 /home/kottakotabusines/public_html/system/View/View.php(213): CodeIgniter\View\View->CodeIgniter\View\{closure}()
#7 /home/kottakotabusines/public_html/system/Common.php(1089): CodeIgniter\View\View->render('admin/editsales...', Array, true)
#8 /home/kottakotabusines/public_html/app/Controllers/SalesAgentController.php(1005): view('admin/editsales...', Array)
#9 /home/kottakotabusines/public_html/system/CodeIgniter.php(825): App\Controllers\SalesAgentController->editProfileAdmin('375')
#10 /home/kottakotabusines/public_html/system/CodeIgniter.php(412): CodeIgniter\CodeIgniter->runController(Object(App\Controllers\SalesAgentController))
#11 /home/kottakotabusines/public_html/system/CodeIgniter.php(320): CodeIgniter\CodeIgniter->handleRequest(NULL, Object(Config\Cache), false)
#12 /home/kottakotabusines/public_html/index.php(41): CodeIgniter\CodeIgniter->run()
#13 {main}
CRITICAL - 2022-08-09 22:40:57 --> Undefined array key "logged_img"
#0 /home/kottakotabusines/public_html/app/Views/partials/adminPanel/sidebar.php(5): CodeIgniter\Debug\Exceptions->errorHandler(2, 'Undefined array...', '/home/kottakota...', 5)
#1 /home/kottakotabusines/public_html/system/View/View.php(210): include('/home/kottakota...')
#2 /home/kottakotabusines/public_html/system/View/View.php(213): CodeIgniter\View\View->CodeIgniter\View\{closure}()
#3 /home/kottakotabusines/public_html/system/View/View.php(424): CodeIgniter\View\View->render('partials/adminP...', NULL, true)
#4 /home/kottakotabusines/public_html/app/Views/admin/editsalesagent.php(18): CodeIgniter\View\View->include('partials/adminP...')
#5 /home/kottakotabusines/public_html/system/View/View.php(210): include('/home/kottakota...')
#6 /home/kottakotabusines/public_html/system/View/View.php(213): CodeIgniter\View\View->CodeIgniter\View\{closure}()
#7 /home/kottakotabusines/public_html/system/Common.php(1089): CodeIgniter\View\View->render('admin/editsales...', Array, true)
#8 /home/kottakotabusines/public_html/app/Controllers/SalesAgentController.php(1005): view('admin/editsales...', Array)
#9 /home/kottakotabusines/public_html/system/CodeIgniter.php(825): App\Controllers\SalesAgentController->editProfileAdmin('375')
#10 /home/kottakotabusines/public_html/system/CodeIgniter.php(412): CodeIgniter\CodeIgniter->runController(Object(App\Controllers\SalesAgentController))
#11 /home/kottakotabusines/public_html/system/CodeIgniter.php(320): CodeIgniter\CodeIgniter->handleRequest(NULL, Object(Config\Cache), false)
#12 /home/kottakotabusines/public_html/index.php(41): CodeIgniter\CodeIgniter->run()
#13 {main}
CRITICAL - 2022-08-09 23:26:56 --> Undefined array key 0
#0 /home/kottakotabusines/public_html/app/Controllers/IciciBankController.php(696): CodeIgniter\Debug\Exceptions->errorHandler(2, 'Undefined array...', '/home/kottakota...', 696)
#1 /home/kottakotabusines/public_html/system/CodeIgniter.php(825): App\Controllers\IciciBankController->walletnotification()
#2 /home/kottakotabusines/public_html/system/CodeIgniter.php(412): CodeIgniter\CodeIgniter->runController(Object(App\Controllers\IciciBankController))
#3 /home/kottakotabusines/public_html/system/CodeIgniter.php(320): CodeIgniter\CodeIgniter->handleRequest(NULL, Object(Config\Cache), false)
#4 /home/kottakotabusines/public_html/index.php(41): CodeIgniter\CodeIgniter->run()
#5 {main}
CRITICAL - 2022-08-09 23:30:54 --> Undefined array key 0
#0 /home/kottakotabusines/public_html/app/Controllers/SalesAgentWalletController.php(75): CodeIgniter\Debug\Exceptions->errorHandler(2, 'Undefined array...', '/home/kottakota...', 75)
#1 /home/kottakotabusines/public_html/system/CodeIgniter.php(825): App\Controllers\SalesAgentWalletController->paymentnotation()
#2 /home/kottakotabusines/public_html/system/CodeIgniter.php(412): CodeIgniter\CodeIgniter->runController(Object(App\Controllers\SalesAgentWalletController))
#3 /home/kottakotabusines/public_html/system/CodeIgniter.php(320): CodeIgniter\CodeIgniter->handleRequest(NULL, Object(Config\Cache), false)
#4 /home/kottakotabusines/public_html/index.php(41): CodeIgniter\CodeIgniter->run()
#5 {main}
