CRITICAL - 2022-04-01 00:07:57 --> Undefined array key 0
#0 /home/kottako/public_html/app/Controllers/SalesAgentController.php(971): CodeIgniter\Debug\Exceptions->errorHandler()
#1 /home/kottako/public_html/system/CodeIgniter.php(825): App\Controllers\SalesAgentController->stats()
#2 /home/kottako/public_html/system/CodeIgniter.php(412): CodeIgniter\CodeIgniter->runController()
#3 /home/kottako/public_html/system/CodeIgniter.php(320): CodeIgniter\CodeIgniter->handleRequest()
#4 /home/kottako/public_html/index.php(37): CodeIgniter\CodeIgniter->run()
#5 {main}
CRITICAL - 2022-04-01 04:51:09 --> Call to undefined function show_form_error()
#0 /home/kottako/public_html/system/View/View.php(210): include()
#1 /home/kottako/public_html/system/View/View.php(213): CodeIgniter\View\View->CodeIgniter\View\{closure}()
#2 /home/kottako/public_html/system/Common.php(1089): CodeIgniter\View\View->render()
#3 /home/kottako/public_html/app/Controllers/AdminDashboardController.php(120): view()
#4 /home/kottako/public_html/system/CodeIgniter.php(825): App\Controllers\AdminDashboardController->addpayment()
#5 /home/kottako/public_html/system/CodeIgniter.php(412): CodeIgniter\CodeIgniter->runController()
#6 /home/kottako/public_html/system/CodeIgniter.php(320): CodeIgniter\CodeIgniter->handleRequest()
#7 /home/kottako/public_html/index.php(37): CodeIgniter\CodeIgniter->run()
#8 {main}
CRITICAL - 2022-04-01 04:51:20 --> Call to undefined function show_form_error()
#0 /home/kottako/public_html/system/View/View.php(210): include()
#1 /home/kottako/public_html/system/View/View.php(213): CodeIgniter\View\View->CodeIgniter\View\{closure}()
#2 /home/kottako/public_html/system/Common.php(1089): CodeIgniter\View\View->render()
#3 /home/kottako/public_html/app/Controllers/AdminDashboardController.php(120): view()
#4 /home/kottako/public_html/system/CodeIgniter.php(825): App\Controllers\AdminDashboardController->addpayment()
#5 /home/kottako/public_html/system/CodeIgniter.php(412): CodeIgniter\CodeIgniter->runController()
#6 /home/kottako/public_html/system/CodeIgniter.php(320): CodeIgniter\CodeIgniter->handleRequest()
#7 /home/kottako/public_html/index.php(37): CodeIgniter\CodeIgniter->run()
#8 {main}
CRITICAL - 2022-04-01 04:51:27 --> Call to undefined function show_form_error()
#0 /home/kottako/public_html/system/View/View.php(210): include()
#1 /home/kottako/public_html/system/View/View.php(213): CodeIgniter\View\View->CodeIgniter\View\{closure}()
#2 /home/kottako/public_html/system/Common.php(1089): CodeIgniter\View\View->render()
#3 /home/kottako/public_html/app/Controllers/AdminDashboardController.php(120): view()
#4 /home/kottako/public_html/system/CodeIgniter.php(825): App\Controllers\AdminDashboardController->addpayment()
#5 /home/kottako/public_html/system/CodeIgniter.php(412): CodeIgniter\CodeIgniter->runController()
#6 /home/kottako/public_html/system/CodeIgniter.php(320): CodeIgniter\CodeIgniter->handleRequest()
#7 /home/kottako/public_html/index.php(37): CodeIgniter\CodeIgniter->run()
#8 {main}
CRITICAL - 2022-04-01 05:02:40 --> Call to undefined function App\Controllers\sendEMail()
#0 /home/kottako/public_html/system/CodeIgniter.php(825): App\Controllers\SalesManagerController->sendotp()
#1 /home/kottako/public_html/system/CodeIgniter.php(412): CodeIgniter\CodeIgniter->runController()
#2 /home/kottako/public_html/system/CodeIgniter.php(320): CodeIgniter\CodeIgniter->handleRequest()
#3 /home/kottako/public_html/index.php(37): CodeIgniter\CodeIgniter->run()
#4 {main}
CRITICAL - 2022-04-01 05:02:46 --> Call to undefined function App\Controllers\sendEMail()
#0 /home/kottako/public_html/system/CodeIgniter.php(825): App\Controllers\SalesManagerController->sendotp()
#1 /home/kottako/public_html/system/CodeIgniter.php(412): CodeIgniter\CodeIgniter->runController()
#2 /home/kottako/public_html/system/CodeIgniter.php(320): CodeIgniter\CodeIgniter->handleRequest()
#3 /home/kottako/public_html/index.php(37): CodeIgniter\CodeIgniter->run()
#4 {main}
CRITICAL - 2022-04-01 05:02:51 --> Call to undefined function App\Controllers\sendEMail()
#0 /home/kottako/public_html/system/CodeIgniter.php(825): App\Controllers\SalesManagerController->sendotp()
#1 /home/kottako/public_html/system/CodeIgniter.php(412): CodeIgniter\CodeIgniter->runController()
#2 /home/kottako/public_html/system/CodeIgniter.php(320): CodeIgniter\CodeIgniter->handleRequest()
#3 /home/kottako/public_html/index.php(37): CodeIgniter\CodeIgniter->run()
#4 {main}
CRITICAL - 2022-04-01 05:04:00 --> Call to undefined function App\Controllers\sendEMail()
#0 /home/kottako/public_html/system/CodeIgniter.php(825): App\Controllers\SalesManagerController->sendotp()
#1 /home/kottako/public_html/system/CodeIgniter.php(412): CodeIgniter\CodeIgniter->runController()
#2 /home/kottako/public_html/system/CodeIgniter.php(320): CodeIgniter\CodeIgniter->handleRequest()
#3 /home/kottako/public_html/index.php(37): CodeIgniter\CodeIgniter->run()
#4 {main}
CRITICAL - 2022-04-01 05:05:56 --> Call to undefined function App\Controllers\sendEMail()
#0 /home/kottako/public_html/system/CodeIgniter.php(825): App\Controllers\SalesManagerController->sendotp()
#1 /home/kottako/public_html/system/CodeIgniter.php(412): CodeIgniter\CodeIgniter->runController()
#2 /home/kottako/public_html/system/CodeIgniter.php(320): CodeIgniter\CodeIgniter->handleRequest()
#3 /home/kottako/public_html/index.php(37): CodeIgniter\CodeIgniter->run()
#4 {main}
CRITICAL - 2022-04-01 05:07:35 --> Call to undefined function App\Controllers\sendEMail()
#0 /home/kottako/public_html/system/CodeIgniter.php(825): App\Controllers\SalesManagerController->sendotp()
#1 /home/kottako/public_html/system/CodeIgniter.php(412): CodeIgniter\CodeIgniter->runController()
#2 /home/kottako/public_html/system/CodeIgniter.php(320): CodeIgniter\CodeIgniter->handleRequest()
#3 /home/kottako/public_html/index.php(37): CodeIgniter\CodeIgniter->run()
#4 {main}
CRITICAL - 2022-04-01 05:08:14 --> Call to undefined function App\Controllers\sendEMail()
#0 /home/kottako/public_html/system/CodeIgniter.php(825): App\Controllers\SalesManagerController->sendotp()
#1 /home/kottako/public_html/system/CodeIgniter.php(412): CodeIgniter\CodeIgniter->runController()
#2 /home/kottako/public_html/system/CodeIgniter.php(320): CodeIgniter\CodeIgniter->handleRequest()
#3 /home/kottako/public_html/index.php(37): CodeIgniter\CodeIgniter->run()
#4 {main}
CRITICAL - 2022-04-01 05:08:24 --> Call to undefined function App\Controllers\sendEMail()
#0 /home/kottako/public_html/system/CodeIgniter.php(825): App\Controllers\SalesManagerController->sendotp()
#1 /home/kottako/public_html/system/CodeIgniter.php(412): CodeIgniter\CodeIgniter->runController()
#2 /home/kottako/public_html/system/CodeIgniter.php(320): CodeIgniter\CodeIgniter->handleRequest()
#3 /home/kottako/public_html/index.php(37): CodeIgniter\CodeIgniter->run()
#4 {main}
CRITICAL - 2022-04-01 05:14:50 --> Call to undefined function App\Controllers\sendEMail()
#0 /home/kottako/public_html/system/CodeIgniter.php(825): App\Controllers\TeamLeadController->sendotp()
#1 /home/kottako/public_html/system/CodeIgniter.php(412): CodeIgniter\CodeIgniter->runController()
#2 /home/kottako/public_html/system/CodeIgniter.php(320): CodeIgniter\CodeIgniter->handleRequest()
#3 /home/kottako/public_html/index.php(37): CodeIgniter\CodeIgniter->run()
#4 {main}
CRITICAL - 2022-04-01 10:48:37 --> Invalid file: partials/salesmanager/css.php
#0 /home/kottako/public_html/system/View/View.php(198): CodeIgniter\Exceptions\FrameworkException::forInvalidFile()
#1 /home/kottako/public_html/system/View/View.php(424): CodeIgniter\View\View->render()
#2 /home/kottako/public_html/app/Views/salesmanager/managesalesagent.php(9): CodeIgniter\View\View->include()
#3 /home/kottako/public_html/system/View/View.php(210): include('...')
#4 /home/kottako/public_html/system/View/View.php(213): CodeIgniter\View\View->CodeIgniter\View\{closure}()
#5 /home/kottako/public_html/system/Common.php(1089): CodeIgniter\View\View->render()
#6 /home/kottako/public_html/app/Controllers/SalesAgentController.php(312): view()
#7 /home/kottako/public_html/system/CodeIgniter.php(825): App\Controllers\SalesAgentController->manageSalesAgent()
#8 /home/kottako/public_html/system/CodeIgniter.php(412): CodeIgniter\CodeIgniter->runController()
#9 /home/kottako/public_html/system/CodeIgniter.php(320): CodeIgniter\CodeIgniter->handleRequest()
#10 /home/kottako/public_html/index.php(37): CodeIgniter\CodeIgniter->run()
#11 {main}
CRITICAL - 2022-04-01 12:35:53 --> Call to undefined method App\Models\SalesManagerModel::snglprddtls
#0 /home/kottako/public_html/app/Controllers/OEMController.php(659): CodeIgniter\Model->__call()
#1 /home/kottako/public_html/system/CodeIgniter.php(825): App\Controllers\OEMController->tagActivation()
#2 /home/kottako/public_html/system/CodeIgniter.php(412): CodeIgniter\CodeIgniter->runController()
#3 /home/kottako/public_html/system/CodeIgniter.php(320): CodeIgniter\CodeIgniter->handleRequest()
#4 /home/kottako/public_html/index.php(37): CodeIgniter\CodeIgniter->run()
#5 {main}
CRITICAL - 2022-04-01 12:45:53 --> Undefined array key "logged_img"
#0 /home/kottako/public_html/app/Views/partials/salesagent/sidebar.php(5): CodeIgniter\Debug\Exceptions->errorHandler()
#1 /home/kottako/public_html/system/View/View.php(210): include('...')
#2 /home/kottako/public_html/system/View/View.php(213): CodeIgniter\View\View->CodeIgniter\View\{closure}()
#3 /home/kottako/public_html/system/View/View.php(424): CodeIgniter\View\View->render()
#4 /home/kottako/public_html/app/Views/salesagent/ncpitag.php(18): CodeIgniter\View\View->include()
#5 /home/kottako/public_html/system/View/View.php(210): include('...')
#6 /home/kottako/public_html/system/View/View.php(213): CodeIgniter\View\View->CodeIgniter\View\{closure}()
#7 /home/kottako/public_html/system/Common.php(1089): CodeIgniter\View\View->render()
#8 /home/kottako/public_html/app/Controllers/SalesAgentController.php(930): view()
#9 /home/kottako/public_html/system/CodeIgniter.php(825): App\Controllers\SalesAgentController->ncpitag()
#10 /home/kottako/public_html/system/CodeIgniter.php(412): CodeIgniter\CodeIgniter->runController()
#11 /home/kottako/public_html/system/CodeIgniter.php(320): CodeIgniter\CodeIgniter->handleRequest()
#12 /home/kottako/public_html/index.php(37): CodeIgniter\CodeIgniter->run()
#13 {main}
CRITICAL - 2022-04-01 12:47:04 --> Invalid file: partials/salesmanager/css.php
#0 /home/kottako/public_html/system/View/View.php(198): CodeIgniter\Exceptions\FrameworkException::forInvalidFile()
#1 /home/kottako/public_html/system/View/View.php(424): CodeIgniter\View\View->render()
#2 /home/kottako/public_html/app/Views/salesmanager/managesalesagent.php(9): CodeIgniter\View\View->include()
#3 /home/kottako/public_html/system/View/View.php(210): include('...')
#4 /home/kottako/public_html/system/View/View.php(213): CodeIgniter\View\View->CodeIgniter\View\{closure}()
#5 /home/kottako/public_html/system/Common.php(1089): CodeIgniter\View\View->render()
#6 /home/kottako/public_html/app/Controllers/SalesAgentController.php(312): view()
#7 /home/kottako/public_html/system/CodeIgniter.php(825): App\Controllers\SalesAgentController->manageSalesAgent()
#8 /home/kottako/public_html/system/CodeIgniter.php(412): CodeIgniter\CodeIgniter->runController()
#9 /home/kottako/public_html/system/CodeIgniter.php(320): CodeIgniter\CodeIgniter->handleRequest()
#10 /home/kottako/public_html/index.php(37): CodeIgniter\CodeIgniter->run()
#11 {main}
CRITICAL - 2022-04-01 12:48:18 --> Invalid file: partials/salesmanager/css.php
#0 /home/kottako/public_html/system/View/View.php(198): CodeIgniter\Exceptions\FrameworkException::forInvalidFile()
#1 /home/kottako/public_html/system/View/View.php(424): CodeIgniter\View\View->render()
#2 /home/kottako/public_html/app/Views/salesmanager/managesalesagent.php(9): CodeIgniter\View\View->include()
#3 /home/kottako/public_html/system/View/View.php(210): include('...')
#4 /home/kottako/public_html/system/View/View.php(213): CodeIgniter\View\View->CodeIgniter\View\{closure}()
#5 /home/kottako/public_html/system/Common.php(1089): CodeIgniter\View\View->render()
#6 /home/kottako/public_html/app/Controllers/SalesAgentController.php(312): view()
#7 /home/kottako/public_html/system/CodeIgniter.php(825): App\Controllers\SalesAgentController->manageSalesAgent()
#8 /home/kottako/public_html/system/CodeIgniter.php(412): CodeIgniter\CodeIgniter->runController()
#9 /home/kottako/public_html/system/CodeIgniter.php(320): CodeIgniter\CodeIgniter->handleRequest()
#10 /home/kottako/public_html/index.php(37): CodeIgniter\CodeIgniter->run()
#11 {main}
CRITICAL - 2022-04-01 12:48:56 --> Call to undefined method App\Models\SalesManagerModel::snglprddtls
#0 /home/kottako/public_html/app/Controllers/OEMController.php(659): CodeIgniter\Model->__call()
#1 /home/kottako/public_html/system/CodeIgniter.php(825): App\Controllers\OEMController->tagActivation()
#2 /home/kottako/public_html/system/CodeIgniter.php(412): CodeIgniter\CodeIgniter->runController()
#3 /home/kottako/public_html/system/CodeIgniter.php(320): CodeIgniter\CodeIgniter->handleRequest()
#4 /home/kottako/public_html/index.php(37): CodeIgniter\CodeIgniter->run()
#5 {main}
CRITICAL - 2022-04-01 12:49:52 --> Call to undefined method App\Models\SalesManagerModel::snglprddtls
#0 /home/kottako/public_html/app/Controllers/OEMController.php(659): CodeIgniter\Model->__call()
#1 /home/kottako/public_html/system/CodeIgniter.php(825): App\Controllers\OEMController->tagActivation()
#2 /home/kottako/public_html/system/CodeIgniter.php(412): CodeIgniter\CodeIgniter->runController()
#3 /home/kottako/public_html/system/CodeIgniter.php(320): CodeIgniter\CodeIgniter->handleRequest()
#4 /home/kottako/public_html/index.php(37): CodeIgniter\CodeIgniter->run()
#5 {main}
CRITICAL - 2022-04-01 12:50:52 --> Invalid file: oem/Profile.php
#0 /home/kottako/public_html/system/View/View.php(198): CodeIgniter\Exceptions\FrameworkException::forInvalidFile()
#1 /home/kottako/public_html/system/Common.php(1089): CodeIgniter\View\View->render()
#2 /home/kottako/public_html/app/Controllers/oemProfileController.php(279): view()
#3 /home/kottako/public_html/system/CodeIgniter.php(825): App\Controllers\oemProfileController->viewProfile()
#4 /home/kottako/public_html/system/CodeIgniter.php(412): CodeIgniter\CodeIgniter->runController()
#5 /home/kottako/public_html/system/CodeIgniter.php(320): CodeIgniter\CodeIgniter->handleRequest()
#6 /home/kottako/public_html/index.php(37): CodeIgniter\CodeIgniter->run()
#7 {main}
CRITICAL - 2022-04-01 12:51:09 --> Call to undefined method App\Models\SalesManagerModel::snglprddtls
#0 /home/kottako/public_html/app/Controllers/OEMController.php(659): CodeIgniter\Model->__call()
#1 /home/kottako/public_html/system/CodeIgniter.php(825): App\Controllers\OEMController->tagActivation()
#2 /home/kottako/public_html/system/CodeIgniter.php(412): CodeIgniter\CodeIgniter->runController()
#3 /home/kottako/public_html/system/CodeIgniter.php(320): CodeIgniter\CodeIgniter->handleRequest()
#4 /home/kottako/public_html/index.php(37): CodeIgniter\CodeIgniter->run()
#5 {main}
CRITICAL - 2022-04-01 12:54:57 --> Invalid file: salesagent/Profile.php
#0 /home/kottako/public_html/system/View/View.php(198): CodeIgniter\Exceptions\FrameworkException::forInvalidFile()
#1 /home/kottako/public_html/system/Common.php(1089): CodeIgniter\View\View->render()
#2 /home/kottako/public_html/app/Controllers/SalesAgentProfileController.php(280): view()
#3 /home/kottako/public_html/system/CodeIgniter.php(825): App\Controllers\SalesAgentProfileController->viewProfile()
#4 /home/kottako/public_html/system/CodeIgniter.php(412): CodeIgniter\CodeIgniter->runController()
#5 /home/kottako/public_html/system/CodeIgniter.php(320): CodeIgniter\CodeIgniter->handleRequest()
#6 /home/kottako/public_html/index.php(37): CodeIgniter\CodeIgniter->run()
#7 {main}
CRITICAL - 2022-04-01 12:57:11 --> Invalid file: salesmanager/Profile.php
#0 /home/kottako/public_html/system/View/View.php(198): CodeIgniter\Exceptions\FrameworkException::forInvalidFile()
#1 /home/kottako/public_html/system/Common.php(1089): CodeIgniter\View\View->render()
#2 /home/kottako/public_html/app/Controllers/SalesManagerProfileController.php(257): view()
#3 /home/kottako/public_html/system/CodeIgniter.php(825): App\Controllers\SalesManagerProfileController->viewProfile()
#4 /home/kottako/public_html/system/CodeIgniter.php(412): CodeIgniter\CodeIgniter->runController()
#5 /home/kottako/public_html/system/CodeIgniter.php(320): CodeIgniter\CodeIgniter->handleRequest()
#6 /home/kottako/public_html/index.php(37): CodeIgniter\CodeIgniter->run()
#7 {main}
CRITICAL - 2022-04-01 12:57:16 --> Invalid file: partials/salesmanager/css.php
#0 /home/kottako/public_html/system/View/View.php(198): CodeIgniter\Exceptions\FrameworkException::forInvalidFile()
#1 /home/kottako/public_html/system/View/View.php(424): CodeIgniter\View\View->render()
#2 /home/kottako/public_html/app/Views/salesmanager/managesalesagent.php(9): CodeIgniter\View\View->include()
#3 /home/kottako/public_html/system/View/View.php(210): include('...')
#4 /home/kottako/public_html/system/View/View.php(213): CodeIgniter\View\View->CodeIgniter\View\{closure}()
#5 /home/kottako/public_html/system/Common.php(1089): CodeIgniter\View\View->render()
#6 /home/kottako/public_html/app/Controllers/SalesAgentController.php(312): view()
#7 /home/kottako/public_html/system/CodeIgniter.php(825): App\Controllers\SalesAgentController->manageSalesAgent()
#8 /home/kottako/public_html/system/CodeIgniter.php(412): CodeIgniter\CodeIgniter->runController()
#9 /home/kottako/public_html/system/CodeIgniter.php(320): CodeIgniter\CodeIgniter->handleRequest()
#10 /home/kottako/public_html/index.php(37): CodeIgniter\CodeIgniter->run()
#11 {main}
CRITICAL - 2022-04-01 12:57:21 --> Invalid file: salesmanager/editprofile.php
#0 /home/kottako/public_html/system/View/View.php(198): CodeIgniter\Exceptions\FrameworkException::forInvalidFile()
#1 /home/kottako/public_html/system/Common.php(1089): CodeIgniter\View\View->render()
#2 /home/kottako/public_html/app/Controllers/SalesManagerProfileController.php(243): view()
#3 /home/kottako/public_html/system/CodeIgniter.php(825): App\Controllers\SalesManagerProfileController->editProfile()
#4 /home/kottako/public_html/system/CodeIgniter.php(412): CodeIgniter\CodeIgniter->runController()
#5 /home/kottako/public_html/system/CodeIgniter.php(320): CodeIgniter\CodeIgniter->handleRequest()
#6 /home/kottako/public_html/index.php(37): CodeIgniter\CodeIgniter->run()
#7 {main}
CRITICAL - 2022-04-01 12:57:41 --> Invalid file: partials/salesmanager/css.php
#0 /home/kottako/public_html/system/View/View.php(198): CodeIgniter\Exceptions\FrameworkException::forInvalidFile()
#1 /home/kottako/public_html/system/View/View.php(424): CodeIgniter\View\View->render()
#2 /home/kottako/public_html/app/Views/salesmanager/managesalesagent.php(9): CodeIgniter\View\View->include()
#3 /home/kottako/public_html/system/View/View.php(210): include('...')
#4 /home/kottako/public_html/system/View/View.php(213): CodeIgniter\View\View->CodeIgniter\View\{closure}()
#5 /home/kottako/public_html/system/Common.php(1089): CodeIgniter\View\View->render()
#6 /home/kottako/public_html/app/Controllers/SalesAgentController.php(312): view()
#7 /home/kottako/public_html/system/CodeIgniter.php(825): App\Controllers\SalesAgentController->manageSalesAgent()
#8 /home/kottako/public_html/system/CodeIgniter.php(412): CodeIgniter\CodeIgniter->runController()
#9 /home/kottako/public_html/system/CodeIgniter.php(320): CodeIgniter\CodeIgniter->handleRequest()
#10 /home/kottako/public_html/index.php(37): CodeIgniter\CodeIgniter->run()
#11 {main}
CRITICAL - 2022-04-01 13:01:35 --> Invalid file: partials/salesmanager/css.php
#0 /home/kottako/public_html/system/View/View.php(198): CodeIgniter\Exceptions\FrameworkException::forInvalidFile()
#1 /home/kottako/public_html/system/View/View.php(424): CodeIgniter\View\View->render()
#2 /home/kottako/public_html/app/Views/salesmanager/managesalesagent.php(9): CodeIgniter\View\View->include()
#3 /home/kottako/public_html/system/View/View.php(210): include('...')
#4 /home/kottako/public_html/system/View/View.php(213): CodeIgniter\View\View->CodeIgniter\View\{closure}()
#5 /home/kottako/public_html/system/Common.php(1089): CodeIgniter\View\View->render()
#6 /home/kottako/public_html/app/Controllers/SalesAgentController.php(312): view()
#7 /home/kottako/public_html/system/CodeIgniter.php(825): App\Controllers\SalesAgentController->manageSalesAgent()
#8 /home/kottako/public_html/system/CodeIgniter.php(412): CodeIgniter\CodeIgniter->runController()
#9 /home/kottako/public_html/system/CodeIgniter.php(320): CodeIgniter\CodeIgniter->handleRequest()
#10 /home/kottako/public_html/index.php(37): CodeIgniter\CodeIgniter->run()
#11 {main}
CRITICAL - 2022-04-01 13:01:44 --> Invalid file: partials/salesmanager/css.php
#0 /home/kottako/public_html/system/View/View.php(198): CodeIgniter\Exceptions\FrameworkException::forInvalidFile()
#1 /home/kottako/public_html/system/View/View.php(424): CodeIgniter\View\View->render()
#2 /home/kottako/public_html/app/Views/salesmanager/managesalesagent.php(9): CodeIgniter\View\View->include()
#3 /home/kottako/public_html/system/View/View.php(210): include('...')
#4 /home/kottako/public_html/system/View/View.php(213): CodeIgniter\View\View->CodeIgniter\View\{closure}()
#5 /home/kottako/public_html/system/Common.php(1089): CodeIgniter\View\View->render()
#6 /home/kottako/public_html/app/Controllers/SalesAgentController.php(312): view()
#7 /home/kottako/public_html/system/CodeIgniter.php(825): App\Controllers\SalesAgentController->manageSalesAgent()
#8 /home/kottako/public_html/system/CodeIgniter.php(412): CodeIgniter\CodeIgniter->runController()
#9 /home/kottako/public_html/system/CodeIgniter.php(320): CodeIgniter\CodeIgniter->handleRequest()
#10 /home/kottako/public_html/index.php(37): CodeIgniter\CodeIgniter->run()
#11 {main}
CRITICAL - 2022-04-01 13:03:24 --> Invalid file: salesmanager/Profile.php
#0 /home/kottako/public_html/system/View/View.php(198): CodeIgniter\Exceptions\FrameworkException::forInvalidFile()
#1 /home/kottako/public_html/system/Common.php(1089): CodeIgniter\View\View->render()
#2 /home/kottako/public_html/app/Controllers/SalesManagerProfileController.php(257): view()
#3 /home/kottako/public_html/system/CodeIgniter.php(825): App\Controllers\SalesManagerProfileController->viewProfile()
#4 /home/kottako/public_html/system/CodeIgniter.php(412): CodeIgniter\CodeIgniter->runController()
#5 /home/kottako/public_html/system/CodeIgniter.php(320): CodeIgniter\CodeIgniter->handleRequest()
#6 /home/kottako/public_html/index.php(37): CodeIgniter\CodeIgniter->run()
#7 {main}
CRITICAL - 2022-04-01 13:09:19 --> Call to undefined method App\Models\SalesManagerModel::snglprddtls
#0 /home/kottako/public_html/app/Controllers/OEMController.php(659): CodeIgniter\Model->__call()
#1 /home/kottako/public_html/system/CodeIgniter.php(825): App\Controllers\OEMController->tagActivation()
#2 /home/kottako/public_html/system/CodeIgniter.php(412): CodeIgniter\CodeIgniter->runController()
#3 /home/kottako/public_html/system/CodeIgniter.php(320): CodeIgniter\CodeIgniter->handleRequest()
#4 /home/kottako/public_html/index.php(37): CodeIgniter\CodeIgniter->run()
#5 {main}
CRITICAL - 2022-04-01 13:09:29 --> Call to undefined method App\Models\SalesManagerModel::snglprddtls
#0 /home/kottako/public_html/app/Controllers/OEMController.php(659): CodeIgniter\Model->__call()
#1 /home/kottako/public_html/system/CodeIgniter.php(825): App\Controllers\OEMController->tagActivation()
#2 /home/kottako/public_html/system/CodeIgniter.php(412): CodeIgniter\CodeIgniter->runController()
#3 /home/kottako/public_html/system/CodeIgniter.php(320): CodeIgniter\CodeIgniter->handleRequest()
#4 /home/kottako/public_html/index.php(37): CodeIgniter\CodeIgniter->run()
#5 {main}
CRITICAL - 2022-04-01 17:19:05 --> Undefined array key 0
#0 /home/kottako/public_html/app/Controllers/SalesAgentController.php(973): CodeIgniter\Debug\Exceptions->errorHandler()
#1 /home/kottako/public_html/system/CodeIgniter.php(825): App\Controllers\SalesAgentController->stats()
#2 /home/kottako/public_html/system/CodeIgniter.php(412): CodeIgniter\CodeIgniter->runController()
#3 /home/kottako/public_html/system/CodeIgniter.php(320): CodeIgniter\CodeIgniter->handleRequest()
#4 /home/kottako/public_html/index.php(37): CodeIgniter\CodeIgniter->run()
#5 {main}
CRITICAL - 2022-04-01 17:41:15 --> Undefined array key "logged_img"
#0 /home/kottako/public_html/app/Views/partials/salesagent/sidebar.php(5): CodeIgniter\Debug\Exceptions->errorHandler()
#1 /home/kottako/public_html/system/View/View.php(210): include('...')
#2 /home/kottako/public_html/system/View/View.php(213): CodeIgniter\View\View->CodeIgniter\View\{closure}()
#3 /home/kottako/public_html/system/View/View.php(424): CodeIgniter\View\View->render()
#4 /home/kottako/public_html/app/Views/salesagent/ncpitag.php(18): CodeIgniter\View\View->include()
#5 /home/kottako/public_html/system/View/View.php(210): include('...')
#6 /home/kottako/public_html/system/View/View.php(213): CodeIgniter\View\View->CodeIgniter\View\{closure}()
#7 /home/kottako/public_html/system/Common.php(1089): CodeIgniter\View\View->render()
#8 /home/kottako/public_html/app/Controllers/SalesAgentController.php(930): view()
#9 /home/kottako/public_html/system/CodeIgniter.php(825): App\Controllers\SalesAgentController->ncpitag()
#10 /home/kottako/public_html/system/CodeIgniter.php(412): CodeIgniter\CodeIgniter->runController()
#11 /home/kottako/public_html/system/CodeIgniter.php(320): CodeIgniter\CodeIgniter->handleRequest()
#12 /home/kottako/public_html/index.php(37): CodeIgniter\CodeIgniter->run()
#13 {main}
CRITICAL - 2022-04-01 18:19:17 --> Undefined array key 0
#0 /home/kottako/public_html/app/Controllers/SalesAgentController.php(973): CodeIgniter\Debug\Exceptions->errorHandler()
#1 /home/kottako/public_html/system/CodeIgniter.php(825): App\Controllers\SalesAgentController->stats()
#2 /home/kottako/public_html/system/CodeIgniter.php(412): CodeIgniter\CodeIgniter->runController()
#3 /home/kottako/public_html/system/CodeIgniter.php(320): CodeIgniter\CodeIgniter->handleRequest()
#4 /home/kottako/public_html/index.php(37): CodeIgniter\CodeIgniter->run()
#5 {main}
CRITICAL - 2022-04-01 20:19:17 --> Undefined array key 0
#0 /home/kottako/public_html/app/Controllers/SalesAgentController.php(973): CodeIgniter\Debug\Exceptions->errorHandler()
#1 /home/kottako/public_html/system/CodeIgniter.php(825): App\Controllers\SalesAgentController->stats()
#2 /home/kottako/public_html/system/CodeIgniter.php(412): CodeIgniter\CodeIgniter->runController()
#3 /home/kottako/public_html/system/CodeIgniter.php(320): CodeIgniter\CodeIgniter->handleRequest()
#4 /home/kottako/public_html/index.php(37): CodeIgniter\CodeIgniter->run()
#5 {main}
