CRITICAL - 2022-09-07 00:03:52 --> Undefined array key 0
#0 /home/kottakotabusines/public_html/app/Controllers/SalesAgentWalletController.php(75): CodeIgniter\Debug\Exceptions->errorHandler(2, 'Undefined array...', '/home/kottakota...', 75)
#1 /home/kottakotabusines/public_html/system/CodeIgniter.php(825): App\Controllers\SalesAgentWalletController->paymentnotation()
#2 /home/kottakotabusines/public_html/system/CodeIgniter.php(412): CodeIgniter\CodeIgniter->runController(Object(App\Controllers\SalesAgentWalletController))
#3 /home/kottakotabusines/public_html/system/CodeIgniter.php(320): CodeIgniter\CodeIgniter->handleRequest(NULL, Object(Config\Cache), false)
#4 /home/kottakotabusines/public_html/index.php(41): CodeIgniter\CodeIgniter->run()
#5 {main}
CRITICAL - 2022-09-07 00:07:42 --> Undefined variable $drivinglicencedat
#0 /home/kottakotabusines/public_html/app/Controllers/SalesAgentController.php(1997): CodeIgniter\Debug\Exceptions->errorHandler(2, 'Undefined varia...', '/home/kottakota...', 1997)
#1 /home/kottakotabusines/public_html/system/CodeIgniter.php(825): App\Controllers\SalesAgentController->activateexistingUsers()
#2 /home/kottakotabusines/public_html/system/CodeIgniter.php(412): CodeIgniter\CodeIgniter->runController(Object(App\Controllers\SalesAgentController))
#3 /home/kottakotabusines/public_html/system/CodeIgniter.php(320): CodeIgniter\CodeIgniter->handleRequest(NULL, Object(Config\Cache), false)
#4 /home/kottakotabusines/public_html/index.php(41): CodeIgniter\CodeIgniter->run()
#5 {main}
CRITICAL - 2022-09-07 00:56:26 --> Undefined array key 0
#0 /home/kottakotabusines/public_html/app/Controllers/SalesAgentWalletController.php(75): CodeIgniter\Debug\Exceptions->errorHandler(2, 'Undefined array...', '/home/kottakota...', 75)
#1 /home/kottakotabusines/public_html/system/CodeIgniter.php(825): App\Controllers\SalesAgentWalletController->paymentnotation()
#2 /home/kottakotabusines/public_html/system/CodeIgniter.php(412): CodeIgniter\CodeIgniter->runController(Object(App\Controllers\SalesAgentWalletController))
#3 /home/kottakotabusines/public_html/system/CodeIgniter.php(320): CodeIgniter\CodeIgniter->handleRequest(NULL, Object(Config\Cache), false)
#4 /home/kottakotabusines/public_html/index.php(41): CodeIgniter\CodeIgniter->run()
#5 {main}
CRITICAL - 2022-09-07 00:58:23 --> Undefined array key 0
#0 /home/kottakotabusines/public_html/app/Controllers/SalesAgentWalletController.php(75): CodeIgniter\Debug\Exceptions->errorHandler(2, 'Undefined array...', '/home/kottakota...', 75)
#1 /home/kottakotabusines/public_html/system/CodeIgniter.php(825): App\Controllers\SalesAgentWalletController->paymentnotation()
#2 /home/kottakotabusines/public_html/system/CodeIgniter.php(412): CodeIgniter\CodeIgniter->runController(Object(App\Controllers\SalesAgentWalletController))
#3 /home/kottakotabusines/public_html/system/CodeIgniter.php(320): CodeIgniter\CodeIgniter->handleRequest(NULL, Object(Config\Cache), false)
#4 /home/kottakotabusines/public_html/index.php(41): CodeIgniter\CodeIgniter->run()
#5 {main}
CRITICAL - 2022-09-07 01:02:54 --> Undefined array key 0
#0 /home/kottakotabusines/public_html/app/Controllers/SalesAgentWalletController.php(75): CodeIgniter\Debug\Exceptions->errorHandler(2, 'Undefined array...', '/home/kottakota...', 75)
#1 /home/kottakotabusines/public_html/system/CodeIgniter.php(825): App\Controllers\SalesAgentWalletController->paymentnotation()
#2 /home/kottakotabusines/public_html/system/CodeIgniter.php(412): CodeIgniter\CodeIgniter->runController(Object(App\Controllers\SalesAgentWalletController))
#3 /home/kottakotabusines/public_html/system/CodeIgniter.php(320): CodeIgniter\CodeIgniter->handleRequest(NULL, Object(Config\Cache), false)
#4 /home/kottakotabusines/public_html/index.php(41): CodeIgniter\CodeIgniter->run()
#5 {main}
CRITICAL - 2022-09-07 01:23:00 --> Undefined array key "logged_img"
#0 /home/kottakotabusines/public_html/app/Views/partials/adminPanel/sidebar.php(5): CodeIgniter\Debug\Exceptions->errorHandler(2, 'Undefined array...', '/home/kottakota...', 5)
#1 /home/kottakotabusines/public_html/system/View/View.php(210): include('/home/kottakota...')
#2 /home/kottakotabusines/public_html/system/View/View.php(213): CodeIgniter\View\View->CodeIgniter\View\{closure}()
#3 /home/kottakotabusines/public_html/system/View/View.php(424): CodeIgniter\View\View->render('partials/adminP...', NULL, true)
#4 /home/kottakotabusines/public_html/app/Views/admin/viewteamlead.php(18): CodeIgniter\View\View->include('partials/adminP...')
#5 /home/kottakotabusines/public_html/system/View/View.php(210): include('/home/kottakota...')
#6 /home/kottakotabusines/public_html/system/View/View.php(213): CodeIgniter\View\View->CodeIgniter\View\{closure}()
#7 /home/kottakotabusines/public_html/system/Common.php(1089): CodeIgniter\View\View->render('admin/viewteaml...', Array, true)
#8 /home/kottakotabusines/public_html/app/Controllers/TeamLeadController.php(655): view('admin/viewteaml...', Array)
#9 /home/kottakotabusines/public_html/system/CodeIgniter.php(825): App\Controllers\TeamLeadController->viewteamleadProfile('1')
#10 /home/kottakotabusines/public_html/system/CodeIgniter.php(412): CodeIgniter\CodeIgniter->runController(Object(App\Controllers\TeamLeadController))
#11 /home/kottakotabusines/public_html/system/CodeIgniter.php(320): CodeIgniter\CodeIgniter->handleRequest(NULL, Object(Config\Cache), false)
#12 /home/kottakotabusines/public_html/index.php(41): CodeIgniter\CodeIgniter->run()
#13 {main}
CRITICAL - 2022-09-07 02:08:00 --> Undefined array key "logged_img"
#0 /home/kottakotabusines/public_html/app/Views/partials/adminPanel/sidebar.php(5): CodeIgniter\Debug\Exceptions->errorHandler(2, 'Undefined array...', '/home/kottakota...', 5)
#1 /home/kottakotabusines/public_html/system/View/View.php(210): include('/home/kottakota...')
#2 /home/kottakotabusines/public_html/system/View/View.php(213): CodeIgniter\View\View->CodeIgniter\View\{closure}()
#3 /home/kottakotabusines/public_html/system/View/View.php(424): CodeIgniter\View\View->render('partials/adminP...', NULL, true)
#4 /home/kottakotabusines/public_html/app/Views/admin/viewteamlead.php(18): CodeIgniter\View\View->include('partials/adminP...')
#5 /home/kottakotabusines/public_html/system/View/View.php(210): include('/home/kottakota...')
#6 /home/kottakotabusines/public_html/system/View/View.php(213): CodeIgniter\View\View->CodeIgniter\View\{closure}()
#7 /home/kottakotabusines/public_html/system/Common.php(1089): CodeIgniter\View\View->render('admin/viewteaml...', Array, true)
#8 /home/kottakotabusines/public_html/app/Controllers/TeamLeadController.php(655): view('admin/viewteaml...', Array)
#9 /home/kottakotabusines/public_html/system/CodeIgniter.php(825): App\Controllers\TeamLeadController->viewteamleadProfile('85')
#10 /home/kottakotabusines/public_html/system/CodeIgniter.php(412): CodeIgniter\CodeIgniter->runController(Object(App\Controllers\TeamLeadController))
#11 /home/kottakotabusines/public_html/system/CodeIgniter.php(320): CodeIgniter\CodeIgniter->handleRequest(NULL, Object(Config\Cache), false)
#12 /home/kottakotabusines/public_html/index.php(41): CodeIgniter\CodeIgniter->run()
#13 {main}
CRITICAL - 2022-09-07 02:53:00 --> Undefined array key "logged_img"
#0 /home/kottakotabusines/public_html/app/Views/partials/adminPanel/sidebar.php(5): CodeIgniter\Debug\Exceptions->errorHandler(2, 'Undefined array...', '/home/kottakota...', 5)
#1 /home/kottakotabusines/public_html/system/View/View.php(210): include('/home/kottakota...')
#2 /home/kottakotabusines/public_html/system/View/View.php(213): CodeIgniter\View\View->CodeIgniter\View\{closure}()
#3 /home/kottakotabusines/public_html/system/View/View.php(424): CodeIgniter\View\View->render('partials/adminP...', NULL, true)
#4 /home/kottakotabusines/public_html/app/Views/admin/viewsalesmanager.php(18): CodeIgniter\View\View->include('partials/adminP...')
#5 /home/kottakotabusines/public_html/system/View/View.php(210): include('/home/kottakota...')
#6 /home/kottakotabusines/public_html/system/View/View.php(213): CodeIgniter\View\View->CodeIgniter\View\{closure}()
#7 /home/kottakotabusines/public_html/system/Common.php(1089): CodeIgniter\View\View->render('admin/viewsales...', Array, true)
#8 /home/kottakotabusines/public_html/app/Controllers/SalesManagerController.php(602): view('admin/viewsales...', Array)
#9 /home/kottakotabusines/public_html/system/CodeIgniter.php(825): App\Controllers\SalesManagerController->viewsalesmanagerProfile('1')
#10 /home/kottakotabusines/public_html/system/CodeIgniter.php(412): CodeIgniter\CodeIgniter->runController(Object(App\Controllers\SalesManagerController))
#11 /home/kottakotabusines/public_html/system/CodeIgniter.php(320): CodeIgniter\CodeIgniter->handleRequest(NULL, Object(Config\Cache), false)
#12 /home/kottakotabusines/public_html/index.php(41): CodeIgniter\CodeIgniter->run()
#13 {main}
CRITICAL - 2022-09-07 02:58:25 --> Undefined array key 0
#0 /home/kottakotabusines/public_html/app/Controllers/SalesAgentWalletController.php(75): CodeIgniter\Debug\Exceptions->errorHandler(2, 'Undefined array...', '/home/kottakota...', 75)
#1 /home/kottakotabusines/public_html/system/CodeIgniter.php(825): App\Controllers\SalesAgentWalletController->paymentnotation()
#2 /home/kottakotabusines/public_html/system/CodeIgniter.php(412): CodeIgniter\CodeIgniter->runController(Object(App\Controllers\SalesAgentWalletController))
#3 /home/kottakotabusines/public_html/system/CodeIgniter.php(320): CodeIgniter\CodeIgniter->handleRequest(NULL, Object(Config\Cache), false)
#4 /home/kottakotabusines/public_html/index.php(41): CodeIgniter\CodeIgniter->run()
#5 {main}
CRITICAL - 2022-09-07 04:56:38 --> Undefined array key 0
#0 /home/kottakotabusines/public_html/app/Controllers/SalesAgentWalletController.php(75): CodeIgniter\Debug\Exceptions->errorHandler(2, 'Undefined array...', '/home/kottakota...', 75)
#1 /home/kottakotabusines/public_html/system/CodeIgniter.php(825): App\Controllers\SalesAgentWalletController->paymentnotation()
#2 /home/kottakotabusines/public_html/system/CodeIgniter.php(412): CodeIgniter\CodeIgniter->runController(Object(App\Controllers\SalesAgentWalletController))
#3 /home/kottakotabusines/public_html/system/CodeIgniter.php(320): CodeIgniter\CodeIgniter->handleRequest(NULL, Object(Config\Cache), false)
#4 /home/kottakotabusines/public_html/index.php(41): CodeIgniter\CodeIgniter->run()
#5 {main}
CRITICAL - 2022-09-07 06:58:28 --> Undefined array key 0
#0 /home/kottakotabusines/public_html/app/Controllers/SalesAgentWalletController.php(75): CodeIgniter\Debug\Exceptions->errorHandler(2, 'Undefined array...', '/home/kottakota...', 75)
#1 /home/kottakotabusines/public_html/system/CodeIgniter.php(825): App\Controllers\SalesAgentWalletController->paymentnotation()
#2 /home/kottakotabusines/public_html/system/CodeIgniter.php(412): CodeIgniter\CodeIgniter->runController(Object(App\Controllers\SalesAgentWalletController))
#3 /home/kottakotabusines/public_html/system/CodeIgniter.php(320): CodeIgniter\CodeIgniter->handleRequest(NULL, Object(Config\Cache), false)
#4 /home/kottakotabusines/public_html/index.php(41): CodeIgniter\CodeIgniter->run()
#5 {main}
CRITICAL - 2022-09-07 10:10:21 --> Undefined array key "logged_img"
#0 /home/kottakotabusines/public_html/app/Views/partials/adminPanel/sidebar.php(5): CodeIgniter\Debug\Exceptions->errorHandler(2, 'Undefined array...', '/home/kottakota...', 5)
#1 /home/kottakotabusines/public_html/system/View/View.php(210): include('/home/kottakota...')
#2 /home/kottakotabusines/public_html/system/View/View.php(213): CodeIgniter\View\View->CodeIgniter\View\{closure}()
#3 /home/kottakotabusines/public_html/system/View/View.php(424): CodeIgniter\View\View->render('partials/adminP...', NULL, true)
#4 /home/kottakotabusines/public_html/app/Views/admin/walletactivation.php(34): CodeIgniter\View\View->include('partials/adminP...')
#5 /home/kottakotabusines/public_html/system/View/View.php(210): include('/home/kottakota...')
#6 /home/kottakotabusines/public_html/system/View/View.php(213): CodeIgniter\View\View->CodeIgniter\View\{closure}()
#7 /home/kottakotabusines/public_html/system/Common.php(1089): CodeIgniter\View\View->render('admin/walletact...', Array, true)
#8 /home/kottakotabusines/public_html/app/Controllers/AdminDashboardController.php(170): view('admin/walletact...', Array)
#9 /home/kottakotabusines/public_html/system/CodeIgniter.php(825): App\Controllers\AdminDashboardController->walletactivation()
#10 /home/kottakotabusines/public_html/system/CodeIgniter.php(412): CodeIgniter\CodeIgniter->runController(Object(App\Controllers\AdminDashboardController))
#11 /home/kottakotabusines/public_html/system/CodeIgniter.php(320): CodeIgniter\CodeIgniter->handleRequest(NULL, Object(Config\Cache), false)
#12 /home/kottakotabusines/public_html/index.php(41): CodeIgniter\CodeIgniter->run()
#13 {main}
CRITICAL - 2022-09-07 10:14:30 --> Undefined array key 0
#0 /home/kottakotabusines/public_html/app/Controllers/SalesAgentWalletController.php(75): CodeIgniter\Debug\Exceptions->errorHandler(2, 'Undefined array...', '/home/kottakota...', 75)
#1 /home/kottakotabusines/public_html/system/CodeIgniter.php(825): App\Controllers\SalesAgentWalletController->paymentnotation()
#2 /home/kottakotabusines/public_html/system/CodeIgniter.php(412): CodeIgniter\CodeIgniter->runController(Object(App\Controllers\SalesAgentWalletController))
#3 /home/kottakotabusines/public_html/system/CodeIgniter.php(320): CodeIgniter\CodeIgniter->handleRequest(NULL, Object(Config\Cache), false)
#4 /home/kottakotabusines/public_html/index.php(41): CodeIgniter\CodeIgniter->run()
#5 {main}
CRITICAL - 2022-09-07 11:14:30 --> Undefined array key 0
#0 /home/kottakotabusines/public_html/app/Controllers/SalesAgentWalletController.php(75): CodeIgniter\Debug\Exceptions->errorHandler(2, 'Undefined array...', '/home/kottakota...', 75)
#1 /home/kottakotabusines/public_html/system/CodeIgniter.php(825): App\Controllers\SalesAgentWalletController->paymentnotation()
#2 /home/kottakotabusines/public_html/system/CodeIgniter.php(412): CodeIgniter\CodeIgniter->runController(Object(App\Controllers\SalesAgentWalletController))
#3 /home/kottakotabusines/public_html/system/CodeIgniter.php(320): CodeIgniter\CodeIgniter->handleRequest(NULL, Object(Config\Cache), false)
#4 /home/kottakotabusines/public_html/index.php(41): CodeIgniter\CodeIgniter->run()
#5 {main}
CRITICAL - 2022-09-07 11:17:50 --> Undefined array key 0
#0 /home/kottakotabusines/public_html/app/Controllers/SalesAgentWalletController.php(75): CodeIgniter\Debug\Exceptions->errorHandler(2, 'Undefined array...', '/home/kottakota...', 75)
#1 /home/kottakotabusines/public_html/system/CodeIgniter.php(825): App\Controllers\SalesAgentWalletController->paymentnotation()
#2 /home/kottakotabusines/public_html/system/CodeIgniter.php(412): CodeIgniter\CodeIgniter->runController(Object(App\Controllers\SalesAgentWalletController))
#3 /home/kottakotabusines/public_html/system/CodeIgniter.php(320): CodeIgniter\CodeIgniter->handleRequest(NULL, Object(Config\Cache), false)
#4 /home/kottakotabusines/public_html/index.php(41): CodeIgniter\CodeIgniter->run()
#5 {main}
CRITICAL - 2022-09-07 11:43:44 --> Maximum execution time of 30 seconds exceeded
#0 [internal function]: CodeIgniter\Debug\Exceptions->shutdownHandler()
#1 {main}
CRITICAL - 2022-09-07 12:12:56 --> Undefined array key "logged_img"
#0 /home/kottakotabusines/public_html/app/Views/partials/adminPanel/sidebar.php(5): CodeIgniter\Debug\Exceptions->errorHandler(2, 'Undefined array...', '/home/kottakota...', 5)
#1 /home/kottakotabusines/public_html/system/View/View.php(210): include('/home/kottakota...')
#2 /home/kottakotabusines/public_html/system/View/View.php(213): CodeIgniter\View\View->CodeIgniter\View\{closure}()
#3 /home/kottakotabusines/public_html/system/View/View.php(424): CodeIgniter\View\View->render('partials/adminP...', NULL, true)
#4 /home/kottakotabusines/public_html/app/Views/admin/editsalesmanager.php(18): CodeIgniter\View\View->include('partials/adminP...')
#5 /home/kottakotabusines/public_html/system/View/View.php(210): include('/home/kottakota...')
#6 /home/kottakotabusines/public_html/system/View/View.php(213): CodeIgniter\View\View->CodeIgniter\View\{closure}()
#7 /home/kottakotabusines/public_html/system/Common.php(1089): CodeIgniter\View\View->render('admin/editsales...', Array, true)
#8 /home/kottakotabusines/public_html/app/Controllers/SalesManagerController.php(863): view('admin/editsales...', Array)
#9 /home/kottakotabusines/public_html/system/CodeIgniter.php(825): App\Controllers\SalesManagerController->editProfileAdmin('1')
#10 /home/kottakotabusines/public_html/system/CodeIgniter.php(412): CodeIgniter\CodeIgniter->runController(Object(App\Controllers\SalesManagerController))
#11 /home/kottakotabusines/public_html/system/CodeIgniter.php(320): CodeIgniter\CodeIgniter->handleRequest(NULL, Object(Config\Cache), false)
#12 /home/kottakotabusines/public_html/index.php(41): CodeIgniter\CodeIgniter->run()
#13 {main}
CRITICAL - 2022-09-07 12:18:01 --> Undefined array key 0
#0 /home/kottakotabusines/public_html/app/Controllers/SalesAgentWalletController.php(75): CodeIgniter\Debug\Exceptions->errorHandler(2, 'Undefined array...', '/home/kottakota...', 75)
#1 /home/kottakotabusines/public_html/system/CodeIgniter.php(825): App\Controllers\SalesAgentWalletController->paymentnotation()
#2 /home/kottakotabusines/public_html/system/CodeIgniter.php(412): CodeIgniter\CodeIgniter->runController(Object(App\Controllers\SalesAgentWalletController))
#3 /home/kottakotabusines/public_html/system/CodeIgniter.php(320): CodeIgniter\CodeIgniter->handleRequest(NULL, Object(Config\Cache), false)
#4 /home/kottakotabusines/public_html/index.php(41): CodeIgniter\CodeIgniter->run()
#5 {main}
CRITICAL - 2022-09-07 12:49:46 --> Trying to access array offset on value of type null
#0 /home/kottakotabusines/public_html/app/Controllers/SalesAgentTagController.php(283): CodeIgniter\Debug\Exceptions->errorHandler(2, 'Trying to acces...', '/home/kottakota...', 283)
#1 /home/kottakotabusines/public_html/system/CodeIgniter.php(825): App\Controllers\SalesAgentTagController->verifycustomer()
#2 /home/kottakotabusines/public_html/system/CodeIgniter.php(412): CodeIgniter\CodeIgniter->runController(Object(App\Controllers\SalesAgentTagController))
#3 /home/kottakotabusines/public_html/system/CodeIgniter.php(320): CodeIgniter\CodeIgniter->handleRequest(NULL, Object(Config\Cache), false)
#4 /home/kottakotabusines/public_html/index.php(41): CodeIgniter\CodeIgniter->run()
#5 {main}
CRITICAL - 2022-09-07 12:50:31 --> Trying to access array offset on value of type null
#0 /home/kottakotabusines/public_html/app/Controllers/SalesAgentTagController.php(139): CodeIgniter\Debug\Exceptions->errorHandler(2, 'Trying to acces...', '/home/kottakota...', 139)
#1 /home/kottakotabusines/public_html/system/CodeIgniter.php(825): App\Controllers\SalesAgentTagController->verifyotp()
#2 /home/kottakotabusines/public_html/system/CodeIgniter.php(412): CodeIgniter\CodeIgniter->runController(Object(App\Controllers\SalesAgentTagController))
#3 /home/kottakotabusines/public_html/system/CodeIgniter.php(320): CodeIgniter\CodeIgniter->handleRequest(NULL, Object(Config\Cache), false)
#4 /home/kottakotabusines/public_html/index.php(41): CodeIgniter\CodeIgniter->run()
#5 {main}
CRITICAL - 2022-09-07 12:51:38 --> Undefined variable $wallatdetails
#0 /home/kottakotabusines/public_html/app/Views/salesagent/tagactivationnew.php(436): CodeIgniter\Debug\Exceptions->errorHandler(2, 'Undefined varia...', '/home/kottakota...', 436)
#1 /home/kottakotabusines/public_html/system/View/View.php(210): include('/home/kottakota...')
#2 /home/kottakotabusines/public_html/system/View/View.php(213): CodeIgniter\View\View->CodeIgniter\View\{closure}()
#3 /home/kottakotabusines/public_html/system/Common.php(1089): CodeIgniter\View\View->render('salesagent/taga...', Array, true)
#4 /home/kottakotabusines/public_html/app/Controllers/SalesAgentTagController.php(165): view('salesagent/taga...', Array)
#5 /home/kottakotabusines/public_html/system/CodeIgniter.php(825): App\Controllers\SalesAgentTagController->verifyotp()
#6 /home/kottakotabusines/public_html/system/CodeIgniter.php(412): CodeIgniter\CodeIgniter->runController(Object(App\Controllers\SalesAgentTagController))
#7 /home/kottakotabusines/public_html/system/CodeIgniter.php(320): CodeIgniter\CodeIgniter->handleRequest(NULL, Object(Config\Cache), false)
#8 /home/kottakotabusines/public_html/index.php(41): CodeIgniter\CodeIgniter->run()
#9 {main}
CRITICAL - 2022-09-07 12:51:39 --> Undefined variable $wallatdetails
#0 /home/kottakotabusines/public_html/app/Views/salesagent/tagactivationnew.php(436): CodeIgniter\Debug\Exceptions->errorHandler(2, 'Undefined varia...', '/home/kottakota...', 436)
#1 /home/kottakotabusines/public_html/system/View/View.php(210): include('/home/kottakota...')
#2 /home/kottakotabusines/public_html/system/View/View.php(213): CodeIgniter\View\View->CodeIgniter\View\{closure}()
#3 /home/kottakotabusines/public_html/system/Common.php(1089): CodeIgniter\View\View->render('salesagent/taga...', Array, true)
#4 /home/kottakotabusines/public_html/app/Controllers/SalesAgentTagController.php(165): view('salesagent/taga...', Array)
#5 /home/kottakotabusines/public_html/system/CodeIgniter.php(825): App\Controllers\SalesAgentTagController->verifyotp()
#6 /home/kottakotabusines/public_html/system/CodeIgniter.php(412): CodeIgniter\CodeIgniter->runController(Object(App\Controllers\SalesAgentTagController))
#7 /home/kottakotabusines/public_html/system/CodeIgniter.php(320): CodeIgniter\CodeIgniter->handleRequest(NULL, Object(Config\Cache), false)
#8 /home/kottakotabusines/public_html/index.php(41): CodeIgniter\CodeIgniter->run()
#9 {main}
CRITICAL - 2022-09-07 12:51:39 --> Undefined variable $wallatdetails
#0 /home/kottakotabusines/public_html/app/Views/salesagent/tagactivationnew.php(436): CodeIgniter\Debug\Exceptions->errorHandler(2, 'Undefined varia...', '/home/kottakota...', 436)
#1 /home/kottakotabusines/public_html/system/View/View.php(210): include('/home/kottakota...')
#2 /home/kottakotabusines/public_html/system/View/View.php(213): CodeIgniter\View\View->CodeIgniter\View\{closure}()
#3 /home/kottakotabusines/public_html/system/Common.php(1089): CodeIgniter\View\View->render('salesagent/taga...', Array, true)
#4 /home/kottakotabusines/public_html/app/Controllers/SalesAgentTagController.php(165): view('salesagent/taga...', Array)
#5 /home/kottakotabusines/public_html/system/CodeIgniter.php(825): App\Controllers\SalesAgentTagController->verifyotp()
#6 /home/kottakotabusines/public_html/system/CodeIgniter.php(412): CodeIgniter\CodeIgniter->runController(Object(App\Controllers\SalesAgentTagController))
#7 /home/kottakotabusines/public_html/system/CodeIgniter.php(320): CodeIgniter\CodeIgniter->handleRequest(NULL, Object(Config\Cache), false)
#8 /home/kottakotabusines/public_html/index.php(41): CodeIgniter\CodeIgniter->run()
#9 {main}
CRITICAL - 2022-09-07 12:51:39 --> Undefined variable $wallatdetails
#0 /home/kottakotabusines/public_html/app/Views/salesagent/tagactivationnew.php(436): CodeIgniter\Debug\Exceptions->errorHandler(2, 'Undefined varia...', '/home/kottakota...', 436)
#1 /home/kottakotabusines/public_html/system/View/View.php(210): include('/home/kottakota...')
#2 /home/kottakotabusines/public_html/system/View/View.php(213): CodeIgniter\View\View->CodeIgniter\View\{closure}()
#3 /home/kottakotabusines/public_html/system/Common.php(1089): CodeIgniter\View\View->render('salesagent/taga...', Array, true)
#4 /home/kottakotabusines/public_html/app/Controllers/SalesAgentTagController.php(165): view('salesagent/taga...', Array)
#5 /home/kottakotabusines/public_html/system/CodeIgniter.php(825): App\Controllers\SalesAgentTagController->verifyotp()
#6 /home/kottakotabusines/public_html/system/CodeIgniter.php(412): CodeIgniter\CodeIgniter->runController(Object(App\Controllers\SalesAgentTagController))
#7 /home/kottakotabusines/public_html/system/CodeIgniter.php(320): CodeIgniter\CodeIgniter->handleRequest(NULL, Object(Config\Cache), false)
#8 /home/kottakotabusines/public_html/index.php(41): CodeIgniter\CodeIgniter->run()
#9 {main}
CRITICAL - 2022-09-07 12:51:40 --> Undefined variable $wallatdetails
#0 /home/kottakotabusines/public_html/app/Views/salesagent/tagactivationnew.php(436): CodeIgniter\Debug\Exceptions->errorHandler(2, 'Undefined varia...', '/home/kottakota...', 436)
#1 /home/kottakotabusines/public_html/system/View/View.php(210): include('/home/kottakota...')
#2 /home/kottakotabusines/public_html/system/View/View.php(213): CodeIgniter\View\View->CodeIgniter\View\{closure}()
#3 /home/kottakotabusines/public_html/system/Common.php(1089): CodeIgniter\View\View->render('salesagent/taga...', Array, true)
#4 /home/kottakotabusines/public_html/app/Controllers/SalesAgentTagController.php(165): view('salesagent/taga...', Array)
#5 /home/kottakotabusines/public_html/system/CodeIgniter.php(825): App\Controllers\SalesAgentTagController->verifyotp()
#6 /home/kottakotabusines/public_html/system/CodeIgniter.php(412): CodeIgniter\CodeIgniter->runController(Object(App\Controllers\SalesAgentTagController))
#7 /home/kottakotabusines/public_html/system/CodeIgniter.php(320): CodeIgniter\CodeIgniter->handleRequest(NULL, Object(Config\Cache), false)
#8 /home/kottakotabusines/public_html/index.php(41): CodeIgniter\CodeIgniter->run()
#9 {main}
CRITICAL - 2022-09-07 12:56:38 --> Undefined variable $wallatdetails
#0 /home/kottakotabusines/public_html/app/Views/salesagent/tagactivationnew.php(436): CodeIgniter\Debug\Exceptions->errorHandler(2, 'Undefined varia...', '/home/kottakota...', 436)
#1 /home/kottakotabusines/public_html/system/View/View.php(210): include('/home/kottakota...')
#2 /home/kottakotabusines/public_html/system/View/View.php(213): CodeIgniter\View\View->CodeIgniter\View\{closure}()
#3 /home/kottakotabusines/public_html/system/Common.php(1089): CodeIgniter\View\View->render('salesagent/taga...', Array, true)
#4 /home/kottakotabusines/public_html/app/Controllers/SalesAgentTagController.php(165): view('salesagent/taga...', Array)
#5 /home/kottakotabusines/public_html/system/CodeIgniter.php(825): App\Controllers\SalesAgentTagController->verifyotp()
#6 /home/kottakotabusines/public_html/system/CodeIgniter.php(412): CodeIgniter\CodeIgniter->runController(Object(App\Controllers\SalesAgentTagController))
#7 /home/kottakotabusines/public_html/system/CodeIgniter.php(320): CodeIgniter\CodeIgniter->handleRequest(NULL, Object(Config\Cache), false)
#8 /home/kottakotabusines/public_html/index.php(41): CodeIgniter\CodeIgniter->run()
#9 {main}
CRITICAL - 2022-09-07 12:56:38 --> Undefined variable $wallatdetails
#0 /home/kottakotabusines/public_html/app/Views/salesagent/tagactivationnew.php(436): CodeIgniter\Debug\Exceptions->errorHandler(2, 'Undefined varia...', '/home/kottakota...', 436)
#1 /home/kottakotabusines/public_html/system/View/View.php(210): include('/home/kottakota...')
#2 /home/kottakotabusines/public_html/system/View/View.php(213): CodeIgniter\View\View->CodeIgniter\View\{closure}()
#3 /home/kottakotabusines/public_html/system/Common.php(1089): CodeIgniter\View\View->render('salesagent/taga...', Array, true)
#4 /home/kottakotabusines/public_html/app/Controllers/SalesAgentTagController.php(165): view('salesagent/taga...', Array)
#5 /home/kottakotabusines/public_html/system/CodeIgniter.php(825): App\Controllers\SalesAgentTagController->verifyotp()
#6 /home/kottakotabusines/public_html/system/CodeIgniter.php(412): CodeIgniter\CodeIgniter->runController(Object(App\Controllers\SalesAgentTagController))
#7 /home/kottakotabusines/public_html/system/CodeIgniter.php(320): CodeIgniter\CodeIgniter->handleRequest(NULL, Object(Config\Cache), false)
#8 /home/kottakotabusines/public_html/index.php(41): CodeIgniter\CodeIgniter->run()
#9 {main}
CRITICAL - 2022-09-07 12:56:38 --> Undefined variable $wallatdetails
#0 /home/kottakotabusines/public_html/app/Views/salesagent/tagactivationnew.php(436): CodeIgniter\Debug\Exceptions->errorHandler(2, 'Undefined varia...', '/home/kottakota...', 436)
#1 /home/kottakotabusines/public_html/system/View/View.php(210): include('/home/kottakota...')
#2 /home/kottakotabusines/public_html/system/View/View.php(213): CodeIgniter\View\View->CodeIgniter\View\{closure}()
#3 /home/kottakotabusines/public_html/system/Common.php(1089): CodeIgniter\View\View->render('salesagent/taga...', Array, true)
#4 /home/kottakotabusines/public_html/app/Controllers/SalesAgentTagController.php(165): view('salesagent/taga...', Array)
#5 /home/kottakotabusines/public_html/system/CodeIgniter.php(825): App\Controllers\SalesAgentTagController->verifyotp()
#6 /home/kottakotabusines/public_html/system/CodeIgniter.php(412): CodeIgniter\CodeIgniter->runController(Object(App\Controllers\SalesAgentTagController))
#7 /home/kottakotabusines/public_html/system/CodeIgniter.php(320): CodeIgniter\CodeIgniter->handleRequest(NULL, Object(Config\Cache), false)
#8 /home/kottakotabusines/public_html/index.php(41): CodeIgniter\CodeIgniter->run()
#9 {main}
CRITICAL - 2022-09-07 12:56:39 --> Undefined variable $wallatdetails
#0 /home/kottakotabusines/public_html/app/Views/salesagent/tagactivationnew.php(436): CodeIgniter\Debug\Exceptions->errorHandler(2, 'Undefined varia...', '/home/kottakota...', 436)
#1 /home/kottakotabusines/public_html/system/View/View.php(210): include('/home/kottakota...')
#2 /home/kottakotabusines/public_html/system/View/View.php(213): CodeIgniter\View\View->CodeIgniter\View\{closure}()
#3 /home/kottakotabusines/public_html/system/Common.php(1089): CodeIgniter\View\View->render('salesagent/taga...', Array, true)
#4 /home/kottakotabusines/public_html/app/Controllers/SalesAgentTagController.php(165): view('salesagent/taga...', Array)
#5 /home/kottakotabusines/public_html/system/CodeIgniter.php(825): App\Controllers\SalesAgentTagController->verifyotp()
#6 /home/kottakotabusines/public_html/system/CodeIgniter.php(412): CodeIgniter\CodeIgniter->runController(Object(App\Controllers\SalesAgentTagController))
#7 /home/kottakotabusines/public_html/system/CodeIgniter.php(320): CodeIgniter\CodeIgniter->handleRequest(NULL, Object(Config\Cache), false)
#8 /home/kottakotabusines/public_html/index.php(41): CodeIgniter\CodeIgniter->run()
#9 {main}
CRITICAL - 2022-09-07 12:56:39 --> Undefined variable $wallatdetails
#0 /home/kottakotabusines/public_html/app/Views/salesagent/tagactivationnew.php(436): CodeIgniter\Debug\Exceptions->errorHandler(2, 'Undefined varia...', '/home/kottakota...', 436)
#1 /home/kottakotabusines/public_html/system/View/View.php(210): include('/home/kottakota...')
#2 /home/kottakotabusines/public_html/system/View/View.php(213): CodeIgniter\View\View->CodeIgniter\View\{closure}()
#3 /home/kottakotabusines/public_html/system/Common.php(1089): CodeIgniter\View\View->render('salesagent/taga...', Array, true)
#4 /home/kottakotabusines/public_html/app/Controllers/SalesAgentTagController.php(165): view('salesagent/taga...', Array)
#5 /home/kottakotabusines/public_html/system/CodeIgniter.php(825): App\Controllers\SalesAgentTagController->verifyotp()
#6 /home/kottakotabusines/public_html/system/CodeIgniter.php(412): CodeIgniter\CodeIgniter->runController(Object(App\Controllers\SalesAgentTagController))
#7 /home/kottakotabusines/public_html/system/CodeIgniter.php(320): CodeIgniter\CodeIgniter->handleRequest(NULL, Object(Config\Cache), false)
#8 /home/kottakotabusines/public_html/index.php(41): CodeIgniter\CodeIgniter->run()
#9 {main}
CRITICAL - 2022-09-07 12:56:39 --> Undefined variable $wallatdetails
#0 /home/kottakotabusines/public_html/app/Views/salesagent/tagactivationnew.php(436): CodeIgniter\Debug\Exceptions->errorHandler(2, 'Undefined varia...', '/home/kottakota...', 436)
#1 /home/kottakotabusines/public_html/system/View/View.php(210): include('/home/kottakota...')
#2 /home/kottakotabusines/public_html/system/View/View.php(213): CodeIgniter\View\View->CodeIgniter\View\{closure}()
#3 /home/kottakotabusines/public_html/system/Common.php(1089): CodeIgniter\View\View->render('salesagent/taga...', Array, true)
#4 /home/kottakotabusines/public_html/app/Controllers/SalesAgentTagController.php(165): view('salesagent/taga...', Array)
#5 /home/kottakotabusines/public_html/system/CodeIgniter.php(825): App\Controllers\SalesAgentTagController->verifyotp()
#6 /home/kottakotabusines/public_html/system/CodeIgniter.php(412): CodeIgniter\CodeIgniter->runController(Object(App\Controllers\SalesAgentTagController))
#7 /home/kottakotabusines/public_html/system/CodeIgniter.php(320): CodeIgniter\CodeIgniter->handleRequest(NULL, Object(Config\Cache), false)
#8 /home/kottakotabusines/public_html/index.php(41): CodeIgniter\CodeIgniter->run()
#9 {main}
CRITICAL - 2022-09-07 12:56:39 --> Undefined variable $wallatdetails
#0 /home/kottakotabusines/public_html/app/Views/salesagent/tagactivationnew.php(436): CodeIgniter\Debug\Exceptions->errorHandler(2, 'Undefined varia...', '/home/kottakota...', 436)
#1 /home/kottakotabusines/public_html/system/View/View.php(210): include('/home/kottakota...')
#2 /home/kottakotabusines/public_html/system/View/View.php(213): CodeIgniter\View\View->CodeIgniter\View\{closure}()
#3 /home/kottakotabusines/public_html/system/Common.php(1089): CodeIgniter\View\View->render('salesagent/taga...', Array, true)
#4 /home/kottakotabusines/public_html/app/Controllers/SalesAgentTagController.php(165): view('salesagent/taga...', Array)
#5 /home/kottakotabusines/public_html/system/CodeIgniter.php(825): App\Controllers\SalesAgentTagController->verifyotp()
#6 /home/kottakotabusines/public_html/system/CodeIgniter.php(412): CodeIgniter\CodeIgniter->runController(Object(App\Controllers\SalesAgentTagController))
#7 /home/kottakotabusines/public_html/system/CodeIgniter.php(320): CodeIgniter\CodeIgniter->handleRequest(NULL, Object(Config\Cache), false)
#8 /home/kottakotabusines/public_html/index.php(41): CodeIgniter\CodeIgniter->run()
#9 {main}
CRITICAL - 2022-09-07 12:56:39 --> Undefined variable $wallatdetails
#0 /home/kottakotabusines/public_html/app/Views/salesagent/tagactivationnew.php(436): CodeIgniter\Debug\Exceptions->errorHandler(2, 'Undefined varia...', '/home/kottakota...', 436)
#1 /home/kottakotabusines/public_html/system/View/View.php(210): include('/home/kottakota...')
#2 /home/kottakotabusines/public_html/system/View/View.php(213): CodeIgniter\View\View->CodeIgniter\View\{closure}()
#3 /home/kottakotabusines/public_html/system/Common.php(1089): CodeIgniter\View\View->render('salesagent/taga...', Array, true)
#4 /home/kottakotabusines/public_html/app/Controllers/SalesAgentTagController.php(165): view('salesagent/taga...', Array)
#5 /home/kottakotabusines/public_html/system/CodeIgniter.php(825): App\Controllers\SalesAgentTagController->verifyotp()
#6 /home/kottakotabusines/public_html/system/CodeIgniter.php(412): CodeIgniter\CodeIgniter->runController(Object(App\Controllers\SalesAgentTagController))
#7 /home/kottakotabusines/public_html/system/CodeIgniter.php(320): CodeIgniter\CodeIgniter->handleRequest(NULL, Object(Config\Cache), false)
#8 /home/kottakotabusines/public_html/index.php(41): CodeIgniter\CodeIgniter->run()
#9 {main}
CRITICAL - 2022-09-07 12:56:39 --> Undefined variable $wallatdetails
#0 /home/kottakotabusines/public_html/app/Views/salesagent/tagactivationnew.php(436): CodeIgniter\Debug\Exceptions->errorHandler(2, 'Undefined varia...', '/home/kottakota...', 436)
#1 /home/kottakotabusines/public_html/system/View/View.php(210): include('/home/kottakota...')
#2 /home/kottakotabusines/public_html/system/View/View.php(213): CodeIgniter\View\View->CodeIgniter\View\{closure}()
#3 /home/kottakotabusines/public_html/system/Common.php(1089): CodeIgniter\View\View->render('salesagent/taga...', Array, true)
#4 /home/kottakotabusines/public_html/app/Controllers/SalesAgentTagController.php(165): view('salesagent/taga...', Array)
#5 /home/kottakotabusines/public_html/system/CodeIgniter.php(825): App\Controllers\SalesAgentTagController->verifyotp()
#6 /home/kottakotabusines/public_html/system/CodeIgniter.php(412): CodeIgniter\CodeIgniter->runController(Object(App\Controllers\SalesAgentTagController))
#7 /home/kottakotabusines/public_html/system/CodeIgniter.php(320): CodeIgniter\CodeIgniter->handleRequest(NULL, Object(Config\Cache), false)
#8 /home/kottakotabusines/public_html/index.php(41): CodeIgniter\CodeIgniter->run()
#9 {main}
CRITICAL - 2022-09-07 12:56:40 --> Undefined variable $wallatdetails
#0 /home/kottakotabusines/public_html/app/Views/salesagent/tagactivationnew.php(436): CodeIgniter\Debug\Exceptions->errorHandler(2, 'Undefined varia...', '/home/kottakota...', 436)
#1 /home/kottakotabusines/public_html/system/View/View.php(210): include('/home/kottakota...')
#2 /home/kottakotabusines/public_html/system/View/View.php(213): CodeIgniter\View\View->CodeIgniter\View\{closure}()
#3 /home/kottakotabusines/public_html/system/Common.php(1089): CodeIgniter\View\View->render('salesagent/taga...', Array, true)
#4 /home/kottakotabusines/public_html/app/Controllers/SalesAgentTagController.php(165): view('salesagent/taga...', Array)
#5 /home/kottakotabusines/public_html/system/CodeIgniter.php(825): App\Controllers\SalesAgentTagController->verifyotp()
#6 /home/kottakotabusines/public_html/system/CodeIgniter.php(412): CodeIgniter\CodeIgniter->runController(Object(App\Controllers\SalesAgentTagController))
#7 /home/kottakotabusines/public_html/system/CodeIgniter.php(320): CodeIgniter\CodeIgniter->handleRequest(NULL, Object(Config\Cache), false)
#8 /home/kottakotabusines/public_html/index.php(41): CodeIgniter\CodeIgniter->run()
#9 {main}
CRITICAL - 2022-09-07 12:56:40 --> Undefined variable $wallatdetails
#0 /home/kottakotabusines/public_html/app/Views/salesagent/tagactivationnew.php(436): CodeIgniter\Debug\Exceptions->errorHandler(2, 'Undefined varia...', '/home/kottakota...', 436)
#1 /home/kottakotabusines/public_html/system/View/View.php(210): include('/home/kottakota...')
#2 /home/kottakotabusines/public_html/system/View/View.php(213): CodeIgniter\View\View->CodeIgniter\View\{closure}()
#3 /home/kottakotabusines/public_html/system/Common.php(1089): CodeIgniter\View\View->render('salesagent/taga...', Array, true)
#4 /home/kottakotabusines/public_html/app/Controllers/SalesAgentTagController.php(165): view('salesagent/taga...', Array)
#5 /home/kottakotabusines/public_html/system/CodeIgniter.php(825): App\Controllers\SalesAgentTagController->verifyotp()
#6 /home/kottakotabusines/public_html/system/CodeIgniter.php(412): CodeIgniter\CodeIgniter->runController(Object(App\Controllers\SalesAgentTagController))
#7 /home/kottakotabusines/public_html/system/CodeIgniter.php(320): CodeIgniter\CodeIgniter->handleRequest(NULL, Object(Config\Cache), false)
#8 /home/kottakotabusines/public_html/index.php(41): CodeIgniter\CodeIgniter->run()
#9 {main}
CRITICAL - 2022-09-07 12:56:40 --> Undefined variable $wallatdetails
#0 /home/kottakotabusines/public_html/app/Views/salesagent/tagactivationnew.php(436): CodeIgniter\Debug\Exceptions->errorHandler(2, 'Undefined varia...', '/home/kottakota...', 436)
#1 /home/kottakotabusines/public_html/system/View/View.php(210): include('/home/kottakota...')
#2 /home/kottakotabusines/public_html/system/View/View.php(213): CodeIgniter\View\View->CodeIgniter\View\{closure}()
#3 /home/kottakotabusines/public_html/system/Common.php(1089): CodeIgniter\View\View->render('salesagent/taga...', Array, true)
#4 /home/kottakotabusines/public_html/app/Controllers/SalesAgentTagController.php(165): view('salesagent/taga...', Array)
#5 /home/kottakotabusines/public_html/system/CodeIgniter.php(825): App\Controllers\SalesAgentTagController->verifyotp()
#6 /home/kottakotabusines/public_html/system/CodeIgniter.php(412): CodeIgniter\CodeIgniter->runController(Object(App\Controllers\SalesAgentTagController))
#7 /home/kottakotabusines/public_html/system/CodeIgniter.php(320): CodeIgniter\CodeIgniter->handleRequest(NULL, Object(Config\Cache), false)
#8 /home/kottakotabusines/public_html/index.php(41): CodeIgniter\CodeIgniter->run()
#9 {main}
CRITICAL - 2022-09-07 12:56:40 --> Undefined variable $wallatdetails
#0 /home/kottakotabusines/public_html/app/Views/salesagent/tagactivationnew.php(436): CodeIgniter\Debug\Exceptions->errorHandler(2, 'Undefined varia...', '/home/kottakota...', 436)
#1 /home/kottakotabusines/public_html/system/View/View.php(210): include('/home/kottakota...')
#2 /home/kottakotabusines/public_html/system/View/View.php(213): CodeIgniter\View\View->CodeIgniter\View\{closure}()
#3 /home/kottakotabusines/public_html/system/Common.php(1089): CodeIgniter\View\View->render('salesagent/taga...', Array, true)
#4 /home/kottakotabusines/public_html/app/Controllers/SalesAgentTagController.php(165): view('salesagent/taga...', Array)
#5 /home/kottakotabusines/public_html/system/CodeIgniter.php(825): App\Controllers\SalesAgentTagController->verifyotp()
#6 /home/kottakotabusines/public_html/system/CodeIgniter.php(412): CodeIgniter\CodeIgniter->runController(Object(App\Controllers\SalesAgentTagController))
#7 /home/kottakotabusines/public_html/system/CodeIgniter.php(320): CodeIgniter\CodeIgniter->handleRequest(NULL, Object(Config\Cache), false)
#8 /home/kottakotabusines/public_html/index.php(41): CodeIgniter\CodeIgniter->run()
#9 {main}
CRITICAL - 2022-09-07 12:56:40 --> Undefined variable $wallatdetails
#0 /home/kottakotabusines/public_html/app/Views/salesagent/tagactivationnew.php(436): CodeIgniter\Debug\Exceptions->errorHandler(2, 'Undefined varia...', '/home/kottakota...', 436)
#1 /home/kottakotabusines/public_html/system/View/View.php(210): include('/home/kottakota...')
#2 /home/kottakotabusines/public_html/system/View/View.php(213): CodeIgniter\View\View->CodeIgniter\View\{closure}()
#3 /home/kottakotabusines/public_html/system/Common.php(1089): CodeIgniter\View\View->render('salesagent/taga...', Array, true)
#4 /home/kottakotabusines/public_html/app/Controllers/SalesAgentTagController.php(165): view('salesagent/taga...', Array)
#5 /home/kottakotabusines/public_html/system/CodeIgniter.php(825): App\Controllers\SalesAgentTagController->verifyotp()
#6 /home/kottakotabusines/public_html/system/CodeIgniter.php(412): CodeIgniter\CodeIgniter->runController(Object(App\Controllers\SalesAgentTagController))
#7 /home/kottakotabusines/public_html/system/CodeIgniter.php(320): CodeIgniter\CodeIgniter->handleRequest(NULL, Object(Config\Cache), false)
#8 /home/kottakotabusines/public_html/index.php(41): CodeIgniter\CodeIgniter->run()
#9 {main}
CRITICAL - 2022-09-07 12:56:40 --> Undefined variable $wallatdetails
#0 /home/kottakotabusines/public_html/app/Views/salesagent/tagactivationnew.php(436): CodeIgniter\Debug\Exceptions->errorHandler(2, 'Undefined varia...', '/home/kottakota...', 436)
#1 /home/kottakotabusines/public_html/system/View/View.php(210): include('/home/kottakota...')
#2 /home/kottakotabusines/public_html/system/View/View.php(213): CodeIgniter\View\View->CodeIgniter\View\{closure}()
#3 /home/kottakotabusines/public_html/system/Common.php(1089): CodeIgniter\View\View->render('salesagent/taga...', Array, true)
#4 /home/kottakotabusines/public_html/app/Controllers/SalesAgentTagController.php(165): view('salesagent/taga...', Array)
#5 /home/kottakotabusines/public_html/system/CodeIgniter.php(825): App\Controllers\SalesAgentTagController->verifyotp()
#6 /home/kottakotabusines/public_html/system/CodeIgniter.php(412): CodeIgniter\CodeIgniter->runController(Object(App\Controllers\SalesAgentTagController))
#7 /home/kottakotabusines/public_html/system/CodeIgniter.php(320): CodeIgniter\CodeIgniter->handleRequest(NULL, Object(Config\Cache), false)
#8 /home/kottakotabusines/public_html/index.php(41): CodeIgniter\CodeIgniter->run()
#9 {main}
CRITICAL - 2022-09-07 12:56:40 --> Undefined variable $wallatdetails
#0 /home/kottakotabusines/public_html/app/Views/salesagent/tagactivationnew.php(436): CodeIgniter\Debug\Exceptions->errorHandler(2, 'Undefined varia...', '/home/kottakota...', 436)
#1 /home/kottakotabusines/public_html/system/View/View.php(210): include('/home/kottakota...')
#2 /home/kottakotabusines/public_html/system/View/View.php(213): CodeIgniter\View\View->CodeIgniter\View\{closure}()
#3 /home/kottakotabusines/public_html/system/Common.php(1089): CodeIgniter\View\View->render('salesagent/taga...', Array, true)
#4 /home/kottakotabusines/public_html/app/Controllers/SalesAgentTagController.php(165): view('salesagent/taga...', Array)
#5 /home/kottakotabusines/public_html/system/CodeIgniter.php(825): App\Controllers\SalesAgentTagController->verifyotp()
#6 /home/kottakotabusines/public_html/system/CodeIgniter.php(412): CodeIgniter\CodeIgniter->runController(Object(App\Controllers\SalesAgentTagController))
#7 /home/kottakotabusines/public_html/system/CodeIgniter.php(320): CodeIgniter\CodeIgniter->handleRequest(NULL, Object(Config\Cache), false)
#8 /home/kottakotabusines/public_html/index.php(41): CodeIgniter\CodeIgniter->run()
#9 {main}
CRITICAL - 2022-09-07 12:56:40 --> Undefined variable $wallatdetails
#0 /home/kottakotabusines/public_html/app/Views/salesagent/tagactivationnew.php(436): CodeIgniter\Debug\Exceptions->errorHandler(2, 'Undefined varia...', '/home/kottakota...', 436)
#1 /home/kottakotabusines/public_html/system/View/View.php(210): include('/home/kottakota...')
#2 /home/kottakotabusines/public_html/system/View/View.php(213): CodeIgniter\View\View->CodeIgniter\View\{closure}()
#3 /home/kottakotabusines/public_html/system/Common.php(1089): CodeIgniter\View\View->render('salesagent/taga...', Array, true)
#4 /home/kottakotabusines/public_html/app/Controllers/SalesAgentTagController.php(165): view('salesagent/taga...', Array)
#5 /home/kottakotabusines/public_html/system/CodeIgniter.php(825): App\Controllers\SalesAgentTagController->verifyotp()
#6 /home/kottakotabusines/public_html/system/CodeIgniter.php(412): CodeIgniter\CodeIgniter->runController(Object(App\Controllers\SalesAgentTagController))
#7 /home/kottakotabusines/public_html/system/CodeIgniter.php(320): CodeIgniter\CodeIgniter->handleRequest(NULL, Object(Config\Cache), false)
#8 /home/kottakotabusines/public_html/index.php(41): CodeIgniter\CodeIgniter->run()
#9 {main}
CRITICAL - 2022-09-07 12:56:40 --> Undefined variable $wallatdetails
#0 /home/kottakotabusines/public_html/app/Views/salesagent/tagactivationnew.php(436): CodeIgniter\Debug\Exceptions->errorHandler(2, 'Undefined varia...', '/home/kottakota...', 436)
#1 /home/kottakotabusines/public_html/system/View/View.php(210): include('/home/kottakota...')
#2 /home/kottakotabusines/public_html/system/View/View.php(213): CodeIgniter\View\View->CodeIgniter\View\{closure}()
#3 /home/kottakotabusines/public_html/system/Common.php(1089): CodeIgniter\View\View->render('salesagent/taga...', Array, true)
#4 /home/kottakotabusines/public_html/app/Controllers/SalesAgentTagController.php(165): view('salesagent/taga...', Array)
#5 /home/kottakotabusines/public_html/system/CodeIgniter.php(825): App\Controllers\SalesAgentTagController->verifyotp()
#6 /home/kottakotabusines/public_html/system/CodeIgniter.php(412): CodeIgniter\CodeIgniter->runController(Object(App\Controllers\SalesAgentTagController))
#7 /home/kottakotabusines/public_html/system/CodeIgniter.php(320): CodeIgniter\CodeIgniter->handleRequest(NULL, Object(Config\Cache), false)
#8 /home/kottakotabusines/public_html/index.php(41): CodeIgniter\CodeIgniter->run()
#9 {main}
CRITICAL - 2022-09-07 12:56:40 --> Undefined variable $wallatdetails
#0 /home/kottakotabusines/public_html/app/Views/salesagent/tagactivationnew.php(436): CodeIgniter\Debug\Exceptions->errorHandler(2, 'Undefined varia...', '/home/kottakota...', 436)
#1 /home/kottakotabusines/public_html/system/View/View.php(210): include('/home/kottakota...')
#2 /home/kottakotabusines/public_html/system/View/View.php(213): CodeIgniter\View\View->CodeIgniter\View\{closure}()
#3 /home/kottakotabusines/public_html/system/Common.php(1089): CodeIgniter\View\View->render('salesagent/taga...', Array, true)
#4 /home/kottakotabusines/public_html/app/Controllers/SalesAgentTagController.php(165): view('salesagent/taga...', Array)
#5 /home/kottakotabusines/public_html/system/CodeIgniter.php(825): App\Controllers\SalesAgentTagController->verifyotp()
#6 /home/kottakotabusines/public_html/system/CodeIgniter.php(412): CodeIgniter\CodeIgniter->runController(Object(App\Controllers\SalesAgentTagController))
#7 /home/kottakotabusines/public_html/system/CodeIgniter.php(320): CodeIgniter\CodeIgniter->handleRequest(NULL, Object(Config\Cache), false)
#8 /home/kottakotabusines/public_html/index.php(41): CodeIgniter\CodeIgniter->run()
#9 {main}
CRITICAL - 2022-09-07 12:56:40 --> Undefined variable $wallatdetails
#0 /home/kottakotabusines/public_html/app/Views/salesagent/tagactivationnew.php(436): CodeIgniter\Debug\Exceptions->errorHandler(2, 'Undefined varia...', '/home/kottakota...', 436)
#1 /home/kottakotabusines/public_html/system/View/View.php(210): include('/home/kottakota...')
#2 /home/kottakotabusines/public_html/system/View/View.php(213): CodeIgniter\View\View->CodeIgniter\View\{closure}()
#3 /home/kottakotabusines/public_html/system/Common.php(1089): CodeIgniter\View\View->render('salesagent/taga...', Array, true)
#4 /home/kottakotabusines/public_html/app/Controllers/SalesAgentTagController.php(165): view('salesagent/taga...', Array)
#5 /home/kottakotabusines/public_html/system/CodeIgniter.php(825): App\Controllers\SalesAgentTagController->verifyotp()
#6 /home/kottakotabusines/public_html/system/CodeIgniter.php(412): CodeIgniter\CodeIgniter->runController(Object(App\Controllers\SalesAgentTagController))
#7 /home/kottakotabusines/public_html/system/CodeIgniter.php(320): CodeIgniter\CodeIgniter->handleRequest(NULL, Object(Config\Cache), false)
#8 /home/kottakotabusines/public_html/index.php(41): CodeIgniter\CodeIgniter->run()
#9 {main}
CRITICAL - 2022-09-07 12:56:41 --> Undefined variable $wallatdetails
#0 /home/kottakotabusines/public_html/app/Views/salesagent/tagactivationnew.php(436): CodeIgniter\Debug\Exceptions->errorHandler(2, 'Undefined varia...', '/home/kottakota...', 436)
#1 /home/kottakotabusines/public_html/system/View/View.php(210): include('/home/kottakota...')
#2 /home/kottakotabusines/public_html/system/View/View.php(213): CodeIgniter\View\View->CodeIgniter\View\{closure}()
#3 /home/kottakotabusines/public_html/system/Common.php(1089): CodeIgniter\View\View->render('salesagent/taga...', Array, true)
#4 /home/kottakotabusines/public_html/app/Controllers/SalesAgentTagController.php(165): view('salesagent/taga...', Array)
#5 /home/kottakotabusines/public_html/system/CodeIgniter.php(825): App\Controllers\SalesAgentTagController->verifyotp()
#6 /home/kottakotabusines/public_html/system/CodeIgniter.php(412): CodeIgniter\CodeIgniter->runController(Object(App\Controllers\SalesAgentTagController))
#7 /home/kottakotabusines/public_html/system/CodeIgniter.php(320): CodeIgniter\CodeIgniter->handleRequest(NULL, Object(Config\Cache), false)
#8 /home/kottakotabusines/public_html/index.php(41): CodeIgniter\CodeIgniter->run()
#9 {main}
CRITICAL - 2022-09-07 12:56:41 --> Undefined variable $wallatdetails
#0 /home/kottakotabusines/public_html/app/Views/salesagent/tagactivationnew.php(436): CodeIgniter\Debug\Exceptions->errorHandler(2, 'Undefined varia...', '/home/kottakota...', 436)
#1 /home/kottakotabusines/public_html/system/View/View.php(210): include('/home/kottakota...')
#2 /home/kottakotabusines/public_html/system/View/View.php(213): CodeIgniter\View\View->CodeIgniter\View\{closure}()
#3 /home/kottakotabusines/public_html/system/Common.php(1089): CodeIgniter\View\View->render('salesagent/taga...', Array, true)
#4 /home/kottakotabusines/public_html/app/Controllers/SalesAgentTagController.php(165): view('salesagent/taga...', Array)
#5 /home/kottakotabusines/public_html/system/CodeIgniter.php(825): App\Controllers\SalesAgentTagController->verifyotp()
#6 /home/kottakotabusines/public_html/system/CodeIgniter.php(412): CodeIgniter\CodeIgniter->runController(Object(App\Controllers\SalesAgentTagController))
#7 /home/kottakotabusines/public_html/system/CodeIgniter.php(320): CodeIgniter\CodeIgniter->handleRequest(NULL, Object(Config\Cache), false)
#8 /home/kottakotabusines/public_html/index.php(41): CodeIgniter\CodeIgniter->run()
#9 {main}
CRITICAL - 2022-09-07 12:56:41 --> Undefined variable $wallatdetails
#0 /home/kottakotabusines/public_html/app/Views/salesagent/tagactivationnew.php(436): CodeIgniter\Debug\Exceptions->errorHandler(2, 'Undefined varia...', '/home/kottakota...', 436)
#1 /home/kottakotabusines/public_html/system/View/View.php(210): include('/home/kottakota...')
#2 /home/kottakotabusines/public_html/system/View/View.php(213): CodeIgniter\View\View->CodeIgniter\View\{closure}()
#3 /home/kottakotabusines/public_html/system/Common.php(1089): CodeIgniter\View\View->render('salesagent/taga...', Array, true)
#4 /home/kottakotabusines/public_html/app/Controllers/SalesAgentTagController.php(165): view('salesagent/taga...', Array)
#5 /home/kottakotabusines/public_html/system/CodeIgniter.php(825): App\Controllers\SalesAgentTagController->verifyotp()
#6 /home/kottakotabusines/public_html/system/CodeIgniter.php(412): CodeIgniter\CodeIgniter->runController(Object(App\Controllers\SalesAgentTagController))
#7 /home/kottakotabusines/public_html/system/CodeIgniter.php(320): CodeIgniter\CodeIgniter->handleRequest(NULL, Object(Config\Cache), false)
#8 /home/kottakotabusines/public_html/index.php(41): CodeIgniter\CodeIgniter->run()
#9 {main}
CRITICAL - 2022-09-07 12:56:41 --> Undefined variable $wallatdetails
#0 /home/kottakotabusines/public_html/app/Views/salesagent/tagactivationnew.php(436): CodeIgniter\Debug\Exceptions->errorHandler(2, 'Undefined varia...', '/home/kottakota...', 436)
#1 /home/kottakotabusines/public_html/system/View/View.php(210): include('/home/kottakota...')
#2 /home/kottakotabusines/public_html/system/View/View.php(213): CodeIgniter\View\View->CodeIgniter\View\{closure}()
#3 /home/kottakotabusines/public_html/system/Common.php(1089): CodeIgniter\View\View->render('salesagent/taga...', Array, true)
#4 /home/kottakotabusines/public_html/app/Controllers/SalesAgentTagController.php(165): view('salesagent/taga...', Array)
#5 /home/kottakotabusines/public_html/system/CodeIgniter.php(825): App\Controllers\SalesAgentTagController->verifyotp()
#6 /home/kottakotabusines/public_html/system/CodeIgniter.php(412): CodeIgniter\CodeIgniter->runController(Object(App\Controllers\SalesAgentTagController))
#7 /home/kottakotabusines/public_html/system/CodeIgniter.php(320): CodeIgniter\CodeIgniter->handleRequest(NULL, Object(Config\Cache), false)
#8 /home/kottakotabusines/public_html/index.php(41): CodeIgniter\CodeIgniter->run()
#9 {main}
CRITICAL - 2022-09-07 12:56:41 --> Undefined variable $wallatdetails
#0 /home/kottakotabusines/public_html/app/Views/salesagent/tagactivationnew.php(436): CodeIgniter\Debug\Exceptions->errorHandler(2, 'Undefined varia...', '/home/kottakota...', 436)
#1 /home/kottakotabusines/public_html/system/View/View.php(210): include('/home/kottakota...')
#2 /home/kottakotabusines/public_html/system/View/View.php(213): CodeIgniter\View\View->CodeIgniter\View\{closure}()
#3 /home/kottakotabusines/public_html/system/Common.php(1089): CodeIgniter\View\View->render('salesagent/taga...', Array, true)
#4 /home/kottakotabusines/public_html/app/Controllers/SalesAgentTagController.php(165): view('salesagent/taga...', Array)
#5 /home/kottakotabusines/public_html/system/CodeIgniter.php(825): App\Controllers\SalesAgentTagController->verifyotp()
#6 /home/kottakotabusines/public_html/system/CodeIgniter.php(412): CodeIgniter\CodeIgniter->runController(Object(App\Controllers\SalesAgentTagController))
#7 /home/kottakotabusines/public_html/system/CodeIgniter.php(320): CodeIgniter\CodeIgniter->handleRequest(NULL, Object(Config\Cache), false)
#8 /home/kottakotabusines/public_html/index.php(41): CodeIgniter\CodeIgniter->run()
#9 {main}
CRITICAL - 2022-09-07 12:56:41 --> Undefined variable $wallatdetails
#0 /home/kottakotabusines/public_html/app/Views/salesagent/tagactivationnew.php(436): CodeIgniter\Debug\Exceptions->errorHandler(2, 'Undefined varia...', '/home/kottakota...', 436)
#1 /home/kottakotabusines/public_html/system/View/View.php(210): include('/home/kottakota...')
#2 /home/kottakotabusines/public_html/system/View/View.php(213): CodeIgniter\View\View->CodeIgniter\View\{closure}()
#3 /home/kottakotabusines/public_html/system/Common.php(1089): CodeIgniter\View\View->render('salesagent/taga...', Array, true)
#4 /home/kottakotabusines/public_html/app/Controllers/SalesAgentTagController.php(165): view('salesagent/taga...', Array)
#5 /home/kottakotabusines/public_html/system/CodeIgniter.php(825): App\Controllers\SalesAgentTagController->verifyotp()
#6 /home/kottakotabusines/public_html/system/CodeIgniter.php(412): CodeIgniter\CodeIgniter->runController(Object(App\Controllers\SalesAgentTagController))
#7 /home/kottakotabusines/public_html/system/CodeIgniter.php(320): CodeIgniter\CodeIgniter->handleRequest(NULL, Object(Config\Cache), false)
#8 /home/kottakotabusines/public_html/index.php(41): CodeIgniter\CodeIgniter->run()
#9 {main}
CRITICAL - 2022-09-07 12:56:41 --> Undefined variable $wallatdetails
#0 /home/kottakotabusines/public_html/app/Views/salesagent/tagactivationnew.php(436): CodeIgniter\Debug\Exceptions->errorHandler(2, 'Undefined varia...', '/home/kottakota...', 436)
#1 /home/kottakotabusines/public_html/system/View/View.php(210): include('/home/kottakota...')
#2 /home/kottakotabusines/public_html/system/View/View.php(213): CodeIgniter\View\View->CodeIgniter\View\{closure}()
#3 /home/kottakotabusines/public_html/system/Common.php(1089): CodeIgniter\View\View->render('salesagent/taga...', Array, true)
#4 /home/kottakotabusines/public_html/app/Controllers/SalesAgentTagController.php(165): view('salesagent/taga...', Array)
#5 /home/kottakotabusines/public_html/system/CodeIgniter.php(825): App\Controllers\SalesAgentTagController->verifyotp()
#6 /home/kottakotabusines/public_html/system/CodeIgniter.php(412): CodeIgniter\CodeIgniter->runController(Object(App\Controllers\SalesAgentTagController))
#7 /home/kottakotabusines/public_html/system/CodeIgniter.php(320): CodeIgniter\CodeIgniter->handleRequest(NULL, Object(Config\Cache), false)
#8 /home/kottakotabusines/public_html/index.php(41): CodeIgniter\CodeIgniter->run()
#9 {main}
CRITICAL - 2022-09-07 12:56:41 --> Undefined variable $wallatdetails
#0 /home/kottakotabusines/public_html/app/Views/salesagent/tagactivationnew.php(436): CodeIgniter\Debug\Exceptions->errorHandler(2, 'Undefined varia...', '/home/kottakota...', 436)
#1 /home/kottakotabusines/public_html/system/View/View.php(210): include('/home/kottakota...')
#2 /home/kottakotabusines/public_html/system/View/View.php(213): CodeIgniter\View\View->CodeIgniter\View\{closure}()
#3 /home/kottakotabusines/public_html/system/Common.php(1089): CodeIgniter\View\View->render('salesagent/taga...', Array, true)
#4 /home/kottakotabusines/public_html/app/Controllers/SalesAgentTagController.php(165): view('salesagent/taga...', Array)
#5 /home/kottakotabusines/public_html/system/CodeIgniter.php(825): App\Controllers\SalesAgentTagController->verifyotp()
#6 /home/kottakotabusines/public_html/system/CodeIgniter.php(412): CodeIgniter\CodeIgniter->runController(Object(App\Controllers\SalesAgentTagController))
#7 /home/kottakotabusines/public_html/system/CodeIgniter.php(320): CodeIgniter\CodeIgniter->handleRequest(NULL, Object(Config\Cache), false)
#8 /home/kottakotabusines/public_html/index.php(41): CodeIgniter\CodeIgniter->run()
#9 {main}
CRITICAL - 2022-09-07 12:56:42 --> Undefined variable $wallatdetails
#0 /home/kottakotabusines/public_html/app/Views/salesagent/tagactivationnew.php(436): CodeIgniter\Debug\Exceptions->errorHandler(2, 'Undefined varia...', '/home/kottakota...', 436)
#1 /home/kottakotabusines/public_html/system/View/View.php(210): include('/home/kottakota...')
#2 /home/kottakotabusines/public_html/system/View/View.php(213): CodeIgniter\View\View->CodeIgniter\View\{closure}()
#3 /home/kottakotabusines/public_html/system/Common.php(1089): CodeIgniter\View\View->render('salesagent/taga...', Array, true)
#4 /home/kottakotabusines/public_html/app/Controllers/SalesAgentTagController.php(165): view('salesagent/taga...', Array)
#5 /home/kottakotabusines/public_html/system/CodeIgniter.php(825): App\Controllers\SalesAgentTagController->verifyotp()
#6 /home/kottakotabusines/public_html/system/CodeIgniter.php(412): CodeIgniter\CodeIgniter->runController(Object(App\Controllers\SalesAgentTagController))
#7 /home/kottakotabusines/public_html/system/CodeIgniter.php(320): CodeIgniter\CodeIgniter->handleRequest(NULL, Object(Config\Cache), false)
#8 /home/kottakotabusines/public_html/index.php(41): CodeIgniter\CodeIgniter->run()
#9 {main}
CRITICAL - 2022-09-07 12:56:42 --> Undefined variable $wallatdetails
#0 /home/kottakotabusines/public_html/app/Views/salesagent/tagactivationnew.php(436): CodeIgniter\Debug\Exceptions->errorHandler(2, 'Undefined varia...', '/home/kottakota...', 436)
#1 /home/kottakotabusines/public_html/system/View/View.php(210): include('/home/kottakota...')
#2 /home/kottakotabusines/public_html/system/View/View.php(213): CodeIgniter\View\View->CodeIgniter\View\{closure}()
#3 /home/kottakotabusines/public_html/system/Common.php(1089): CodeIgniter\View\View->render('salesagent/taga...', Array, true)
#4 /home/kottakotabusines/public_html/app/Controllers/SalesAgentTagController.php(165): view('salesagent/taga...', Array)
#5 /home/kottakotabusines/public_html/system/CodeIgniter.php(825): App\Controllers\SalesAgentTagController->verifyotp()
#6 /home/kottakotabusines/public_html/system/CodeIgniter.php(412): CodeIgniter\CodeIgniter->runController(Object(App\Controllers\SalesAgentTagController))
#7 /home/kottakotabusines/public_html/system/CodeIgniter.php(320): CodeIgniter\CodeIgniter->handleRequest(NULL, Object(Config\Cache), false)
#8 /home/kottakotabusines/public_html/index.php(41): CodeIgniter\CodeIgniter->run()
#9 {main}
CRITICAL - 2022-09-07 12:56:42 --> Undefined variable $wallatdetails
#0 /home/kottakotabusines/public_html/app/Views/salesagent/tagactivationnew.php(436): CodeIgniter\Debug\Exceptions->errorHandler(2, 'Undefined varia...', '/home/kottakota...', 436)
#1 /home/kottakotabusines/public_html/system/View/View.php(210): include('/home/kottakota...')
#2 /home/kottakotabusines/public_html/system/View/View.php(213): CodeIgniter\View\View->CodeIgniter\View\{closure}()
#3 /home/kottakotabusines/public_html/system/Common.php(1089): CodeIgniter\View\View->render('salesagent/taga...', Array, true)
#4 /home/kottakotabusines/public_html/app/Controllers/SalesAgentTagController.php(165): view('salesagent/taga...', Array)
#5 /home/kottakotabusines/public_html/system/CodeIgniter.php(825): App\Controllers\SalesAgentTagController->verifyotp()
#6 /home/kottakotabusines/public_html/system/CodeIgniter.php(412): CodeIgniter\CodeIgniter->runController(Object(App\Controllers\SalesAgentTagController))
#7 /home/kottakotabusines/public_html/system/CodeIgniter.php(320): CodeIgniter\CodeIgniter->handleRequest(NULL, Object(Config\Cache), false)
#8 /home/kottakotabusines/public_html/index.php(41): CodeIgniter\CodeIgniter->run()
#9 {main}
CRITICAL - 2022-09-07 12:56:42 --> Undefined variable $wallatdetails
#0 /home/kottakotabusines/public_html/app/Views/salesagent/tagactivationnew.php(436): CodeIgniter\Debug\Exceptions->errorHandler(2, 'Undefined varia...', '/home/kottakota...', 436)
#1 /home/kottakotabusines/public_html/system/View/View.php(210): include('/home/kottakota...')
#2 /home/kottakotabusines/public_html/system/View/View.php(213): CodeIgniter\View\View->CodeIgniter\View\{closure}()
#3 /home/kottakotabusines/public_html/system/Common.php(1089): CodeIgniter\View\View->render('salesagent/taga...', Array, true)
#4 /home/kottakotabusines/public_html/app/Controllers/SalesAgentTagController.php(165): view('salesagent/taga...', Array)
#5 /home/kottakotabusines/public_html/system/CodeIgniter.php(825): App\Controllers\SalesAgentTagController->verifyotp()
#6 /home/kottakotabusines/public_html/system/CodeIgniter.php(412): CodeIgniter\CodeIgniter->runController(Object(App\Controllers\SalesAgentTagController))
#7 /home/kottakotabusines/public_html/system/CodeIgniter.php(320): CodeIgniter\CodeIgniter->handleRequest(NULL, Object(Config\Cache), false)
#8 /home/kottakotabusines/public_html/index.php(41): CodeIgniter\CodeIgniter->run()
#9 {main}
CRITICAL - 2022-09-07 12:56:42 --> Undefined variable $wallatdetails
#0 /home/kottakotabusines/public_html/app/Views/salesagent/tagactivationnew.php(436): CodeIgniter\Debug\Exceptions->errorHandler(2, 'Undefined varia...', '/home/kottakota...', 436)
#1 /home/kottakotabusines/public_html/system/View/View.php(210): include('/home/kottakota...')
#2 /home/kottakotabusines/public_html/system/View/View.php(213): CodeIgniter\View\View->CodeIgniter\View\{closure}()
#3 /home/kottakotabusines/public_html/system/Common.php(1089): CodeIgniter\View\View->render('salesagent/taga...', Array, true)
#4 /home/kottakotabusines/public_html/app/Controllers/SalesAgentTagController.php(165): view('salesagent/taga...', Array)
#5 /home/kottakotabusines/public_html/system/CodeIgniter.php(825): App\Controllers\SalesAgentTagController->verifyotp()
#6 /home/kottakotabusines/public_html/system/CodeIgniter.php(412): CodeIgniter\CodeIgniter->runController(Object(App\Controllers\SalesAgentTagController))
#7 /home/kottakotabusines/public_html/system/CodeIgniter.php(320): CodeIgniter\CodeIgniter->handleRequest(NULL, Object(Config\Cache), false)
#8 /home/kottakotabusines/public_html/index.php(41): CodeIgniter\CodeIgniter->run()
#9 {main}
CRITICAL - 2022-09-07 12:56:42 --> Undefined variable $wallatdetails
#0 /home/kottakotabusines/public_html/app/Views/salesagent/tagactivationnew.php(436): CodeIgniter\Debug\Exceptions->errorHandler(2, 'Undefined varia...', '/home/kottakota...', 436)
#1 /home/kottakotabusines/public_html/system/View/View.php(210): include('/home/kottakota...')
#2 /home/kottakotabusines/public_html/system/View/View.php(213): CodeIgniter\View\View->CodeIgniter\View\{closure}()
#3 /home/kottakotabusines/public_html/system/Common.php(1089): CodeIgniter\View\View->render('salesagent/taga...', Array, true)
#4 /home/kottakotabusines/public_html/app/Controllers/SalesAgentTagController.php(165): view('salesagent/taga...', Array)
#5 /home/kottakotabusines/public_html/system/CodeIgniter.php(825): App\Controllers\SalesAgentTagController->verifyotp()
#6 /home/kottakotabusines/public_html/system/CodeIgniter.php(412): CodeIgniter\CodeIgniter->runController(Object(App\Controllers\SalesAgentTagController))
#7 /home/kottakotabusines/public_html/system/CodeIgniter.php(320): CodeIgniter\CodeIgniter->handleRequest(NULL, Object(Config\Cache), false)
#8 /home/kottakotabusines/public_html/index.php(41): CodeIgniter\CodeIgniter->run()
#9 {main}
CRITICAL - 2022-09-07 12:56:42 --> Undefined variable $wallatdetails
#0 /home/kottakotabusines/public_html/app/Views/salesagent/tagactivationnew.php(436): CodeIgniter\Debug\Exceptions->errorHandler(2, 'Undefined varia...', '/home/kottakota...', 436)
#1 /home/kottakotabusines/public_html/system/View/View.php(210): include('/home/kottakota...')
#2 /home/kottakotabusines/public_html/system/View/View.php(213): CodeIgniter\View\View->CodeIgniter\View\{closure}()
#3 /home/kottakotabusines/public_html/system/Common.php(1089): CodeIgniter\View\View->render('salesagent/taga...', Array, true)
#4 /home/kottakotabusines/public_html/app/Controllers/SalesAgentTagController.php(165): view('salesagent/taga...', Array)
#5 /home/kottakotabusines/public_html/system/CodeIgniter.php(825): App\Controllers\SalesAgentTagController->verifyotp()
#6 /home/kottakotabusines/public_html/system/CodeIgniter.php(412): CodeIgniter\CodeIgniter->runController(Object(App\Controllers\SalesAgentTagController))
#7 /home/kottakotabusines/public_html/system/CodeIgniter.php(320): CodeIgniter\CodeIgniter->handleRequest(NULL, Object(Config\Cache), false)
#8 /home/kottakotabusines/public_html/index.php(41): CodeIgniter\CodeIgniter->run()
#9 {main}
CRITICAL - 2022-09-07 12:56:42 --> Undefined variable $wallatdetails
#0 /home/kottakotabusines/public_html/app/Views/salesagent/tagactivationnew.php(436): CodeIgniter\Debug\Exceptions->errorHandler(2, 'Undefined varia...', '/home/kottakota...', 436)
#1 /home/kottakotabusines/public_html/system/View/View.php(210): include('/home/kottakota...')
#2 /home/kottakotabusines/public_html/system/View/View.php(213): CodeIgniter\View\View->CodeIgniter\View\{closure}()
#3 /home/kottakotabusines/public_html/system/Common.php(1089): CodeIgniter\View\View->render('salesagent/taga...', Array, true)
#4 /home/kottakotabusines/public_html/app/Controllers/SalesAgentTagController.php(165): view('salesagent/taga...', Array)
#5 /home/kottakotabusines/public_html/system/CodeIgniter.php(825): App\Controllers\SalesAgentTagController->verifyotp()
#6 /home/kottakotabusines/public_html/system/CodeIgniter.php(412): CodeIgniter\CodeIgniter->runController(Object(App\Controllers\SalesAgentTagController))
#7 /home/kottakotabusines/public_html/system/CodeIgniter.php(320): CodeIgniter\CodeIgniter->handleRequest(NULL, Object(Config\Cache), false)
#8 /home/kottakotabusines/public_html/index.php(41): CodeIgniter\CodeIgniter->run()
#9 {main}
CRITICAL - 2022-09-07 12:56:42 --> Undefined variable $wallatdetails
#0 /home/kottakotabusines/public_html/app/Views/salesagent/tagactivationnew.php(436): CodeIgniter\Debug\Exceptions->errorHandler(2, 'Undefined varia...', '/home/kottakota...', 436)
#1 /home/kottakotabusines/public_html/system/View/View.php(210): include('/home/kottakota...')
#2 /home/kottakotabusines/public_html/system/View/View.php(213): CodeIgniter\View\View->CodeIgniter\View\{closure}()
#3 /home/kottakotabusines/public_html/system/Common.php(1089): CodeIgniter\View\View->render('salesagent/taga...', Array, true)
#4 /home/kottakotabusines/public_html/app/Controllers/SalesAgentTagController.php(165): view('salesagent/taga...', Array)
#5 /home/kottakotabusines/public_html/system/CodeIgniter.php(825): App\Controllers\SalesAgentTagController->verifyotp()
#6 /home/kottakotabusines/public_html/system/CodeIgniter.php(412): CodeIgniter\CodeIgniter->runController(Object(App\Controllers\SalesAgentTagController))
#7 /home/kottakotabusines/public_html/system/CodeIgniter.php(320): CodeIgniter\CodeIgniter->handleRequest(NULL, Object(Config\Cache), false)
#8 /home/kottakotabusines/public_html/index.php(41): CodeIgniter\CodeIgniter->run()
#9 {main}
CRITICAL - 2022-09-07 12:56:42 --> Undefined variable $wallatdetails
#0 /home/kottakotabusines/public_html/app/Views/salesagent/tagactivationnew.php(436): CodeIgniter\Debug\Exceptions->errorHandler(2, 'Undefined varia...', '/home/kottakota...', 436)
#1 /home/kottakotabusines/public_html/system/View/View.php(210): include('/home/kottakota...')
#2 /home/kottakotabusines/public_html/system/View/View.php(213): CodeIgniter\View\View->CodeIgniter\View\{closure}()
#3 /home/kottakotabusines/public_html/system/Common.php(1089): CodeIgniter\View\View->render('salesagent/taga...', Array, true)
#4 /home/kottakotabusines/public_html/app/Controllers/SalesAgentTagController.php(165): view('salesagent/taga...', Array)
#5 /home/kottakotabusines/public_html/system/CodeIgniter.php(825): App\Controllers\SalesAgentTagController->verifyotp()
#6 /home/kottakotabusines/public_html/system/CodeIgniter.php(412): CodeIgniter\CodeIgniter->runController(Object(App\Controllers\SalesAgentTagController))
#7 /home/kottakotabusines/public_html/system/CodeIgniter.php(320): CodeIgniter\CodeIgniter->handleRequest(NULL, Object(Config\Cache), false)
#8 /home/kottakotabusines/public_html/index.php(41): CodeIgniter\CodeIgniter->run()
#9 {main}
CRITICAL - 2022-09-07 12:56:42 --> Undefined variable $wallatdetails
#0 /home/kottakotabusines/public_html/app/Views/salesagent/tagactivationnew.php(436): CodeIgniter\Debug\Exceptions->errorHandler(2, 'Undefined varia...', '/home/kottakota...', 436)
#1 /home/kottakotabusines/public_html/system/View/View.php(210): include('/home/kottakota...')
#2 /home/kottakotabusines/public_html/system/View/View.php(213): CodeIgniter\View\View->CodeIgniter\View\{closure}()
#3 /home/kottakotabusines/public_html/system/Common.php(1089): CodeIgniter\View\View->render('salesagent/taga...', Array, true)
#4 /home/kottakotabusines/public_html/app/Controllers/SalesAgentTagController.php(165): view('salesagent/taga...', Array)
#5 /home/kottakotabusines/public_html/system/CodeIgniter.php(825): App\Controllers\SalesAgentTagController->verifyotp()
#6 /home/kottakotabusines/public_html/system/CodeIgniter.php(412): CodeIgniter\CodeIgniter->runController(Object(App\Controllers\SalesAgentTagController))
#7 /home/kottakotabusines/public_html/system/CodeIgniter.php(320): CodeIgniter\CodeIgniter->handleRequest(NULL, Object(Config\Cache), false)
#8 /home/kottakotabusines/public_html/index.php(41): CodeIgniter\CodeIgniter->run()
#9 {main}
CRITICAL - 2022-09-07 12:56:43 --> Undefined variable $wallatdetails
#0 /home/kottakotabusines/public_html/app/Views/salesagent/tagactivationnew.php(436): CodeIgniter\Debug\Exceptions->errorHandler(2, 'Undefined varia...', '/home/kottakota...', 436)
#1 /home/kottakotabusines/public_html/system/View/View.php(210): include('/home/kottakota...')
#2 /home/kottakotabusines/public_html/system/View/View.php(213): CodeIgniter\View\View->CodeIgniter\View\{closure}()
#3 /home/kottakotabusines/public_html/system/Common.php(1089): CodeIgniter\View\View->render('salesagent/taga...', Array, true)
#4 /home/kottakotabusines/public_html/app/Controllers/SalesAgentTagController.php(165): view('salesagent/taga...', Array)
#5 /home/kottakotabusines/public_html/system/CodeIgniter.php(825): App\Controllers\SalesAgentTagController->verifyotp()
#6 /home/kottakotabusines/public_html/system/CodeIgniter.php(412): CodeIgniter\CodeIgniter->runController(Object(App\Controllers\SalesAgentTagController))
#7 /home/kottakotabusines/public_html/system/CodeIgniter.php(320): CodeIgniter\CodeIgniter->handleRequest(NULL, Object(Config\Cache), false)
#8 /home/kottakotabusines/public_html/index.php(41): CodeIgniter\CodeIgniter->run()
#9 {main}
CRITICAL - 2022-09-07 12:56:43 --> Undefined variable $wallatdetails
#0 /home/kottakotabusines/public_html/app/Views/salesagent/tagactivationnew.php(436): CodeIgniter\Debug\Exceptions->errorHandler(2, 'Undefined varia...', '/home/kottakota...', 436)
#1 /home/kottakotabusines/public_html/system/View/View.php(210): include('/home/kottakota...')
#2 /home/kottakotabusines/public_html/system/View/View.php(213): CodeIgniter\View\View->CodeIgniter\View\{closure}()
#3 /home/kottakotabusines/public_html/system/Common.php(1089): CodeIgniter\View\View->render('salesagent/taga...', Array, true)
#4 /home/kottakotabusines/public_html/app/Controllers/SalesAgentTagController.php(165): view('salesagent/taga...', Array)
#5 /home/kottakotabusines/public_html/system/CodeIgniter.php(825): App\Controllers\SalesAgentTagController->verifyotp()
#6 /home/kottakotabusines/public_html/system/CodeIgniter.php(412): CodeIgniter\CodeIgniter->runController(Object(App\Controllers\SalesAgentTagController))
#7 /home/kottakotabusines/public_html/system/CodeIgniter.php(320): CodeIgniter\CodeIgniter->handleRequest(NULL, Object(Config\Cache), false)
#8 /home/kottakotabusines/public_html/index.php(41): CodeIgniter\CodeIgniter->run()
#9 {main}
CRITICAL - 2022-09-07 12:56:43 --> Undefined variable $wallatdetails
#0 /home/kottakotabusines/public_html/app/Views/salesagent/tagactivationnew.php(436): CodeIgniter\Debug\Exceptions->errorHandler(2, 'Undefined varia...', '/home/kottakota...', 436)
#1 /home/kottakotabusines/public_html/system/View/View.php(210): include('/home/kottakota...')
#2 /home/kottakotabusines/public_html/system/View/View.php(213): CodeIgniter\View\View->CodeIgniter\View\{closure}()
#3 /home/kottakotabusines/public_html/system/Common.php(1089): CodeIgniter\View\View->render('salesagent/taga...', Array, true)
#4 /home/kottakotabusines/public_html/app/Controllers/SalesAgentTagController.php(165): view('salesagent/taga...', Array)
#5 /home/kottakotabusines/public_html/system/CodeIgniter.php(825): App\Controllers\SalesAgentTagController->verifyotp()
#6 /home/kottakotabusines/public_html/system/CodeIgniter.php(412): CodeIgniter\CodeIgniter->runController(Object(App\Controllers\SalesAgentTagController))
#7 /home/kottakotabusines/public_html/system/CodeIgniter.php(320): CodeIgniter\CodeIgniter->handleRequest(NULL, Object(Config\Cache), false)
#8 /home/kottakotabusines/public_html/index.php(41): CodeIgniter\CodeIgniter->run()
#9 {main}
CRITICAL - 2022-09-07 12:56:43 --> Undefined variable $wallatdetails
#0 /home/kottakotabusines/public_html/app/Views/salesagent/tagactivationnew.php(436): CodeIgniter\Debug\Exceptions->errorHandler(2, 'Undefined varia...', '/home/kottakota...', 436)
#1 /home/kottakotabusines/public_html/system/View/View.php(210): include('/home/kottakota...')
#2 /home/kottakotabusines/public_html/system/View/View.php(213): CodeIgniter\View\View->CodeIgniter\View\{closure}()
#3 /home/kottakotabusines/public_html/system/Common.php(1089): CodeIgniter\View\View->render('salesagent/taga...', Array, true)
#4 /home/kottakotabusines/public_html/app/Controllers/SalesAgentTagController.php(165): view('salesagent/taga...', Array)
#5 /home/kottakotabusines/public_html/system/CodeIgniter.php(825): App\Controllers\SalesAgentTagController->verifyotp()
#6 /home/kottakotabusines/public_html/system/CodeIgniter.php(412): CodeIgniter\CodeIgniter->runController(Object(App\Controllers\SalesAgentTagController))
#7 /home/kottakotabusines/public_html/system/CodeIgniter.php(320): CodeIgniter\CodeIgniter->handleRequest(NULL, Object(Config\Cache), false)
#8 /home/kottakotabusines/public_html/index.php(41): CodeIgniter\CodeIgniter->run()
#9 {main}
CRITICAL - 2022-09-07 12:56:43 --> Undefined variable $wallatdetails
#0 /home/kottakotabusines/public_html/app/Views/salesagent/tagactivationnew.php(436): CodeIgniter\Debug\Exceptions->errorHandler(2, 'Undefined varia...', '/home/kottakota...', 436)
#1 /home/kottakotabusines/public_html/system/View/View.php(210): include('/home/kottakota...')
#2 /home/kottakotabusines/public_html/system/View/View.php(213): CodeIgniter\View\View->CodeIgniter\View\{closure}()
#3 /home/kottakotabusines/public_html/system/Common.php(1089): CodeIgniter\View\View->render('salesagent/taga...', Array, true)
#4 /home/kottakotabusines/public_html/app/Controllers/SalesAgentTagController.php(165): view('salesagent/taga...', Array)
#5 /home/kottakotabusines/public_html/system/CodeIgniter.php(825): App\Controllers\SalesAgentTagController->verifyotp()
#6 /home/kottakotabusines/public_html/system/CodeIgniter.php(412): CodeIgniter\CodeIgniter->runController(Object(App\Controllers\SalesAgentTagController))
#7 /home/kottakotabusines/public_html/system/CodeIgniter.php(320): CodeIgniter\CodeIgniter->handleRequest(NULL, Object(Config\Cache), false)
#8 /home/kottakotabusines/public_html/index.php(41): CodeIgniter\CodeIgniter->run()
#9 {main}
CRITICAL - 2022-09-07 12:56:43 --> Undefined variable $wallatdetails
#0 /home/kottakotabusines/public_html/app/Views/salesagent/tagactivationnew.php(436): CodeIgniter\Debug\Exceptions->errorHandler(2, 'Undefined varia...', '/home/kottakota...', 436)
#1 /home/kottakotabusines/public_html/system/View/View.php(210): include('/home/kottakota...')
#2 /home/kottakotabusines/public_html/system/View/View.php(213): CodeIgniter\View\View->CodeIgniter\View\{closure}()
#3 /home/kottakotabusines/public_html/system/Common.php(1089): CodeIgniter\View\View->render('salesagent/taga...', Array, true)
#4 /home/kottakotabusines/public_html/app/Controllers/SalesAgentTagController.php(165): view('salesagent/taga...', Array)
#5 /home/kottakotabusines/public_html/system/CodeIgniter.php(825): App\Controllers\SalesAgentTagController->verifyotp()
#6 /home/kottakotabusines/public_html/system/CodeIgniter.php(412): CodeIgniter\CodeIgniter->runController(Object(App\Controllers\SalesAgentTagController))
#7 /home/kottakotabusines/public_html/system/CodeIgniter.php(320): CodeIgniter\CodeIgniter->handleRequest(NULL, Object(Config\Cache), false)
#8 /home/kottakotabusines/public_html/index.php(41): CodeIgniter\CodeIgniter->run()
#9 {main}
CRITICAL - 2022-09-07 12:56:43 --> Undefined variable $wallatdetails
#0 /home/kottakotabusines/public_html/app/Views/salesagent/tagactivationnew.php(436): CodeIgniter\Debug\Exceptions->errorHandler(2, 'Undefined varia...', '/home/kottakota...', 436)
#1 /home/kottakotabusines/public_html/system/View/View.php(210): include('/home/kottakota...')
#2 /home/kottakotabusines/public_html/system/View/View.php(213): CodeIgniter\View\View->CodeIgniter\View\{closure}()
#3 /home/kottakotabusines/public_html/system/Common.php(1089): CodeIgniter\View\View->render('salesagent/taga...', Array, true)
#4 /home/kottakotabusines/public_html/app/Controllers/SalesAgentTagController.php(165): view('salesagent/taga...', Array)
#5 /home/kottakotabusines/public_html/system/CodeIgniter.php(825): App\Controllers\SalesAgentTagController->verifyotp()
#6 /home/kottakotabusines/public_html/system/CodeIgniter.php(412): CodeIgniter\CodeIgniter->runController(Object(App\Controllers\SalesAgentTagController))
#7 /home/kottakotabusines/public_html/system/CodeIgniter.php(320): CodeIgniter\CodeIgniter->handleRequest(NULL, Object(Config\Cache), false)
#8 /home/kottakotabusines/public_html/index.php(41): CodeIgniter\CodeIgniter->run()
#9 {main}
CRITICAL - 2022-09-07 12:56:43 --> Undefined variable $wallatdetails
#0 /home/kottakotabusines/public_html/app/Views/salesagent/tagactivationnew.php(436): CodeIgniter\Debug\Exceptions->errorHandler(2, 'Undefined varia...', '/home/kottakota...', 436)
#1 /home/kottakotabusines/public_html/system/View/View.php(210): include('/home/kottakota...')
#2 /home/kottakotabusines/public_html/system/View/View.php(213): CodeIgniter\View\View->CodeIgniter\View\{closure}()
#3 /home/kottakotabusines/public_html/system/Common.php(1089): CodeIgniter\View\View->render('salesagent/taga...', Array, true)
#4 /home/kottakotabusines/public_html/app/Controllers/SalesAgentTagController.php(165): view('salesagent/taga...', Array)
#5 /home/kottakotabusines/public_html/system/CodeIgniter.php(825): App\Controllers\SalesAgentTagController->verifyotp()
#6 /home/kottakotabusines/public_html/system/CodeIgniter.php(412): CodeIgniter\CodeIgniter->runController(Object(App\Controllers\SalesAgentTagController))
#7 /home/kottakotabusines/public_html/system/CodeIgniter.php(320): CodeIgniter\CodeIgniter->handleRequest(NULL, Object(Config\Cache), false)
#8 /home/kottakotabusines/public_html/index.php(41): CodeIgniter\CodeIgniter->run()
#9 {main}
CRITICAL - 2022-09-07 12:56:43 --> Undefined variable $wallatdetails
#0 /home/kottakotabusines/public_html/app/Views/salesagent/tagactivationnew.php(436): CodeIgniter\Debug\Exceptions->errorHandler(2, 'Undefined varia...', '/home/kottakota...', 436)
#1 /home/kottakotabusines/public_html/system/View/View.php(210): include('/home/kottakota...')
#2 /home/kottakotabusines/public_html/system/View/View.php(213): CodeIgniter\View\View->CodeIgniter\View\{closure}()
#3 /home/kottakotabusines/public_html/system/Common.php(1089): CodeIgniter\View\View->render('salesagent/taga...', Array, true)
#4 /home/kottakotabusines/public_html/app/Controllers/SalesAgentTagController.php(165): view('salesagent/taga...', Array)
#5 /home/kottakotabusines/public_html/system/CodeIgniter.php(825): App\Controllers\SalesAgentTagController->verifyotp()
#6 /home/kottakotabusines/public_html/system/CodeIgniter.php(412): CodeIgniter\CodeIgniter->runController(Object(App\Controllers\SalesAgentTagController))
#7 /home/kottakotabusines/public_html/system/CodeIgniter.php(320): CodeIgniter\CodeIgniter->handleRequest(NULL, Object(Config\Cache), false)
#8 /home/kottakotabusines/public_html/index.php(41): CodeIgniter\CodeIgniter->run()
#9 {main}
CRITICAL - 2022-09-07 12:56:43 --> Undefined variable $wallatdetails
#0 /home/kottakotabusines/public_html/app/Views/salesagent/tagactivationnew.php(436): CodeIgniter\Debug\Exceptions->errorHandler(2, 'Undefined varia...', '/home/kottakota...', 436)
#1 /home/kottakotabusines/public_html/system/View/View.php(210): include('/home/kottakota...')
#2 /home/kottakotabusines/public_html/system/View/View.php(213): CodeIgniter\View\View->CodeIgniter\View\{closure}()
#3 /home/kottakotabusines/public_html/system/Common.php(1089): CodeIgniter\View\View->render('salesagent/taga...', Array, true)
#4 /home/kottakotabusines/public_html/app/Controllers/SalesAgentTagController.php(165): view('salesagent/taga...', Array)
#5 /home/kottakotabusines/public_html/system/CodeIgniter.php(825): App\Controllers\SalesAgentTagController->verifyotp()
#6 /home/kottakotabusines/public_html/system/CodeIgniter.php(412): CodeIgniter\CodeIgniter->runController(Object(App\Controllers\SalesAgentTagController))
#7 /home/kottakotabusines/public_html/system/CodeIgniter.php(320): CodeIgniter\CodeIgniter->handleRequest(NULL, Object(Config\Cache), false)
#8 /home/kottakotabusines/public_html/index.php(41): CodeIgniter\CodeIgniter->run()
#9 {main}
CRITICAL - 2022-09-07 12:56:43 --> Undefined variable $wallatdetails
#0 /home/kottakotabusines/public_html/app/Views/salesagent/tagactivationnew.php(436): CodeIgniter\Debug\Exceptions->errorHandler(2, 'Undefined varia...', '/home/kottakota...', 436)
#1 /home/kottakotabusines/public_html/system/View/View.php(210): include('/home/kottakota...')
#2 /home/kottakotabusines/public_html/system/View/View.php(213): CodeIgniter\View\View->CodeIgniter\View\{closure}()
#3 /home/kottakotabusines/public_html/system/Common.php(1089): CodeIgniter\View\View->render('salesagent/taga...', Array, true)
#4 /home/kottakotabusines/public_html/app/Controllers/SalesAgentTagController.php(165): view('salesagent/taga...', Array)
#5 /home/kottakotabusines/public_html/system/CodeIgniter.php(825): App\Controllers\SalesAgentTagController->verifyotp()
#6 /home/kottakotabusines/public_html/system/CodeIgniter.php(412): CodeIgniter\CodeIgniter->runController(Object(App\Controllers\SalesAgentTagController))
#7 /home/kottakotabusines/public_html/system/CodeIgniter.php(320): CodeIgniter\CodeIgniter->handleRequest(NULL, Object(Config\Cache), false)
#8 /home/kottakotabusines/public_html/index.php(41): CodeIgniter\CodeIgniter->run()
#9 {main}
CRITICAL - 2022-09-07 12:56:44 --> Undefined variable $wallatdetails
#0 /home/kottakotabusines/public_html/app/Views/salesagent/tagactivationnew.php(436): CodeIgniter\Debug\Exceptions->errorHandler(2, 'Undefined varia...', '/home/kottakota...', 436)
#1 /home/kottakotabusines/public_html/system/View/View.php(210): include('/home/kottakota...')
#2 /home/kottakotabusines/public_html/system/View/View.php(213): CodeIgniter\View\View->CodeIgniter\View\{closure}()
#3 /home/kottakotabusines/public_html/system/Common.php(1089): CodeIgniter\View\View->render('salesagent/taga...', Array, true)
#4 /home/kottakotabusines/public_html/app/Controllers/SalesAgentTagController.php(165): view('salesagent/taga...', Array)
#5 /home/kottakotabusines/public_html/system/CodeIgniter.php(825): App\Controllers\SalesAgentTagController->verifyotp()
#6 /home/kottakotabusines/public_html/system/CodeIgniter.php(412): CodeIgniter\CodeIgniter->runController(Object(App\Controllers\SalesAgentTagController))
#7 /home/kottakotabusines/public_html/system/CodeIgniter.php(320): CodeIgniter\CodeIgniter->handleRequest(NULL, Object(Config\Cache), false)
#8 /home/kottakotabusines/public_html/index.php(41): CodeIgniter\CodeIgniter->run()
#9 {main}
CRITICAL - 2022-09-07 12:56:44 --> Undefined variable $wallatdetails
#0 /home/kottakotabusines/public_html/app/Views/salesagent/tagactivationnew.php(436): CodeIgniter\Debug\Exceptions->errorHandler(2, 'Undefined varia...', '/home/kottakota...', 436)
#1 /home/kottakotabusines/public_html/system/View/View.php(210): include('/home/kottakota...')
#2 /home/kottakotabusines/public_html/system/View/View.php(213): CodeIgniter\View\View->CodeIgniter\View\{closure}()
#3 /home/kottakotabusines/public_html/system/Common.php(1089): CodeIgniter\View\View->render('salesagent/taga...', Array, true)
#4 /home/kottakotabusines/public_html/app/Controllers/SalesAgentTagController.php(165): view('salesagent/taga...', Array)
#5 /home/kottakotabusines/public_html/system/CodeIgniter.php(825): App\Controllers\SalesAgentTagController->verifyotp()
#6 /home/kottakotabusines/public_html/system/CodeIgniter.php(412): CodeIgniter\CodeIgniter->runController(Object(App\Controllers\SalesAgentTagController))
#7 /home/kottakotabusines/public_html/system/CodeIgniter.php(320): CodeIgniter\CodeIgniter->handleRequest(NULL, Object(Config\Cache), false)
#8 /home/kottakotabusines/public_html/index.php(41): CodeIgniter\CodeIgniter->run()
#9 {main}
CRITICAL - 2022-09-07 12:56:44 --> Undefined variable $wallatdetails
#0 /home/kottakotabusines/public_html/app/Views/salesagent/tagactivationnew.php(436): CodeIgniter\Debug\Exceptions->errorHandler(2, 'Undefined varia...', '/home/kottakota...', 436)
#1 /home/kottakotabusines/public_html/system/View/View.php(210): include('/home/kottakota...')
#2 /home/kottakotabusines/public_html/system/View/View.php(213): CodeIgniter\View\View->CodeIgniter\View\{closure}()
#3 /home/kottakotabusines/public_html/system/Common.php(1089): CodeIgniter\View\View->render('salesagent/taga...', Array, true)
#4 /home/kottakotabusines/public_html/app/Controllers/SalesAgentTagController.php(165): view('salesagent/taga...', Array)
#5 /home/kottakotabusines/public_html/system/CodeIgniter.php(825): App\Controllers\SalesAgentTagController->verifyotp()
#6 /home/kottakotabusines/public_html/system/CodeIgniter.php(412): CodeIgniter\CodeIgniter->runController(Object(App\Controllers\SalesAgentTagController))
#7 /home/kottakotabusines/public_html/system/CodeIgniter.php(320): CodeIgniter\CodeIgniter->handleRequest(NULL, Object(Config\Cache), false)
#8 /home/kottakotabusines/public_html/index.php(41): CodeIgniter\CodeIgniter->run()
#9 {main}
CRITICAL - 2022-09-07 12:56:44 --> Undefined variable $wallatdetails
#0 /home/kottakotabusines/public_html/app/Views/salesagent/tagactivationnew.php(436): CodeIgniter\Debug\Exceptions->errorHandler(2, 'Undefined varia...', '/home/kottakota...', 436)
#1 /home/kottakotabusines/public_html/system/View/View.php(210): include('/home/kottakota...')
#2 /home/kottakotabusines/public_html/system/View/View.php(213): CodeIgniter\View\View->CodeIgniter\View\{closure}()
#3 /home/kottakotabusines/public_html/system/Common.php(1089): CodeIgniter\View\View->render('salesagent/taga...', Array, true)
#4 /home/kottakotabusines/public_html/app/Controllers/SalesAgentTagController.php(165): view('salesagent/taga...', Array)
#5 /home/kottakotabusines/public_html/system/CodeIgniter.php(825): App\Controllers\SalesAgentTagController->verifyotp()
#6 /home/kottakotabusines/public_html/system/CodeIgniter.php(412): CodeIgniter\CodeIgniter->runController(Object(App\Controllers\SalesAgentTagController))
#7 /home/kottakotabusines/public_html/system/CodeIgniter.php(320): CodeIgniter\CodeIgniter->handleRequest(NULL, Object(Config\Cache), false)
#8 /home/kottakotabusines/public_html/index.php(41): CodeIgniter\CodeIgniter->run()
#9 {main}
CRITICAL - 2022-09-07 13:14:33 --> Undefined array key 0
#0 /home/kottakotabusines/public_html/app/Controllers/SalesAgentWalletController.php(75): CodeIgniter\Debug\Exceptions->errorHandler(2, 'Undefined array...', '/home/kottakota...', 75)
#1 /home/kottakotabusines/public_html/system/CodeIgniter.php(825): App\Controllers\SalesAgentWalletController->paymentnotation()
#2 /home/kottakotabusines/public_html/system/CodeIgniter.php(412): CodeIgniter\CodeIgniter->runController(Object(App\Controllers\SalesAgentWalletController))
#3 /home/kottakotabusines/public_html/system/CodeIgniter.php(320): CodeIgniter\CodeIgniter->handleRequest(NULL, Object(Config\Cache), false)
#4 /home/kottakotabusines/public_html/index.php(41): CodeIgniter\CodeIgniter->run()
#5 {main}
CRITICAL - 2022-09-07 13:21:43 --> unlink(/home/kottakotabusines/public_html/writable/debugbar/debugbar_1662537012.json): No such file or directory
#0 [internal function]: CodeIgniter\Debug\Exceptions->errorHandler(2, 'unlink(/home/ko...', '/home/kottakota...', 74)
#1 /home/kottakotabusines/public_html/system/Debug/Toolbar/Collectors/History.php(74): unlink('/home/kottakota...')
#2 /home/kottakotabusines/public_html/system/Debug/Toolbar.php(487): CodeIgniter\Debug\Toolbar\Collectors\History->setFiles(1662537102, 20)
#3 /home/kottakotabusines/public_html/system/Debug/Toolbar.php(464): CodeIgniter\Debug\Toolbar->format(Array, 'html')
#4 /home/kottakotabusines/public_html/app/Config/Events.php(48): CodeIgniter\Debug\Toolbar->respond()
#5 /home/kottakotabusines/public_html/system/Events/Events.php(149): CodeIgniter\Events\Events::Config\{closure}()
#6 /home/kottakotabusines/public_html/system/CodeIgniter.php(302): CodeIgniter\Events\Events::trigger('pre_system')
#7 /home/kottakotabusines/public_html/index.php(41): CodeIgniter\CodeIgniter->run()
#8 {main}
CRITICAL - 2022-09-07 13:22:32 --> unlink(/home/kottakotabusines/public_html/writable/debugbar/debugbar_1662537044.json): No such file or directory
#0 [internal function]: CodeIgniter\Debug\Exceptions->errorHandler(2, 'unlink(/home/ko...', '/home/kottakota...', 74)
#1 /home/kottakotabusines/public_html/system/Debug/Toolbar/Collectors/History.php(74): unlink('/home/kottakota...')
#2 /home/kottakotabusines/public_html/system/Debug/Toolbar.php(487): CodeIgniter\Debug\Toolbar\Collectors\History->setFiles(1662537150, 20)
#3 /home/kottakotabusines/public_html/system/Debug/Toolbar.php(464): CodeIgniter\Debug\Toolbar->format(Array, 'html')
#4 /home/kottakotabusines/public_html/app/Config/Events.php(48): CodeIgniter\Debug\Toolbar->respond()
#5 /home/kottakotabusines/public_html/system/Events/Events.php(149): CodeIgniter\Events\Events::Config\{closure}()
#6 /home/kottakotabusines/public_html/system/CodeIgniter.php(302): CodeIgniter\Events\Events::trigger('pre_system')
#7 /home/kottakotabusines/public_html/index.php(41): CodeIgniter\CodeIgniter->run()
#8 {main}
CRITICAL - 2022-09-07 13:26:34 --> unlink(/home/kottakotabusines/public_html/writable/debugbar/debugbar_1662537246.json): No such file or directory
#0 [internal function]: CodeIgniter\Debug\Exceptions->errorHandler(2, 'unlink(/home/ko...', '/home/kottakota...', 74)
#1 /home/kottakotabusines/public_html/system/Debug/Toolbar/Collectors/History.php(74): unlink('/home/kottakota...')
#2 /home/kottakotabusines/public_html/system/Debug/Toolbar.php(487): CodeIgniter\Debug\Toolbar\Collectors\History->setFiles(1662537392, 20)
#3 /home/kottakotabusines/public_html/system/Debug/Toolbar.php(464): CodeIgniter\Debug\Toolbar->format(Array, 'html')
#4 /home/kottakotabusines/public_html/app/Config/Events.php(48): CodeIgniter\Debug\Toolbar->respond()
#5 /home/kottakotabusines/public_html/system/Events/Events.php(149): CodeIgniter\Events\Events::Config\{closure}()
#6 /home/kottakotabusines/public_html/system/CodeIgniter.php(302): CodeIgniter\Events\Events::trigger('pre_system')
#7 /home/kottakotabusines/public_html/index.php(41): CodeIgniter\CodeIgniter->run()
#8 {main}
CRITICAL - 2022-09-07 13:43:44 --> sizeof(): Argument #1 ($value) must be of type Countable|array, null given
#0 /home/kottakotabusines/public_html/app/Controllers/TeamLeadController.php(1119): sizeof(NULL)
#1 /home/kottakotabusines/public_html/system/CodeIgniter.php(825): App\Controllers\TeamLeadController->fastagInventory()
#2 /home/kottakotabusines/public_html/system/CodeIgniter.php(412): CodeIgniter\CodeIgniter->runController(Object(App\Controllers\TeamLeadController))
#3 /home/kottakotabusines/public_html/system/CodeIgniter.php(320): CodeIgniter\CodeIgniter->handleRequest(NULL, Object(Config\Cache), false)
#4 /home/kottakotabusines/public_html/index.php(41): CodeIgniter\CodeIgniter->run()
#5 {main}
CRITICAL - 2022-09-07 13:57:04 --> Undefined variable $a
#0 /home/kottakotabusines/public_html/app/Controllers/AdminLoginController.php(354): CodeIgniter\Debug\Exceptions->errorHandler(2, 'Undefined varia...', '/home/kottakota...', 354)
#1 /home/kottakotabusines/public_html/system/CodeIgniter.php(825): App\Controllers\AdminLoginController->logout()
#2 /home/kottakotabusines/public_html/system/CodeIgniter.php(412): CodeIgniter\CodeIgniter->runController(Object(App\Controllers\AdminLoginController))
#3 /home/kottakotabusines/public_html/system/CodeIgniter.php(320): CodeIgniter\CodeIgniter->handleRequest(NULL, Object(Config\Cache), false)
#4 /home/kottakotabusines/public_html/index.php(41): CodeIgniter\CodeIgniter->run()
#5 {main}
CRITICAL - 2022-09-07 14:01:39 --> Undefined variable $a
#0 /home/kottakotabusines/public_html/app/Controllers/AdminLoginController.php(354): CodeIgniter\Debug\Exceptions->errorHandler(2, 'Undefined varia...', '/home/kottakota...', 354)
#1 /home/kottakotabusines/public_html/system/CodeIgniter.php(825): App\Controllers\AdminLoginController->logout()
#2 /home/kottakotabusines/public_html/system/CodeIgniter.php(412): CodeIgniter\CodeIgniter->runController(Object(App\Controllers\AdminLoginController))
#3 /home/kottakotabusines/public_html/system/CodeIgniter.php(320): CodeIgniter\CodeIgniter->handleRequest(NULL, Object(Config\Cache), false)
#4 /home/kottakotabusines/public_html/index.php(41): CodeIgniter\CodeIgniter->run()
#5 {main}
CRITICAL - 2022-09-07 14:01:39 --> Undefined variable $a
#0 /home/kottakotabusines/public_html/app/Controllers/AdminLoginController.php(354): CodeIgniter\Debug\Exceptions->errorHandler(2, 'Undefined varia...', '/home/kottakota...', 354)
#1 /home/kottakotabusines/public_html/system/CodeIgniter.php(825): App\Controllers\AdminLoginController->logout()
#2 /home/kottakotabusines/public_html/system/CodeIgniter.php(412): CodeIgniter\CodeIgniter->runController(Object(App\Controllers\AdminLoginController))
#3 /home/kottakotabusines/public_html/system/CodeIgniter.php(320): CodeIgniter\CodeIgniter->handleRequest(NULL, Object(Config\Cache), false)
#4 /home/kottakotabusines/public_html/index.php(41): CodeIgniter\CodeIgniter->run()
#5 {main}
CRITICAL - 2022-09-07 14:18:06 --> Undefined array key 0
#0 /home/kottakotabusines/public_html/app/Controllers/SalesAgentWalletController.php(75): CodeIgniter\Debug\Exceptions->errorHandler(2, 'Undefined array...', '/home/kottakota...', 75)
#1 /home/kottakotabusines/public_html/system/CodeIgniter.php(825): App\Controllers\SalesAgentWalletController->paymentnotation()
#2 /home/kottakotabusines/public_html/system/CodeIgniter.php(412): CodeIgniter\CodeIgniter->runController(Object(App\Controllers\SalesAgentWalletController))
#3 /home/kottakotabusines/public_html/system/CodeIgniter.php(320): CodeIgniter\CodeIgniter->handleRequest(NULL, Object(Config\Cache), false)
#4 /home/kottakotabusines/public_html/index.php(41): CodeIgniter\CodeIgniter->run()
#5 {main}
CRITICAL - 2022-09-07 14:41:24 --> Undefined variable $shwval
#0 /home/kottakotabusines/public_html/app/Controllers/TeamLeadController.php(1512): CodeIgniter\Debug\Exceptions->errorHandler(2, 'Undefined varia...', '/home/kottakota...', 1512)
#1 /home/kottakotabusines/public_html/system/CodeIgniter.php(825): App\Controllers\TeamLeadController->managefasttagspecific('home')
#2 /home/kottakotabusines/public_html/system/CodeIgniter.php(412): CodeIgniter\CodeIgniter->runController(Object(App\Controllers\TeamLeadController))
#3 /home/kottakotabusines/public_html/system/CodeIgniter.php(320): CodeIgniter\CodeIgniter->handleRequest(NULL, Object(Config\Cache), false)
#4 /home/kottakotabusines/public_html/index.php(41): CodeIgniter\CodeIgniter->run()
#5 {main}
