CRITICAL - 2022-09-06 00:39:39 --> Undefined array key 0
#0 /home/kottakotabusines/public_html/app/Controllers/SalesAgentWalletController.php(75): CodeIgniter\Debug\Exceptions->errorHandler(2, 'Undefined array...', '/home/kottakota...', 75)
#1 /home/kottakotabusines/public_html/system/CodeIgniter.php(825): App\Controllers\SalesAgentWalletController->paymentnotation()
#2 /home/kottakotabusines/public_html/system/CodeIgniter.php(412): CodeIgniter\CodeIgniter->runController(Object(App\Controllers\SalesAgentWalletController))
#3 /home/kottakotabusines/public_html/system/CodeIgniter.php(320): CodeIgniter\CodeIgniter->handleRequest(NULL, Object(Config\Cache), false)
#4 /home/kottakotabusines/public_html/index.php(41): CodeIgniter\CodeIgniter->run()
#5 {main}
CRITICAL - 2022-09-06 01:21:54 --> Undefined array key 0
#0 /home/kottakotabusines/public_html/app/Controllers/SalesAgentWalletController.php(75): CodeIgniter\Debug\Exceptions->errorHandler(2, 'Undefined array...', '/home/kottakota...', 75)
#1 /home/kottakotabusines/public_html/system/CodeIgniter.php(825): App\Controllers\SalesAgentWalletController->paymentnotation()
#2 /home/kottakotabusines/public_html/system/CodeIgniter.php(412): CodeIgniter\CodeIgniter->runController(Object(App\Controllers\SalesAgentWalletController))
#3 /home/kottakotabusines/public_html/system/CodeIgniter.php(320): CodeIgniter\CodeIgniter->handleRequest(NULL, Object(Config\Cache), false)
#4 /home/kottakotabusines/public_html/index.php(41): CodeIgniter\CodeIgniter->run()
#5 {main}
CRITICAL - 2022-09-06 08:13:26 --> Undefined variable $procudt
#0 /home/kottakotabusines/public_html/app/Controllers/apiController.php(1872): CodeIgniter\Debug\Exceptions->errorHandler(2, 'Undefined varia...', '/home/kottakota...', 1872)
#1 /home/kottakotabusines/public_html/system/CodeIgniter.php(825): App\Controllers\apiController->productclassofbarcode()
#2 /home/kottakotabusines/public_html/system/CodeIgniter.php(412): CodeIgniter\CodeIgniter->runController(Object(App\Controllers\apiController))
#3 /home/kottakotabusines/public_html/system/CodeIgniter.php(320): CodeIgniter\CodeIgniter->handleRequest(NULL, Object(Config\Cache), false)
#4 /home/kottakotabusines/public_html/index.php(41): CodeIgniter\CodeIgniter->run()
#5 {main}
CRITICAL - 2022-09-06 08:13:42 --> Undefined variable $procudt
#0 /home/kottakotabusines/public_html/app/Controllers/apiController.php(1872): CodeIgniter\Debug\Exceptions->errorHandler(2, 'Undefined varia...', '/home/kottakota...', 1872)
#1 /home/kottakotabusines/public_html/system/CodeIgniter.php(825): App\Controllers\apiController->productclassofbarcode()
#2 /home/kottakotabusines/public_html/system/CodeIgniter.php(412): CodeIgniter\CodeIgniter->runController(Object(App\Controllers\apiController))
#3 /home/kottakotabusines/public_html/system/CodeIgniter.php(320): CodeIgniter\CodeIgniter->handleRequest(NULL, Object(Config\Cache), false)
#4 /home/kottakotabusines/public_html/index.php(41): CodeIgniter\CodeIgniter->run()
#5 {main}
CRITICAL - 2022-09-06 08:14:31 --> Undefined variable $classofbarcode
#0 /home/kottakotabusines/public_html/app/Controllers/apiController.php(1875): CodeIgniter\Debug\Exceptions->errorHandler(2, 'Undefined varia...', '/home/kottakota...', 1875)
#1 /home/kottakotabusines/public_html/system/CodeIgniter.php(825): App\Controllers\apiController->productclassofbarcode()
#2 /home/kottakotabusines/public_html/system/CodeIgniter.php(412): CodeIgniter\CodeIgniter->runController(Object(App\Controllers\apiController))
#3 /home/kottakotabusines/public_html/system/CodeIgniter.php(320): CodeIgniter\CodeIgniter->handleRequest(NULL, Object(Config\Cache), false)
#4 /home/kottakotabusines/public_html/index.php(41): CodeIgniter\CodeIgniter->run()
#5 {main}
CRITICAL - 2022-09-06 08:22:42 --> Undefined array key 0
#0 /home/kottakotabusines/public_html/app/Controllers/apiController.php(1902): CodeIgniter\Debug\Exceptions->errorHandler(2, 'Undefined array...', '/home/kottakota...', 1902)
#1 /home/kottakotabusines/public_html/system/CodeIgniter.php(825): App\Controllers\apiController->getprdctdetls()
#2 /home/kottakotabusines/public_html/system/CodeIgniter.php(412): CodeIgniter\CodeIgniter->runController(Object(App\Controllers\apiController))
#3 /home/kottakotabusines/public_html/system/CodeIgniter.php(320): CodeIgniter\CodeIgniter->handleRequest(NULL, Object(Config\Cache), false)
#4 /home/kottakotabusines/public_html/index.php(41): CodeIgniter\CodeIgniter->run()
#5 {main}
CRITICAL - 2022-09-06 08:51:39 --> unlink(/home/kottakotabusines/public_html/writable/debugbar/debugbar_1662433703.json): No such file or directory
#0 [internal function]: CodeIgniter\Debug\Exceptions->errorHandler(2, 'unlink(/home/ko...', '/home/kottakota...', 74)
#1 /home/kottakotabusines/public_html/system/Debug/Toolbar/Collectors/History.php(74): unlink('/home/kottakota...')
#2 /home/kottakotabusines/public_html/system/Debug/Toolbar.php(487): CodeIgniter\Debug\Toolbar\Collectors\History->setFiles(1662434498, 20)
#3 /home/kottakotabusines/public_html/system/Debug/Toolbar.php(464): CodeIgniter\Debug\Toolbar->format(Array, 'html')
#4 /home/kottakotabusines/public_html/app/Config/Events.php(48): CodeIgniter\Debug\Toolbar->respond()
#5 /home/kottakotabusines/public_html/system/Events/Events.php(149): CodeIgniter\Events\Events::Config\{closure}()
#6 /home/kottakotabusines/public_html/system/CodeIgniter.php(302): CodeIgniter\Events\Events::trigger('pre_system')
#7 /home/kottakotabusines/public_html/index.php(41): CodeIgniter\CodeIgniter->run()
#8 {main}
CRITICAL - 2022-09-06 09:25:52 --> Undefined array key 0
#0 /home/kottakotabusines/public_html/app/Controllers/SalesAgentWalletController.php(75): CodeIgniter\Debug\Exceptions->errorHandler(2, 'Undefined array...', '/home/kottakota...', 75)
#1 /home/kottakotabusines/public_html/system/CodeIgniter.php(825): App\Controllers\SalesAgentWalletController->paymentnotation()
#2 /home/kottakotabusines/public_html/system/CodeIgniter.php(412): CodeIgniter\CodeIgniter->runController(Object(App\Controllers\SalesAgentWalletController))
#3 /home/kottakotabusines/public_html/system/CodeIgniter.php(320): CodeIgniter\CodeIgniter->handleRequest(NULL, Object(Config\Cache), false)
#4 /home/kottakotabusines/public_html/index.php(41): CodeIgniter\CodeIgniter->run()
#5 {main}
CRITICAL - 2022-09-06 09:43:37 --> Undefined array key 0
#0 /home/kottakotabusines/public_html/app/Controllers/SalesAgentWalletController.php(75): CodeIgniter\Debug\Exceptions->errorHandler(2, 'Undefined array...', '/home/kottakota...', 75)
#1 /home/kottakotabusines/public_html/system/CodeIgniter.php(825): App\Controllers\SalesAgentWalletController->paymentnotation()
#2 /home/kottakotabusines/public_html/system/CodeIgniter.php(412): CodeIgniter\CodeIgniter->runController(Object(App\Controllers\SalesAgentWalletController))
#3 /home/kottakotabusines/public_html/system/CodeIgniter.php(320): CodeIgniter\CodeIgniter->handleRequest(NULL, Object(Config\Cache), false)
#4 /home/kottakotabusines/public_html/index.php(41): CodeIgniter\CodeIgniter->run()
#5 {main}
CRITICAL - 2022-09-06 09:44:46 --> sizeof(): Argument #1 ($value) must be of type Countable|array, null given
#0 /home/kottakotabusines/public_html/app/Controllers/TeamLeadController.php(1116): sizeof(NULL)
#1 /home/kottakotabusines/public_html/system/CodeIgniter.php(825): App\Controllers\TeamLeadController->fastagInventory()
#2 /home/kottakotabusines/public_html/system/CodeIgniter.php(412): CodeIgniter\CodeIgniter->runController(Object(App\Controllers\TeamLeadController))
#3 /home/kottakotabusines/public_html/system/CodeIgniter.php(320): CodeIgniter\CodeIgniter->handleRequest(NULL, Object(Config\Cache), false)
#4 /home/kottakotabusines/public_html/index.php(41): CodeIgniter\CodeIgniter->run()
#5 {main}
CRITICAL - 2022-09-06 09:46:07 --> Undefined array key "logged_img"
#0 /home/kottakotabusines/public_html/app/Views/partials/adminPanel/sidebar.php(5): CodeIgniter\Debug\Exceptions->errorHandler(2, 'Undefined array...', '/home/kottakota...', 5)
#1 /home/kottakotabusines/public_html/system/View/View.php(210): include('/home/kottakota...')
#2 /home/kottakotabusines/public_html/system/View/View.php(213): CodeIgniter\View\View->CodeIgniter\View\{closure}()
#3 /home/kottakotabusines/public_html/system/View/View.php(424): CodeIgniter\View\View->render('partials/adminP...', NULL, true)
#4 /home/kottakotabusines/public_html/app/Views/admin/walletactivation.php(34): CodeIgniter\View\View->include('partials/adminP...')
#5 /home/kottakotabusines/public_html/system/View/View.php(210): include('/home/kottakota...')
#6 /home/kottakotabusines/public_html/system/View/View.php(213): CodeIgniter\View\View->CodeIgniter\View\{closure}()
#7 /home/kottakotabusines/public_html/system/Common.php(1089): CodeIgniter\View\View->render('admin/walletact...', Array, true)
#8 /home/kottakotabusines/public_html/app/Controllers/AdminDashboardController.php(170): view('admin/walletact...', Array)
#9 /home/kottakotabusines/public_html/system/CodeIgniter.php(825): App\Controllers\AdminDashboardController->walletactivation()
#10 /home/kottakotabusines/public_html/system/CodeIgniter.php(412): CodeIgniter\CodeIgniter->runController(Object(App\Controllers\AdminDashboardController))
#11 /home/kottakotabusines/public_html/system/CodeIgniter.php(320): CodeIgniter\CodeIgniter->handleRequest(NULL, Object(Config\Cache), false)
#12 /home/kottakotabusines/public_html/index.php(41): CodeIgniter\CodeIgniter->run()
#13 {main}
CRITICAL - 2022-09-06 10:26:19 --> Undefined array key 0
#0 /home/kottakotabusines/public_html/app/Controllers/SalesAgentWalletController.php(75): CodeIgniter\Debug\Exceptions->errorHandler(2, 'Undefined array...', '/home/kottakota...', 75)
#1 /home/kottakotabusines/public_html/system/CodeIgniter.php(825): App\Controllers\SalesAgentWalletController->paymentnotation()
#2 /home/kottakotabusines/public_html/system/CodeIgniter.php(412): CodeIgniter\CodeIgniter->runController(Object(App\Controllers\SalesAgentWalletController))
#3 /home/kottakotabusines/public_html/system/CodeIgniter.php(320): CodeIgniter\CodeIgniter->handleRequest(NULL, Object(Config\Cache), false)
#4 /home/kottakotabusines/public_html/index.php(41): CodeIgniter\CodeIgniter->run()
#5 {main}
CRITICAL - 2022-09-06 10:26:48 --> Undefined array key 0
#0 /home/kottakotabusines/public_html/app/Controllers/SalesAgentWalletController.php(75): CodeIgniter\Debug\Exceptions->errorHandler(2, 'Undefined array...', '/home/kottakota...', 75)
#1 /home/kottakotabusines/public_html/system/CodeIgniter.php(825): App\Controllers\SalesAgentWalletController->paymentnotation()
#2 /home/kottakotabusines/public_html/system/CodeIgniter.php(412): CodeIgniter\CodeIgniter->runController(Object(App\Controllers\SalesAgentWalletController))
#3 /home/kottakotabusines/public_html/system/CodeIgniter.php(320): CodeIgniter\CodeIgniter->handleRequest(NULL, Object(Config\Cache), false)
#4 /home/kottakotabusines/public_html/index.php(41): CodeIgniter\CodeIgniter->run()
#5 {main}
CRITICAL - 2022-09-06 10:39:07 --> Undefined array key 0
#0 /home/kottakotabusines/public_html/app/Controllers/SalesAgentWalletController.php(75): CodeIgniter\Debug\Exceptions->errorHandler(2, 'Undefined array...', '/home/kottakota...', 75)
#1 /home/kottakotabusines/public_html/system/CodeIgniter.php(825): App\Controllers\SalesAgentWalletController->paymentnotation()
#2 /home/kottakotabusines/public_html/system/CodeIgniter.php(412): CodeIgniter\CodeIgniter->runController(Object(App\Controllers\SalesAgentWalletController))
#3 /home/kottakotabusines/public_html/system/CodeIgniter.php(320): CodeIgniter\CodeIgniter->handleRequest(NULL, Object(Config\Cache), false)
#4 /home/kottakotabusines/public_html/index.php(41): CodeIgniter\CodeIgniter->run()
#5 {main}
CRITICAL - 2022-09-06 10:43:50 --> Undefined array key 0
#0 /home/kottakotabusines/public_html/app/Controllers/SalesAgentWalletController.php(75): CodeIgniter\Debug\Exceptions->errorHandler(2, 'Undefined array...', '/home/kottakota...', 75)
#1 /home/kottakotabusines/public_html/system/CodeIgniter.php(825): App\Controllers\SalesAgentWalletController->paymentnotation()
#2 /home/kottakotabusines/public_html/system/CodeIgniter.php(412): CodeIgniter\CodeIgniter->runController(Object(App\Controllers\SalesAgentWalletController))
#3 /home/kottakotabusines/public_html/system/CodeIgniter.php(320): CodeIgniter\CodeIgniter->handleRequest(NULL, Object(Config\Cache), false)
#4 /home/kottakotabusines/public_html/index.php(41): CodeIgniter\CodeIgniter->run()
#5 {main}
CRITICAL - 2022-09-06 10:51:36 --> sizeof(): Argument #1 ($value) must be of type Countable|array, null given
#0 /home/kottakotabusines/public_html/app/Controllers/SalesManagerController.php(950): sizeof(NULL)
#1 /home/kottakotabusines/public_html/system/CodeIgniter.php(825): App\Controllers\SalesManagerController->fastagInventory()
#2 /home/kottakotabusines/public_html/system/CodeIgniter.php(412): CodeIgniter\CodeIgniter->runController(Object(App\Controllers\SalesManagerController))
#3 /home/kottakotabusines/public_html/system/CodeIgniter.php(320): CodeIgniter\CodeIgniter->handleRequest(NULL, Object(Config\Cache), false)
#4 /home/kottakotabusines/public_html/index.php(41): CodeIgniter\CodeIgniter->run()
#5 {main}
CRITICAL - 2022-09-06 10:51:44 --> sizeof(): Argument #1 ($value) must be of type Countable|array, null given
#0 /home/kottakotabusines/public_html/app/Controllers/SalesManagerController.php(950): sizeof(NULL)
#1 /home/kottakotabusines/public_html/system/CodeIgniter.php(825): App\Controllers\SalesManagerController->fastagInventory()
#2 /home/kottakotabusines/public_html/system/CodeIgniter.php(412): CodeIgniter\CodeIgniter->runController(Object(App\Controllers\SalesManagerController))
#3 /home/kottakotabusines/public_html/system/CodeIgniter.php(320): CodeIgniter\CodeIgniter->handleRequest(NULL, Object(Config\Cache), false)
#4 /home/kottakotabusines/public_html/index.php(41): CodeIgniter\CodeIgniter->run()
#5 {main}
CRITICAL - 2022-09-06 10:51:46 --> sizeof(): Argument #1 ($value) must be of type Countable|array, null given
#0 /home/kottakotabusines/public_html/app/Controllers/SalesManagerController.php(950): sizeof(NULL)
#1 /home/kottakotabusines/public_html/system/CodeIgniter.php(825): App\Controllers\SalesManagerController->fastagInventory()
#2 /home/kottakotabusines/public_html/system/CodeIgniter.php(412): CodeIgniter\CodeIgniter->runController(Object(App\Controllers\SalesManagerController))
#3 /home/kottakotabusines/public_html/system/CodeIgniter.php(320): CodeIgniter\CodeIgniter->handleRequest(NULL, Object(Config\Cache), false)
#4 /home/kottakotabusines/public_html/index.php(41): CodeIgniter\CodeIgniter->run()
#5 {main}
CRITICAL - 2022-09-06 10:53:08 --> sizeof(): Argument #1 ($value) must be of type Countable|array, null given
#0 /home/kottakotabusines/public_html/app/Controllers/SalesManagerController.php(950): sizeof(NULL)
#1 /home/kottakotabusines/public_html/system/CodeIgniter.php(825): App\Controllers\SalesManagerController->fastagInventory()
#2 /home/kottakotabusines/public_html/system/CodeIgniter.php(412): CodeIgniter\CodeIgniter->runController(Object(App\Controllers\SalesManagerController))
#3 /home/kottakotabusines/public_html/system/CodeIgniter.php(320): CodeIgniter\CodeIgniter->handleRequest(NULL, Object(Config\Cache), false)
#4 /home/kottakotabusines/public_html/index.php(41): CodeIgniter\CodeIgniter->run()
#5 {main}
CRITICAL - 2022-09-06 10:53:10 --> sizeof(): Argument #1 ($value) must be of type Countable|array, null given
#0 /home/kottakotabusines/public_html/app/Controllers/SalesManagerController.php(950): sizeof(NULL)
#1 /home/kottakotabusines/public_html/system/CodeIgniter.php(825): App\Controllers\SalesManagerController->fastagInventory()
#2 /home/kottakotabusines/public_html/system/CodeIgniter.php(412): CodeIgniter\CodeIgniter->runController(Object(App\Controllers\SalesManagerController))
#3 /home/kottakotabusines/public_html/system/CodeIgniter.php(320): CodeIgniter\CodeIgniter->handleRequest(NULL, Object(Config\Cache), false)
#4 /home/kottakotabusines/public_html/index.php(41): CodeIgniter\CodeIgniter->run()
#5 {main}
CRITICAL - 2022-09-06 10:55:18 --> sizeof(): Argument #1 ($value) must be of type Countable|array, null given
#0 /home/kottakotabusines/public_html/app/Controllers/SalesManagerController.php(950): sizeof(NULL)
#1 /home/kottakotabusines/public_html/system/CodeIgniter.php(825): App\Controllers\SalesManagerController->fastagInventory()
#2 /home/kottakotabusines/public_html/system/CodeIgniter.php(412): CodeIgniter\CodeIgniter->runController(Object(App\Controllers\SalesManagerController))
#3 /home/kottakotabusines/public_html/system/CodeIgniter.php(320): CodeIgniter\CodeIgniter->handleRequest(NULL, Object(Config\Cache), false)
#4 /home/kottakotabusines/public_html/index.php(41): CodeIgniter\CodeIgniter->run()
#5 {main}
CRITICAL - 2022-09-06 10:55:49 --> sizeof(): Argument #1 ($value) must be of type Countable|array, null given
#0 /home/kottakotabusines/public_html/app/Controllers/SalesManagerController.php(950): sizeof(NULL)
#1 /home/kottakotabusines/public_html/system/CodeIgniter.php(825): App\Controllers\SalesManagerController->fastagInventory()
#2 /home/kottakotabusines/public_html/system/CodeIgniter.php(412): CodeIgniter\CodeIgniter->runController(Object(App\Controllers\SalesManagerController))
#3 /home/kottakotabusines/public_html/system/CodeIgniter.php(320): CodeIgniter\CodeIgniter->handleRequest(NULL, Object(Config\Cache), false)
#4 /home/kottakotabusines/public_html/index.php(41): CodeIgniter\CodeIgniter->run()
#5 {main}
CRITICAL - 2022-09-06 11:01:05 --> unlink(/home/kottakotabusines/public_html/writable/debugbar/debugbar_1662442175.json): No such file or directory
#0 [internal function]: CodeIgniter\Debug\Exceptions->errorHandler(2, 'unlink(/home/ko...', '/home/kottakota...', 74)
#1 /home/kottakotabusines/public_html/system/Debug/Toolbar/Collectors/History.php(74): unlink('/home/kottakota...')
#2 /home/kottakotabusines/public_html/system/Debug/Toolbar.php(487): CodeIgniter\Debug\Toolbar\Collectors\History->setFiles(1662442263, 20)
#3 /home/kottakotabusines/public_html/system/Debug/Toolbar.php(464): CodeIgniter\Debug\Toolbar->format(Array, 'html')
#4 /home/kottakotabusines/public_html/app/Config/Events.php(48): CodeIgniter\Debug\Toolbar->respond()
#5 /home/kottakotabusines/public_html/system/Events/Events.php(149): CodeIgniter\Events\Events::Config\{closure}()
#6 /home/kottakotabusines/public_html/system/CodeIgniter.php(302): CodeIgniter\Events\Events::trigger('pre_system')
#7 /home/kottakotabusines/public_html/index.php(41): CodeIgniter\CodeIgniter->run()
#8 {main}
CRITICAL - 2022-09-06 11:26:51 --> Undefined array key 0
#0 /home/kottakotabusines/public_html/app/Controllers/SalesAgentWalletController.php(75): CodeIgniter\Debug\Exceptions->errorHandler(2, 'Undefined array...', '/home/kottakota...', 75)
#1 /home/kottakotabusines/public_html/system/CodeIgniter.php(825): App\Controllers\SalesAgentWalletController->paymentnotation()
#2 /home/kottakotabusines/public_html/system/CodeIgniter.php(412): CodeIgniter\CodeIgniter->runController(Object(App\Controllers\SalesAgentWalletController))
#3 /home/kottakotabusines/public_html/system/CodeIgniter.php(320): CodeIgniter\CodeIgniter->handleRequest(NULL, Object(Config\Cache), false)
#4 /home/kottakotabusines/public_html/index.php(41): CodeIgniter\CodeIgniter->run()
#5 {main}
CRITICAL - 2022-09-06 11:32:46 --> Undefined array key "logged_img"
#0 /home/kottakotabusines/public_html/app/Views/partials/salesagent/sidebar.php(5): CodeIgniter\Debug\Exceptions->errorHandler(2, 'Undefined array...', '/home/kottakota...', 5)
#1 /home/kottakotabusines/public_html/system/View/View.php(210): include('/home/kottakota...')
#2 /home/kottakotabusines/public_html/system/View/View.php(213): CodeIgniter\View\View->CodeIgniter\View\{closure}()
#3 /home/kottakotabusines/public_html/system/View/View.php(424): CodeIgniter\View\View->render('partials/salesa...', NULL, true)
#4 /home/kottakotabusines/public_html/app/Views/salesagent/ncpitag.php(41): CodeIgniter\View\View->include('partials/salesa...')
#5 /home/kottakotabusines/public_html/system/View/View.php(210): include('/home/kottakota...')
#6 /home/kottakotabusines/public_html/system/View/View.php(213): CodeIgniter\View\View->CodeIgniter\View\{closure}()
#7 /home/kottakotabusines/public_html/system/Common.php(1089): CodeIgniter\View\View->render('salesagent/ncpi...', Array, true)
#8 /home/kottakotabusines/public_html/app/Controllers/SalesAgentController.php(1077): view('salesagent/ncpi...', Array)
#9 /home/kottakotabusines/public_html/system/CodeIgniter.php(825): App\Controllers\SalesAgentController->ncpitag()
#10 /home/kottakotabusines/public_html/system/CodeIgniter.php(412): CodeIgniter\CodeIgniter->runController(Object(App\Controllers\SalesAgentController))
#11 /home/kottakotabusines/public_html/system/CodeIgniter.php(320): CodeIgniter\CodeIgniter->handleRequest(NULL, Object(Config\Cache), false)
#12 /home/kottakotabusines/public_html/index.php(41): CodeIgniter\CodeIgniter->run()
#13 {main}
CRITICAL - 2022-09-06 11:33:14 --> Undefined array key 0
#0 /home/kottakotabusines/public_html/app/Controllers/FastTagController.php(460): CodeIgniter\Debug\Exceptions->errorHandler(2, 'Undefined array...', '/home/kottakota...', 460)
#1 /home/kottakotabusines/public_html/system/CodeIgniter.php(825): App\Controllers\FastTagController->managefasttag()
#2 /home/kottakotabusines/public_html/system/CodeIgniter.php(412): CodeIgniter\CodeIgniter->runController(Object(App\Controllers\FastTagController))
#3 /home/kottakotabusines/public_html/system/CodeIgniter.php(320): CodeIgniter\CodeIgniter->handleRequest(NULL, Object(Config\Cache), false)
#4 /home/kottakotabusines/public_html/index.php(41): CodeIgniter\CodeIgniter->run()
#5 {main}
CRITICAL - 2022-09-06 11:33:24 --> Undefined array key 0
#0 /home/kottakotabusines/public_html/app/Controllers/FastTagController.php(460): CodeIgniter\Debug\Exceptions->errorHandler(2, 'Undefined array...', '/home/kottakota...', 460)
#1 /home/kottakotabusines/public_html/system/CodeIgniter.php(825): App\Controllers\FastTagController->managefasttag()
#2 /home/kottakotabusines/public_html/system/CodeIgniter.php(412): CodeIgniter\CodeIgniter->runController(Object(App\Controllers\FastTagController))
#3 /home/kottakotabusines/public_html/system/CodeIgniter.php(320): CodeIgniter\CodeIgniter->handleRequest(NULL, Object(Config\Cache), false)
#4 /home/kottakotabusines/public_html/index.php(41): CodeIgniter\CodeIgniter->run()
#5 {main}
CRITICAL - 2022-09-06 11:33:46 --> sizeof(): Argument #1 ($value) must be of type Countable|array, null given
#0 /home/kottakotabusines/public_html/app/Controllers/FastTagController.php(345): sizeof(NULL)
#1 /home/kottakotabusines/public_html/system/CodeIgniter.php(825): App\Controllers\FastTagController->managefasttag()
#2 /home/kottakotabusines/public_html/system/CodeIgniter.php(412): CodeIgniter\CodeIgniter->runController(Object(App\Controllers\FastTagController))
#3 /home/kottakotabusines/public_html/system/CodeIgniter.php(320): CodeIgniter\CodeIgniter->handleRequest(NULL, Object(Config\Cache), false)
#4 /home/kottakotabusines/public_html/index.php(41): CodeIgniter\CodeIgniter->run()
#5 {main}
CRITICAL - 2022-09-06 11:34:04 --> sizeof(): Argument #1 ($value) must be of type Countable|array, null given
#0 /home/kottakotabusines/public_html/app/Controllers/FastTagController.php(345): sizeof(NULL)
#1 /home/kottakotabusines/public_html/system/CodeIgniter.php(825): App\Controllers\FastTagController->managefasttag()
#2 /home/kottakotabusines/public_html/system/CodeIgniter.php(412): CodeIgniter\CodeIgniter->runController(Object(App\Controllers\FastTagController))
#3 /home/kottakotabusines/public_html/system/CodeIgniter.php(320): CodeIgniter\CodeIgniter->handleRequest(NULL, Object(Config\Cache), false)
#4 /home/kottakotabusines/public_html/index.php(41): CodeIgniter\CodeIgniter->run()
#5 {main}
CRITICAL - 2022-09-06 11:39:21 --> Undefined array key 0
#0 /home/kottakotabusines/public_html/app/Controllers/SalesAgentWalletController.php(75): CodeIgniter\Debug\Exceptions->errorHandler(2, 'Undefined array...', '/home/kottakota...', 75)
#1 /home/kottakotabusines/public_html/system/CodeIgniter.php(825): App\Controllers\SalesAgentWalletController->paymentnotation()
#2 /home/kottakotabusines/public_html/system/CodeIgniter.php(412): CodeIgniter\CodeIgniter->runController(Object(App\Controllers\SalesAgentWalletController))
#3 /home/kottakotabusines/public_html/system/CodeIgniter.php(320): CodeIgniter\CodeIgniter->handleRequest(NULL, Object(Config\Cache), false)
#4 /home/kottakotabusines/public_html/index.php(41): CodeIgniter\CodeIgniter->run()
#5 {main}
CRITICAL - 2022-09-06 11:57:36 --> Undefined array key 0
#0 /home/kottakotabusines/public_html/app/Controllers/SalesAgentWalletController.php(75): CodeIgniter\Debug\Exceptions->errorHandler(2, 'Undefined array...', '/home/kottakota...', 75)
#1 /home/kottakotabusines/public_html/system/CodeIgniter.php(825): App\Controllers\SalesAgentWalletController->paymentnotation()
#2 /home/kottakotabusines/public_html/system/CodeIgniter.php(412): CodeIgniter\CodeIgniter->runController(Object(App\Controllers\SalesAgentWalletController))
#3 /home/kottakotabusines/public_html/system/CodeIgniter.php(320): CodeIgniter\CodeIgniter->handleRequest(NULL, Object(Config\Cache), false)
#4 /home/kottakotabusines/public_html/index.php(41): CodeIgniter\CodeIgniter->run()
#5 {main}
CRITICAL - 2022-09-06 12:16:48 --> Undefined array key 0
#0 /home/kottakotabusines/public_html/app/Controllers/SalesAgentWalletController.php(75): CodeIgniter\Debug\Exceptions->errorHandler(2, 'Undefined array...', '/home/kottakota...', 75)
#1 /home/kottakotabusines/public_html/system/CodeIgniter.php(825): App\Controllers\SalesAgentWalletController->paymentnotation()
#2 /home/kottakotabusines/public_html/system/CodeIgniter.php(412): CodeIgniter\CodeIgniter->runController(Object(App\Controllers\SalesAgentWalletController))
#3 /home/kottakotabusines/public_html/system/CodeIgniter.php(320): CodeIgniter\CodeIgniter->handleRequest(NULL, Object(Config\Cache), false)
#4 /home/kottakotabusines/public_html/index.php(41): CodeIgniter\CodeIgniter->run()
#5 {main}
CRITICAL - 2022-09-06 12:17:49 --> Undefined array key "logged_img"
#0 /home/kottakotabusines/public_html/app/Views/partials/adminPanel/sidebar.php(5): CodeIgniter\Debug\Exceptions->errorHandler(2, 'Undefined array...', '/home/kottakota...', 5)
#1 /home/kottakotabusines/public_html/system/View/View.php(210): include('/home/kottakota...')
#2 /home/kottakotabusines/public_html/system/View/View.php(213): CodeIgniter\View\View->CodeIgniter\View\{closure}()
#3 /home/kottakotabusines/public_html/system/View/View.php(424): CodeIgniter\View\View->render('partials/adminP...', NULL, true)
#4 /home/kottakotabusines/public_html/app/Views/admin/viewteamlead.php(18): CodeIgniter\View\View->include('partials/adminP...')
#5 /home/kottakotabusines/public_html/system/View/View.php(210): include('/home/kottakota...')
#6 /home/kottakotabusines/public_html/system/View/View.php(213): CodeIgniter\View\View->CodeIgniter\View\{closure}()
#7 /home/kottakotabusines/public_html/system/Common.php(1089): CodeIgniter\View\View->render('admin/viewteaml...', Array, true)
#8 /home/kottakotabusines/public_html/app/Controllers/TeamLeadController.php(652): view('admin/viewteaml...', Array)
#9 /home/kottakotabusines/public_html/system/CodeIgniter.php(825): App\Controllers\TeamLeadController->viewteamleadProfile('82')
#10 /home/kottakotabusines/public_html/system/CodeIgniter.php(412): CodeIgniter\CodeIgniter->runController(Object(App\Controllers\TeamLeadController))
#11 /home/kottakotabusines/public_html/system/CodeIgniter.php(320): CodeIgniter\CodeIgniter->handleRequest(NULL, Object(Config\Cache), false)
#12 /home/kottakotabusines/public_html/index.php(41): CodeIgniter\CodeIgniter->run()
#13 {main}
CRITICAL - 2022-09-06 12:26:24 --> Undefined array key 0
#0 /home/kottakotabusines/public_html/app/Controllers/SalesAgentWalletController.php(75): CodeIgniter\Debug\Exceptions->errorHandler(2, 'Undefined array...', '/home/kottakota...', 75)
#1 /home/kottakotabusines/public_html/system/CodeIgniter.php(825): App\Controllers\SalesAgentWalletController->paymentnotation()
#2 /home/kottakotabusines/public_html/system/CodeIgniter.php(412): CodeIgniter\CodeIgniter->runController(Object(App\Controllers\SalesAgentWalletController))
#3 /home/kottakotabusines/public_html/system/CodeIgniter.php(320): CodeIgniter\CodeIgniter->handleRequest(NULL, Object(Config\Cache), false)
#4 /home/kottakotabusines/public_html/index.php(41): CodeIgniter\CodeIgniter->run()
#5 {main}
CRITICAL - 2022-09-06 12:44:04 --> Undefined array key 0
#0 /home/kottakotabusines/public_html/app/Controllers/SalesAgentWalletController.php(75): CodeIgniter\Debug\Exceptions->errorHandler(2, 'Undefined array...', '/home/kottakota...', 75)
#1 /home/kottakotabusines/public_html/system/CodeIgniter.php(825): App\Controllers\SalesAgentWalletController->paymentnotation()
#2 /home/kottakotabusines/public_html/system/CodeIgniter.php(412): CodeIgniter\CodeIgniter->runController(Object(App\Controllers\SalesAgentWalletController))
#3 /home/kottakotabusines/public_html/system/CodeIgniter.php(320): CodeIgniter\CodeIgniter->handleRequest(NULL, Object(Config\Cache), false)
#4 /home/kottakotabusines/public_html/index.php(41): CodeIgniter\CodeIgniter->run()
#5 {main}
CRITICAL - 2022-09-06 12:57:55 --> Undefined array key 0
#0 /home/kottakotabusines/public_html/app/Controllers/SalesAgentWalletController.php(75): CodeIgniter\Debug\Exceptions->errorHandler(2, 'Undefined array...', '/home/kottakota...', 75)
#1 /home/kottakotabusines/public_html/system/CodeIgniter.php(825): App\Controllers\SalesAgentWalletController->paymentnotation()
#2 /home/kottakotabusines/public_html/system/CodeIgniter.php(412): CodeIgniter\CodeIgniter->runController(Object(App\Controllers\SalesAgentWalletController))
#3 /home/kottakotabusines/public_html/system/CodeIgniter.php(320): CodeIgniter\CodeIgniter->handleRequest(NULL, Object(Config\Cache), false)
#4 /home/kottakotabusines/public_html/index.php(41): CodeIgniter\CodeIgniter->run()
#5 {main}
CRITICAL - 2022-09-06 13:16:56 --> Undefined array key 0
#0 /home/kottakotabusines/public_html/app/Controllers/SalesAgentWalletController.php(75): CodeIgniter\Debug\Exceptions->errorHandler(2, 'Undefined array...', '/home/kottakota...', 75)
#1 /home/kottakotabusines/public_html/system/CodeIgniter.php(825): App\Controllers\SalesAgentWalletController->paymentnotation()
#2 /home/kottakotabusines/public_html/system/CodeIgniter.php(412): CodeIgniter\CodeIgniter->runController(Object(App\Controllers\SalesAgentWalletController))
#3 /home/kottakotabusines/public_html/system/CodeIgniter.php(320): CodeIgniter\CodeIgniter->handleRequest(NULL, Object(Config\Cache), false)
#4 /home/kottakotabusines/public_html/index.php(41): CodeIgniter\CodeIgniter->run()
#5 {main}
CRITICAL - 2022-09-06 13:19:39 --> Undefined array key "logged_img"
#0 /home/kottakotabusines/public_html/app/Views/partials/adminPanel/sidebar.php(5): CodeIgniter\Debug\Exceptions->errorHandler(2, 'Undefined array...', '/home/kottakota...', 5)
#1 /home/kottakotabusines/public_html/system/View/View.php(210): include('/home/kottakota...')
#2 /home/kottakotabusines/public_html/system/View/View.php(213): CodeIgniter\View\View->CodeIgniter\View\{closure}()
#3 /home/kottakotabusines/public_html/system/View/View.php(424): CodeIgniter\View\View->render('partials/adminP...', NULL, true)
#4 /home/kottakotabusines/public_html/app/Views/admin/viewsalesmanager.php(18): CodeIgniter\View\View->include('partials/adminP...')
#5 /home/kottakotabusines/public_html/system/View/View.php(210): include('/home/kottakota...')
#6 /home/kottakotabusines/public_html/system/View/View.php(213): CodeIgniter\View\View->CodeIgniter\View\{closure}()
#7 /home/kottakotabusines/public_html/system/Common.php(1089): CodeIgniter\View\View->render('admin/viewsales...', Array, true)
#8 /home/kottakotabusines/public_html/app/Controllers/SalesManagerController.php(602): view('admin/viewsales...', Array)
#9 /home/kottakotabusines/public_html/system/CodeIgniter.php(825): App\Controllers\SalesManagerController->viewsalesmanagerProfile('2')
#10 /home/kottakotabusines/public_html/system/CodeIgniter.php(412): CodeIgniter\CodeIgniter->runController(Object(App\Controllers\SalesManagerController))
#11 /home/kottakotabusines/public_html/system/CodeIgniter.php(320): CodeIgniter\CodeIgniter->handleRequest(NULL, Object(Config\Cache), false)
#12 /home/kottakotabusines/public_html/index.php(41): CodeIgniter\CodeIgniter->run()
#13 {main}
CRITICAL - 2022-09-06 13:26:57 --> Undefined array key 0
#0 /home/kottakotabusines/public_html/app/Controllers/SalesAgentWalletController.php(75): CodeIgniter\Debug\Exceptions->errorHandler(2, 'Undefined array...', '/home/kottakota...', 75)
#1 /home/kottakotabusines/public_html/system/CodeIgniter.php(825): App\Controllers\SalesAgentWalletController->paymentnotation()
#2 /home/kottakotabusines/public_html/system/CodeIgniter.php(412): CodeIgniter\CodeIgniter->runController(Object(App\Controllers\SalesAgentWalletController))
#3 /home/kottakotabusines/public_html/system/CodeIgniter.php(320): CodeIgniter\CodeIgniter->handleRequest(NULL, Object(Config\Cache), false)
#4 /home/kottakotabusines/public_html/index.php(41): CodeIgniter\CodeIgniter->run()
#5 {main}
CRITICAL - 2022-09-06 13:32:32 --> Undefined array key "logged_img"
#0 /home/kottakotabusines/public_html/app/Views/partials/adminPanel/sidebar.php(5): CodeIgniter\Debug\Exceptions->errorHandler(2, 'Undefined array...', '/home/kottakota...', 5)
#1 /home/kottakotabusines/public_html/system/View/View.php(210): include('/home/kottakota...')
#2 /home/kottakotabusines/public_html/system/View/View.php(213): CodeIgniter\View\View->CodeIgniter\View\{closure}()
#3 /home/kottakotabusines/public_html/system/View/View.php(424): CodeIgniter\View\View->render('partials/adminP...', NULL, true)
#4 /home/kottakotabusines/public_html/app/Views/admin/viewsalesmanager.php(18): CodeIgniter\View\View->include('partials/adminP...')
#5 /home/kottakotabusines/public_html/system/View/View.php(210): include('/home/kottakota...')
#6 /home/kottakotabusines/public_html/system/View/View.php(213): CodeIgniter\View\View->CodeIgniter\View\{closure}()
#7 /home/kottakotabusines/public_html/system/Common.php(1089): CodeIgniter\View\View->render('admin/viewsales...', Array, true)
#8 /home/kottakotabusines/public_html/app/Controllers/SalesManagerController.php(602): view('admin/viewsales...', Array)
#9 /home/kottakotabusines/public_html/system/CodeIgniter.php(825): App\Controllers\SalesManagerController->viewsalesmanagerProfile('4')
#10 /home/kottakotabusines/public_html/system/CodeIgniter.php(412): CodeIgniter\CodeIgniter->runController(Object(App\Controllers\SalesManagerController))
#11 /home/kottakotabusines/public_html/system/CodeIgniter.php(320): CodeIgniter\CodeIgniter->handleRequest(NULL, Object(Config\Cache), false)
#12 /home/kottakotabusines/public_html/index.php(41): CodeIgniter\CodeIgniter->run()
#13 {main}
CRITICAL - 2022-09-06 13:39:26 --> Undefined array key 0
#0 /home/kottakotabusines/public_html/app/Controllers/SalesAgentWalletController.php(75): CodeIgniter\Debug\Exceptions->errorHandler(2, 'Undefined array...', '/home/kottakota...', 75)
#1 /home/kottakotabusines/public_html/system/CodeIgniter.php(825): App\Controllers\SalesAgentWalletController->paymentnotation()
#2 /home/kottakotabusines/public_html/system/CodeIgniter.php(412): CodeIgniter\CodeIgniter->runController(Object(App\Controllers\SalesAgentWalletController))
#3 /home/kottakotabusines/public_html/system/CodeIgniter.php(320): CodeIgniter\CodeIgniter->handleRequest(NULL, Object(Config\Cache), false)
#4 /home/kottakotabusines/public_html/index.php(41): CodeIgniter\CodeIgniter->run()
#5 {main}
CRITICAL - 2022-09-06 14:29:33 --> unlink(/home/kottakotabusines/public_html/writable/debugbar/debugbar_1662454616.json): No such file or directory
#0 [internal function]: CodeIgniter\Debug\Exceptions->errorHandler(2, 'unlink(/home/ko...', '/home/kottakota...', 74)
#1 /home/kottakotabusines/public_html/system/Debug/Toolbar/Collectors/History.php(74): unlink('/home/kottakota...')
#2 /home/kottakotabusines/public_html/system/Debug/Toolbar.php(487): CodeIgniter\Debug\Toolbar\Collectors\History->setFiles(1662454772, 20)
#3 /home/kottakotabusines/public_html/system/Debug/Toolbar.php(464): CodeIgniter\Debug\Toolbar->format(Array, 'html')
#4 /home/kottakotabusines/public_html/app/Config/Events.php(48): CodeIgniter\Debug\Toolbar->respond()
#5 /home/kottakotabusines/public_html/system/Events/Events.php(149): CodeIgniter\Events\Events::Config\{closure}()
#6 /home/kottakotabusines/public_html/system/CodeIgniter.php(302): CodeIgniter\Events\Events::trigger('pre_system')
#7 /home/kottakotabusines/public_html/index.php(41): CodeIgniter\CodeIgniter->run()
#8 {main}
CRITICAL - 2022-09-06 14:30:28 --> Undefined array key "logged_img"
#0 /home/kottakotabusines/public_html/app/Views/partials/salesagent/sidebar.php(5): CodeIgniter\Debug\Exceptions->errorHandler(2, 'Undefined array...', '/home/kottakota...', 5)
#1 /home/kottakotabusines/public_html/system/View/View.php(210): include('/home/kottakota...')
#2 /home/kottakotabusines/public_html/system/View/View.php(213): CodeIgniter\View\View->CodeIgniter\View\{closure}()
#3 /home/kottakotabusines/public_html/system/View/View.php(424): CodeIgniter\View\View->render('partials/salesa...', NULL, true)
#4 /home/kottakotabusines/public_html/app/Views/salesagent/ncpitag.php(41): CodeIgniter\View\View->include('partials/salesa...')
#5 /home/kottakotabusines/public_html/system/View/View.php(210): include('/home/kottakota...')
#6 /home/kottakotabusines/public_html/system/View/View.php(213): CodeIgniter\View\View->CodeIgniter\View\{closure}()
#7 /home/kottakotabusines/public_html/system/Common.php(1089): CodeIgniter\View\View->render('salesagent/ncpi...', Array, true)
#8 /home/kottakotabusines/public_html/app/Controllers/SalesAgentController.php(1080): view('salesagent/ncpi...', Array)
#9 /home/kottakotabusines/public_html/system/CodeIgniter.php(825): App\Controllers\SalesAgentController->ncpitag()
#10 /home/kottakotabusines/public_html/system/CodeIgniter.php(412): CodeIgniter\CodeIgniter->runController(Object(App\Controllers\SalesAgentController))
#11 /home/kottakotabusines/public_html/system/CodeIgniter.php(320): CodeIgniter\CodeIgniter->handleRequest(NULL, Object(Config\Cache), false)
#12 /home/kottakotabusines/public_html/index.php(41): CodeIgniter\CodeIgniter->run()
#13 {main}
CRITICAL - 2022-09-06 14:32:42 --> Undefined array key "logged_img"
#0 /home/kottakotabusines/public_html/app/Views/partials/adminPanel/sidebar.php(5): CodeIgniter\Debug\Exceptions->errorHandler(2, 'Undefined array...', '/home/kottakota...', 5)
#1 /home/kottakotabusines/public_html/system/View/View.php(210): include('/home/kottakota...')
#2 /home/kottakotabusines/public_html/system/View/View.php(213): CodeIgniter\View\View->CodeIgniter\View\{closure}()
#3 /home/kottakotabusines/public_html/system/View/View.php(424): CodeIgniter\View\View->render('partials/adminP...', NULL, true)
#4 /home/kottakotabusines/public_html/app/Views/admin/editsalesmanager.php(18): CodeIgniter\View\View->include('partials/adminP...')
#5 /home/kottakotabusines/public_html/system/View/View.php(210): include('/home/kottakota...')
#6 /home/kottakotabusines/public_html/system/View/View.php(213): CodeIgniter\View\View->CodeIgniter\View\{closure}()
#7 /home/kottakotabusines/public_html/system/Common.php(1089): CodeIgniter\View\View->render('admin/editsales...', Array, true)
#8 /home/kottakotabusines/public_html/app/Controllers/SalesManagerController.php(863): view('admin/editsales...', Array)
#9 /home/kottakotabusines/public_html/system/CodeIgniter.php(825): App\Controllers\SalesManagerController->editProfileAdmin('2')
#10 /home/kottakotabusines/public_html/system/CodeIgniter.php(412): CodeIgniter\CodeIgniter->runController(Object(App\Controllers\SalesManagerController))
#11 /home/kottakotabusines/public_html/system/CodeIgniter.php(320): CodeIgniter\CodeIgniter->handleRequest(NULL, Object(Config\Cache), false)
#12 /home/kottakotabusines/public_html/index.php(41): CodeIgniter\CodeIgniter->run()
#13 {main}
CRITICAL - 2022-09-06 14:32:43 --> Undefined array key "logged_img"
#0 /home/kottakotabusines/public_html/app/Views/partials/adminPanel/sidebar.php(5): CodeIgniter\Debug\Exceptions->errorHandler(2, 'Undefined array...', '/home/kottakota...', 5)
#1 /home/kottakotabusines/public_html/system/View/View.php(210): include('/home/kottakota...')
#2 /home/kottakotabusines/public_html/system/View/View.php(213): CodeIgniter\View\View->CodeIgniter\View\{closure}()
#3 /home/kottakotabusines/public_html/system/View/View.php(424): CodeIgniter\View\View->render('partials/adminP...', NULL, true)
#4 /home/kottakotabusines/public_html/app/Views/admin/viewsalesmanager.php(18): CodeIgniter\View\View->include('partials/adminP...')
#5 /home/kottakotabusines/public_html/system/View/View.php(210): include('/home/kottakota...')
#6 /home/kottakotabusines/public_html/system/View/View.php(213): CodeIgniter\View\View->CodeIgniter\View\{closure}()
#7 /home/kottakotabusines/public_html/system/Common.php(1089): CodeIgniter\View\View->render('admin/viewsales...', Array, true)
#8 /home/kottakotabusines/public_html/app/Controllers/SalesManagerController.php(602): view('admin/viewsales...', Array)
#9 /home/kottakotabusines/public_html/system/CodeIgniter.php(825): App\Controllers\SalesManagerController->viewsalesmanagerProfile('4')
#10 /home/kottakotabusines/public_html/system/CodeIgniter.php(412): CodeIgniter\CodeIgniter->runController(Object(App\Controllers\SalesManagerController))
#11 /home/kottakotabusines/public_html/system/CodeIgniter.php(320): CodeIgniter\CodeIgniter->handleRequest(NULL, Object(Config\Cache), false)
#12 /home/kottakotabusines/public_html/index.php(41): CodeIgniter\CodeIgniter->run()
#13 {main}
CRITICAL - 2022-09-06 14:58:00 --> Undefined array key 0
#0 /home/kottakotabusines/public_html/app/Controllers/SalesAgentWalletController.php(75): CodeIgniter\Debug\Exceptions->errorHandler(2, 'Undefined array...', '/home/kottakota...', 75)
#1 /home/kottakotabusines/public_html/system/CodeIgniter.php(825): App\Controllers\SalesAgentWalletController->paymentnotation()
#2 /home/kottakotabusines/public_html/system/CodeIgniter.php(412): CodeIgniter\CodeIgniter->runController(Object(App\Controllers\SalesAgentWalletController))
#3 /home/kottakotabusines/public_html/system/CodeIgniter.php(320): CodeIgniter\CodeIgniter->handleRequest(NULL, Object(Config\Cache), false)
#4 /home/kottakotabusines/public_html/index.php(41): CodeIgniter\CodeIgniter->run()
#5 {main}
CRITICAL - 2022-09-06 15:17:01 --> Undefined array key 0
#0 /home/kottakotabusines/public_html/app/Controllers/SalesAgentWalletController.php(75): CodeIgniter\Debug\Exceptions->errorHandler(2, 'Undefined array...', '/home/kottakota...', 75)
#1 /home/kottakotabusines/public_html/system/CodeIgniter.php(825): App\Controllers\SalesAgentWalletController->paymentnotation()
#2 /home/kottakotabusines/public_html/system/CodeIgniter.php(412): CodeIgniter\CodeIgniter->runController(Object(App\Controllers\SalesAgentWalletController))
#3 /home/kottakotabusines/public_html/system/CodeIgniter.php(320): CodeIgniter\CodeIgniter->handleRequest(NULL, Object(Config\Cache), false)
#4 /home/kottakotabusines/public_html/index.php(41): CodeIgniter\CodeIgniter->run()
#5 {main}
CRITICAL - 2022-09-06 15:52:10 --> Undefined array key 0
#0 /home/kottakotabusines/public_html/app/Controllers/DataDashboardController.php(61): CodeIgniter\Debug\Exceptions->errorHandler(2, 'Undefined array...', '/home/kottakota...', 61)
#1 /home/kottakotabusines/public_html/system/CodeIgniter.php(825): App\Controllers\DataDashboardController->newusrdata()
#2 /home/kottakotabusines/public_html/system/CodeIgniter.php(412): CodeIgniter\CodeIgniter->runController(Object(App\Controllers\DataDashboardController))
#3 /home/kottakotabusines/public_html/system/CodeIgniter.php(320): CodeIgniter\CodeIgniter->handleRequest(NULL, Object(Config\Cache), false)
#4 /home/kottakotabusines/public_html/index.php(41): CodeIgniter\CodeIgniter->run()
#5 {main}
CRITICAL - 2022-09-06 15:52:10 --> Undefined array key 0
#0 /home/kottakotabusines/public_html/app/Controllers/DataDashboardController.php(61): CodeIgniter\Debug\Exceptions->errorHandler(2, 'Undefined array...', '/home/kottakota...', 61)
#1 /home/kottakotabusines/public_html/system/CodeIgniter.php(825): App\Controllers\DataDashboardController->newusrdata()
#2 /home/kottakotabusines/public_html/system/CodeIgniter.php(412): CodeIgniter\CodeIgniter->runController(Object(App\Controllers\DataDashboardController))
#3 /home/kottakotabusines/public_html/system/CodeIgniter.php(320): CodeIgniter\CodeIgniter->handleRequest(NULL, Object(Config\Cache), false)
#4 /home/kottakotabusines/public_html/index.php(41): CodeIgniter\CodeIgniter->run()
#5 {main}
CRITICAL - 2022-09-06 15:57:53 --> Undefined array key 0
#0 /home/kottakotabusines/public_html/app/Controllers/DataDashboardController.php(61): CodeIgniter\Debug\Exceptions->errorHandler(2, 'Undefined array...', '/home/kottakota...', 61)
#1 /home/kottakotabusines/public_html/system/CodeIgniter.php(825): App\Controllers\DataDashboardController->newusrdata()
#2 /home/kottakotabusines/public_html/system/CodeIgniter.php(412): CodeIgniter\CodeIgniter->runController(Object(App\Controllers\DataDashboardController))
#3 /home/kottakotabusines/public_html/system/CodeIgniter.php(320): CodeIgniter\CodeIgniter->handleRequest(NULL, Object(Config\Cache), false)
#4 /home/kottakotabusines/public_html/index.php(41): CodeIgniter\CodeIgniter->run()
#5 {main}
CRITICAL - 2022-09-06 15:57:54 --> Undefined array key 0
#0 /home/kottakotabusines/public_html/app/Controllers/DataDashboardController.php(61): CodeIgniter\Debug\Exceptions->errorHandler(2, 'Undefined array...', '/home/kottakota...', 61)
#1 /home/kottakotabusines/public_html/system/CodeIgniter.php(825): App\Controllers\DataDashboardController->newusrdata()
#2 /home/kottakotabusines/public_html/system/CodeIgniter.php(412): CodeIgniter\CodeIgniter->runController(Object(App\Controllers\DataDashboardController))
#3 /home/kottakotabusines/public_html/system/CodeIgniter.php(320): CodeIgniter\CodeIgniter->handleRequest(NULL, Object(Config\Cache), false)
#4 /home/kottakotabusines/public_html/index.php(41): CodeIgniter\CodeIgniter->run()
#5 {main}
CRITICAL - 2022-09-06 16:00:28 --> Undefined array key 0
#0 /home/kottakotabusines/public_html/app/Controllers/SalesAgentWalletController.php(75): CodeIgniter\Debug\Exceptions->errorHandler(2, 'Undefined array...', '/home/kottakota...', 75)
#1 /home/kottakotabusines/public_html/system/CodeIgniter.php(825): App\Controllers\SalesAgentWalletController->paymentnotation()
#2 /home/kottakotabusines/public_html/system/CodeIgniter.php(412): CodeIgniter\CodeIgniter->runController(Object(App\Controllers\SalesAgentWalletController))
#3 /home/kottakotabusines/public_html/system/CodeIgniter.php(320): CodeIgniter\CodeIgniter->handleRequest(NULL, Object(Config\Cache), false)
#4 /home/kottakotabusines/public_html/index.php(41): CodeIgniter\CodeIgniter->run()
#5 {main}
CRITICAL - 2022-09-06 16:26:45 --> Undefined array key 0
#0 /home/kottakotabusines/public_html/app/Controllers/SalesAgentWalletController.php(75): CodeIgniter\Debug\Exceptions->errorHandler(2, 'Undefined array...', '/home/kottakota...', 75)
#1 /home/kottakotabusines/public_html/system/CodeIgniter.php(825): App\Controllers\SalesAgentWalletController->paymentnotation()
#2 /home/kottakotabusines/public_html/system/CodeIgniter.php(412): CodeIgniter\CodeIgniter->runController(Object(App\Controllers\SalesAgentWalletController))
#3 /home/kottakotabusines/public_html/system/CodeIgniter.php(320): CodeIgniter\CodeIgniter->handleRequest(NULL, Object(Config\Cache), false)
#4 /home/kottakotabusines/public_html/index.php(41): CodeIgniter\CodeIgniter->run()
#5 {main}
CRITICAL - 2022-09-06 16:37:04 --> Undefined array key "logged_img"
#0 /home/kottakotabusines/public_html/app/Views/partials/salesManager/sidebar.php(5): CodeIgniter\Debug\Exceptions->errorHandler(2, 'Undefined array...', '/home/kottakota...', 5)
#1 /home/kottakotabusines/public_html/system/View/View.php(210): include('/home/kottakota...')
#2 /home/kottakotabusines/public_html/system/View/View.php(213): CodeIgniter\View\View->CodeIgniter\View\{closure}()
#3 /home/kottakotabusines/public_html/system/View/View.php(424): CodeIgniter\View\View->render('partials/salesM...', NULL, true)
#4 /home/kottakotabusines/public_html/app/Views/salesmanager/dashboard.php(181): CodeIgniter\View\View->include('partials/salesM...')
#5 /home/kottakotabusines/public_html/system/View/View.php(210): include('/home/kottakota...')
#6 /home/kottakotabusines/public_html/system/View/View.php(213): CodeIgniter\View\View->CodeIgniter\View\{closure}()
#7 /home/kottakotabusines/public_html/system/Common.php(1089): CodeIgniter\View\View->render('salesmanager/da...', Array, true)
#8 /home/kottakotabusines/public_html/app/Controllers/SalesManagerDashboardController.php(25): view('salesmanager/da...', Array)
#9 /home/kottakotabusines/public_html/system/CodeIgniter.php(825): App\Controllers\SalesManagerDashboardController->index()
#10 /home/kottakotabusines/public_html/system/CodeIgniter.php(412): CodeIgniter\CodeIgniter->runController(Object(App\Controllers\SalesManagerDashboardController))
#11 /home/kottakotabusines/public_html/system/CodeIgniter.php(320): CodeIgniter\CodeIgniter->handleRequest(NULL, Object(Config\Cache), false)
#12 /home/kottakotabusines/public_html/index.php(41): CodeIgniter\CodeIgniter->run()
#13 {main}
CRITICAL - 2022-09-06 16:37:08 --> Undefined array key "logged_img"
#0 /home/kottakotabusines/public_html/app/Views/partials/salesManager/sidebar.php(5): CodeIgniter\Debug\Exceptions->errorHandler(2, 'Undefined array...', '/home/kottakota...', 5)
#1 /home/kottakotabusines/public_html/system/View/View.php(210): include('/home/kottakota...')
#2 /home/kottakotabusines/public_html/system/View/View.php(213): CodeIgniter\View\View->CodeIgniter\View\{closure}()
#3 /home/kottakotabusines/public_html/system/View/View.php(424): CodeIgniter\View\View->render('partials/salesM...', NULL, true)
#4 /home/kottakotabusines/public_html/app/Views/salesmanager/dashboard.php(181): CodeIgniter\View\View->include('partials/salesM...')
#5 /home/kottakotabusines/public_html/system/View/View.php(210): include('/home/kottakota...')
#6 /home/kottakotabusines/public_html/system/View/View.php(213): CodeIgniter\View\View->CodeIgniter\View\{closure}()
#7 /home/kottakotabusines/public_html/system/Common.php(1089): CodeIgniter\View\View->render('salesmanager/da...', Array, true)
#8 /home/kottakotabusines/public_html/app/Controllers/SalesManagerDashboardController.php(25): view('salesmanager/da...', Array)
#9 /home/kottakotabusines/public_html/system/CodeIgniter.php(825): App\Controllers\SalesManagerDashboardController->index()
#10 /home/kottakotabusines/public_html/system/CodeIgniter.php(412): CodeIgniter\CodeIgniter->runController(Object(App\Controllers\SalesManagerDashboardController))
#11 /home/kottakotabusines/public_html/system/CodeIgniter.php(320): CodeIgniter\CodeIgniter->handleRequest(NULL, Object(Config\Cache), false)
#12 /home/kottakotabusines/public_html/index.php(41): CodeIgniter\CodeIgniter->run()
#13 {main}
CRITICAL - 2022-09-06 16:37:17 --> Undefined array key "logged_img"
#0 /home/kottakotabusines/public_html/app/Views/partials/salesManager/sidebar.php(5): CodeIgniter\Debug\Exceptions->errorHandler(2, 'Undefined array...', '/home/kottakota...', 5)
#1 /home/kottakotabusines/public_html/system/View/View.php(210): include('/home/kottakota...')
#2 /home/kottakotabusines/public_html/system/View/View.php(213): CodeIgniter\View\View->CodeIgniter\View\{closure}()
#3 /home/kottakotabusines/public_html/system/View/View.php(424): CodeIgniter\View\View->render('partials/salesM...', NULL, true)
#4 /home/kottakotabusines/public_html/app/Views/salesmanager/dashboard.php(181): CodeIgniter\View\View->include('partials/salesM...')
#5 /home/kottakotabusines/public_html/system/View/View.php(210): include('/home/kottakota...')
#6 /home/kottakotabusines/public_html/system/View/View.php(213): CodeIgniter\View\View->CodeIgniter\View\{closure}()
#7 /home/kottakotabusines/public_html/system/Common.php(1089): CodeIgniter\View\View->render('salesmanager/da...', Array, true)
#8 /home/kottakotabusines/public_html/app/Controllers/SalesManagerDashboardController.php(25): view('salesmanager/da...', Array)
#9 /home/kottakotabusines/public_html/system/CodeIgniter.php(825): App\Controllers\SalesManagerDashboardController->index()
#10 /home/kottakotabusines/public_html/system/CodeIgniter.php(412): CodeIgniter\CodeIgniter->runController(Object(App\Controllers\SalesManagerDashboardController))
#11 /home/kottakotabusines/public_html/system/CodeIgniter.php(320): CodeIgniter\CodeIgniter->handleRequest(NULL, Object(Config\Cache), false)
#12 /home/kottakotabusines/public_html/index.php(41): CodeIgniter\CodeIgniter->run()
#13 {main}
CRITICAL - 2022-09-06 16:37:45 --> Undefined array key "logged_img"
#0 /home/kottakotabusines/public_html/app/Views/partials/salesManager/sidebar.php(5): CodeIgniter\Debug\Exceptions->errorHandler(2, 'Undefined array...', '/home/kottakota...', 5)
#1 /home/kottakotabusines/public_html/system/View/View.php(210): include('/home/kottakota...')
#2 /home/kottakotabusines/public_html/system/View/View.php(213): CodeIgniter\View\View->CodeIgniter\View\{closure}()
#3 /home/kottakotabusines/public_html/system/View/View.php(424): CodeIgniter\View\View->render('partials/salesM...', NULL, true)
#4 /home/kottakotabusines/public_html/app/Views/salesmanager/dashboard.php(181): CodeIgniter\View\View->include('partials/salesM...')
#5 /home/kottakotabusines/public_html/system/View/View.php(210): include('/home/kottakota...')
#6 /home/kottakotabusines/public_html/system/View/View.php(213): CodeIgniter\View\View->CodeIgniter\View\{closure}()
#7 /home/kottakotabusines/public_html/system/Common.php(1089): CodeIgniter\View\View->render('salesmanager/da...', Array, true)
#8 /home/kottakotabusines/public_html/app/Controllers/SalesManagerDashboardController.php(25): view('salesmanager/da...', Array)
#9 /home/kottakotabusines/public_html/system/CodeIgniter.php(825): App\Controllers\SalesManagerDashboardController->index()
#10 /home/kottakotabusines/public_html/system/CodeIgniter.php(412): CodeIgniter\CodeIgniter->runController(Object(App\Controllers\SalesManagerDashboardController))
#11 /home/kottakotabusines/public_html/system/CodeIgniter.php(320): CodeIgniter\CodeIgniter->handleRequest(NULL, Object(Config\Cache), false)
#12 /home/kottakotabusines/public_html/index.php(41): CodeIgniter\CodeIgniter->run()
#13 {main}
CRITICAL - 2022-09-06 16:37:48 --> Undefined array key "logged_img"
#0 /home/kottakotabusines/public_html/app/Views/partials/salesManager/sidebar.php(5): CodeIgniter\Debug\Exceptions->errorHandler(2, 'Undefined array...', '/home/kottakota...', 5)
#1 /home/kottakotabusines/public_html/system/View/View.php(210): include('/home/kottakota...')
#2 /home/kottakotabusines/public_html/system/View/View.php(213): CodeIgniter\View\View->CodeIgniter\View\{closure}()
#3 /home/kottakotabusines/public_html/system/View/View.php(424): CodeIgniter\View\View->render('partials/salesM...', NULL, true)
#4 /home/kottakotabusines/public_html/app/Views/salesmanager/dashboard.php(181): CodeIgniter\View\View->include('partials/salesM...')
#5 /home/kottakotabusines/public_html/system/View/View.php(210): include('/home/kottakota...')
#6 /home/kottakotabusines/public_html/system/View/View.php(213): CodeIgniter\View\View->CodeIgniter\View\{closure}()
#7 /home/kottakotabusines/public_html/system/Common.php(1089): CodeIgniter\View\View->render('salesmanager/da...', Array, true)
#8 /home/kottakotabusines/public_html/app/Controllers/SalesManagerDashboardController.php(25): view('salesmanager/da...', Array)
#9 /home/kottakotabusines/public_html/system/CodeIgniter.php(825): App\Controllers\SalesManagerDashboardController->index()
#10 /home/kottakotabusines/public_html/system/CodeIgniter.php(412): CodeIgniter\CodeIgniter->runController(Object(App\Controllers\SalesManagerDashboardController))
#11 /home/kottakotabusines/public_html/system/CodeIgniter.php(320): CodeIgniter\CodeIgniter->handleRequest(NULL, Object(Config\Cache), false)
#12 /home/kottakotabusines/public_html/index.php(41): CodeIgniter\CodeIgniter->run()
#13 {main}
CRITICAL - 2022-09-06 16:37:57 --> Undefined array key "logged_img"
#0 /home/kottakotabusines/public_html/app/Views/partials/salesManager/sidebar.php(5): CodeIgniter\Debug\Exceptions->errorHandler(2, 'Undefined array...', '/home/kottakota...', 5)
#1 /home/kottakotabusines/public_html/system/View/View.php(210): include('/home/kottakota...')
#2 /home/kottakotabusines/public_html/system/View/View.php(213): CodeIgniter\View\View->CodeIgniter\View\{closure}()
#3 /home/kottakotabusines/public_html/system/View/View.php(424): CodeIgniter\View\View->render('partials/salesM...', NULL, true)
#4 /home/kottakotabusines/public_html/app/Views/salesmanager/dashboard.php(181): CodeIgniter\View\View->include('partials/salesM...')
#5 /home/kottakotabusines/public_html/system/View/View.php(210): include('/home/kottakota...')
#6 /home/kottakotabusines/public_html/system/View/View.php(213): CodeIgniter\View\View->CodeIgniter\View\{closure}()
#7 /home/kottakotabusines/public_html/system/Common.php(1089): CodeIgniter\View\View->render('salesmanager/da...', Array, true)
#8 /home/kottakotabusines/public_html/app/Controllers/SalesManagerDashboardController.php(25): view('salesmanager/da...', Array)
#9 /home/kottakotabusines/public_html/system/CodeIgniter.php(825): App\Controllers\SalesManagerDashboardController->index()
#10 /home/kottakotabusines/public_html/system/CodeIgniter.php(412): CodeIgniter\CodeIgniter->runController(Object(App\Controllers\SalesManagerDashboardController))
#11 /home/kottakotabusines/public_html/system/CodeIgniter.php(320): CodeIgniter\CodeIgniter->handleRequest(NULL, Object(Config\Cache), false)
#12 /home/kottakotabusines/public_html/index.php(41): CodeIgniter\CodeIgniter->run()
#13 {main}
CRITICAL - 2022-09-06 16:44:34 --> Undefined array key 0
#0 /home/kottakotabusines/public_html/app/Controllers/SalesAgentWalletController.php(75): CodeIgniter\Debug\Exceptions->errorHandler(2, 'Undefined array...', '/home/kottakota...', 75)
#1 /home/kottakotabusines/public_html/system/CodeIgniter.php(825): App\Controllers\SalesAgentWalletController->paymentnotation()
#2 /home/kottakotabusines/public_html/system/CodeIgniter.php(412): CodeIgniter\CodeIgniter->runController(Object(App\Controllers\SalesAgentWalletController))
#3 /home/kottakotabusines/public_html/system/CodeIgniter.php(320): CodeIgniter\CodeIgniter->handleRequest(NULL, Object(Config\Cache), false)
#4 /home/kottakotabusines/public_html/index.php(41): CodeIgniter\CodeIgniter->run()
#5 {main}
CRITICAL - 2022-09-06 16:52:49 --> unlink(/home/kottakotabusines/public_html/writable/debugbar/debugbar_1662463181.json): No such file or directory
#0 [internal function]: CodeIgniter\Debug\Exceptions->errorHandler(2, 'unlink(/home/ko...', '/home/kottakota...', 74)
#1 /home/kottakotabusines/public_html/system/Debug/Toolbar/Collectors/History.php(74): unlink('/home/kottakota...')
#2 /home/kottakotabusines/public_html/system/Debug/Toolbar.php(487): CodeIgniter\Debug\Toolbar\Collectors\History->setFiles(1662463367, 20)
#3 /home/kottakotabusines/public_html/system/Debug/Toolbar.php(464): CodeIgniter\Debug\Toolbar->format(Array, 'html')
#4 /home/kottakotabusines/public_html/app/Config/Events.php(48): CodeIgniter\Debug\Toolbar->respond()
#5 /home/kottakotabusines/public_html/system/Events/Events.php(149): CodeIgniter\Events\Events::Config\{closure}()
#6 /home/kottakotabusines/public_html/system/CodeIgniter.php(302): CodeIgniter\Events\Events::trigger('pre_system')
#7 /home/kottakotabusines/public_html/index.php(41): CodeIgniter\CodeIgniter->run()
#8 {main}
CRITICAL - 2022-09-06 16:58:43 --> Undefined array key 0
#0 /home/kottakotabusines/public_html/app/Controllers/SalesAgentWalletController.php(75): CodeIgniter\Debug\Exceptions->errorHandler(2, 'Undefined array...', '/home/kottakota...', 75)
#1 /home/kottakotabusines/public_html/system/CodeIgniter.php(825): App\Controllers\SalesAgentWalletController->paymentnotation()
#2 /home/kottakotabusines/public_html/system/CodeIgniter.php(412): CodeIgniter\CodeIgniter->runController(Object(App\Controllers\SalesAgentWalletController))
#3 /home/kottakotabusines/public_html/system/CodeIgniter.php(320): CodeIgniter\CodeIgniter->handleRequest(NULL, Object(Config\Cache), false)
#4 /home/kottakotabusines/public_html/index.php(41): CodeIgniter\CodeIgniter->run()
#5 {main}
CRITICAL - 2022-09-06 17:00:34 --> Undefined array key 0
#0 /home/kottakotabusines/public_html/app/Controllers/SalesAgentWalletController.php(75): CodeIgniter\Debug\Exceptions->errorHandler(2, 'Undefined array...', '/home/kottakota...', 75)
#1 /home/kottakotabusines/public_html/system/CodeIgniter.php(825): App\Controllers\SalesAgentWalletController->paymentnotation()
#2 /home/kottakotabusines/public_html/system/CodeIgniter.php(412): CodeIgniter\CodeIgniter->runController(Object(App\Controllers\SalesAgentWalletController))
#3 /home/kottakotabusines/public_html/system/CodeIgniter.php(320): CodeIgniter\CodeIgniter->handleRequest(NULL, Object(Config\Cache), false)
#4 /home/kottakotabusines/public_html/index.php(41): CodeIgniter\CodeIgniter->run()
#5 {main}
CRITICAL - 2022-09-06 17:03:25 --> Undefined array key 0
#0 /home/kottakotabusines/public_html/app/Controllers/SalesAgentWalletController.php(75): CodeIgniter\Debug\Exceptions->errorHandler(2, 'Undefined array...', '/home/kottakota...', 75)
#1 /home/kottakotabusines/public_html/system/CodeIgniter.php(825): App\Controllers\SalesAgentWalletController->paymentnotation()
#2 /home/kottakotabusines/public_html/system/CodeIgniter.php(412): CodeIgniter\CodeIgniter->runController(Object(App\Controllers\SalesAgentWalletController))
#3 /home/kottakotabusines/public_html/system/CodeIgniter.php(320): CodeIgniter\CodeIgniter->handleRequest(NULL, Object(Config\Cache), false)
#4 /home/kottakotabusines/public_html/index.php(41): CodeIgniter\CodeIgniter->run()
#5 {main}
CRITICAL - 2022-09-06 17:19:32 --> unlink(/home/kottakotabusines/public_html/writable/debugbar/debugbar_1662464908.json): No such file or directory
#0 [internal function]: CodeIgniter\Debug\Exceptions->errorHandler(2, 'unlink(/home/ko...', '/home/kottakota...', 74)
#1 /home/kottakotabusines/public_html/system/Debug/Toolbar/Collectors/History.php(74): unlink('/home/kottakota...')
#2 /home/kottakotabusines/public_html/system/Debug/Toolbar.php(487): CodeIgniter\Debug\Toolbar\Collectors\History->setFiles(1662464963, 20)
#3 /home/kottakotabusines/public_html/system/Debug/Toolbar.php(464): CodeIgniter\Debug\Toolbar->format(Array, 'html')
#4 /home/kottakotabusines/public_html/app/Config/Events.php(48): CodeIgniter\Debug\Toolbar->respond()
#5 /home/kottakotabusines/public_html/system/Events/Events.php(149): CodeIgniter\Events\Events::Config\{closure}()
#6 /home/kottakotabusines/public_html/system/CodeIgniter.php(302): CodeIgniter\Events\Events::trigger('pre_system')
#7 /home/kottakotabusines/public_html/index.php(41): CodeIgniter\CodeIgniter->run()
#8 {main}
CRITICAL - 2022-09-06 17:26:12 --> Undefined array key 0
#0 /home/kottakotabusines/public_html/app/Controllers/FastTagController.php(460): CodeIgniter\Debug\Exceptions->errorHandler(2, 'Undefined array...', '/home/kottakota...', 460)
#1 /home/kottakotabusines/public_html/system/CodeIgniter.php(825): App\Controllers\FastTagController->managefasttag()
#2 /home/kottakotabusines/public_html/system/CodeIgniter.php(412): CodeIgniter\CodeIgniter->runController(Object(App\Controllers\FastTagController))
#3 /home/kottakotabusines/public_html/system/CodeIgniter.php(320): CodeIgniter\CodeIgniter->handleRequest(NULL, Object(Config\Cache), false)
#4 /home/kottakotabusines/public_html/index.php(41): CodeIgniter\CodeIgniter->run()
#5 {main}
CRITICAL - 2022-09-06 17:27:05 --> Undefined array key 0
#0 /home/kottakotabusines/public_html/app/Controllers/SalesAgentWalletController.php(75): CodeIgniter\Debug\Exceptions->errorHandler(2, 'Undefined array...', '/home/kottakota...', 75)
#1 /home/kottakotabusines/public_html/system/CodeIgniter.php(825): App\Controllers\SalesAgentWalletController->paymentnotation()
#2 /home/kottakotabusines/public_html/system/CodeIgniter.php(412): CodeIgniter\CodeIgniter->runController(Object(App\Controllers\SalesAgentWalletController))
#3 /home/kottakotabusines/public_html/system/CodeIgniter.php(320): CodeIgniter\CodeIgniter->handleRequest(NULL, Object(Config\Cache), false)
#4 /home/kottakotabusines/public_html/index.php(41): CodeIgniter\CodeIgniter->run()
#5 {main}
CRITICAL - 2022-09-06 17:39:46 --> Undefined array key 0
#0 /home/kottakotabusines/public_html/app/Controllers/SalesAgentWalletController.php(75): CodeIgniter\Debug\Exceptions->errorHandler(2, 'Undefined array...', '/home/kottakota...', 75)
#1 /home/kottakotabusines/public_html/system/CodeIgniter.php(825): App\Controllers\SalesAgentWalletController->paymentnotation()
#2 /home/kottakotabusines/public_html/system/CodeIgniter.php(412): CodeIgniter\CodeIgniter->runController(Object(App\Controllers\SalesAgentWalletController))
#3 /home/kottakotabusines/public_html/system/CodeIgniter.php(320): CodeIgniter\CodeIgniter->handleRequest(NULL, Object(Config\Cache), false)
#4 /home/kottakotabusines/public_html/index.php(41): CodeIgniter\CodeIgniter->run()
#5 {main}
CRITICAL - 2022-09-06 17:59:07 --> Undefined array key 0
#0 /home/kottakotabusines/public_html/app/Controllers/SalesAgentWalletController.php(75): CodeIgniter\Debug\Exceptions->errorHandler(2, 'Undefined array...', '/home/kottakota...', 75)
#1 /home/kottakotabusines/public_html/system/CodeIgniter.php(825): App\Controllers\SalesAgentWalletController->paymentnotation()
#2 /home/kottakotabusines/public_html/system/CodeIgniter.php(412): CodeIgniter\CodeIgniter->runController(Object(App\Controllers\SalesAgentWalletController))
#3 /home/kottakotabusines/public_html/system/CodeIgniter.php(320): CodeIgniter\CodeIgniter->handleRequest(NULL, Object(Config\Cache), false)
#4 /home/kottakotabusines/public_html/index.php(41): CodeIgniter\CodeIgniter->run()
#5 {main}
CRITICAL - 2022-09-06 18:02:20 --> Undefined array key 0
#0 /home/kottakotabusines/public_html/app/Controllers/SalesAgentWalletController.php(75): CodeIgniter\Debug\Exceptions->errorHandler(2, 'Undefined array...', '/home/kottakota...', 75)
#1 /home/kottakotabusines/public_html/system/CodeIgniter.php(825): App\Controllers\SalesAgentWalletController->paymentnotation()
#2 /home/kottakotabusines/public_html/system/CodeIgniter.php(412): CodeIgniter\CodeIgniter->runController(Object(App\Controllers\SalesAgentWalletController))
#3 /home/kottakotabusines/public_html/system/CodeIgniter.php(320): CodeIgniter\CodeIgniter->handleRequest(NULL, Object(Config\Cache), false)
#4 /home/kottakotabusines/public_html/index.php(41): CodeIgniter\CodeIgniter->run()
#5 {main}
CRITICAL - 2022-09-06 18:03:37 --> Undefined array key 0
#0 /home/kottakotabusines/public_html/app/Controllers/SalesAgentWalletController.php(75): CodeIgniter\Debug\Exceptions->errorHandler(2, 'Undefined array...', '/home/kottakota...', 75)
#1 /home/kottakotabusines/public_html/system/CodeIgniter.php(825): App\Controllers\SalesAgentWalletController->paymentnotation()
#2 /home/kottakotabusines/public_html/system/CodeIgniter.php(412): CodeIgniter\CodeIgniter->runController(Object(App\Controllers\SalesAgentWalletController))
#3 /home/kottakotabusines/public_html/system/CodeIgniter.php(320): CodeIgniter\CodeIgniter->handleRequest(NULL, Object(Config\Cache), false)
#4 /home/kottakotabusines/public_html/index.php(41): CodeIgniter\CodeIgniter->run()
#5 {main}
CRITICAL - 2022-09-06 18:16:09 --> Undefined variable $a
#0 /home/kottakotabusines/public_html/app/Controllers/AdminLoginController.php(354): CodeIgniter\Debug\Exceptions->errorHandler(2, 'Undefined varia...', '/home/kottakota...', 354)
#1 /home/kottakotabusines/public_html/system/CodeIgniter.php(825): App\Controllers\AdminLoginController->logout()
#2 /home/kottakotabusines/public_html/system/CodeIgniter.php(412): CodeIgniter\CodeIgniter->runController(Object(App\Controllers\AdminLoginController))
#3 /home/kottakotabusines/public_html/system/CodeIgniter.php(320): CodeIgniter\CodeIgniter->handleRequest(NULL, Object(Config\Cache), false)
#4 /home/kottakotabusines/public_html/index.php(41): CodeIgniter\CodeIgniter->run()
#5 {main}
CRITICAL - 2022-09-06 18:18:47 --> Undefined variable $a
#0 /home/kottakotabusines/public_html/app/Controllers/AdminLoginController.php(354): CodeIgniter\Debug\Exceptions->errorHandler(2, 'Undefined varia...', '/home/kottakota...', 354)
#1 /home/kottakotabusines/public_html/system/CodeIgniter.php(825): App\Controllers\AdminLoginController->logout()
#2 /home/kottakotabusines/public_html/system/CodeIgniter.php(412): CodeIgniter\CodeIgniter->runController(Object(App\Controllers\AdminLoginController))
#3 /home/kottakotabusines/public_html/system/CodeIgniter.php(320): CodeIgniter\CodeIgniter->handleRequest(NULL, Object(Config\Cache), false)
#4 /home/kottakotabusines/public_html/index.php(41): CodeIgniter\CodeIgniter->run()
#5 {main}
CRITICAL - 2022-09-06 18:18:47 --> Undefined variable $a
#0 /home/kottakotabusines/public_html/app/Controllers/AdminLoginController.php(354): CodeIgniter\Debug\Exceptions->errorHandler(2, 'Undefined varia...', '/home/kottakota...', 354)
#1 /home/kottakotabusines/public_html/system/CodeIgniter.php(825): App\Controllers\AdminLoginController->logout()
#2 /home/kottakotabusines/public_html/system/CodeIgniter.php(412): CodeIgniter\CodeIgniter->runController(Object(App\Controllers\AdminLoginController))
#3 /home/kottakotabusines/public_html/system/CodeIgniter.php(320): CodeIgniter\CodeIgniter->handleRequest(NULL, Object(Config\Cache), false)
#4 /home/kottakotabusines/public_html/index.php(41): CodeIgniter\CodeIgniter->run()
#5 {main}
CRITICAL - 2022-09-06 18:18:48 --> Undefined variable $a
#0 /home/kottakotabusines/public_html/app/Controllers/AdminLoginController.php(354): CodeIgniter\Debug\Exceptions->errorHandler(2, 'Undefined varia...', '/home/kottakota...', 354)
#1 /home/kottakotabusines/public_html/system/CodeIgniter.php(825): App\Controllers\AdminLoginController->logout()
#2 /home/kottakotabusines/public_html/system/CodeIgniter.php(412): CodeIgniter\CodeIgniter->runController(Object(App\Controllers\AdminLoginController))
#3 /home/kottakotabusines/public_html/system/CodeIgniter.php(320): CodeIgniter\CodeIgniter->handleRequest(NULL, Object(Config\Cache), false)
#4 /home/kottakotabusines/public_html/index.php(41): CodeIgniter\CodeIgniter->run()
#5 {main}
CRITICAL - 2022-09-06 18:18:48 --> Undefined variable $drivinglicencedat
#0 /home/kottakotabusines/public_html/app/Controllers/SalesAgentController.php(1997): CodeIgniter\Debug\Exceptions->errorHandler(2, 'Undefined varia...', '/home/kottakota...', 1997)
#1 /home/kottakotabusines/public_html/system/CodeIgniter.php(825): App\Controllers\SalesAgentController->activateexistingUsers()
#2 /home/kottakotabusines/public_html/system/CodeIgniter.php(412): CodeIgniter\CodeIgniter->runController(Object(App\Controllers\SalesAgentController))
#3 /home/kottakotabusines/public_html/system/CodeIgniter.php(320): CodeIgniter\CodeIgniter->handleRequest(NULL, Object(Config\Cache), false)
#4 /home/kottakotabusines/public_html/index.php(41): CodeIgniter\CodeIgniter->run()
#5 {main}
CRITICAL - 2022-09-06 18:58:12 --> Undefined array key 0
#0 /home/kottakotabusines/public_html/app/Controllers/SalesAgentWalletController.php(75): CodeIgniter\Debug\Exceptions->errorHandler(2, 'Undefined array...', '/home/kottakota...', 75)
#1 /home/kottakotabusines/public_html/system/CodeIgniter.php(825): App\Controllers\SalesAgentWalletController->paymentnotation()
#2 /home/kottakotabusines/public_html/system/CodeIgniter.php(412): CodeIgniter\CodeIgniter->runController(Object(App\Controllers\SalesAgentWalletController))
#3 /home/kottakotabusines/public_html/system/CodeIgniter.php(320): CodeIgniter\CodeIgniter->handleRequest(NULL, Object(Config\Cache), false)
#4 /home/kottakotabusines/public_html/index.php(41): CodeIgniter\CodeIgniter->run()
#5 {main}
CRITICAL - 2022-09-06 19:00:40 --> Undefined array key 0
#0 /home/kottakotabusines/public_html/app/Controllers/SalesAgentWalletController.php(75): CodeIgniter\Debug\Exceptions->errorHandler(2, 'Undefined array...', '/home/kottakota...', 75)
#1 /home/kottakotabusines/public_html/system/CodeIgniter.php(825): App\Controllers\SalesAgentWalletController->paymentnotation()
#2 /home/kottakotabusines/public_html/system/CodeIgniter.php(412): CodeIgniter\CodeIgniter->runController(Object(App\Controllers\SalesAgentWalletController))
#3 /home/kottakotabusines/public_html/system/CodeIgniter.php(320): CodeIgniter\CodeIgniter->handleRequest(NULL, Object(Config\Cache), false)
#4 /home/kottakotabusines/public_html/index.php(41): CodeIgniter\CodeIgniter->run()
#5 {main}
CRITICAL - 2022-09-06 19:02:40 --> Undefined array key 0
#0 /home/kottakotabusines/public_html/app/Controllers/SalesAgentWalletController.php(75): CodeIgniter\Debug\Exceptions->errorHandler(2, 'Undefined array...', '/home/kottakota...', 75)
#1 /home/kottakotabusines/public_html/system/CodeIgniter.php(825): App\Controllers\SalesAgentWalletController->paymentnotation()
#2 /home/kottakotabusines/public_html/system/CodeIgniter.php(412): CodeIgniter\CodeIgniter->runController(Object(App\Controllers\SalesAgentWalletController))
#3 /home/kottakotabusines/public_html/system/CodeIgniter.php(320): CodeIgniter\CodeIgniter->handleRequest(NULL, Object(Config\Cache), false)
#4 /home/kottakotabusines/public_html/index.php(41): CodeIgniter\CodeIgniter->run()
#5 {main}
CRITICAL - 2022-09-06 19:17:10 --> Undefined array key 0
#0 /home/kottakotabusines/public_html/app/Controllers/SalesAgentWalletController.php(75): CodeIgniter\Debug\Exceptions->errorHandler(2, 'Undefined array...', '/home/kottakota...', 75)
#1 /home/kottakotabusines/public_html/system/CodeIgniter.php(825): App\Controllers\SalesAgentWalletController->paymentnotation()
#2 /home/kottakotabusines/public_html/system/CodeIgniter.php(412): CodeIgniter\CodeIgniter->runController(Object(App\Controllers\SalesAgentWalletController))
#3 /home/kottakotabusines/public_html/system/CodeIgniter.php(320): CodeIgniter\CodeIgniter->handleRequest(NULL, Object(Config\Cache), false)
#4 /home/kottakotabusines/public_html/index.php(41): CodeIgniter\CodeIgniter->run()
#5 {main}
CRITICAL - 2022-09-06 19:59:12 --> Undefined array key 0
#0 /home/kottakotabusines/public_html/app/Controllers/SalesAgentWalletController.php(75): CodeIgniter\Debug\Exceptions->errorHandler(2, 'Undefined array...', '/home/kottakota...', 75)
#1 /home/kottakotabusines/public_html/system/CodeIgniter.php(825): App\Controllers\SalesAgentWalletController->paymentnotation()
#2 /home/kottakotabusines/public_html/system/CodeIgniter.php(412): CodeIgniter\CodeIgniter->runController(Object(App\Controllers\SalesAgentWalletController))
#3 /home/kottakotabusines/public_html/system/CodeIgniter.php(320): CodeIgniter\CodeIgniter->handleRequest(NULL, Object(Config\Cache), false)
#4 /home/kottakotabusines/public_html/index.php(41): CodeIgniter\CodeIgniter->run()
#5 {main}
CRITICAL - 2022-09-06 20:03:43 --> Undefined array key 0
#0 /home/kottakotabusines/public_html/app/Controllers/SalesAgentWalletController.php(75): CodeIgniter\Debug\Exceptions->errorHandler(2, 'Undefined array...', '/home/kottakota...', 75)
#1 /home/kottakotabusines/public_html/system/CodeIgniter.php(825): App\Controllers\SalesAgentWalletController->paymentnotation()
#2 /home/kottakotabusines/public_html/system/CodeIgniter.php(412): CodeIgniter\CodeIgniter->runController(Object(App\Controllers\SalesAgentWalletController))
#3 /home/kottakotabusines/public_html/system/CodeIgniter.php(320): CodeIgniter\CodeIgniter->handleRequest(NULL, Object(Config\Cache), false)
#4 /home/kottakotabusines/public_html/index.php(41): CodeIgniter\CodeIgniter->run()
#5 {main}
CRITICAL - 2022-09-06 21:02:45 --> Undefined array key 0
#0 /home/kottakotabusines/public_html/app/Controllers/SalesAgentWalletController.php(75): CodeIgniter\Debug\Exceptions->errorHandler(2, 'Undefined array...', '/home/kottakota...', 75)
#1 /home/kottakotabusines/public_html/system/CodeIgniter.php(825): App\Controllers\SalesAgentWalletController->paymentnotation()
#2 /home/kottakotabusines/public_html/system/CodeIgniter.php(412): CodeIgniter\CodeIgniter->runController(Object(App\Controllers\SalesAgentWalletController))
#3 /home/kottakotabusines/public_html/system/CodeIgniter.php(320): CodeIgniter\CodeIgniter->handleRequest(NULL, Object(Config\Cache), false)
#4 /home/kottakotabusines/public_html/index.php(41): CodeIgniter\CodeIgniter->run()
#5 {main}
CRITICAL - 2022-09-06 21:17:00 --> Undefined array key 2
#0 /home/kottakotabusines/public_html/app/Views/admin/editsalesmanager.php(142): CodeIgniter\Debug\Exceptions->errorHandler(2, 'Undefined array...', '/home/kottakota...', 142)
#1 /home/kottakotabusines/public_html/system/View/View.php(210): include('/home/kottakota...')
#2 /home/kottakotabusines/public_html/system/View/View.php(213): CodeIgniter\View\View->CodeIgniter\View\{closure}()
#3 /home/kottakotabusines/public_html/system/Common.php(1089): CodeIgniter\View\View->render('admin/editsales...', Array, true)
#4 /home/kottakotabusines/public_html/app/Controllers/SalesManagerController.php(863): view('admin/editsales...', Array)
#5 /home/kottakotabusines/public_html/system/CodeIgniter.php(825): App\Controllers\SalesManagerController->editProfileAdmin('1')
#6 /home/kottakotabusines/public_html/system/CodeIgniter.php(412): CodeIgniter\CodeIgniter->runController(Object(App\Controllers\SalesManagerController))
#7 /home/kottakotabusines/public_html/system/CodeIgniter.php(320): CodeIgniter\CodeIgniter->handleRequest(NULL, Object(Config\Cache), false)
#8 /home/kottakotabusines/public_html/index.php(41): CodeIgniter\CodeIgniter->run()
#9 {main}
CRITICAL - 2022-09-06 21:39:55 --> Undefined variable $salessize
#0 /home/kottakotabusines/public_html/app/Controllers/SalesManagerReportController.php(82): CodeIgniter\Debug\Exceptions->errorHandler(2, 'Undefined varia...', '/home/kottakota...', 82)
#1 /home/kottakotabusines/public_html/system/CodeIgniter.php(825): App\Controllers\SalesManagerReportController->newcustomertl('84')
#2 /home/kottakotabusines/public_html/system/CodeIgniter.php(412): CodeIgniter\CodeIgniter->runController(Object(App\Controllers\SalesManagerReportController))
#3 /home/kottakotabusines/public_html/system/CodeIgniter.php(320): CodeIgniter\CodeIgniter->handleRequest(NULL, Object(Config\Cache), false)
#4 /home/kottakotabusines/public_html/index.php(41): CodeIgniter\CodeIgniter->run()
#5 {main}
CRITICAL - 2022-09-06 21:56:14 --> Undefined array key 0
#0 /home/kottakotabusines/public_html/app/Controllers/SalesAgentWalletController.php(75): CodeIgniter\Debug\Exceptions->errorHandler(2, 'Undefined array...', '/home/kottakota...', 75)
#1 /home/kottakotabusines/public_html/system/CodeIgniter.php(825): App\Controllers\SalesAgentWalletController->paymentnotation()
#2 /home/kottakotabusines/public_html/system/CodeIgniter.php(412): CodeIgniter\CodeIgniter->runController(Object(App\Controllers\SalesAgentWalletController))
#3 /home/kottakotabusines/public_html/system/CodeIgniter.php(320): CodeIgniter\CodeIgniter->handleRequest(NULL, Object(Config\Cache), false)
#4 /home/kottakotabusines/public_html/index.php(41): CodeIgniter\CodeIgniter->run()
#5 {main}
CRITICAL - 2022-09-06 21:56:56 --> Undefined array key 0
#0 /home/kottakotabusines/public_html/app/Controllers/SalesAgentWalletController.php(75): CodeIgniter\Debug\Exceptions->errorHandler(2, 'Undefined array...', '/home/kottakota...', 75)
#1 /home/kottakotabusines/public_html/system/CodeIgniter.php(825): App\Controllers\SalesAgentWalletController->paymentnotation()
#2 /home/kottakotabusines/public_html/system/CodeIgniter.php(412): CodeIgniter\CodeIgniter->runController(Object(App\Controllers\SalesAgentWalletController))
#3 /home/kottakotabusines/public_html/system/CodeIgniter.php(320): CodeIgniter\CodeIgniter->handleRequest(NULL, Object(Config\Cache), false)
#4 /home/kottakotabusines/public_html/index.php(41): CodeIgniter\CodeIgniter->run()
#5 {main}
CRITICAL - 2022-09-06 22:56:19 --> Undefined array key 0
#0 /home/kottakotabusines/public_html/app/Controllers/SalesAgentWalletController.php(75): CodeIgniter\Debug\Exceptions->errorHandler(2, 'Undefined array...', '/home/kottakota...', 75)
#1 /home/kottakotabusines/public_html/system/CodeIgniter.php(825): App\Controllers\SalesAgentWalletController->paymentnotation()
#2 /home/kottakotabusines/public_html/system/CodeIgniter.php(412): CodeIgniter\CodeIgniter->runController(Object(App\Controllers\SalesAgentWalletController))
#3 /home/kottakotabusines/public_html/system/CodeIgniter.php(320): CodeIgniter\CodeIgniter->handleRequest(NULL, Object(Config\Cache), false)
#4 /home/kottakotabusines/public_html/index.php(41): CodeIgniter\CodeIgniter->run()
#5 {main}
CRITICAL - 2022-09-06 23:00:49 --> Undefined array key 0
#0 /home/kottakotabusines/public_html/app/Controllers/SalesAgentWalletController.php(75): CodeIgniter\Debug\Exceptions->errorHandler(2, 'Undefined array...', '/home/kottakota...', 75)
#1 /home/kottakotabusines/public_html/system/CodeIgniter.php(825): App\Controllers\SalesAgentWalletController->paymentnotation()
#2 /home/kottakotabusines/public_html/system/CodeIgniter.php(412): CodeIgniter\CodeIgniter->runController(Object(App\Controllers\SalesAgentWalletController))
#3 /home/kottakotabusines/public_html/system/CodeIgniter.php(320): CodeIgniter\CodeIgniter->handleRequest(NULL, Object(Config\Cache), false)
#4 /home/kottakotabusines/public_html/index.php(41): CodeIgniter\CodeIgniter->run()
#5 {main}
CRITICAL - 2022-09-06 23:57:58 --> Undefined array key 0
#0 /home/kottakotabusines/public_html/app/Controllers/SalesAgentWalletController.php(75): CodeIgniter\Debug\Exceptions->errorHandler(2, 'Undefined array...', '/home/kottakota...', 75)
#1 /home/kottakotabusines/public_html/system/CodeIgniter.php(825): App\Controllers\SalesAgentWalletController->paymentnotation()
#2 /home/kottakotabusines/public_html/system/CodeIgniter.php(412): CodeIgniter\CodeIgniter->runController(Object(App\Controllers\SalesAgentWalletController))
#3 /home/kottakotabusines/public_html/system/CodeIgniter.php(320): CodeIgniter\CodeIgniter->handleRequest(NULL, Object(Config\Cache), false)
#4 /home/kottakotabusines/public_html/index.php(41): CodeIgniter\CodeIgniter->run()
#5 {main}
CRITICAL - 2022-09-06 23:59:32 --> Undefined array key 0
#0 /home/kottakotabusines/public_html/app/Controllers/SalesAgentWalletController.php(75): CodeIgniter\Debug\Exceptions->errorHandler(2, 'Undefined array...', '/home/kottakota...', 75)
#1 /home/kottakotabusines/public_html/system/CodeIgniter.php(825): App\Controllers\SalesAgentWalletController->paymentnotation()
#2 /home/kottakotabusines/public_html/system/CodeIgniter.php(412): CodeIgniter\CodeIgniter->runController(Object(App\Controllers\SalesAgentWalletController))
#3 /home/kottakotabusines/public_html/system/CodeIgniter.php(320): CodeIgniter\CodeIgniter->handleRequest(NULL, Object(Config\Cache), false)
#4 /home/kottakotabusines/public_html/index.php(41): CodeIgniter\CodeIgniter->run()
#5 {main}
