CRITICAL - 2022-04-16 00:07:45 --> Undefined array key "TleadRegdNum"
#0 /home/kottako/public_html/app/Views/salesmanager/approvesalesagent.php(103): CodeIgniter\Debug\Exceptions->errorHandler(2, 'Undefined array...', '/home/kottako/p...', 103)
#1 /home/kottako/public_html/system/View/View.php(210): include('/home/kottako/p...')
#2 /home/kottako/public_html/system/View/View.php(213): CodeIgniter\View\View->CodeIgniter\View\{closure}()
#3 /home/kottako/public_html/system/Common.php(1089): CodeIgniter\View\View->render('salesmanager/ap...', Array, true)
#4 /home/kottako/public_html/app/Controllers/SalesAgentController.php(588): view('salesmanager/ap...', Array)
#5 /home/kottako/public_html/system/CodeIgniter.php(825): App\Controllers\SalesAgentController->salesManagerAproval()
#6 /home/kottako/public_html/system/CodeIgniter.php(412): CodeIgniter\CodeIgniter->runController(Object(App\Controllers\SalesAgentController))
#7 /home/kottako/public_html/system/CodeIgniter.php(320): CodeIgniter\CodeIgniter->handleRequest(NULL, Object(Config\Cache), false)
#8 /home/kottako/public_html/index.php(41): CodeIgniter\CodeIgniter->run()
#9 {main}
CRITICAL - 2022-04-16 00:16:52 --> Undefined array key "datetime"
#0 /home/kottako/public_html/app/Views/salesmanager/approvesalesagent.php(123): CodeIgniter\Debug\Exceptions->errorHandler(2, 'Undefined array...', '/home/kottako/p...', 123)
#1 /home/kottako/public_html/system/View/View.php(210): include('/home/kottako/p...')
#2 /home/kottako/public_html/system/View/View.php(213): CodeIgniter\View\View->CodeIgniter\View\{closure}()
#3 /home/kottako/public_html/system/Common.php(1089): CodeIgniter\View\View->render('salesmanager/ap...', Array, true)
#4 /home/kottako/public_html/app/Controllers/SalesAgentController.php(589): view('salesmanager/ap...', Array)
#5 /home/kottako/public_html/system/CodeIgniter.php(825): App\Controllers\SalesAgentController->salesManagerAproval()
#6 /home/kottako/public_html/system/CodeIgniter.php(412): CodeIgniter\CodeIgniter->runController(Object(App\Controllers\SalesAgentController))
#7 /home/kottako/public_html/system/CodeIgniter.php(320): CodeIgniter\CodeIgniter->handleRequest(NULL, Object(Config\Cache), false)
#8 /home/kottako/public_html/index.php(41): CodeIgniter\CodeIgniter->run()
#9 {main}
CRITICAL - 2022-04-16 00:17:40 --> Undefined array key "datetime"
#0 /home/kottako/public_html/app/Views/salesmanager/approvesalesagent.php(123): CodeIgniter\Debug\Exceptions->errorHandler(2, 'Undefined array...', '/home/kottako/p...', 123)
#1 /home/kottako/public_html/system/View/View.php(210): include('/home/kottako/p...')
#2 /home/kottako/public_html/system/View/View.php(213): CodeIgniter\View\View->CodeIgniter\View\{closure}()
#3 /home/kottako/public_html/system/Common.php(1089): CodeIgniter\View\View->render('salesmanager/ap...', Array, true)
#4 /home/kottako/public_html/app/Controllers/SalesAgentController.php(589): view('salesmanager/ap...', Array)
#5 /home/kottako/public_html/system/CodeIgniter.php(825): App\Controllers\SalesAgentController->salesManagerAproval()
#6 /home/kottako/public_html/system/CodeIgniter.php(412): CodeIgniter\CodeIgniter->runController(Object(App\Controllers\SalesAgentController))
#7 /home/kottako/public_html/system/CodeIgniter.php(320): CodeIgniter\CodeIgniter->handleRequest(NULL, Object(Config\Cache), false)
#8 /home/kottako/public_html/index.php(41): CodeIgniter\CodeIgniter->run()
#9 {main}
ERROR - 2022-04-16 00:36:01 --> Email: sendWithSmtp throwed fsockopen(): SSL operation failed with code 1. OpenSSL Error messages:
error:14090086:SSL routines:ssl3_get_server_certificate:certificate verify failed
ERROR - 2022-04-16 05:51:04 --> Email: sendWithSmtp throwed fsockopen(): SSL operation failed with code 1. OpenSSL Error messages:
error:14090086:SSL routines:ssl3_get_server_certificate:certificate verify failed
CRITICAL - 2022-04-16 07:30:54 --> Invalid file: teamlead/Profile.php
#0 /home/kottako/public_html/system/View/View.php(198): CodeIgniter\Exceptions\FrameworkException::forInvalidFile('teamlead/Profil...')
#1 /home/kottako/public_html/system/Common.php(1089): CodeIgniter\View\View->render('teamlead/Profil...', Array, true)
#2 /home/kottako/public_html/app/Controllers/TeamLeadProfileController.php(262): view('teamlead/Profil...', Array)
#3 /home/kottako/public_html/system/CodeIgniter.php(825): App\Controllers\TeamLeadProfileController->viewProfile()
#4 /home/kottako/public_html/system/CodeIgniter.php(412): CodeIgniter\CodeIgniter->runController(Object(App\Controllers\TeamLeadProfileController))
#5 /home/kottako/public_html/system/CodeIgniter.php(320): CodeIgniter\CodeIgniter->handleRequest(NULL, Object(Config\Cache), false)
#6 /home/kottako/public_html/index.php(41): CodeIgniter\CodeIgniter->run()
#7 {main}
CRITICAL - 2022-04-16 10:05:16 --> ini_set(): Session ini settings cannot be changed after headers have already been sent
#0 [internal function]: CodeIgniter\Debug\Exceptions->errorHandler(2, 'ini_set(): Sess...', '/home/kottako/p...', 71)
#1 /home/kottako/public_html/system/Session/Handlers/FileHandler.php(71): ini_set('session.save_pa...', '/home/kottako/p...')
#2 /home/kottako/public_html/system/Config/Services.php(570): CodeIgniter\Session\Handlers\FileHandler->__construct(Object(Config\App), '42.111.144.102')
#3 /home/kottako/public_html/system/Config/BaseService.php(248): CodeIgniter\Config\Services::session(Object(Config\App), false)
#4 /home/kottako/public_html/system/Config/BaseService.php(189): CodeIgniter\Config\BaseService::__callStatic('session', Array)
#5 /home/kottako/public_html/system/Config/Services.php(563): CodeIgniter\Config\BaseService::getSharedInstance('session', NULL)
#6 /home/kottako/public_html/system/Config/BaseService.php(248): CodeIgniter\Config\Services::session()
#7 /home/kottako/public_html/system/Common.php(901): CodeIgniter\Config\BaseService::__callStatic('session', Array)
#8 /home/kottako/public_html/app/Controllers/TeamLeadController.php(18): session()
#9 /home/kottako/public_html/system/CodeIgniter.php(802): App\Controllers\TeamLeadController->__construct()
#10 /home/kottako/public_html/system/CodeIgniter.php(403): CodeIgniter\CodeIgniter->createController()
#11 /home/kottako/public_html/system/CodeIgniter.php(320): CodeIgniter\CodeIgniter->handleRequest(NULL, Object(Config\Cache), false)
#12 /home/kottako/public_html/index.php(41): CodeIgniter\CodeIgniter->run()
#13 {main}
CRITICAL - 2022-04-16 10:05:16 --> Uncaught ErrorException: Cannot modify header information - headers already sent in /home/kottako/public_html/system/Debug/Exceptions.php:112
Stack trace:
#0 [internal function]: CodeIgniter\Debug\Exceptions->errorHandler(2, 'Cannot modify h...', '/home/kottako/p...', 112)
#1 /home/kottako/public_html/system/Debug/Exceptions.php(112): header('HTTP/1.0 500 In...', true, 500)
#2 [internal function]: CodeIgniter\Debug\Exceptions->exceptionHandler(Object(ErrorException))
#3 {main}
  thrown
#0 [internal function]: CodeIgniter\Debug\Exceptions->shutdownHandler()
#1 {main}
CRITICAL - 2022-04-16 10:08:46 --> ini_set(): Session ini settings cannot be changed after headers have already been sent
#0 [internal function]: CodeIgniter\Debug\Exceptions->errorHandler(2, 'ini_set(): Sess...', '/home/kottako/p...', 71)
#1 /home/kottako/public_html/system/Session/Handlers/FileHandler.php(71): ini_set('session.save_pa...', '/home/kottako/p...')
#2 /home/kottako/public_html/system/Config/Services.php(570): CodeIgniter\Session\Handlers\FileHandler->__construct(Object(Config\App), '42.111.144.102')
#3 /home/kottako/public_html/system/Config/BaseService.php(248): CodeIgniter\Config\Services::session(Object(Config\App), false)
#4 /home/kottako/public_html/system/Config/BaseService.php(189): CodeIgniter\Config\BaseService::__callStatic('session', Array)
#5 /home/kottako/public_html/system/Config/Services.php(563): CodeIgniter\Config\BaseService::getSharedInstance('session', NULL)
#6 /home/kottako/public_html/system/Config/BaseService.php(248): CodeIgniter\Config\Services::session()
#7 /home/kottako/public_html/system/Common.php(901): CodeIgniter\Config\BaseService::__callStatic('session', Array)
#8 /home/kottako/public_html/app/Controllers/TeamLeadController.php(18): session()
#9 /home/kottako/public_html/system/CodeIgniter.php(802): App\Controllers\TeamLeadController->__construct()
#10 /home/kottako/public_html/system/CodeIgniter.php(403): CodeIgniter\CodeIgniter->createController()
#11 /home/kottako/public_html/system/CodeIgniter.php(320): CodeIgniter\CodeIgniter->handleRequest(NULL, Object(Config\Cache), false)
#12 /home/kottako/public_html/index.php(41): CodeIgniter\CodeIgniter->run()
#13 {main}
CRITICAL - 2022-04-16 10:08:46 --> Uncaught ErrorException: Cannot modify header information - headers already sent in /home/kottako/public_html/system/Debug/Exceptions.php:112
Stack trace:
#0 [internal function]: CodeIgniter\Debug\Exceptions->errorHandler(2, 'Cannot modify h...', '/home/kottako/p...', 112)
#1 /home/kottako/public_html/system/Debug/Exceptions.php(112): header('HTTP/1.0 500 In...', true, 500)
#2 [internal function]: CodeIgniter\Debug\Exceptions->exceptionHandler(Object(ErrorException))
#3 {main}
  thrown
#0 [internal function]: CodeIgniter\Debug\Exceptions->shutdownHandler()
#1 {main}
ERROR - 2022-04-16 10:09:32 --> Email: sendWithSmtp throwed fsockopen(): SSL operation failed with code 1. OpenSSL Error messages:
error:14090086:SSL routines:ssl3_get_server_certificate:certificate verify failed
ERROR - 2022-04-16 10:13:24 --> Email: sendWithSmtp throwed fsockopen(): SSL operation failed with code 1. OpenSSL Error messages:
error:14090086:SSL routines:ssl3_get_server_certificate:certificate verify failed
ERROR - 2022-04-16 10:14:09 --> Email: sendWithSmtp throwed fsockopen(): SSL operation failed with code 1. OpenSSL Error messages:
error:14090086:SSL routines:ssl3_get_server_certificate:certificate verify failed
CRITICAL - 2022-04-16 10:14:48 --> unlink(/home/kottako/public_html/writable/debugbar/debugbar_1650084141.json): No such file or directory
#0 [internal function]: CodeIgniter\Debug\Exceptions->errorHandler(2, 'unlink(/home/ko...', '/home/kottako/p...', 74)
#1 /home/kottako/public_html/system/Debug/Toolbar/Collectors/History.php(74): unlink('/home/kottako/p...')
#2 /home/kottako/public_html/system/Debug/Toolbar.php(487): CodeIgniter\Debug\Toolbar\Collectors\History->setFiles(1650084287, 20)
#3 /home/kottako/public_html/system/Debug/Toolbar.php(464): CodeIgniter\Debug\Toolbar->format(Array, 'html')
#4 /home/kottako/public_html/app/Config/Events.php(48): CodeIgniter\Debug\Toolbar->respond()
#5 /home/kottako/public_html/system/Events/Events.php(149): CodeIgniter\Events\Events::Config\{closure}()
#6 /home/kottako/public_html/system/CodeIgniter.php(302): CodeIgniter\Events\Events::trigger('pre_system')
#7 /home/kottako/public_html/index.php(41): CodeIgniter\CodeIgniter->run()
#8 {main}
ERROR - 2022-04-16 10:15:13 --> Email: sendWithSmtp throwed fsockopen(): SSL operation failed with code 1. OpenSSL Error messages:
error:14090086:SSL routines:ssl3_get_server_certificate:certificate verify failed
ERROR - 2022-04-16 10:17:31 --> Email: sendWithSmtp throwed fsockopen(): SSL operation failed with code 1. OpenSSL Error messages:
error:14090086:SSL routines:ssl3_get_server_certificate:certificate verify failed
CRITICAL - 2022-04-16 10:24:34 --> ini_set(): Session ini settings cannot be changed after headers have already been sent
#0 [internal function]: CodeIgniter\Debug\Exceptions->errorHandler(2, 'ini_set(): Sess...', '/home/kottako/p...', 71)
#1 /home/kottako/public_html/system/Session/Handlers/FileHandler.php(71): ini_set('session.save_pa...', '/home/kottako/p...')
#2 /home/kottako/public_html/system/Config/Services.php(570): CodeIgniter\Session\Handlers\FileHandler->__construct(Object(Config\App), '42.111.144.102')
#3 /home/kottako/public_html/system/Config/BaseService.php(248): CodeIgniter\Config\Services::session(Object(Config\App), false)
#4 /home/kottako/public_html/system/Config/BaseService.php(189): CodeIgniter\Config\BaseService::__callStatic('session', Array)
#5 /home/kottako/public_html/system/Config/Services.php(563): CodeIgniter\Config\BaseService::getSharedInstance('session', NULL)
#6 /home/kottako/public_html/system/Config/BaseService.php(248): CodeIgniter\Config\Services::session()
#7 /home/kottako/public_html/system/Common.php(901): CodeIgniter\Config\BaseService::__callStatic('session', Array)
#8 /home/kottako/public_html/app/Controllers/TeamLeadController.php(18): session()
#9 /home/kottako/public_html/system/CodeIgniter.php(802): App\Controllers\TeamLeadController->__construct()
#10 /home/kottako/public_html/system/CodeIgniter.php(403): CodeIgniter\CodeIgniter->createController()
#11 /home/kottako/public_html/system/CodeIgniter.php(320): CodeIgniter\CodeIgniter->handleRequest(NULL, Object(Config\Cache), false)
#12 /home/kottako/public_html/index.php(41): CodeIgniter\CodeIgniter->run()
#13 {main}
CRITICAL - 2022-04-16 10:24:34 --> Uncaught ErrorException: Cannot modify header information - headers already sent in /home/kottako/public_html/system/Debug/Exceptions.php:112
Stack trace:
#0 [internal function]: CodeIgniter\Debug\Exceptions->errorHandler(2, 'Cannot modify h...', '/home/kottako/p...', 112)
#1 /home/kottako/public_html/system/Debug/Exceptions.php(112): header('HTTP/1.0 500 In...', true, 500)
#2 [internal function]: CodeIgniter\Debug\Exceptions->exceptionHandler(Object(ErrorException))
#3 {main}
  thrown
#0 [internal function]: CodeIgniter\Debug\Exceptions->shutdownHandler()
#1 {main}
ERROR - 2022-04-16 10:28:39 --> Email: sendWithSmtp throwed fsockopen(): SSL operation failed with code 1. OpenSSL Error messages:
error:14090086:SSL routines:ssl3_get_server_certificate:certificate verify failed
ERROR - 2022-04-16 11:01:13 --> Email: sendWithSmtp throwed fsockopen(): SSL operation failed with code 1. OpenSSL Error messages:
error:14090086:SSL routines:ssl3_get_server_certificate:certificate verify failed
ERROR - 2022-04-16 11:34:29 --> Email: sendWithSmtp throwed fsockopen(): SSL operation failed with code 1. OpenSSL Error messages:
error:14090086:SSL routines:ssl3_get_server_certificate:certificate verify failed
ERROR - 2022-04-16 12:42:57 --> Email: sendWithSmtp throwed fsockopen(): SSL operation failed with code 1. OpenSSL Error messages:
error:14090086:SSL routines:ssl3_get_server_certificate:certificate verify failed
ERROR - 2022-04-16 12:52:54 --> Email: sendWithSmtp throwed fsockopen(): SSL operation failed with code 1. OpenSSL Error messages:
error:14090086:SSL routines:ssl3_get_server_certificate:certificate verify failed
ERROR - 2022-04-16 13:06:42 --> Email: sendWithSmtp throwed fsockopen(): SSL operation failed with code 1. OpenSSL Error messages:
error:14090086:SSL routines:ssl3_get_server_certificate:certificate verify failed
ERROR - 2022-04-16 13:12:50 --> Email: sendWithSmtp throwed fsockopen(): SSL operation failed with code 1. OpenSSL Error messages:
error:14090086:SSL routines:ssl3_get_server_certificate:certificate verify failed
ERROR - 2022-04-16 13:12:59 --> Email: sendWithSmtp throwed fsockopen(): SSL operation failed with code 1. OpenSSL Error messages:
error:14090086:SSL routines:ssl3_get_server_certificate:certificate verify failed
ERROR - 2022-04-16 13:37:41 --> Email: sendWithSmtp throwed fsockopen(): SSL operation failed with code 1. OpenSSL Error messages:
error:14090086:SSL routines:ssl3_get_server_certificate:certificate verify failed
ERROR - 2022-04-16 13:38:31 --> Email: sendWithSmtp throwed fsockopen(): SSL operation failed with code 1. OpenSSL Error messages:
error:14090086:SSL routines:ssl3_get_server_certificate:certificate verify failed
ERROR - 2022-04-16 13:51:29 --> Email: sendWithSmtp throwed fsockopen(): SSL operation failed with code 1. OpenSSL Error messages:
error:14090086:SSL routines:ssl3_get_server_certificate:certificate verify failed
CRITICAL - 2022-04-16 14:15:37 --> ini_set(): Session ini settings cannot be changed after headers have already been sent
#0 [internal function]: CodeIgniter\Debug\Exceptions->errorHandler(2, 'ini_set(): Sess...', '/home/kottako/p...', 71)
#1 /home/kottako/public_html/system/Session/Handlers/FileHandler.php(71): ini_set('session.save_pa...', '/home/kottako/p...')
#2 /home/kottako/public_html/system/Config/Services.php(570): CodeIgniter\Session\Handlers\FileHandler->__construct(Object(Config\App), '42.109.146.63')
#3 /home/kottako/public_html/system/Config/BaseService.php(248): CodeIgniter\Config\Services::session(Object(Config\App), false)
#4 /home/kottako/public_html/system/Config/BaseService.php(189): CodeIgniter\Config\BaseService::__callStatic('session', Array)
#5 /home/kottako/public_html/system/Config/Services.php(563): CodeIgniter\Config\BaseService::getSharedInstance('session', NULL)
#6 /home/kottako/public_html/system/Config/BaseService.php(248): CodeIgniter\Config\Services::session()
#7 /home/kottako/public_html/system/Common.php(901): CodeIgniter\Config\BaseService::__callStatic('session', Array)
#8 /home/kottako/public_html/app/Controllers/TeamLeadController.php(18): session()
#9 /home/kottako/public_html/system/CodeIgniter.php(802): App\Controllers\TeamLeadController->__construct()
#10 /home/kottako/public_html/system/CodeIgniter.php(403): CodeIgniter\CodeIgniter->createController()
#11 /home/kottako/public_html/system/CodeIgniter.php(320): CodeIgniter\CodeIgniter->handleRequest(NULL, Object(Config\Cache), false)
#12 /home/kottako/public_html/index.php(41): CodeIgniter\CodeIgniter->run()
#13 {main}
CRITICAL - 2022-04-16 14:15:37 --> Uncaught ErrorException: Cannot modify header information - headers already sent in /home/kottako/public_html/system/Debug/Exceptions.php:112
Stack trace:
#0 [internal function]: CodeIgniter\Debug\Exceptions->errorHandler(2, 'Cannot modify h...', '/home/kottako/p...', 112)
#1 /home/kottako/public_html/system/Debug/Exceptions.php(112): header('HTTP/1.0 500 In...', true, 500)
#2 [internal function]: CodeIgniter\Debug\Exceptions->exceptionHandler(Object(ErrorException))
#3 {main}
  thrown
#0 [internal function]: CodeIgniter\Debug\Exceptions->shutdownHandler()
#1 {main}
CRITICAL - 2022-04-16 14:16:10 --> ini_set(): Session ini settings cannot be changed after headers have already been sent
#0 [internal function]: CodeIgniter\Debug\Exceptions->errorHandler(2, 'ini_set(): Sess...', '/home/kottako/p...', 71)
#1 /home/kottako/public_html/system/Session/Handlers/FileHandler.php(71): ini_set('session.save_pa...', '/home/kottako/p...')
#2 /home/kottako/public_html/system/Config/Services.php(570): CodeIgniter\Session\Handlers\FileHandler->__construct(Object(Config\App), '42.109.146.63')
#3 /home/kottako/public_html/system/Config/BaseService.php(248): CodeIgniter\Config\Services::session(Object(Config\App), false)
#4 /home/kottako/public_html/system/Config/BaseService.php(189): CodeIgniter\Config\BaseService::__callStatic('session', Array)
#5 /home/kottako/public_html/system/Config/Services.php(563): CodeIgniter\Config\BaseService::getSharedInstance('session', NULL)
#6 /home/kottako/public_html/system/Config/BaseService.php(248): CodeIgniter\Config\Services::session()
#7 /home/kottako/public_html/system/Common.php(901): CodeIgniter\Config\BaseService::__callStatic('session', Array)
#8 /home/kottako/public_html/app/Controllers/TeamLeadController.php(18): session()
#9 /home/kottako/public_html/system/CodeIgniter.php(802): App\Controllers\TeamLeadController->__construct()
#10 /home/kottako/public_html/system/CodeIgniter.php(403): CodeIgniter\CodeIgniter->createController()
#11 /home/kottako/public_html/system/CodeIgniter.php(320): CodeIgniter\CodeIgniter->handleRequest(NULL, Object(Config\Cache), false)
#12 /home/kottako/public_html/index.php(41): CodeIgniter\CodeIgniter->run()
#13 {main}
CRITICAL - 2022-04-16 14:16:10 --> Uncaught ErrorException: Cannot modify header information - headers already sent in /home/kottako/public_html/system/Debug/Exceptions.php:112
Stack trace:
#0 [internal function]: CodeIgniter\Debug\Exceptions->errorHandler(2, 'Cannot modify h...', '/home/kottako/p...', 112)
#1 /home/kottako/public_html/system/Debug/Exceptions.php(112): header('HTTP/1.0 500 In...', true, 500)
#2 [internal function]: CodeIgniter\Debug\Exceptions->exceptionHandler(Object(ErrorException))
#3 {main}
  thrown
#0 [internal function]: CodeIgniter\Debug\Exceptions->shutdownHandler()
#1 {main}
CRITICAL - 2022-04-16 14:38:00 --> sizeof(): Argument #1 ($value) must be of type Countable|array, null given
#0 /home/kottako/public_html/app/Controllers/TeamLeadController.php(297): sizeof(NULL)
#1 /home/kottako/public_html/system/CodeIgniter.php(825): App\Controllers\TeamLeadController->addTeamLead()
#2 /home/kottako/public_html/system/CodeIgniter.php(412): CodeIgniter\CodeIgniter->runController(Object(App\Controllers\TeamLeadController))
#3 /home/kottako/public_html/system/CodeIgniter.php(320): CodeIgniter\CodeIgniter->handleRequest(NULL, Object(Config\Cache), false)
#4 /home/kottako/public_html/index.php(41): CodeIgniter\CodeIgniter->run()
#5 {main}
CRITICAL - 2022-04-16 14:38:11 --> sizeof(): Argument #1 ($value) must be of type Countable|array, null given
#0 /home/kottako/public_html/app/Controllers/TeamLeadController.php(297): sizeof(NULL)
#1 /home/kottako/public_html/system/CodeIgniter.php(825): App\Controllers\TeamLeadController->addTeamLead()
#2 /home/kottako/public_html/system/CodeIgniter.php(412): CodeIgniter\CodeIgniter->runController(Object(App\Controllers\TeamLeadController))
#3 /home/kottako/public_html/system/CodeIgniter.php(320): CodeIgniter\CodeIgniter->handleRequest(NULL, Object(Config\Cache), false)
#4 /home/kottako/public_html/index.php(41): CodeIgniter\CodeIgniter->run()
#5 {main}
ERROR - 2022-04-16 15:52:18 --> Email: sendWithSmtp throwed fsockopen(): SSL operation failed with code 1. OpenSSL Error messages:
error:14090086:SSL routines:ssl3_get_server_certificate:certificate verify failed
