ERROR - 2022-04-11 08:52:13 --> Email: sendWithSmtp throwed fsockopen(): SSL operation failed with code 1. OpenSSL Error messages:
error:14090086:SSL routines:ssl3_get_server_certificate:certificate verify failed
ERROR - 2022-04-11 08:52:20 --> Email: sendWithSmtp throwed fsockopen(): SSL operation failed with code 1. OpenSSL Error messages:
error:14090086:SSL routines:ssl3_get_server_certificate:certificate verify failed
ERROR - 2022-04-11 08:52:26 --> Email: sendWithSmtp throwed fsockopen(): SSL operation failed with code 1. OpenSSL Error messages:
error:14090086:SSL routines:ssl3_get_server_certificate:certificate verify failed
ERROR - 2022-04-11 08:53:38 --> Email: sendWithSmtp throwed fwrite(): Send of 10 bytes failed with errno=32 Broken pipe
ERROR - 2022-04-11 08:56:35 --> Email: sendWithSmtp throwed fwrite(): Send of 10 bytes failed with errno=32 Broken pipe
ERROR - 2022-04-11 08:57:53 --> Email: sendWithSmtp throwed fsockopen(): SSL operation failed with code 1. OpenSSL Error messages:
error:14090086:SSL routines:ssl3_get_server_certificate:certificate verify failed
ERROR - 2022-04-11 08:58:54 --> Email: sendWithSmtp throwed fsockopen(): SSL operation failed with code 1. OpenSSL Error messages:
error:14090086:SSL routines:ssl3_get_server_certificate:certificate verify failed
ERROR - 2022-04-11 08:59:32 --> Email: sendWithSmtp throwed fsockopen(): SSL operation failed with code 1. OpenSSL Error messages:
error:14090086:SSL routines:ssl3_get_server_certificate:certificate verify failed
ERROR - 2022-04-11 09:03:07 --> Email: sendWithSmtp throwed fsockopen(): SSL operation failed with code 1. OpenSSL Error messages:
error:14090086:SSL routines:ssl3_get_server_certificate:certificate verify failed
ERROR - 2022-04-11 09:04:31 --> Email: sendWithSmtp throwed fsockopen(): SSL operation failed with code 1. OpenSSL Error messages:
error:14090086:SSL routines:ssl3_get_server_certificate:certificate verify failed
CRITICAL - 2022-04-11 09:04:31 --> Trying to access array offset on value of type null
#0 /home/kottako/public_html/app/Controllers/AdminDashboardController.php(36): CodeIgniter\Debug\Exceptions->errorHandler(2, 'Trying to acces...', '/home/kottako/p...', 36)
#1 /home/kottako/public_html/system/CodeIgniter.php(825): App\Controllers\AdminDashboardController->index()
#2 /home/kottako/public_html/system/CodeIgniter.php(412): CodeIgniter\CodeIgniter->runController(Object(App\Controllers\AdminDashboardController))
#3 /home/kottako/public_html/system/CodeIgniter.php(320): CodeIgniter\CodeIgniter->handleRequest(NULL, Object(Config\Cache), false)
#4 /home/kottako/public_html/index.php(41): CodeIgniter\CodeIgniter->run()
#5 {main}
ERROR - 2022-04-11 09:05:33 --> Email: sendWithSmtp throwed fsockopen(): SSL operation failed with code 1. OpenSSL Error messages:
error:14090086:SSL routines:ssl3_get_server_certificate:certificate verify failed
ERROR - 2022-04-11 09:05:46 --> Email: sendWithSmtp throwed fsockopen(): SSL operation failed with code 1. OpenSSL Error messages:
error:14090086:SSL routines:ssl3_get_server_certificate:certificate verify failed
ERROR - 2022-04-11 09:05:51 --> Email: sendWithSmtp throwed fsockopen(): SSL operation failed with code 1. OpenSSL Error messages:
error:14090086:SSL routines:ssl3_get_server_certificate:certificate verify failed
ERROR - 2022-04-11 09:05:53 --> Email: sendWithSmtp throwed fsockopen(): SSL operation failed with code 1. OpenSSL Error messages:
error:14090086:SSL routines:ssl3_get_server_certificate:certificate verify failed
ERROR - 2022-04-11 09:06:05 --> Email: sendWithSmtp throwed fsockopen(): SSL operation failed with code 1. OpenSSL Error messages:
error:14090086:SSL routines:ssl3_get_server_certificate:certificate verify failed
ERROR - 2022-04-11 09:07:28 --> Email: sendWithSmtp throwed fsockopen(): SSL operation failed with code 1. OpenSSL Error messages:
error:14090086:SSL routines:ssl3_get_server_certificate:certificate verify failed
ERROR - 2022-04-11 09:08:36 --> Email: sendWithSmtp throwed fsockopen(): SSL operation failed with code 1. OpenSSL Error messages:
error:14090086:SSL routines:ssl3_get_server_certificate:certificate verify failed
ERROR - 2022-04-11 09:25:37 --> Email: sendWithSmtp throwed fsockopen(): SSL operation failed with code 1. OpenSSL Error messages:
error:14090086:SSL routines:ssl3_get_server_certificate:certificate verify failed
CRITICAL - 2022-04-11 09:25:47 --> Invalid file: admin/Profile.php
#0 /home/kottako/public_html/system/View/View.php(198): CodeIgniter\Exceptions\FrameworkException::forInvalidFile('admin/Profile.p...')
#1 /home/kottako/public_html/system/Common.php(1089): CodeIgniter\View\View->render('admin/Profile', Array, true)
#2 /home/kottako/public_html/app/Controllers/profileController.php(148): view('admin/Profile', Array)
#3 /home/kottako/public_html/system/CodeIgniter.php(825): App\Controllers\profileController->viewProfile()
#4 /home/kottako/public_html/system/CodeIgniter.php(412): CodeIgniter\CodeIgniter->runController(Object(App\Controllers\profileController))
#5 /home/kottako/public_html/system/CodeIgniter.php(320): CodeIgniter\CodeIgniter->handleRequest(NULL, Object(Config\Cache), false)
#6 /home/kottako/public_html/index.php(41): CodeIgniter\CodeIgniter->run()
#7 {main}
ERROR - 2022-04-11 09:25:55 --> Email: sendWithSmtp throwed fsockopen(): SSL operation failed with code 1. OpenSSL Error messages:
error:14090086:SSL routines:ssl3_get_server_certificate:certificate verify failed
ERROR - 2022-04-11 09:29:20 --> Email: sendWithSmtp throwed fsockopen(): SSL operation failed with code 1. OpenSSL Error messages:
error:14090086:SSL routines:ssl3_get_server_certificate:certificate verify failed
ERROR - 2022-04-11 09:33:22 --> Email: sendWithSmtp throwed fsockopen(): SSL operation failed with code 1. OpenSSL Error messages:
error:14090086:SSL routines:ssl3_get_server_certificate:certificate verify failed
ERROR - 2022-04-11 09:33:47 --> Email: sendWithSmtp throwed fsockopen(): SSL operation failed with code 1. OpenSSL Error messages:
error:14090086:SSL routines:ssl3_get_server_certificate:certificate verify failed
ERROR - 2022-04-11 09:33:52 --> Email: sendWithSmtp throwed fsockopen(): SSL operation failed with code 1. OpenSSL Error messages:
error:14090086:SSL routines:ssl3_get_server_certificate:certificate verify failed
ERROR - 2022-04-11 09:34:25 --> Email: sendWithSmtp throwed fsockopen(): SSL operation failed with code 1. OpenSSL Error messages:
error:14090086:SSL routines:ssl3_get_server_certificate:certificate verify failed
ERROR - 2022-04-11 09:52:05 --> Email: sendWithSmtp throwed fsockopen(): SSL operation failed with code 1. OpenSSL Error messages:
error:14090086:SSL routines:ssl3_get_server_certificate:certificate verify failed
ERROR - 2022-04-11 10:05:29 --> Email: sendWithSmtp throwed fsockopen(): SSL operation failed with code 1. OpenSSL Error messages:
error:14090086:SSL routines:ssl3_get_server_certificate:certificate verify failed
ERROR - 2022-04-11 10:18:26 --> Email: sendWithSmtp throwed fsockopen(): SSL operation failed with code 1. OpenSSL Error messages:
error:14090086:SSL routines:ssl3_get_server_certificate:certificate verify failed
ERROR - 2022-04-11 10:45:37 --> Email: sendWithSmtp throwed fsockopen(): SSL operation failed with code 1. OpenSSL Error messages:
error:14090086:SSL routines:ssl3_get_server_certificate:certificate verify failed
ERROR - 2022-04-11 12:48:29 --> Email: sendWithSmtp throwed fsockopen(): SSL operation failed with code 1. OpenSSL Error messages:
error:14090086:SSL routines:ssl3_get_server_certificate:certificate verify failed
ERROR - 2022-04-11 12:48:31 --> Email: sendWithSmtp throwed fsockopen(): SSL operation failed with code 1. OpenSSL Error messages:
error:14090086:SSL routines:ssl3_get_server_certificate:certificate verify failed
ERROR - 2022-04-11 12:54:00 --> Email: sendWithSmtp throwed fsockopen(): SSL operation failed with code 1. OpenSSL Error messages:
error:14090086:SSL routines:ssl3_get_server_certificate:certificate verify failed
ERROR - 2022-04-11 16:07:25 --> Email: sendWithSmtp throwed fsockopen(): SSL operation failed with code 1. OpenSSL Error messages:
error:14090086:SSL routines:ssl3_get_server_certificate:certificate verify failed
ERROR - 2022-04-11 16:33:00 --> Email: sendWithSmtp throwed fsockopen(): SSL operation failed with code 1. OpenSSL Error messages:
error:14090086:SSL routines:ssl3_get_server_certificate:certificate verify failed
ERROR - 2022-04-11 17:56:51 --> Email: sendWithSmtp throwed fsockopen(): SSL operation failed with code 1. OpenSSL Error messages:
error:14090086:SSL routines:ssl3_get_server_certificate:certificate verify failed
ERROR - 2022-04-11 20:14:08 --> Email: sendWithSmtp throwed fsockopen(): SSL operation failed with code 1. OpenSSL Error messages:
error:14090086:SSL routines:ssl3_get_server_certificate:certificate verify failed
CRITICAL - 2022-04-11 20:40:03 --> sizeof(): Argument #1 ($value) must be of type Countable|array, null given
#0 /home/kottako/public_html/app/Controllers/FastTagController.php(309): sizeof(NULL)
#1 /home/kottako/public_html/system/CodeIgniter.php(825): App\Controllers\FastTagController->managefasttag()
#2 /home/kottako/public_html/system/CodeIgniter.php(412): CodeIgniter\CodeIgniter->runController(Object(App\Controllers\FastTagController))
#3 /home/kottako/public_html/system/CodeIgniter.php(320): CodeIgniter\CodeIgniter->handleRequest(NULL, Object(Config\Cache), false)
#4 /home/kottako/public_html/index.php(41): CodeIgniter\CodeIgniter->run()
#5 {main}
CRITICAL - 2022-04-11 21:16:31 --> syntax error, unexpected variable "$data", expecting "function" or "const"
#0 /home/kottako/public_html/system/Autoloader/Autoloader.php(241): CodeIgniter\Autoloader\Autoloader->includeFile('/home/kottako/p...')
#1 /home/kottako/public_html/system/Autoloader/Autoloader.php(219): CodeIgniter\Autoloader\Autoloader->loadInNamespace('App\\Controllers...')
#2 [internal function]: CodeIgniter\Autoloader\Autoloader->loadClass('App\\Controllers...')
#3 /home/kottako/public_html/system/CodeIgniter.php(790): class_exists('\\App\\Controller...', true)
#4 /home/kottako/public_html/system/CodeIgniter.php(399): CodeIgniter\CodeIgniter->startController()
#5 /home/kottako/public_html/system/CodeIgniter.php(320): CodeIgniter\CodeIgniter->handleRequest(NULL, Object(Config\Cache), false)
#6 /home/kottako/public_html/index.php(41): CodeIgniter\CodeIgniter->run()
#7 {main}
CRITICAL - 2022-04-11 21:18:48 --> syntax error, unexpected variable "$data", expecting "function" or "const"
#0 /home/kottako/public_html/system/Autoloader/Autoloader.php(241): CodeIgniter\Autoloader\Autoloader->includeFile('/home/kottako/p...')
#1 /home/kottako/public_html/system/Autoloader/Autoloader.php(219): CodeIgniter\Autoloader\Autoloader->loadInNamespace('App\\Controllers...')
#2 [internal function]: CodeIgniter\Autoloader\Autoloader->loadClass('App\\Controllers...')
#3 /home/kottako/public_html/system/CodeIgniter.php(790): class_exists('\\App\\Controller...', true)
#4 /home/kottako/public_html/system/CodeIgniter.php(399): CodeIgniter\CodeIgniter->startController()
#5 /home/kottako/public_html/system/CodeIgniter.php(320): CodeIgniter\CodeIgniter->handleRequest(NULL, Object(Config\Cache), false)
#6 /home/kottako/public_html/index.php(41): CodeIgniter\CodeIgniter->run()
#7 {main}
CRITICAL - 2022-04-11 21:19:46 --> syntax error, unexpected variable "$data1", expecting "function" or "const"
#0 /home/kottako/public_html/system/Autoloader/Autoloader.php(241): CodeIgniter\Autoloader\Autoloader->includeFile('/home/kottako/p...')
#1 /home/kottako/public_html/system/Autoloader/Autoloader.php(219): CodeIgniter\Autoloader\Autoloader->loadInNamespace('App\\Controllers...')
#2 [internal function]: CodeIgniter\Autoloader\Autoloader->loadClass('App\\Controllers...')
#3 /home/kottako/public_html/system/CodeIgniter.php(790): class_exists('\\App\\Controller...', true)
#4 /home/kottako/public_html/system/CodeIgniter.php(399): CodeIgniter\CodeIgniter->startController()
#5 /home/kottako/public_html/system/CodeIgniter.php(320): CodeIgniter\CodeIgniter->handleRequest(NULL, Object(Config\Cache), false)
#6 /home/kottako/public_html/index.php(41): CodeIgniter\CodeIgniter->run()
#7 {main}
CRITICAL - 2022-04-11 21:22:41 --> Undefined array key "salsmngr"
#0 /home/kottako/public_html/app/Controllers/SalesManagerController.php(915): CodeIgniter\Debug\Exceptions->errorHandler(2, 'Undefined array...', '/home/kottako/p...', 915)
#1 /home/kottako/public_html/system/CodeIgniter.php(825): App\Controllers\SalesManagerController->fastagInventory()
#2 /home/kottako/public_html/system/CodeIgniter.php(412): CodeIgniter\CodeIgniter->runController(Object(App\Controllers\SalesManagerController))
#3 /home/kottako/public_html/system/CodeIgniter.php(320): CodeIgniter\CodeIgniter->handleRequest(NULL, Object(Config\Cache), false)
#4 /home/kottako/public_html/index.php(41): CodeIgniter\CodeIgniter->run()
#5 {main}
CRITICAL - 2022-04-11 21:24:13 --> sizeof(): Argument #1 ($value) must be of type Countable|array, null given
#0 /home/kottako/public_html/app/Controllers/SalesManagerController.php(892): sizeof(NULL)
#1 /home/kottako/public_html/system/CodeIgniter.php(825): App\Controllers\SalesManagerController->fastagInventory()
#2 /home/kottako/public_html/system/CodeIgniter.php(412): CodeIgniter\CodeIgniter->runController(Object(App\Controllers\SalesManagerController))
#3 /home/kottako/public_html/system/CodeIgniter.php(320): CodeIgniter\CodeIgniter->handleRequest(NULL, Object(Config\Cache), false)
#4 /home/kottako/public_html/index.php(41): CodeIgniter\CodeIgniter->run()
#5 {main}
CRITICAL - 2022-04-11 22:07:42 --> Invalid file: partials/salesmanager/css.php
#0 /home/kottako/public_html/system/View/View.php(198): CodeIgniter\Exceptions\FrameworkException::forInvalidFile('partials/salesm...')
#1 /home/kottako/public_html/system/View/View.php(424): CodeIgniter\View\View->render('partials/salesm...', NULL, true)
#2 /home/kottako/public_html/app/Views/salesmanager/managesalesagent.php(9): CodeIgniter\View\View->include('partials/salesm...')
#3 /home/kottako/public_html/system/View/View.php(210): include('/home/kottako/p...')
#4 /home/kottako/public_html/system/View/View.php(213): CodeIgniter\View\View->CodeIgniter\View\{closure}()
#5 /home/kottako/public_html/system/Common.php(1089): CodeIgniter\View\View->render('salesmanager/ma...', Array, true)
#6 /home/kottako/public_html/app/Controllers/SalesAgentController.php(312): view('salesmanager/ma...', Array)
#7 /home/kottako/public_html/system/CodeIgniter.php(825): App\Controllers\SalesAgentController->manageSalesAgent()
#8 /home/kottako/public_html/system/CodeIgniter.php(412): CodeIgniter\CodeIgniter->runController(Object(App\Controllers\SalesAgentController))
#9 /home/kottako/public_html/system/CodeIgniter.php(320): CodeIgniter\CodeIgniter->handleRequest(NULL, Object(Config\Cache), false)
#10 /home/kottako/public_html/index.php(41): CodeIgniter\CodeIgniter->run()
#11 {main}
CRITICAL - 2022-04-11 22:13:17 --> Array to string conversion
#0 /home/kottako/public_html/app/Controllers/SalesManagerController.php(912): CodeIgniter\Debug\Exceptions->errorHandler(2, 'Array to string...', '/home/kottako/p...', 912)
#1 /home/kottako/public_html/system/CodeIgniter.php(825): App\Controllers\SalesManagerController->fastagInventory()
#2 /home/kottako/public_html/system/CodeIgniter.php(412): CodeIgniter\CodeIgniter->runController(Object(App\Controllers\SalesManagerController))
#3 /home/kottako/public_html/system/CodeIgniter.php(320): CodeIgniter\CodeIgniter->handleRequest(NULL, Object(Config\Cache), false)
#4 /home/kottako/public_html/index.php(41): CodeIgniter\CodeIgniter->run()
#5 {main}
CRITICAL - 2022-04-11 22:25:30 --> base64_decode(): Passing null to parameter #1 ($string) of type string is deprecated
#0 [internal function]: CodeIgniter\Debug\Exceptions->errorHandler(8192, 'base64_decode()...', '/home/kottako/p...', 952)
#1 /home/kottako/public_html/app/Controllers/SalesManagerController.php(952): base64_decode(NULL)
#2 /home/kottako/public_html/system/CodeIgniter.php(825): App\Controllers\SalesManagerController->fastagInventory()
#3 /home/kottako/public_html/system/CodeIgniter.php(412): CodeIgniter\CodeIgniter->runController(Object(App\Controllers\SalesManagerController))
#4 /home/kottako/public_html/system/CodeIgniter.php(320): CodeIgniter\CodeIgniter->handleRequest(NULL, Object(Config\Cache), false)
#5 /home/kottako/public_html/index.php(41): CodeIgniter\CodeIgniter->run()
#6 {main}
ERROR - 2022-04-11 22:41:20 --> Email: sendWithSmtp throwed fsockopen(): SSL operation failed with code 1. OpenSSL Error messages:
error:14090086:SSL routines:ssl3_get_server_certificate:certificate verify failed
CRITICAL - 2022-04-11 22:41:35 --> syntax error, unexpected token "public"
#0 /home/kottako/public_html/system/Autoloader/Autoloader.php(241): CodeIgniter\Autoloader\Autoloader->includeFile('/home/kottako/p...')
#1 /home/kottako/public_html/system/Autoloader/Autoloader.php(219): CodeIgniter\Autoloader\Autoloader->loadInNamespace('App\\Controllers...')
#2 [internal function]: CodeIgniter\Autoloader\Autoloader->loadClass('App\\Controllers...')
#3 /home/kottako/public_html/system/CodeIgniter.php(790): class_exists('\\App\\Controller...', true)
#4 /home/kottako/public_html/system/CodeIgniter.php(399): CodeIgniter\CodeIgniter->startController()
#5 /home/kottako/public_html/system/CodeIgniter.php(320): CodeIgniter\CodeIgniter->handleRequest(NULL, Object(Config\Cache), false)
#6 /home/kottako/public_html/index.php(41): CodeIgniter\CodeIgniter->run()
#7 {main}
CRITICAL - 2022-04-11 22:41:43 --> syntax error, unexpected token "public"
#0 /home/kottako/public_html/system/Autoloader/Autoloader.php(241): CodeIgniter\Autoloader\Autoloader->includeFile('/home/kottako/p...')
#1 /home/kottako/public_html/system/Autoloader/Autoloader.php(219): CodeIgniter\Autoloader\Autoloader->loadInNamespace('App\\Controllers...')
#2 [internal function]: CodeIgniter\Autoloader\Autoloader->loadClass('App\\Controllers...')
#3 /home/kottako/public_html/system/CodeIgniter.php(790): class_exists('\\App\\Controller...', true)
#4 /home/kottako/public_html/system/CodeIgniter.php(399): CodeIgniter\CodeIgniter->startController()
#5 /home/kottako/public_html/system/CodeIgniter.php(320): CodeIgniter\CodeIgniter->handleRequest(NULL, Object(Config\Cache), false)
#6 /home/kottako/public_html/index.php(41): CodeIgniter\CodeIgniter->run()
#7 {main}
ERROR - 2022-04-11 22:41:46 --> Email: sendWithSmtp throwed fsockopen(): SSL operation failed with code 1. OpenSSL Error messages:
error:14090086:SSL routines:ssl3_get_server_certificate:certificate verify failed
CRITICAL - 2022-04-11 22:41:58 --> syntax error, unexpected token "public"
#0 /home/kottako/public_html/system/Autoloader/Autoloader.php(241): CodeIgniter\Autoloader\Autoloader->includeFile('/home/kottako/p...')
#1 /home/kottako/public_html/system/Autoloader/Autoloader.php(219): CodeIgniter\Autoloader\Autoloader->loadInNamespace('App\\Controllers...')
#2 [internal function]: CodeIgniter\Autoloader\Autoloader->loadClass('App\\Controllers...')
#3 /home/kottako/public_html/system/CodeIgniter.php(790): class_exists('\\App\\Controller...', true)
#4 /home/kottako/public_html/system/CodeIgniter.php(399): CodeIgniter\CodeIgniter->startController()
#5 /home/kottako/public_html/system/CodeIgniter.php(320): CodeIgniter\CodeIgniter->handleRequest(NULL, Object(Config\Cache), false)
#6 /home/kottako/public_html/index.php(41): CodeIgniter\CodeIgniter->run()
#7 {main}
ERROR - 2022-04-11 22:42:01 --> Email: sendWithSmtp throwed fsockopen(): SSL operation failed with code 1. OpenSSL Error messages:
error:14090086:SSL routines:ssl3_get_server_certificate:certificate verify failed
CRITICAL - 2022-04-11 22:45:02 --> syntax error, unexpected token "public"
#0 /home/kottako/public_html/system/Autoloader/Autoloader.php(241): CodeIgniter\Autoloader\Autoloader->includeFile('/home/kottako/p...')
#1 /home/kottako/public_html/system/Autoloader/Autoloader.php(219): CodeIgniter\Autoloader\Autoloader->loadInNamespace('App\\Controllers...')
#2 [internal function]: CodeIgniter\Autoloader\Autoloader->loadClass('App\\Controllers...')
#3 /home/kottako/public_html/system/CodeIgniter.php(790): class_exists('\\App\\Controller...', true)
#4 /home/kottako/public_html/system/CodeIgniter.php(399): CodeIgniter\CodeIgniter->startController()
#5 /home/kottako/public_html/system/CodeIgniter.php(320): CodeIgniter\CodeIgniter->handleRequest(NULL, Object(Config\Cache), false)
#6 /home/kottako/public_html/index.php(41): CodeIgniter\CodeIgniter->run()
#7 {main}
ERROR - 2022-04-11 22:45:11 --> Email: sendWithSmtp throwed fsockopen(): SSL operation failed with code 1. OpenSSL Error messages:
error:14090086:SSL routines:ssl3_get_server_certificate:certificate verify failed
ERROR - 2022-04-11 22:50:04 --> Email: sendWithSmtp throwed fsockopen(): SSL operation failed with code 1. OpenSSL Error messages:
error:14090086:SSL routines:ssl3_get_server_certificate:certificate verify failed
CRITICAL - 2022-04-11 22:54:54 --> Trying to access array offset on value of type null
#0 /home/kottako/public_html/app/Controllers/TeamLeadController.php(1029): CodeIgniter\Debug\Exceptions->errorHandler(2, 'Trying to acces...', '/home/kottako/p...', 1029)
#1 /home/kottako/public_html/system/CodeIgniter.php(825): App\Controllers\TeamLeadController->fastagInventory()
#2 /home/kottako/public_html/system/CodeIgniter.php(412): CodeIgniter\CodeIgniter->runController(Object(App\Controllers\TeamLeadController))
#3 /home/kottako/public_html/system/CodeIgniter.php(320): CodeIgniter\CodeIgniter->handleRequest(NULL, Object(Config\Cache), false)
#4 /home/kottako/public_html/index.php(41): CodeIgniter\CodeIgniter->run()
#5 {main}
CRITICAL - 2022-04-11 22:56:37 --> Trying to access array offset on value of type null
#0 /home/kottako/public_html/app/Controllers/TeamLeadController.php(1029): CodeIgniter\Debug\Exceptions->errorHandler(2, 'Trying to acces...', '/home/kottako/p...', 1029)
#1 /home/kottako/public_html/system/CodeIgniter.php(825): App\Controllers\TeamLeadController->fastagInventory()
#2 /home/kottako/public_html/system/CodeIgniter.php(412): CodeIgniter\CodeIgniter->runController(Object(App\Controllers\TeamLeadController))
#3 /home/kottako/public_html/system/CodeIgniter.php(320): CodeIgniter\CodeIgniter->handleRequest(NULL, Object(Config\Cache), false)
#4 /home/kottako/public_html/index.php(41): CodeIgniter\CodeIgniter->run()
#5 {main}
CRITICAL - 2022-04-11 22:59:48 --> Undefined array key "teamleadId"
#0 /home/kottako/public_html/app/Controllers/TeamLeadController.php(1055): CodeIgniter\Debug\Exceptions->errorHandler(2, 'Undefined array...', '/home/kottako/p...', 1055)
#1 /home/kottako/public_html/system/CodeIgniter.php(825): App\Controllers\TeamLeadController->fastagInventory()
#2 /home/kottako/public_html/system/CodeIgniter.php(412): CodeIgniter\CodeIgniter->runController(Object(App\Controllers\TeamLeadController))
#3 /home/kottako/public_html/system/CodeIgniter.php(320): CodeIgniter\CodeIgniter->handleRequest(NULL, Object(Config\Cache), false)
#4 /home/kottako/public_html/index.php(41): CodeIgniter\CodeIgniter->run()
#5 {main}
CRITICAL - 2022-04-11 23:17:29 --> Invalid file: partials/salesmanager/css.php
#0 /home/kottako/public_html/system/View/View.php(198): CodeIgniter\Exceptions\FrameworkException::forInvalidFile('partials/salesm...')
#1 /home/kottako/public_html/system/View/View.php(424): CodeIgniter\View\View->render('partials/salesm...', NULL, true)
#2 /home/kottako/public_html/app/Views/salesmanager/managesalesagent.php(9): CodeIgniter\View\View->include('partials/salesm...')
#3 /home/kottako/public_html/system/View/View.php(210): include('/home/kottako/p...')
#4 /home/kottako/public_html/system/View/View.php(213): CodeIgniter\View\View->CodeIgniter\View\{closure}()
#5 /home/kottako/public_html/system/Common.php(1089): CodeIgniter\View\View->render('salesmanager/ma...', Array, true)
#6 /home/kottako/public_html/app/Controllers/SalesAgentController.php(305): view('salesmanager/ma...', Array)
#7 /home/kottako/public_html/system/CodeIgniter.php(825): App\Controllers\SalesAgentController->manageSalesAgent()
#8 /home/kottako/public_html/system/CodeIgniter.php(412): CodeIgniter\CodeIgniter->runController(Object(App\Controllers\SalesAgentController))
#9 /home/kottako/public_html/system/CodeIgniter.php(320): CodeIgniter\CodeIgniter->handleRequest(NULL, Object(Config\Cache), false)
#10 /home/kottako/public_html/index.php(41): CodeIgniter\CodeIgniter->run()
#11 {main}
CRITICAL - 2022-04-11 23:19:06 --> Invalid file: partials/salesmanager/css.php
#0 /home/kottako/public_html/system/View/View.php(198): CodeIgniter\Exceptions\FrameworkException::forInvalidFile('partials/salesm...')
#1 /home/kottako/public_html/system/View/View.php(424): CodeIgniter\View\View->render('partials/salesm...', NULL, true)
#2 /home/kottako/public_html/app/Views/salesmanager/viewsalesagent.php(9): CodeIgniter\View\View->include('partials/salesm...')
#3 /home/kottako/public_html/system/View/View.php(210): include('/home/kottako/p...')
#4 /home/kottako/public_html/system/View/View.php(213): CodeIgniter\View\View->CodeIgniter\View\{closure}()
#5 /home/kottako/public_html/system/Common.php(1089): CodeIgniter\View\View->render('salesmanager/vi...', Array, true)
#6 /home/kottako/public_html/app/Controllers/SalesAgentController.php(646): view('salesmanager/vi...', Array)
#7 /home/kottako/public_html/system/CodeIgniter.php(825): App\Controllers\SalesAgentController->viewoemProfile('1')
#8 /home/kottako/public_html/system/CodeIgniter.php(412): CodeIgniter\CodeIgniter->runController(Object(App\Controllers\SalesAgentController))
#9 /home/kottako/public_html/system/CodeIgniter.php(320): CodeIgniter\CodeIgniter->handleRequest(NULL, Object(Config\Cache), false)
#10 /home/kottako/public_html/index.php(41): CodeIgniter\CodeIgniter->run()
#11 {main}
CRITICAL - 2022-04-11 23:19:55 --> Invalid file: partials/salesmanager/css.php
#0 /home/kottako/public_html/system/View/View.php(198): CodeIgniter\Exceptions\FrameworkException::forInvalidFile('partials/salesm...')
#1 /home/kottako/public_html/system/View/View.php(424): CodeIgniter\View\View->render('partials/salesm...', NULL, true)
#2 /home/kottako/public_html/app/Views/salesmanager/viewsalesagent.php(9): CodeIgniter\View\View->include('partials/salesm...')
#3 /home/kottako/public_html/system/View/View.php(210): include('/home/kottako/p...')
#4 /home/kottako/public_html/system/View/View.php(213): CodeIgniter\View\View->CodeIgniter\View\{closure}()
#5 /home/kottako/public_html/system/Common.php(1089): CodeIgniter\View\View->render('salesmanager/vi...', Array, true)
#6 /home/kottako/public_html/app/Controllers/SalesAgentController.php(646): view('salesmanager/vi...', Array)
#7 /home/kottako/public_html/system/CodeIgniter.php(825): App\Controllers\SalesAgentController->viewoemProfile('1')
#8 /home/kottako/public_html/system/CodeIgniter.php(412): CodeIgniter\CodeIgniter->runController(Object(App\Controllers\SalesAgentController))
#9 /home/kottako/public_html/system/CodeIgniter.php(320): CodeIgniter\CodeIgniter->handleRequest(NULL, Object(Config\Cache), false)
#10 /home/kottako/public_html/index.php(41): CodeIgniter\CodeIgniter->run()
#11 {main}
CRITICAL - 2022-04-11 23:21:01 --> Invalid file: partials/salesmanager/css.php
#0 /home/kottako/public_html/system/View/View.php(198): CodeIgniter\Exceptions\FrameworkException::forInvalidFile('partials/salesm...')
#1 /home/kottako/public_html/system/View/View.php(424): CodeIgniter\View\View->render('partials/salesm...', NULL, true)
#2 /home/kottako/public_html/app/Views/salesmanager/viewsalesagent.php(9): CodeIgniter\View\View->include('partials/salesm...')
#3 /home/kottako/public_html/system/View/View.php(210): include('/home/kottako/p...')
#4 /home/kottako/public_html/system/View/View.php(213): CodeIgniter\View\View->CodeIgniter\View\{closure}()
#5 /home/kottako/public_html/system/Common.php(1089): CodeIgniter\View\View->render('salesmanager/vi...', Array, true)
#6 /home/kottako/public_html/app/Controllers/SalesAgentController.php(646): view('salesmanager/vi...', Array)
#7 /home/kottako/public_html/system/CodeIgniter.php(825): App\Controllers\SalesAgentController->viewoemProfile('1')
#8 /home/kottako/public_html/system/CodeIgniter.php(412): CodeIgniter\CodeIgniter->runController(Object(App\Controllers\SalesAgentController))
#9 /home/kottako/public_html/system/CodeIgniter.php(320): CodeIgniter\CodeIgniter->handleRequest(NULL, Object(Config\Cache), false)
#10 /home/kottako/public_html/index.php(41): CodeIgniter\CodeIgniter->run()
#11 {main}
CRITICAL - 2022-04-11 23:27:22 --> syntax error, unexpected token "public"
#0 /home/kottako/public_html/system/Autoloader/Autoloader.php(241): CodeIgniter\Autoloader\Autoloader->includeFile('/home/kottako/p...')
#1 /home/kottako/public_html/system/Autoloader/Autoloader.php(219): CodeIgniter\Autoloader\Autoloader->loadInNamespace('App\\Controllers...')
#2 [internal function]: CodeIgniter\Autoloader\Autoloader->loadClass('App\\Controllers...')
#3 /home/kottako/public_html/system/CodeIgniter.php(790): class_exists('\\App\\Controller...', true)
#4 /home/kottako/public_html/system/CodeIgniter.php(399): CodeIgniter\CodeIgniter->startController()
#5 /home/kottako/public_html/system/CodeIgniter.php(320): CodeIgniter\CodeIgniter->handleRequest(NULL, Object(Config\Cache), false)
#6 /home/kottako/public_html/index.php(41): CodeIgniter\CodeIgniter->run()
#7 {main}
ERROR - 2022-04-11 23:27:26 --> Email: sendWithSmtp throwed fsockopen(): SSL operation failed with code 1. OpenSSL Error messages:
error:14090086:SSL routines:ssl3_get_server_certificate:certificate verify failed
ERROR - 2022-04-11 23:57:37 --> Email: sendWithSmtp throwed fsockopen(): SSL operation failed with code 1. OpenSSL Error messages:
error:14090086:SSL routines:ssl3_get_server_certificate:certificate verify failed
