CRITICAL - 2022-08-31 00:06:33 --> Undefined array key 0
#0 /home/kottakotabusines/public_html/app/Controllers/SalesAgentWalletController.php(75): CodeIgniter\Debug\Exceptions->errorHandler(2, 'Undefined array...', '/home/kottakota...', 75)
#1 /home/kottakotabusines/public_html/system/CodeIgniter.php(825): App\Controllers\SalesAgentWalletController->paymentnotation()
#2 /home/kottakotabusines/public_html/system/CodeIgniter.php(412): CodeIgniter\CodeIgniter->runController(Object(App\Controllers\SalesAgentWalletController))
#3 /home/kottakotabusines/public_html/system/CodeIgniter.php(320): CodeIgniter\CodeIgniter->handleRequest(NULL, Object(Config\Cache), false)
#4 /home/kottakotabusines/public_html/index.php(41): CodeIgniter\CodeIgniter->run()
#5 {main}
CRITICAL - 2022-08-31 01:27:41 --> Undefined array key 0
#0 /home/kottakotabusines/public_html/app/Controllers/SalesAgentWalletController.php(75): CodeIgniter\Debug\Exceptions->errorHandler(2, 'Undefined array...', '/home/kottakota...', 75)
#1 /home/kottakotabusines/public_html/system/CodeIgniter.php(825): App\Controllers\SalesAgentWalletController->paymentnotation()
#2 /home/kottakotabusines/public_html/system/CodeIgniter.php(412): CodeIgniter\CodeIgniter->runController(Object(App\Controllers\SalesAgentWalletController))
#3 /home/kottakotabusines/public_html/system/CodeIgniter.php(320): CodeIgniter\CodeIgniter->handleRequest(NULL, Object(Config\Cache), false)
#4 /home/kottakotabusines/public_html/index.php(41): CodeIgniter\CodeIgniter->run()
#5 {main}
CRITICAL - 2022-08-31 01:53:55 --> sizeof(): Argument #1 ($value) must be of type Countable|array, null given
#0 /home/kottakotabusines/public_html/app/Controllers/TeamLeadController.php(1116): sizeof(NULL)
#1 /home/kottakotabusines/public_html/system/CodeIgniter.php(825): App\Controllers\TeamLeadController->fastagInventory()
#2 /home/kottakotabusines/public_html/system/CodeIgniter.php(412): CodeIgniter\CodeIgniter->runController(Object(App\Controllers\TeamLeadController))
#3 /home/kottakotabusines/public_html/system/CodeIgniter.php(320): CodeIgniter\CodeIgniter->handleRequest(NULL, Object(Config\Cache), false)
#4 /home/kottakotabusines/public_html/index.php(41): CodeIgniter\CodeIgniter->run()
#5 {main}
CRITICAL - 2022-08-31 01:53:59 --> sizeof(): Argument #1 ($value) must be of type Countable|array, null given
#0 /home/kottakotabusines/public_html/app/Controllers/TeamLeadController.php(1116): sizeof(NULL)
#1 /home/kottakotabusines/public_html/system/CodeIgniter.php(825): App\Controllers\TeamLeadController->fastagInventory()
#2 /home/kottakotabusines/public_html/system/CodeIgniter.php(412): CodeIgniter\CodeIgniter->runController(Object(App\Controllers\TeamLeadController))
#3 /home/kottakotabusines/public_html/system/CodeIgniter.php(320): CodeIgniter\CodeIgniter->handleRequest(NULL, Object(Config\Cache), false)
#4 /home/kottakotabusines/public_html/index.php(41): CodeIgniter\CodeIgniter->run()
#5 {main}
CRITICAL - 2022-08-31 01:54:03 --> sizeof(): Argument #1 ($value) must be of type Countable|array, null given
#0 /home/kottakotabusines/public_html/app/Controllers/TeamLeadController.php(1116): sizeof(NULL)
#1 /home/kottakotabusines/public_html/system/CodeIgniter.php(825): App\Controllers\TeamLeadController->fastagInventory()
#2 /home/kottakotabusines/public_html/system/CodeIgniter.php(412): CodeIgniter\CodeIgniter->runController(Object(App\Controllers\TeamLeadController))
#3 /home/kottakotabusines/public_html/system/CodeIgniter.php(320): CodeIgniter\CodeIgniter->handleRequest(NULL, Object(Config\Cache), false)
#4 /home/kottakotabusines/public_html/index.php(41): CodeIgniter\CodeIgniter->run()
#5 {main}
CRITICAL - 2022-08-31 01:55:14 --> Undefined variable $shwval
#0 /home/kottakotabusines/public_html/app/Controllers/TeamLeadController.php(1509): CodeIgniter\Debug\Exceptions->errorHandler(2, 'Undefined varia...', '/home/kottakota...', 1509)
#1 /home/kottakotabusines/public_html/system/CodeIgniter.php(825): App\Controllers\TeamLeadController->managefasttagspecific('chat.html')
#2 /home/kottakotabusines/public_html/system/CodeIgniter.php(412): CodeIgniter\CodeIgniter->runController(Object(App\Controllers\TeamLeadController))
#3 /home/kottakotabusines/public_html/system/CodeIgniter.php(320): CodeIgniter\CodeIgniter->handleRequest(NULL, Object(Config\Cache), false)
#4 /home/kottakotabusines/public_html/index.php(41): CodeIgniter\CodeIgniter->run()
#5 {main}
CRITICAL - 2022-08-31 01:56:12 --> Undefined variable $shwval
#0 /home/kottakotabusines/public_html/app/Controllers/TeamLeadController.php(1509): CodeIgniter\Debug\Exceptions->errorHandler(2, 'Undefined varia...', '/home/kottakota...', 1509)
#1 /home/kottakotabusines/public_html/system/CodeIgniter.php(825): App\Controllers\TeamLeadController->managefasttagspecific('chat.html')
#2 /home/kottakotabusines/public_html/system/CodeIgniter.php(412): CodeIgniter\CodeIgniter->runController(Object(App\Controllers\TeamLeadController))
#3 /home/kottakotabusines/public_html/system/CodeIgniter.php(320): CodeIgniter\CodeIgniter->handleRequest(NULL, Object(Config\Cache), false)
#4 /home/kottakotabusines/public_html/index.php(41): CodeIgniter\CodeIgniter->run()
#5 {main}
CRITICAL - 2022-08-31 02:03:39 --> Undefined array key 0
#0 /home/kottakotabusines/public_html/app/Controllers/SalesAgentWalletController.php(75): CodeIgniter\Debug\Exceptions->errorHandler(2, 'Undefined array...', '/home/kottakota...', 75)
#1 /home/kottakotabusines/public_html/system/CodeIgniter.php(825): App\Controllers\SalesAgentWalletController->paymentnotation()
#2 /home/kottakotabusines/public_html/system/CodeIgniter.php(412): CodeIgniter\CodeIgniter->runController(Object(App\Controllers\SalesAgentWalletController))
#3 /home/kottakotabusines/public_html/system/CodeIgniter.php(320): CodeIgniter\CodeIgniter->handleRequest(NULL, Object(Config\Cache), false)
#4 /home/kottakotabusines/public_html/index.php(41): CodeIgniter\CodeIgniter->run()
#5 {main}
CRITICAL - 2022-08-31 02:28:10 --> Undefined array key 0
#0 /home/kottakotabusines/public_html/app/Controllers/SalesAgentWalletController.php(75): CodeIgniter\Debug\Exceptions->errorHandler(2, 'Undefined array...', '/home/kottakota...', 75)
#1 /home/kottakotabusines/public_html/system/CodeIgniter.php(825): App\Controllers\SalesAgentWalletController->paymentnotation()
#2 /home/kottakotabusines/public_html/system/CodeIgniter.php(412): CodeIgniter\CodeIgniter->runController(Object(App\Controllers\SalesAgentWalletController))
#3 /home/kottakotabusines/public_html/system/CodeIgniter.php(320): CodeIgniter\CodeIgniter->handleRequest(NULL, Object(Config\Cache), false)
#4 /home/kottakotabusines/public_html/index.php(41): CodeIgniter\CodeIgniter->run()
#5 {main}
CRITICAL - 2022-08-31 03:16:09 --> Undefined array key 0
#0 /home/kottakotabusines/public_html/app/Controllers/SalesAgentWalletController.php(75): CodeIgniter\Debug\Exceptions->errorHandler(2, 'Undefined array...', '/home/kottakota...', 75)
#1 /home/kottakotabusines/public_html/system/CodeIgniter.php(825): App\Controllers\SalesAgentWalletController->paymentnotation()
#2 /home/kottakotabusines/public_html/system/CodeIgniter.php(412): CodeIgniter\CodeIgniter->runController(Object(App\Controllers\SalesAgentWalletController))
#3 /home/kottakotabusines/public_html/system/CodeIgniter.php(320): CodeIgniter\CodeIgniter->handleRequest(NULL, Object(Config\Cache), false)
#4 /home/kottakotabusines/public_html/index.php(41): CodeIgniter\CodeIgniter->run()
#5 {main}
CRITICAL - 2022-08-31 04:06:43 --> Undefined array key 0
#0 /home/kottakotabusines/public_html/app/Controllers/SalesAgentWalletController.php(75): CodeIgniter\Debug\Exceptions->errorHandler(2, 'Undefined array...', '/home/kottakota...', 75)
#1 /home/kottakotabusines/public_html/system/CodeIgniter.php(825): App\Controllers\SalesAgentWalletController->paymentnotation()
#2 /home/kottakotabusines/public_html/system/CodeIgniter.php(412): CodeIgniter\CodeIgniter->runController(Object(App\Controllers\SalesAgentWalletController))
#3 /home/kottakotabusines/public_html/system/CodeIgniter.php(320): CodeIgniter\CodeIgniter->handleRequest(NULL, Object(Config\Cache), false)
#4 /home/kottakotabusines/public_html/index.php(41): CodeIgniter\CodeIgniter->run()
#5 {main}
CRITICAL - 2022-08-31 04:16:14 --> Undefined array key 0
#0 /home/kottakotabusines/public_html/app/Controllers/SalesAgentWalletController.php(75): CodeIgniter\Debug\Exceptions->errorHandler(2, 'Undefined array...', '/home/kottakota...', 75)
#1 /home/kottakotabusines/public_html/system/CodeIgniter.php(825): App\Controllers\SalesAgentWalletController->paymentnotation()
#2 /home/kottakotabusines/public_html/system/CodeIgniter.php(412): CodeIgniter\CodeIgniter->runController(Object(App\Controllers\SalesAgentWalletController))
#3 /home/kottakotabusines/public_html/system/CodeIgniter.php(320): CodeIgniter\CodeIgniter->handleRequest(NULL, Object(Config\Cache), false)
#4 /home/kottakotabusines/public_html/index.php(41): CodeIgniter\CodeIgniter->run()
#5 {main}
CRITICAL - 2022-08-31 04:21:09 --> Undefined array key "logged_img"
#0 /home/kottakotabusines/public_html/app/Views/partials/adminPanel/sidebar.php(5): CodeIgniter\Debug\Exceptions->errorHandler(2, 'Undefined array...', '/home/kottakota...', 5)
#1 /home/kottakotabusines/public_html/system/View/View.php(210): include('/home/kottakota...')
#2 /home/kottakotabusines/public_html/system/View/View.php(213): CodeIgniter\View\View->CodeIgniter\View\{closure}()
#3 /home/kottakotabusines/public_html/system/View/View.php(424): CodeIgniter\View\View->render('partials/adminP...', NULL, true)
#4 /home/kottakotabusines/public_html/app/Views/admin/viewteamlead.php(18): CodeIgniter\View\View->include('partials/adminP...')
#5 /home/kottakotabusines/public_html/system/View/View.php(210): include('/home/kottakota...')
#6 /home/kottakotabusines/public_html/system/View/View.php(213): CodeIgniter\View\View->CodeIgniter\View\{closure}()
#7 /home/kottakotabusines/public_html/system/Common.php(1089): CodeIgniter\View\View->render('admin/viewteaml...', Array, true)
#8 /home/kottakotabusines/public_html/app/Controllers/TeamLeadController.php(652): view('admin/viewteaml...', Array)
#9 /home/kottakotabusines/public_html/system/CodeIgniter.php(825): App\Controllers\TeamLeadController->viewteamleadProfile('82')
#10 /home/kottakotabusines/public_html/system/CodeIgniter.php(412): CodeIgniter\CodeIgniter->runController(Object(App\Controllers\TeamLeadController))
#11 /home/kottakotabusines/public_html/system/CodeIgniter.php(320): CodeIgniter\CodeIgniter->handleRequest(NULL, Object(Config\Cache), false)
#12 /home/kottakotabusines/public_html/index.php(41): CodeIgniter\CodeIgniter->run()
#13 {main}
CRITICAL - 2022-08-31 04:28:14 --> Undefined array key 0
#0 /home/kottakotabusines/public_html/app/Controllers/SalesAgentWalletController.php(75): CodeIgniter\Debug\Exceptions->errorHandler(2, 'Undefined array...', '/home/kottakota...', 75)
#1 /home/kottakotabusines/public_html/system/CodeIgniter.php(825): App\Controllers\SalesAgentWalletController->paymentnotation()
#2 /home/kottakotabusines/public_html/system/CodeIgniter.php(412): CodeIgniter\CodeIgniter->runController(Object(App\Controllers\SalesAgentWalletController))
#3 /home/kottakotabusines/public_html/system/CodeIgniter.php(320): CodeIgniter\CodeIgniter->handleRequest(NULL, Object(Config\Cache), false)
#4 /home/kottakotabusines/public_html/index.php(41): CodeIgniter\CodeIgniter->run()
#5 {main}
CRITICAL - 2022-08-31 05:14:43 --> Undefined array key "logged_img"
#0 /home/kottakotabusines/public_html/app/Views/partials/adminPanel/sidebar.php(5): CodeIgniter\Debug\Exceptions->errorHandler(2, 'Undefined array...', '/home/kottakota...', 5)
#1 /home/kottakotabusines/public_html/system/View/View.php(210): include('/home/kottakota...')
#2 /home/kottakotabusines/public_html/system/View/View.php(213): CodeIgniter\View\View->CodeIgniter\View\{closure}()
#3 /home/kottakotabusines/public_html/system/View/View.php(424): CodeIgniter\View\View->render('partials/adminP...', NULL, true)
#4 /home/kottakotabusines/public_html/app/Views/admin/viewsalesmanager.php(18): CodeIgniter\View\View->include('partials/adminP...')
#5 /home/kottakotabusines/public_html/system/View/View.php(210): include('/home/kottakota...')
#6 /home/kottakotabusines/public_html/system/View/View.php(213): CodeIgniter\View\View->CodeIgniter\View\{closure}()
#7 /home/kottakotabusines/public_html/system/Common.php(1089): CodeIgniter\View\View->render('admin/viewsales...', Array, true)
#8 /home/kottakotabusines/public_html/app/Controllers/SalesManagerController.php(599): view('admin/viewsales...', Array)
#9 /home/kottakotabusines/public_html/system/CodeIgniter.php(825): App\Controllers\SalesManagerController->viewsalesmanagerProfile('1')
#10 /home/kottakotabusines/public_html/system/CodeIgniter.php(412): CodeIgniter\CodeIgniter->runController(Object(App\Controllers\SalesManagerController))
#11 /home/kottakotabusines/public_html/system/CodeIgniter.php(320): CodeIgniter\CodeIgniter->handleRequest(NULL, Object(Config\Cache), false)
#12 /home/kottakotabusines/public_html/index.php(41): CodeIgniter\CodeIgniter->run()
#13 {main}
CRITICAL - 2022-08-31 06:16:27 --> Undefined array key 0
#0 /home/kottakotabusines/public_html/app/Controllers/SalesAgentWalletController.php(75): CodeIgniter\Debug\Exceptions->errorHandler(2, 'Undefined array...', '/home/kottakota...', 75)
#1 /home/kottakotabusines/public_html/system/CodeIgniter.php(825): App\Controllers\SalesAgentWalletController->paymentnotation()
#2 /home/kottakotabusines/public_html/system/CodeIgniter.php(412): CodeIgniter\CodeIgniter->runController(Object(App\Controllers\SalesAgentWalletController))
#3 /home/kottakotabusines/public_html/system/CodeIgniter.php(320): CodeIgniter\CodeIgniter->handleRequest(NULL, Object(Config\Cache), false)
#4 /home/kottakotabusines/public_html/index.php(41): CodeIgniter\CodeIgniter->run()
#5 {main}
CRITICAL - 2022-08-31 07:34:58 --> Undefined array key 0
#0 /home/kottakotabusines/public_html/app/Controllers/SalesAgentWalletController.php(75): CodeIgniter\Debug\Exceptions->errorHandler(2, 'Undefined array...', '/home/kottakota...', 75)
#1 /home/kottakotabusines/public_html/system/CodeIgniter.php(825): App\Controllers\SalesAgentWalletController->paymentnotation()
#2 /home/kottakotabusines/public_html/system/CodeIgniter.php(412): CodeIgniter\CodeIgniter->runController(Object(App\Controllers\SalesAgentWalletController))
#3 /home/kottakotabusines/public_html/system/CodeIgniter.php(320): CodeIgniter\CodeIgniter->handleRequest(NULL, Object(Config\Cache), false)
#4 /home/kottakotabusines/public_html/index.php(41): CodeIgniter\CodeIgniter->run()
#5 {main}
CRITICAL - 2022-08-31 07:55:53 --> Undefined array key 1
#0 /home/kottakotabusines/public_html/app/Controllers/SalesAgentReportController.php(39): CodeIgniter\Debug\Exceptions->errorHandler(2, 'Undefined array...', '/home/kottakota...', 39)
#1 /home/kottakotabusines/public_html/system/CodeIgniter.php(825): App\Controllers\SalesAgentReportController->newcustomer()
#2 /home/kottakotabusines/public_html/system/CodeIgniter.php(412): CodeIgniter\CodeIgniter->runController(Object(App\Controllers\SalesAgentReportController))
#3 /home/kottakotabusines/public_html/system/CodeIgniter.php(320): CodeIgniter\CodeIgniter->handleRequest(NULL, Object(Config\Cache), false)
#4 /home/kottakotabusines/public_html/index.php(41): CodeIgniter\CodeIgniter->run()
#5 {main}
CRITICAL - 2022-08-31 08:28:20 --> Undefined array key 0
#0 /home/kottakotabusines/public_html/app/Controllers/SalesAgentWalletController.php(75): CodeIgniter\Debug\Exceptions->errorHandler(2, 'Undefined array...', '/home/kottakota...', 75)
#1 /home/kottakotabusines/public_html/system/CodeIgniter.php(825): App\Controllers\SalesAgentWalletController->paymentnotation()
#2 /home/kottakotabusines/public_html/system/CodeIgniter.php(412): CodeIgniter\CodeIgniter->runController(Object(App\Controllers\SalesAgentWalletController))
#3 /home/kottakotabusines/public_html/system/CodeIgniter.php(320): CodeIgniter\CodeIgniter->handleRequest(NULL, Object(Config\Cache), false)
#4 /home/kottakotabusines/public_html/index.php(41): CodeIgniter\CodeIgniter->run()
#5 {main}
CRITICAL - 2022-08-31 08:35:20 --> Undefined array key 0
#0 /home/kottakotabusines/public_html/app/Controllers/SalesAgentWalletController.php(75): CodeIgniter\Debug\Exceptions->errorHandler(2, 'Undefined array...', '/home/kottakota...', 75)
#1 /home/kottakotabusines/public_html/system/CodeIgniter.php(825): App\Controllers\SalesAgentWalletController->paymentnotation()
#2 /home/kottakotabusines/public_html/system/CodeIgniter.php(412): CodeIgniter\CodeIgniter->runController(Object(App\Controllers\SalesAgentWalletController))
#3 /home/kottakotabusines/public_html/system/CodeIgniter.php(320): CodeIgniter\CodeIgniter->handleRequest(NULL, Object(Config\Cache), false)
#4 /home/kottakotabusines/public_html/index.php(41): CodeIgniter\CodeIgniter->run()
#5 {main}
CRITICAL - 2022-08-31 08:53:36 --> Undefined array key 0
#0 /home/kottakotabusines/public_html/app/Controllers/SalesAgentWalletController.php(75): CodeIgniter\Debug\Exceptions->errorHandler(2, 'Undefined array...', '/home/kottakota...', 75)
#1 /home/kottakotabusines/public_html/system/CodeIgniter.php(825): App\Controllers\SalesAgentWalletController->paymentnotation()
#2 /home/kottakotabusines/public_html/system/CodeIgniter.php(412): CodeIgniter\CodeIgniter->runController(Object(App\Controllers\SalesAgentWalletController))
#3 /home/kottakotabusines/public_html/system/CodeIgniter.php(320): CodeIgniter\CodeIgniter->handleRequest(NULL, Object(Config\Cache), false)
#4 /home/kottakotabusines/public_html/index.php(41): CodeIgniter\CodeIgniter->run()
#5 {main}
CRITICAL - 2022-08-31 09:22:44 --> Undefined array key 0
#0 /home/kottakotabusines/public_html/app/Controllers/SalesAgentWalletController.php(75): CodeIgniter\Debug\Exceptions->errorHandler(2, 'Undefined array...', '/home/kottakota...', 75)
#1 /home/kottakotabusines/public_html/system/CodeIgniter.php(825): App\Controllers\SalesAgentWalletController->paymentnotation()
#2 /home/kottakotabusines/public_html/system/CodeIgniter.php(412): CodeIgniter\CodeIgniter->runController(Object(App\Controllers\SalesAgentWalletController))
#3 /home/kottakotabusines/public_html/system/CodeIgniter.php(320): CodeIgniter\CodeIgniter->handleRequest(NULL, Object(Config\Cache), false)
#4 /home/kottakotabusines/public_html/index.php(41): CodeIgniter\CodeIgniter->run()
#5 {main}
CRITICAL - 2022-08-31 09:26:02 --> Undefined array key 0
#0 /home/kottakotabusines/public_html/app/Controllers/SalesAgentWalletController.php(75): CodeIgniter\Debug\Exceptions->errorHandler(2, 'Undefined array...', '/home/kottakota...', 75)
#1 /home/kottakotabusines/public_html/system/CodeIgniter.php(825): App\Controllers\SalesAgentWalletController->paymentnotation()
#2 /home/kottakotabusines/public_html/system/CodeIgniter.php(412): CodeIgniter\CodeIgniter->runController(Object(App\Controllers\SalesAgentWalletController))
#3 /home/kottakotabusines/public_html/system/CodeIgniter.php(320): CodeIgniter\CodeIgniter->handleRequest(NULL, Object(Config\Cache), false)
#4 /home/kottakotabusines/public_html/index.php(41): CodeIgniter\CodeIgniter->run()
#5 {main}
CRITICAL - 2022-08-31 09:53:52 --> Undefined array key 0
#0 /home/kottakotabusines/public_html/app/Controllers/SalesAgentWalletController.php(75): CodeIgniter\Debug\Exceptions->errorHandler(2, 'Undefined array...', '/home/kottakota...', 75)
#1 /home/kottakotabusines/public_html/system/CodeIgniter.php(825): App\Controllers\SalesAgentWalletController->paymentnotation()
#2 /home/kottakotabusines/public_html/system/CodeIgniter.php(412): CodeIgniter\CodeIgniter->runController(Object(App\Controllers\SalesAgentWalletController))
#3 /home/kottakotabusines/public_html/system/CodeIgniter.php(320): CodeIgniter\CodeIgniter->handleRequest(NULL, Object(Config\Cache), false)
#4 /home/kottakotabusines/public_html/index.php(41): CodeIgniter\CodeIgniter->run()
#5 {main}
CRITICAL - 2022-08-31 09:55:11 --> Undefined array key 0
#0 /home/kottakotabusines/public_html/app/Controllers/SalesAgentWalletController.php(75): CodeIgniter\Debug\Exceptions->errorHandler(2, 'Undefined array...', '/home/kottakota...', 75)
#1 /home/kottakotabusines/public_html/system/CodeIgniter.php(825): App\Controllers\SalesAgentWalletController->paymentnotation()
#2 /home/kottakotabusines/public_html/system/CodeIgniter.php(412): CodeIgniter\CodeIgniter->runController(Object(App\Controllers\SalesAgentWalletController))
#3 /home/kottakotabusines/public_html/system/CodeIgniter.php(320): CodeIgniter\CodeIgniter->handleRequest(NULL, Object(Config\Cache), false)
#4 /home/kottakotabusines/public_html/index.php(41): CodeIgniter\CodeIgniter->run()
#5 {main}
CRITICAL - 2022-08-31 10:01:02 --> Undefined array key "tagActivationId"
#0 /home/kottakotabusines/public_html/app/Controllers/SalesAgentTagController.php(500): CodeIgniter\Debug\Exceptions->errorHandler(2, 'Undefined array...', '/home/kottakota...', 500)
#1 /home/kottakotabusines/public_html/system/CodeIgniter.php(825): App\Controllers\SalesAgentTagController->allotbarcode()
#2 /home/kottakotabusines/public_html/system/CodeIgniter.php(412): CodeIgniter\CodeIgniter->runController(Object(App\Controllers\SalesAgentTagController))
#3 /home/kottakotabusines/public_html/system/CodeIgniter.php(320): CodeIgniter\CodeIgniter->handleRequest(NULL, Object(Config\Cache), false)
#4 /home/kottakotabusines/public_html/index.php(41): CodeIgniter\CodeIgniter->run()
#5 {main}
CRITICAL - 2022-08-31 10:16:53 --> Undefined array key 0
#0 /home/kottakotabusines/public_html/app/Controllers/SalesAgentWalletController.php(75): CodeIgniter\Debug\Exceptions->errorHandler(2, 'Undefined array...', '/home/kottakota...', 75)
#1 /home/kottakotabusines/public_html/system/CodeIgniter.php(825): App\Controllers\SalesAgentWalletController->paymentnotation()
#2 /home/kottakotabusines/public_html/system/CodeIgniter.php(412): CodeIgniter\CodeIgniter->runController(Object(App\Controllers\SalesAgentWalletController))
#3 /home/kottakotabusines/public_html/system/CodeIgniter.php(320): CodeIgniter\CodeIgniter->handleRequest(NULL, Object(Config\Cache), false)
#4 /home/kottakotabusines/public_html/index.php(41): CodeIgniter\CodeIgniter->run()
#5 {main}
CRITICAL - 2022-08-31 10:22:53 --> Undefined array key 0
#0 /home/kottakotabusines/public_html/app/Controllers/SalesAgentWalletController.php(75): CodeIgniter\Debug\Exceptions->errorHandler(2, 'Undefined array...', '/home/kottakota...', 75)
#1 /home/kottakotabusines/public_html/system/CodeIgniter.php(825): App\Controllers\SalesAgentWalletController->paymentnotation()
#2 /home/kottakotabusines/public_html/system/CodeIgniter.php(412): CodeIgniter\CodeIgniter->runController(Object(App\Controllers\SalesAgentWalletController))
#3 /home/kottakotabusines/public_html/system/CodeIgniter.php(320): CodeIgniter\CodeIgniter->handleRequest(NULL, Object(Config\Cache), false)
#4 /home/kottakotabusines/public_html/index.php(41): CodeIgniter\CodeIgniter->run()
#5 {main}
CRITICAL - 2022-08-31 10:26:23 --> Undefined array key 0
#0 /home/kottakotabusines/public_html/app/Controllers/SalesAgentWalletController.php(75): CodeIgniter\Debug\Exceptions->errorHandler(2, 'Undefined array...', '/home/kottakota...', 75)
#1 /home/kottakotabusines/public_html/system/CodeIgniter.php(825): App\Controllers\SalesAgentWalletController->paymentnotation()
#2 /home/kottakotabusines/public_html/system/CodeIgniter.php(412): CodeIgniter\CodeIgniter->runController(Object(App\Controllers\SalesAgentWalletController))
#3 /home/kottakotabusines/public_html/system/CodeIgniter.php(320): CodeIgniter\CodeIgniter->handleRequest(NULL, Object(Config\Cache), false)
#4 /home/kottakotabusines/public_html/index.php(41): CodeIgniter\CodeIgniter->run()
#5 {main}
CRITICAL - 2022-08-31 10:35:23 --> Undefined array key 0
#0 /home/kottakotabusines/public_html/app/Controllers/SalesAgentWalletController.php(75): CodeIgniter\Debug\Exceptions->errorHandler(2, 'Undefined array...', '/home/kottakota...', 75)
#1 /home/kottakotabusines/public_html/system/CodeIgniter.php(825): App\Controllers\SalesAgentWalletController->paymentnotation()
#2 /home/kottakotabusines/public_html/system/CodeIgniter.php(412): CodeIgniter\CodeIgniter->runController(Object(App\Controllers\SalesAgentWalletController))
#3 /home/kottakotabusines/public_html/system/CodeIgniter.php(320): CodeIgniter\CodeIgniter->handleRequest(NULL, Object(Config\Cache), false)
#4 /home/kottakotabusines/public_html/index.php(41): CodeIgniter\CodeIgniter->run()
#5 {main}
CRITICAL - 2022-08-31 10:52:58 --> Undefined array key 0
#0 /home/kottakotabusines/public_html/app/Controllers/SalesAgentWalletController.php(75): CodeIgniter\Debug\Exceptions->errorHandler(2, 'Undefined array...', '/home/kottakota...', 75)
#1 /home/kottakotabusines/public_html/system/CodeIgniter.php(825): App\Controllers\SalesAgentWalletController->paymentnotation()
#2 /home/kottakotabusines/public_html/system/CodeIgniter.php(412): CodeIgniter\CodeIgniter->runController(Object(App\Controllers\SalesAgentWalletController))
#3 /home/kottakotabusines/public_html/system/CodeIgniter.php(320): CodeIgniter\CodeIgniter->handleRequest(NULL, Object(Config\Cache), false)
#4 /home/kottakotabusines/public_html/index.php(41): CodeIgniter\CodeIgniter->run()
#5 {main}
CRITICAL - 2022-08-31 10:55:24 --> Undefined array key 0
#0 /home/kottakotabusines/public_html/app/Controllers/SalesAgentWalletController.php(75): CodeIgniter\Debug\Exceptions->errorHandler(2, 'Undefined array...', '/home/kottakota...', 75)
#1 /home/kottakotabusines/public_html/system/CodeIgniter.php(825): App\Controllers\SalesAgentWalletController->paymentnotation()
#2 /home/kottakotabusines/public_html/system/CodeIgniter.php(412): CodeIgniter\CodeIgniter->runController(Object(App\Controllers\SalesAgentWalletController))
#3 /home/kottakotabusines/public_html/system/CodeIgniter.php(320): CodeIgniter\CodeIgniter->handleRequest(NULL, Object(Config\Cache), false)
#4 /home/kottakotabusines/public_html/index.php(41): CodeIgniter\CodeIgniter->run()
#5 {main}
CRITICAL - 2022-08-31 11:33:59 --> Undefined array key 0
#0 /home/kottakotabusines/public_html/app/Controllers/SalesAgentWalletController.php(75): CodeIgniter\Debug\Exceptions->errorHandler(2, 'Undefined array...', '/home/kottakota...', 75)
#1 /home/kottakotabusines/public_html/system/CodeIgniter.php(825): App\Controllers\SalesAgentWalletController->paymentnotation()
#2 /home/kottakotabusines/public_html/system/CodeIgniter.php(412): CodeIgniter\CodeIgniter->runController(Object(App\Controllers\SalesAgentWalletController))
#3 /home/kottakotabusines/public_html/system/CodeIgniter.php(320): CodeIgniter\CodeIgniter->handleRequest(NULL, Object(Config\Cache), false)
#4 /home/kottakotabusines/public_html/index.php(41): CodeIgniter\CodeIgniter->run()
#5 {main}
CRITICAL - 2022-08-31 11:53:26 --> Undefined array key 0
#0 /home/kottakotabusines/public_html/app/Controllers/SalesAgentWalletController.php(75): CodeIgniter\Debug\Exceptions->errorHandler(2, 'Undefined array...', '/home/kottakota...', 75)
#1 /home/kottakotabusines/public_html/system/CodeIgniter.php(825): App\Controllers\SalesAgentWalletController->paymentnotation()
#2 /home/kottakotabusines/public_html/system/CodeIgniter.php(412): CodeIgniter\CodeIgniter->runController(Object(App\Controllers\SalesAgentWalletController))
#3 /home/kottakotabusines/public_html/system/CodeIgniter.php(320): CodeIgniter\CodeIgniter->handleRequest(NULL, Object(Config\Cache), false)
#4 /home/kottakotabusines/public_html/index.php(41): CodeIgniter\CodeIgniter->run()
#5 {main}
CRITICAL - 2022-08-31 11:53:56 --> Undefined array key 0
#0 /home/kottakotabusines/public_html/app/Controllers/SalesAgentWalletController.php(75): CodeIgniter\Debug\Exceptions->errorHandler(2, 'Undefined array...', '/home/kottakota...', 75)
#1 /home/kottakotabusines/public_html/system/CodeIgniter.php(825): App\Controllers\SalesAgentWalletController->paymentnotation()
#2 /home/kottakotabusines/public_html/system/CodeIgniter.php(412): CodeIgniter\CodeIgniter->runController(Object(App\Controllers\SalesAgentWalletController))
#3 /home/kottakotabusines/public_html/system/CodeIgniter.php(320): CodeIgniter\CodeIgniter->handleRequest(NULL, Object(Config\Cache), false)
#4 /home/kottakotabusines/public_html/index.php(41): CodeIgniter\CodeIgniter->run()
#5 {main}
CRITICAL - 2022-08-31 12:19:45 --> Undefined array key 0
#0 /home/kottakotabusines/public_html/app/Controllers/SalesAgentWalletController.php(75): CodeIgniter\Debug\Exceptions->errorHandler(2, 'Undefined array...', '/home/kottakota...', 75)
#1 /home/kottakotabusines/public_html/system/CodeIgniter.php(825): App\Controllers\SalesAgentWalletController->paymentnotation()
#2 /home/kottakotabusines/public_html/system/CodeIgniter.php(412): CodeIgniter\CodeIgniter->runController(Object(App\Controllers\SalesAgentWalletController))
#3 /home/kottakotabusines/public_html/system/CodeIgniter.php(320): CodeIgniter\CodeIgniter->handleRequest(NULL, Object(Config\Cache), false)
#4 /home/kottakotabusines/public_html/index.php(41): CodeIgniter\CodeIgniter->run()
#5 {main}
CRITICAL - 2022-08-31 12:23:09 --> Undefined array key 0
#0 /home/kottakotabusines/public_html/app/Controllers/SalesAgentWalletController.php(75): CodeIgniter\Debug\Exceptions->errorHandler(2, 'Undefined array...', '/home/kottakota...', 75)
#1 /home/kottakotabusines/public_html/system/CodeIgniter.php(825): App\Controllers\SalesAgentWalletController->paymentnotation()
#2 /home/kottakotabusines/public_html/system/CodeIgniter.php(412): CodeIgniter\CodeIgniter->runController(Object(App\Controllers\SalesAgentWalletController))
#3 /home/kottakotabusines/public_html/system/CodeIgniter.php(320): CodeIgniter\CodeIgniter->handleRequest(NULL, Object(Config\Cache), false)
#4 /home/kottakotabusines/public_html/index.php(41): CodeIgniter\CodeIgniter->run()
#5 {main}
CRITICAL - 2022-08-31 12:26:29 --> Undefined array key 0
#0 /home/kottakotabusines/public_html/app/Controllers/SalesAgentWalletController.php(75): CodeIgniter\Debug\Exceptions->errorHandler(2, 'Undefined array...', '/home/kottakota...', 75)
#1 /home/kottakotabusines/public_html/system/CodeIgniter.php(825): App\Controllers\SalesAgentWalletController->paymentnotation()
#2 /home/kottakotabusines/public_html/system/CodeIgniter.php(412): CodeIgniter\CodeIgniter->runController(Object(App\Controllers\SalesAgentWalletController))
#3 /home/kottakotabusines/public_html/system/CodeIgniter.php(320): CodeIgniter\CodeIgniter->handleRequest(NULL, Object(Config\Cache), false)
#4 /home/kottakotabusines/public_html/index.php(41): CodeIgniter\CodeIgniter->run()
#5 {main}
CRITICAL - 2022-08-31 12:29:45 --> Undefined array key 0
#0 /home/kottakotabusines/public_html/app/Controllers/SalesAgentWalletController.php(75): CodeIgniter\Debug\Exceptions->errorHandler(2, 'Undefined array...', '/home/kottakota...', 75)
#1 /home/kottakotabusines/public_html/system/CodeIgniter.php(825): App\Controllers\SalesAgentWalletController->paymentnotation()
#2 /home/kottakotabusines/public_html/system/CodeIgniter.php(412): CodeIgniter\CodeIgniter->runController(Object(App\Controllers\SalesAgentWalletController))
#3 /home/kottakotabusines/public_html/system/CodeIgniter.php(320): CodeIgniter\CodeIgniter->handleRequest(NULL, Object(Config\Cache), false)
#4 /home/kottakotabusines/public_html/index.php(41): CodeIgniter\CodeIgniter->run()
#5 {main}
CRITICAL - 2022-08-31 12:34:29 --> Undefined array key 0
#0 /home/kottakotabusines/public_html/app/Controllers/SalesAgentWalletController.php(75): CodeIgniter\Debug\Exceptions->errorHandler(2, 'Undefined array...', '/home/kottakota...', 75)
#1 /home/kottakotabusines/public_html/system/CodeIgniter.php(825): App\Controllers\SalesAgentWalletController->paymentnotation()
#2 /home/kottakotabusines/public_html/system/CodeIgniter.php(412): CodeIgniter\CodeIgniter->runController(Object(App\Controllers\SalesAgentWalletController))
#3 /home/kottakotabusines/public_html/system/CodeIgniter.php(320): CodeIgniter\CodeIgniter->handleRequest(NULL, Object(Config\Cache), false)
#4 /home/kottakotabusines/public_html/index.php(41): CodeIgniter\CodeIgniter->run()
#5 {main}
CRITICAL - 2022-08-31 12:55:30 --> Undefined array key 0
#0 /home/kottakotabusines/public_html/app/Controllers/SalesAgentWalletController.php(75): CodeIgniter\Debug\Exceptions->errorHandler(2, 'Undefined array...', '/home/kottakota...', 75)
#1 /home/kottakotabusines/public_html/system/CodeIgniter.php(825): App\Controllers\SalesAgentWalletController->paymentnotation()
#2 /home/kottakotabusines/public_html/system/CodeIgniter.php(412): CodeIgniter\CodeIgniter->runController(Object(App\Controllers\SalesAgentWalletController))
#3 /home/kottakotabusines/public_html/system/CodeIgniter.php(320): CodeIgniter\CodeIgniter->handleRequest(NULL, Object(Config\Cache), false)
#4 /home/kottakotabusines/public_html/index.php(41): CodeIgniter\CodeIgniter->run()
#5 {main}
CRITICAL - 2022-08-31 13:15:56 --> Undefined array key 0
#0 /home/kottakotabusines/public_html/app/Controllers/SalesAgentWalletController.php(75): CodeIgniter\Debug\Exceptions->errorHandler(2, 'Undefined array...', '/home/kottakota...', 75)
#1 /home/kottakotabusines/public_html/system/CodeIgniter.php(825): App\Controllers\SalesAgentWalletController->paymentnotation()
#2 /home/kottakotabusines/public_html/system/CodeIgniter.php(412): CodeIgniter\CodeIgniter->runController(Object(App\Controllers\SalesAgentWalletController))
#3 /home/kottakotabusines/public_html/system/CodeIgniter.php(320): CodeIgniter\CodeIgniter->handleRequest(NULL, Object(Config\Cache), false)
#4 /home/kottakotabusines/public_html/index.php(41): CodeIgniter\CodeIgniter->run()
#5 {main}
CRITICAL - 2022-08-31 13:20:01 --> Undefined array key 0
#0 /home/kottakotabusines/public_html/app/Controllers/SalesAgentWalletController.php(75): CodeIgniter\Debug\Exceptions->errorHandler(2, 'Undefined array...', '/home/kottakota...', 75)
#1 /home/kottakotabusines/public_html/system/CodeIgniter.php(825): App\Controllers\SalesAgentWalletController->paymentnotation()
#2 /home/kottakotabusines/public_html/system/CodeIgniter.php(412): CodeIgniter\CodeIgniter->runController(Object(App\Controllers\SalesAgentWalletController))
#3 /home/kottakotabusines/public_html/system/CodeIgniter.php(320): CodeIgniter\CodeIgniter->handleRequest(NULL, Object(Config\Cache), false)
#4 /home/kottakotabusines/public_html/index.php(41): CodeIgniter\CodeIgniter->run()
#5 {main}
CRITICAL - 2022-08-31 13:30:02 --> Undefined array key 0
#0 /home/kottakotabusines/public_html/app/Controllers/SalesAgentWalletController.php(75): CodeIgniter\Debug\Exceptions->errorHandler(2, 'Undefined array...', '/home/kottakota...', 75)
#1 /home/kottakotabusines/public_html/system/CodeIgniter.php(825): App\Controllers\SalesAgentWalletController->paymentnotation()
#2 /home/kottakotabusines/public_html/system/CodeIgniter.php(412): CodeIgniter\CodeIgniter->runController(Object(App\Controllers\SalesAgentWalletController))
#3 /home/kottakotabusines/public_html/system/CodeIgniter.php(320): CodeIgniter\CodeIgniter->handleRequest(NULL, Object(Config\Cache), false)
#4 /home/kottakotabusines/public_html/index.php(41): CodeIgniter\CodeIgniter->run()
#5 {main}
CRITICAL - 2022-08-31 13:46:27 --> Undefined array key 0
#0 /home/kottakotabusines/public_html/app/Controllers/SalesAgentWalletController.php(75): CodeIgniter\Debug\Exceptions->errorHandler(2, 'Undefined array...', '/home/kottakota...', 75)
#1 /home/kottakotabusines/public_html/system/CodeIgniter.php(825): App\Controllers\SalesAgentWalletController->paymentnotation()
#2 /home/kottakotabusines/public_html/system/CodeIgniter.php(412): CodeIgniter\CodeIgniter->runController(Object(App\Controllers\SalesAgentWalletController))
#3 /home/kottakotabusines/public_html/system/CodeIgniter.php(320): CodeIgniter\CodeIgniter->handleRequest(NULL, Object(Config\Cache), false)
#4 /home/kottakotabusines/public_html/index.php(41): CodeIgniter\CodeIgniter->run()
#5 {main}
CRITICAL - 2022-08-31 13:53:34 --> Undefined array key 0
#0 /home/kottakotabusines/public_html/app/Controllers/SalesAgentWalletController.php(75): CodeIgniter\Debug\Exceptions->errorHandler(2, 'Undefined array...', '/home/kottakota...', 75)
#1 /home/kottakotabusines/public_html/system/CodeIgniter.php(825): App\Controllers\SalesAgentWalletController->paymentnotation()
#2 /home/kottakotabusines/public_html/system/CodeIgniter.php(412): CodeIgniter\CodeIgniter->runController(Object(App\Controllers\SalesAgentWalletController))
#3 /home/kottakotabusines/public_html/system/CodeIgniter.php(320): CodeIgniter\CodeIgniter->handleRequest(NULL, Object(Config\Cache), false)
#4 /home/kottakotabusines/public_html/index.php(41): CodeIgniter\CodeIgniter->run()
#5 {main}
CRITICAL - 2022-08-31 13:53:36 --> Undefined variable $drivinglicencedat
#0 /home/kottakotabusines/public_html/app/Controllers/SalesAgentController.php(1994): CodeIgniter\Debug\Exceptions->errorHandler(2, 'Undefined varia...', '/home/kottakota...', 1994)
#1 /home/kottakotabusines/public_html/system/CodeIgniter.php(825): App\Controllers\SalesAgentController->activateexistingUsers()
#2 /home/kottakotabusines/public_html/system/CodeIgniter.php(412): CodeIgniter\CodeIgniter->runController(Object(App\Controllers\SalesAgentController))
#3 /home/kottakotabusines/public_html/system/CodeIgniter.php(320): CodeIgniter\CodeIgniter->handleRequest(NULL, Object(Config\Cache), false)
#4 /home/kottakotabusines/public_html/index.php(41): CodeIgniter\CodeIgniter->run()
#5 {main}
CRITICAL - 2022-08-31 14:16:05 --> Undefined array key 0
#0 /home/kottakotabusines/public_html/app/Controllers/SalesAgentWalletController.php(75): CodeIgniter\Debug\Exceptions->errorHandler(2, 'Undefined array...', '/home/kottakota...', 75)
#1 /home/kottakotabusines/public_html/system/CodeIgniter.php(825): App\Controllers\SalesAgentWalletController->paymentnotation()
#2 /home/kottakotabusines/public_html/system/CodeIgniter.php(412): CodeIgniter\CodeIgniter->runController(Object(App\Controllers\SalesAgentWalletController))
#3 /home/kottakotabusines/public_html/system/CodeIgniter.php(320): CodeIgniter\CodeIgniter->handleRequest(NULL, Object(Config\Cache), false)
#4 /home/kottakotabusines/public_html/index.php(41): CodeIgniter\CodeIgniter->run()
#5 {main}
CRITICAL - 2022-08-31 14:34:36 --> Undefined array key 0
#0 /home/kottakotabusines/public_html/app/Controllers/SalesAgentWalletController.php(75): CodeIgniter\Debug\Exceptions->errorHandler(2, 'Undefined array...', '/home/kottakota...', 75)
#1 /home/kottakotabusines/public_html/system/CodeIgniter.php(825): App\Controllers\SalesAgentWalletController->paymentnotation()
#2 /home/kottakotabusines/public_html/system/CodeIgniter.php(412): CodeIgniter\CodeIgniter->runController(Object(App\Controllers\SalesAgentWalletController))
#3 /home/kottakotabusines/public_html/system/CodeIgniter.php(320): CodeIgniter\CodeIgniter->handleRequest(NULL, Object(Config\Cache), false)
#4 /home/kottakotabusines/public_html/index.php(41): CodeIgniter\CodeIgniter->run()
#5 {main}
CRITICAL - 2022-08-31 14:35:36 --> Undefined array key 0
#0 /home/kottakotabusines/public_html/app/Controllers/SalesAgentWalletController.php(75): CodeIgniter\Debug\Exceptions->errorHandler(2, 'Undefined array...', '/home/kottakota...', 75)
#1 /home/kottakotabusines/public_html/system/CodeIgniter.php(825): App\Controllers\SalesAgentWalletController->paymentnotation()
#2 /home/kottakotabusines/public_html/system/CodeIgniter.php(412): CodeIgniter\CodeIgniter->runController(Object(App\Controllers\SalesAgentWalletController))
#3 /home/kottakotabusines/public_html/system/CodeIgniter.php(320): CodeIgniter\CodeIgniter->handleRequest(NULL, Object(Config\Cache), false)
#4 /home/kottakotabusines/public_html/index.php(41): CodeIgniter\CodeIgniter->run()
#5 {main}
CRITICAL - 2022-08-31 14:46:37 --> Undefined array key 0
#0 /home/kottakotabusines/public_html/app/Controllers/SalesAgentWalletController.php(75): CodeIgniter\Debug\Exceptions->errorHandler(2, 'Undefined array...', '/home/kottakota...', 75)
#1 /home/kottakotabusines/public_html/system/CodeIgniter.php(825): App\Controllers\SalesAgentWalletController->paymentnotation()
#2 /home/kottakotabusines/public_html/system/CodeIgniter.php(412): CodeIgniter\CodeIgniter->runController(Object(App\Controllers\SalesAgentWalletController))
#3 /home/kottakotabusines/public_html/system/CodeIgniter.php(320): CodeIgniter\CodeIgniter->handleRequest(NULL, Object(Config\Cache), false)
#4 /home/kottakotabusines/public_html/index.php(41): CodeIgniter\CodeIgniter->run()
#5 {main}
CRITICAL - 2022-08-31 15:00:46 --> Undefined array key 0
#0 /home/kottakotabusines/public_html/app/Controllers/SalesAgentWalletController.php(75): CodeIgniter\Debug\Exceptions->errorHandler(2, 'Undefined array...', '/home/kottakota...', 75)
#1 /home/kottakotabusines/public_html/system/CodeIgniter.php(825): App\Controllers\SalesAgentWalletController->paymentnotation()
#2 /home/kottakotabusines/public_html/system/CodeIgniter.php(412): CodeIgniter\CodeIgniter->runController(Object(App\Controllers\SalesAgentWalletController))
#3 /home/kottakotabusines/public_html/system/CodeIgniter.php(320): CodeIgniter\CodeIgniter->handleRequest(NULL, Object(Config\Cache), false)
#4 /home/kottakotabusines/public_html/index.php(41): CodeIgniter\CodeIgniter->run()
#5 {main}
CRITICAL - 2022-08-31 15:04:48 --> Undefined array key "tagActivationId"
#0 /home/kottakotabusines/public_html/app/Controllers/SalesAgentTagController.php(500): CodeIgniter\Debug\Exceptions->errorHandler(2, 'Undefined array...', '/home/kottakota...', 500)
#1 /home/kottakotabusines/public_html/system/CodeIgniter.php(825): App\Controllers\SalesAgentTagController->allotbarcode()
#2 /home/kottakotabusines/public_html/system/CodeIgniter.php(412): CodeIgniter\CodeIgniter->runController(Object(App\Controllers\SalesAgentTagController))
#3 /home/kottakotabusines/public_html/system/CodeIgniter.php(320): CodeIgniter\CodeIgniter->handleRequest(NULL, Object(Config\Cache), false)
#4 /home/kottakotabusines/public_html/index.php(41): CodeIgniter\CodeIgniter->run()
#5 {main}
CRITICAL - 2022-08-31 15:12:36 --> Undefined array key "logged_img"
#0 /home/kottakotabusines/public_html/app/Views/partials/adminPanel/sidebar.php(5): CodeIgniter\Debug\Exceptions->errorHandler(2, 'Undefined array...', '/home/kottakota...', 5)
#1 /home/kottakotabusines/public_html/system/View/View.php(210): include('/home/kottakota...')
#2 /home/kottakotabusines/public_html/system/View/View.php(213): CodeIgniter\View\View->CodeIgniter\View\{closure}()
#3 /home/kottakotabusines/public_html/system/View/View.php(424): CodeIgniter\View\View->render('partials/adminP...', NULL, true)
#4 /home/kottakotabusines/public_html/app/Views/admin/viewteamlead.php(18): CodeIgniter\View\View->include('partials/adminP...')
#5 /home/kottakotabusines/public_html/system/View/View.php(210): include('/home/kottakota...')
#6 /home/kottakotabusines/public_html/system/View/View.php(213): CodeIgniter\View\View->CodeIgniter\View\{closure}()
#7 /home/kottakotabusines/public_html/system/Common.php(1089): CodeIgniter\View\View->render('admin/viewteaml...', Array, true)
#8 /home/kottakotabusines/public_html/app/Controllers/TeamLeadController.php(652): view('admin/viewteaml...', Array)
#9 /home/kottakotabusines/public_html/system/CodeIgniter.php(825): App\Controllers\TeamLeadController->viewteamleadProfile('1')
#10 /home/kottakotabusines/public_html/system/CodeIgniter.php(412): CodeIgniter\CodeIgniter->runController(Object(App\Controllers\TeamLeadController))
#11 /home/kottakotabusines/public_html/system/CodeIgniter.php(320): CodeIgniter\CodeIgniter->handleRequest(NULL, Object(Config\Cache), false)
#12 /home/kottakotabusines/public_html/index.php(41): CodeIgniter\CodeIgniter->run()
#13 {main}
CRITICAL - 2022-08-31 15:20:09 --> Undefined array key 0
#0 /home/kottakotabusines/public_html/app/Controllers/SalesAgentWalletController.php(75): CodeIgniter\Debug\Exceptions->errorHandler(2, 'Undefined array...', '/home/kottakota...', 75)
#1 /home/kottakotabusines/public_html/system/CodeIgniter.php(825): App\Controllers\SalesAgentWalletController->paymentnotation()
#2 /home/kottakotabusines/public_html/system/CodeIgniter.php(412): CodeIgniter\CodeIgniter->runController(Object(App\Controllers\SalesAgentWalletController))
#3 /home/kottakotabusines/public_html/system/CodeIgniter.php(320): CodeIgniter\CodeIgniter->handleRequest(NULL, Object(Config\Cache), false)
#4 /home/kottakotabusines/public_html/index.php(41): CodeIgniter\CodeIgniter->run()
#5 {main}
CRITICAL - 2022-08-31 15:29:01 --> Undefined array key 0
#0 /home/kottakotabusines/public_html/app/Controllers/SalesAgentWalletController.php(75): CodeIgniter\Debug\Exceptions->errorHandler(2, 'Undefined array...', '/home/kottakota...', 75)
#1 /home/kottakotabusines/public_html/system/CodeIgniter.php(825): App\Controllers\SalesAgentWalletController->paymentnotation()
#2 /home/kottakotabusines/public_html/system/CodeIgniter.php(412): CodeIgniter\CodeIgniter->runController(Object(App\Controllers\SalesAgentWalletController))
#3 /home/kottakotabusines/public_html/system/CodeIgniter.php(320): CodeIgniter\CodeIgniter->handleRequest(NULL, Object(Config\Cache), false)
#4 /home/kottakotabusines/public_html/index.php(41): CodeIgniter\CodeIgniter->run()
#5 {main}
CRITICAL - 2022-08-31 15:30:10 --> Undefined array key 0
#0 /home/kottakotabusines/public_html/app/Controllers/SalesAgentWalletController.php(75): CodeIgniter\Debug\Exceptions->errorHandler(2, 'Undefined array...', '/home/kottakota...', 75)
#1 /home/kottakotabusines/public_html/system/CodeIgniter.php(825): App\Controllers\SalesAgentWalletController->paymentnotation()
#2 /home/kottakotabusines/public_html/system/CodeIgniter.php(412): CodeIgniter\CodeIgniter->runController(Object(App\Controllers\SalesAgentWalletController))
#3 /home/kottakotabusines/public_html/system/CodeIgniter.php(320): CodeIgniter\CodeIgniter->handleRequest(NULL, Object(Config\Cache), false)
#4 /home/kottakotabusines/public_html/index.php(41): CodeIgniter\CodeIgniter->run()
#5 {main}
CRITICAL - 2022-08-31 15:45:50 --> Undefined variable $drivinglicencedat
#0 /home/kottakotabusines/public_html/app/Controllers/SalesAgentController.php(1994): CodeIgniter\Debug\Exceptions->errorHandler(2, 'Undefined varia...', '/home/kottakota...', 1994)
#1 /home/kottakotabusines/public_html/system/CodeIgniter.php(825): App\Controllers\SalesAgentController->activateexistingUsers()
#2 /home/kottakotabusines/public_html/system/CodeIgniter.php(412): CodeIgniter\CodeIgniter->runController(Object(App\Controllers\SalesAgentController))
#3 /home/kottakotabusines/public_html/system/CodeIgniter.php(320): CodeIgniter\CodeIgniter->handleRequest(NULL, Object(Config\Cache), false)
#4 /home/kottakotabusines/public_html/index.php(41): CodeIgniter\CodeIgniter->run()
#5 {main}
CRITICAL - 2022-08-31 15:45:51 --> Undefined variable $drivinglicencedat
#0 /home/kottakotabusines/public_html/app/Controllers/SalesAgentController.php(1994): CodeIgniter\Debug\Exceptions->errorHandler(2, 'Undefined varia...', '/home/kottakota...', 1994)
#1 /home/kottakotabusines/public_html/system/CodeIgniter.php(825): App\Controllers\SalesAgentController->activateexistingUsers()
#2 /home/kottakotabusines/public_html/system/CodeIgniter.php(412): CodeIgniter\CodeIgniter->runController(Object(App\Controllers\SalesAgentController))
#3 /home/kottakotabusines/public_html/system/CodeIgniter.php(320): CodeIgniter\CodeIgniter->handleRequest(NULL, Object(Config\Cache), false)
#4 /home/kottakotabusines/public_html/index.php(41): CodeIgniter\CodeIgniter->run()
#5 {main}
CRITICAL - 2022-08-31 15:45:51 --> Undefined variable $drivinglicencedat
#0 /home/kottakotabusines/public_html/app/Controllers/SalesAgentController.php(1994): CodeIgniter\Debug\Exceptions->errorHandler(2, 'Undefined varia...', '/home/kottakota...', 1994)
#1 /home/kottakotabusines/public_html/system/CodeIgniter.php(825): App\Controllers\SalesAgentController->activateexistingUsers()
#2 /home/kottakotabusines/public_html/system/CodeIgniter.php(412): CodeIgniter\CodeIgniter->runController(Object(App\Controllers\SalesAgentController))
#3 /home/kottakotabusines/public_html/system/CodeIgniter.php(320): CodeIgniter\CodeIgniter->handleRequest(NULL, Object(Config\Cache), false)
#4 /home/kottakotabusines/public_html/index.php(41): CodeIgniter\CodeIgniter->run()
#5 {main}
CRITICAL - 2022-08-31 15:45:51 --> Undefined variable $drivinglicencedat
#0 /home/kottakotabusines/public_html/app/Controllers/SalesAgentController.php(1994): CodeIgniter\Debug\Exceptions->errorHandler(2, 'Undefined varia...', '/home/kottakota...', 1994)
#1 /home/kottakotabusines/public_html/system/CodeIgniter.php(825): App\Controllers\SalesAgentController->activateexistingUsers()
#2 /home/kottakotabusines/public_html/system/CodeIgniter.php(412): CodeIgniter\CodeIgniter->runController(Object(App\Controllers\SalesAgentController))
#3 /home/kottakotabusines/public_html/system/CodeIgniter.php(320): CodeIgniter\CodeIgniter->handleRequest(NULL, Object(Config\Cache), false)
#4 /home/kottakotabusines/public_html/index.php(41): CodeIgniter\CodeIgniter->run()
#5 {main}
CRITICAL - 2022-08-31 15:51:52 --> Undefined variable $drivinglicencedat
#0 /home/kottakotabusines/public_html/app/Controllers/SalesAgentController.php(1994): CodeIgniter\Debug\Exceptions->errorHandler(2, 'Undefined varia...', '/home/kottakota...', 1994)
#1 /home/kottakotabusines/public_html/system/CodeIgniter.php(825): App\Controllers\SalesAgentController->activateexistingUsers()
#2 /home/kottakotabusines/public_html/system/CodeIgniter.php(412): CodeIgniter\CodeIgniter->runController(Object(App\Controllers\SalesAgentController))
#3 /home/kottakotabusines/public_html/system/CodeIgniter.php(320): CodeIgniter\CodeIgniter->handleRequest(NULL, Object(Config\Cache), false)
#4 /home/kottakotabusines/public_html/index.php(41): CodeIgniter\CodeIgniter->run()
#5 {main}
CRITICAL - 2022-08-31 15:54:11 --> Undefined array key 0
#0 /home/kottakotabusines/public_html/app/Controllers/SalesAgentWalletController.php(75): CodeIgniter\Debug\Exceptions->errorHandler(2, 'Undefined array...', '/home/kottakota...', 75)
#1 /home/kottakotabusines/public_html/system/CodeIgniter.php(825): App\Controllers\SalesAgentWalletController->paymentnotation()
#2 /home/kottakotabusines/public_html/system/CodeIgniter.php(412): CodeIgniter\CodeIgniter->runController(Object(App\Controllers\SalesAgentWalletController))
#3 /home/kottakotabusines/public_html/system/CodeIgniter.php(320): CodeIgniter\CodeIgniter->handleRequest(NULL, Object(Config\Cache), false)
#4 /home/kottakotabusines/public_html/index.php(41): CodeIgniter\CodeIgniter->run()
#5 {main}
CRITICAL - 2022-08-31 16:02:00 --> Undefined array key 0
#0 /home/kottakotabusines/public_html/app/Controllers/SalesAgentWalletController.php(75): CodeIgniter\Debug\Exceptions->errorHandler(2, 'Undefined array...', '/home/kottakota...', 75)
#1 /home/kottakotabusines/public_html/system/CodeIgniter.php(825): App\Controllers\SalesAgentWalletController->paymentnotation()
#2 /home/kottakotabusines/public_html/system/CodeIgniter.php(412): CodeIgniter\CodeIgniter->runController(Object(App\Controllers\SalesAgentWalletController))
#3 /home/kottakotabusines/public_html/system/CodeIgniter.php(320): CodeIgniter\CodeIgniter->handleRequest(NULL, Object(Config\Cache), false)
#4 /home/kottakotabusines/public_html/index.php(41): CodeIgniter\CodeIgniter->run()
#5 {main}
CRITICAL - 2022-08-31 16:16:13 --> Undefined array key 0
#0 /home/kottakotabusines/public_html/app/Controllers/SalesAgentWalletController.php(75): CodeIgniter\Debug\Exceptions->errorHandler(2, 'Undefined array...', '/home/kottakota...', 75)
#1 /home/kottakotabusines/public_html/system/CodeIgniter.php(825): App\Controllers\SalesAgentWalletController->paymentnotation()
#2 /home/kottakotabusines/public_html/system/CodeIgniter.php(412): CodeIgniter\CodeIgniter->runController(Object(App\Controllers\SalesAgentWalletController))
#3 /home/kottakotabusines/public_html/system/CodeIgniter.php(320): CodeIgniter\CodeIgniter->handleRequest(NULL, Object(Config\Cache), false)
#4 /home/kottakotabusines/public_html/index.php(41): CodeIgniter\CodeIgniter->run()
#5 {main}
CRITICAL - 2022-08-31 16:23:13 --> Undefined array key 0
#0 /home/kottakotabusines/public_html/app/Controllers/SalesAgentWalletController.php(75): CodeIgniter\Debug\Exceptions->errorHandler(2, 'Undefined array...', '/home/kottakota...', 75)
#1 /home/kottakotabusines/public_html/system/CodeIgniter.php(825): App\Controllers\SalesAgentWalletController->paymentnotation()
#2 /home/kottakotabusines/public_html/system/CodeIgniter.php(412): CodeIgniter\CodeIgniter->runController(Object(App\Controllers\SalesAgentWalletController))
#3 /home/kottakotabusines/public_html/system/CodeIgniter.php(320): CodeIgniter\CodeIgniter->handleRequest(NULL, Object(Config\Cache), false)
#4 /home/kottakotabusines/public_html/index.php(41): CodeIgniter\CodeIgniter->run()
#5 {main}
CRITICAL - 2022-08-31 16:26:43 --> Undefined array key 0
#0 /home/kottakotabusines/public_html/app/Controllers/SalesAgentWalletController.php(75): CodeIgniter\Debug\Exceptions->errorHandler(2, 'Undefined array...', '/home/kottakota...', 75)
#1 /home/kottakotabusines/public_html/system/CodeIgniter.php(825): App\Controllers\SalesAgentWalletController->paymentnotation()
#2 /home/kottakotabusines/public_html/system/CodeIgniter.php(412): CodeIgniter\CodeIgniter->runController(Object(App\Controllers\SalesAgentWalletController))
#3 /home/kottakotabusines/public_html/system/CodeIgniter.php(320): CodeIgniter\CodeIgniter->handleRequest(NULL, Object(Config\Cache), false)
#4 /home/kottakotabusines/public_html/index.php(41): CodeIgniter\CodeIgniter->run()
#5 {main}
CRITICAL - 2022-08-31 16:29:13 --> Undefined array key 0
#0 /home/kottakotabusines/public_html/app/Controllers/SalesAgentWalletController.php(75): CodeIgniter\Debug\Exceptions->errorHandler(2, 'Undefined array...', '/home/kottakota...', 75)
#1 /home/kottakotabusines/public_html/system/CodeIgniter.php(825): App\Controllers\SalesAgentWalletController->paymentnotation()
#2 /home/kottakotabusines/public_html/system/CodeIgniter.php(412): CodeIgniter\CodeIgniter->runController(Object(App\Controllers\SalesAgentWalletController))
#3 /home/kottakotabusines/public_html/system/CodeIgniter.php(320): CodeIgniter\CodeIgniter->handleRequest(NULL, Object(Config\Cache), false)
#4 /home/kottakotabusines/public_html/index.php(41): CodeIgniter\CodeIgniter->run()
#5 {main}
CRITICAL - 2022-08-31 16:32:30 --> Undefined array key 0
#0 /home/kottakotabusines/public_html/app/Controllers/SalesAgentWalletController.php(75): CodeIgniter\Debug\Exceptions->errorHandler(2, 'Undefined array...', '/home/kottakota...', 75)
#1 /home/kottakotabusines/public_html/system/CodeIgniter.php(825): App\Controllers\SalesAgentWalletController->paymentnotation()
#2 /home/kottakotabusines/public_html/system/CodeIgniter.php(412): CodeIgniter\CodeIgniter->runController(Object(App\Controllers\SalesAgentWalletController))
#3 /home/kottakotabusines/public_html/system/CodeIgniter.php(320): CodeIgniter\CodeIgniter->handleRequest(NULL, Object(Config\Cache), false)
#4 /home/kottakotabusines/public_html/index.php(41): CodeIgniter\CodeIgniter->run()
#5 {main}
CRITICAL - 2022-08-31 16:46:45 --> Undefined array key 0
#0 /home/kottakotabusines/public_html/app/Controllers/SalesAgentWalletController.php(75): CodeIgniter\Debug\Exceptions->errorHandler(2, 'Undefined array...', '/home/kottakota...', 75)
#1 /home/kottakotabusines/public_html/system/CodeIgniter.php(825): App\Controllers\SalesAgentWalletController->paymentnotation()
#2 /home/kottakotabusines/public_html/system/CodeIgniter.php(412): CodeIgniter\CodeIgniter->runController(Object(App\Controllers\SalesAgentWalletController))
#3 /home/kottakotabusines/public_html/system/CodeIgniter.php(320): CodeIgniter\CodeIgniter->handleRequest(NULL, Object(Config\Cache), false)
#4 /home/kottakotabusines/public_html/index.php(41): CodeIgniter\CodeIgniter->run()
#5 {main}
CRITICAL - 2022-08-31 16:55:45 --> Undefined array key 0
#0 /home/kottakotabusines/public_html/app/Controllers/SalesAgentWalletController.php(75): CodeIgniter\Debug\Exceptions->errorHandler(2, 'Undefined array...', '/home/kottakota...', 75)
#1 /home/kottakotabusines/public_html/system/CodeIgniter.php(825): App\Controllers\SalesAgentWalletController->paymentnotation()
#2 /home/kottakotabusines/public_html/system/CodeIgniter.php(412): CodeIgniter\CodeIgniter->runController(Object(App\Controllers\SalesAgentWalletController))
#3 /home/kottakotabusines/public_html/system/CodeIgniter.php(320): CodeIgniter\CodeIgniter->handleRequest(NULL, Object(Config\Cache), false)
#4 /home/kottakotabusines/public_html/index.php(41): CodeIgniter\CodeIgniter->run()
#5 {main}
CRITICAL - 2022-08-31 17:32:48 --> Undefined array key 0
#0 /home/kottakotabusines/public_html/app/Controllers/SalesAgentWalletController.php(75): CodeIgniter\Debug\Exceptions->errorHandler(2, 'Undefined array...', '/home/kottakota...', 75)
#1 /home/kottakotabusines/public_html/system/CodeIgniter.php(825): App\Controllers\SalesAgentWalletController->paymentnotation()
#2 /home/kottakotabusines/public_html/system/CodeIgniter.php(412): CodeIgniter\CodeIgniter->runController(Object(App\Controllers\SalesAgentWalletController))
#3 /home/kottakotabusines/public_html/system/CodeIgniter.php(320): CodeIgniter\CodeIgniter->handleRequest(NULL, Object(Config\Cache), false)
#4 /home/kottakotabusines/public_html/index.php(41): CodeIgniter\CodeIgniter->run()
#5 {main}
CRITICAL - 2022-08-31 17:37:05 --> Undefined array key 0
#0 /home/kottakotabusines/public_html/app/Controllers/SalesAgentWalletController.php(75): CodeIgniter\Debug\Exceptions->errorHandler(2, 'Undefined array...', '/home/kottakota...', 75)
#1 /home/kottakotabusines/public_html/system/CodeIgniter.php(825): App\Controllers\SalesAgentWalletController->paymentnotation()
#2 /home/kottakotabusines/public_html/system/CodeIgniter.php(412): CodeIgniter\CodeIgniter->runController(Object(App\Controllers\SalesAgentWalletController))
#3 /home/kottakotabusines/public_html/system/CodeIgniter.php(320): CodeIgniter\CodeIgniter->handleRequest(NULL, Object(Config\Cache), false)
#4 /home/kottakotabusines/public_html/index.php(41): CodeIgniter\CodeIgniter->run()
#5 {main}
CRITICAL - 2022-08-31 17:53:49 --> Undefined array key 0
#0 /home/kottakotabusines/public_html/app/Controllers/SalesAgentWalletController.php(75): CodeIgniter\Debug\Exceptions->errorHandler(2, 'Undefined array...', '/home/kottakota...', 75)
#1 /home/kottakotabusines/public_html/system/CodeIgniter.php(825): App\Controllers\SalesAgentWalletController->paymentnotation()
#2 /home/kottakotabusines/public_html/system/CodeIgniter.php(412): CodeIgniter\CodeIgniter->runController(Object(App\Controllers\SalesAgentWalletController))
#3 /home/kottakotabusines/public_html/system/CodeIgniter.php(320): CodeIgniter\CodeIgniter->handleRequest(NULL, Object(Config\Cache), false)
#4 /home/kottakotabusines/public_html/index.php(41): CodeIgniter\CodeIgniter->run()
#5 {main}
CRITICAL - 2022-08-31 18:01:49 --> Undefined array key 0
#0 /home/kottakotabusines/public_html/app/Controllers/SalesAgentWalletController.php(75): CodeIgniter\Debug\Exceptions->errorHandler(2, 'Undefined array...', '/home/kottakota...', 75)
#1 /home/kottakotabusines/public_html/system/CodeIgniter.php(825): App\Controllers\SalesAgentWalletController->paymentnotation()
#2 /home/kottakotabusines/public_html/system/CodeIgniter.php(412): CodeIgniter\CodeIgniter->runController(Object(App\Controllers\SalesAgentWalletController))
#3 /home/kottakotabusines/public_html/system/CodeIgniter.php(320): CodeIgniter\CodeIgniter->handleRequest(NULL, Object(Config\Cache), false)
#4 /home/kottakotabusines/public_html/index.php(41): CodeIgniter\CodeIgniter->run()
#5 {main}
CRITICAL - 2022-08-31 18:29:22 --> Undefined array key 0
#0 /home/kottakotabusines/public_html/app/Controllers/SalesAgentWalletController.php(75): CodeIgniter\Debug\Exceptions->errorHandler(2, 'Undefined array...', '/home/kottakota...', 75)
#1 /home/kottakotabusines/public_html/system/CodeIgniter.php(825): App\Controllers\SalesAgentWalletController->paymentnotation()
#2 /home/kottakotabusines/public_html/system/CodeIgniter.php(412): CodeIgniter\CodeIgniter->runController(Object(App\Controllers\SalesAgentWalletController))
#3 /home/kottakotabusines/public_html/system/CodeIgniter.php(320): CodeIgniter\CodeIgniter->handleRequest(NULL, Object(Config\Cache), false)
#4 /home/kottakotabusines/public_html/index.php(41): CodeIgniter\CodeIgniter->run()
#5 {main}
CRITICAL - 2022-08-31 18:34:52 --> Undefined array key 0
#0 /home/kottakotabusines/public_html/app/Controllers/SalesAgentWalletController.php(75): CodeIgniter\Debug\Exceptions->errorHandler(2, 'Undefined array...', '/home/kottakota...', 75)
#1 /home/kottakotabusines/public_html/system/CodeIgniter.php(825): App\Controllers\SalesAgentWalletController->paymentnotation()
#2 /home/kottakotabusines/public_html/system/CodeIgniter.php(412): CodeIgniter\CodeIgniter->runController(Object(App\Controllers\SalesAgentWalletController))
#3 /home/kottakotabusines/public_html/system/CodeIgniter.php(320): CodeIgniter\CodeIgniter->handleRequest(NULL, Object(Config\Cache), false)
#4 /home/kottakotabusines/public_html/index.php(41): CodeIgniter\CodeIgniter->run()
#5 {main}
CRITICAL - 2022-08-31 18:37:22 --> Undefined array key 0
#0 /home/kottakotabusines/public_html/app/Controllers/SalesAgentWalletController.php(75): CodeIgniter\Debug\Exceptions->errorHandler(2, 'Undefined array...', '/home/kottakota...', 75)
#1 /home/kottakotabusines/public_html/system/CodeIgniter.php(825): App\Controllers\SalesAgentWalletController->paymentnotation()
#2 /home/kottakotabusines/public_html/system/CodeIgniter.php(412): CodeIgniter\CodeIgniter->runController(Object(App\Controllers\SalesAgentWalletController))
#3 /home/kottakotabusines/public_html/system/CodeIgniter.php(320): CodeIgniter\CodeIgniter->handleRequest(NULL, Object(Config\Cache), false)
#4 /home/kottakotabusines/public_html/index.php(41): CodeIgniter\CodeIgniter->run()
#5 {main}
CRITICAL - 2022-08-31 19:20:25 --> Undefined array key 0
#0 /home/kottakotabusines/public_html/app/Controllers/SalesAgentWalletController.php(75): CodeIgniter\Debug\Exceptions->errorHandler(2, 'Undefined array...', '/home/kottakota...', 75)
#1 /home/kottakotabusines/public_html/system/CodeIgniter.php(825): App\Controllers\SalesAgentWalletController->paymentnotation()
#2 /home/kottakotabusines/public_html/system/CodeIgniter.php(412): CodeIgniter\CodeIgniter->runController(Object(App\Controllers\SalesAgentWalletController))
#3 /home/kottakotabusines/public_html/system/CodeIgniter.php(320): CodeIgniter\CodeIgniter->handleRequest(NULL, Object(Config\Cache), false)
#4 /home/kottakotabusines/public_html/index.php(41): CodeIgniter\CodeIgniter->run()
#5 {main}
CRITICAL - 2022-08-31 19:30:26 --> Undefined array key 0
#0 /home/kottakotabusines/public_html/app/Controllers/SalesAgentWalletController.php(75): CodeIgniter\Debug\Exceptions->errorHandler(2, 'Undefined array...', '/home/kottakota...', 75)
#1 /home/kottakotabusines/public_html/system/CodeIgniter.php(825): App\Controllers\SalesAgentWalletController->paymentnotation()
#2 /home/kottakotabusines/public_html/system/CodeIgniter.php(412): CodeIgniter\CodeIgniter->runController(Object(App\Controllers\SalesAgentWalletController))
#3 /home/kottakotabusines/public_html/system/CodeIgniter.php(320): CodeIgniter\CodeIgniter->handleRequest(NULL, Object(Config\Cache), false)
#4 /home/kottakotabusines/public_html/index.php(41): CodeIgniter\CodeIgniter->run()
#5 {main}
CRITICAL - 2022-08-31 19:32:56 --> Undefined array key 0
#0 /home/kottakotabusines/public_html/app/Controllers/SalesAgentWalletController.php(75): CodeIgniter\Debug\Exceptions->errorHandler(2, 'Undefined array...', '/home/kottakota...', 75)
#1 /home/kottakotabusines/public_html/system/CodeIgniter.php(825): App\Controllers\SalesAgentWalletController->paymentnotation()
#2 /home/kottakotabusines/public_html/system/CodeIgniter.php(412): CodeIgniter\CodeIgniter->runController(Object(App\Controllers\SalesAgentWalletController))
#3 /home/kottakotabusines/public_html/system/CodeIgniter.php(320): CodeIgniter\CodeIgniter->handleRequest(NULL, Object(Config\Cache), false)
#4 /home/kottakotabusines/public_html/index.php(41): CodeIgniter\CodeIgniter->run()
#5 {main}
CRITICAL - 2022-08-31 20:16:29 --> Undefined array key 0
#0 /home/kottakotabusines/public_html/app/Controllers/SalesAgentWalletController.php(75): CodeIgniter\Debug\Exceptions->errorHandler(2, 'Undefined array...', '/home/kottakota...', 75)
#1 /home/kottakotabusines/public_html/system/CodeIgniter.php(825): App\Controllers\SalesAgentWalletController->paymentnotation()
#2 /home/kottakotabusines/public_html/system/CodeIgniter.php(412): CodeIgniter\CodeIgniter->runController(Object(App\Controllers\SalesAgentWalletController))
#3 /home/kottakotabusines/public_html/system/CodeIgniter.php(320): CodeIgniter\CodeIgniter->handleRequest(NULL, Object(Config\Cache), false)
#4 /home/kottakotabusines/public_html/index.php(41): CodeIgniter\CodeIgniter->run()
#5 {main}
CRITICAL - 2022-08-31 20:30:18 --> Undefined variable $drivinglicencedat
#0 /home/kottakotabusines/public_html/app/Controllers/SalesAgentController.php(1994): CodeIgniter\Debug\Exceptions->errorHandler(2, 'Undefined varia...', '/home/kottakota...', 1994)
#1 /home/kottakotabusines/public_html/system/CodeIgniter.php(825): App\Controllers\SalesAgentController->activateexistingUsers()
#2 /home/kottakotabusines/public_html/system/CodeIgniter.php(412): CodeIgniter\CodeIgniter->runController(Object(App\Controllers\SalesAgentController))
#3 /home/kottakotabusines/public_html/system/CodeIgniter.php(320): CodeIgniter\CodeIgniter->handleRequest(NULL, Object(Config\Cache), false)
#4 /home/kottakotabusines/public_html/index.php(41): CodeIgniter\CodeIgniter->run()
#5 {main}
CRITICAL - 2022-08-31 20:30:18 --> Undefined variable $drivinglicencedat
#0 /home/kottakotabusines/public_html/app/Controllers/SalesAgentController.php(1994): CodeIgniter\Debug\Exceptions->errorHandler(2, 'Undefined varia...', '/home/kottakota...', 1994)
#1 /home/kottakotabusines/public_html/system/CodeIgniter.php(825): App\Controllers\SalesAgentController->activateexistingUsers()
#2 /home/kottakotabusines/public_html/system/CodeIgniter.php(412): CodeIgniter\CodeIgniter->runController(Object(App\Controllers\SalesAgentController))
#3 /home/kottakotabusines/public_html/system/CodeIgniter.php(320): CodeIgniter\CodeIgniter->handleRequest(NULL, Object(Config\Cache), false)
#4 /home/kottakotabusines/public_html/index.php(41): CodeIgniter\CodeIgniter->run()
#5 {main}
CRITICAL - 2022-08-31 20:30:18 --> Undefined variable $drivinglicencedat
#0 /home/kottakotabusines/public_html/app/Controllers/SalesAgentController.php(1994): CodeIgniter\Debug\Exceptions->errorHandler(2, 'Undefined varia...', '/home/kottakota...', 1994)
#1 /home/kottakotabusines/public_html/system/CodeIgniter.php(825): App\Controllers\SalesAgentController->activateexistingUsers()
#2 /home/kottakotabusines/public_html/system/CodeIgniter.php(412): CodeIgniter\CodeIgniter->runController(Object(App\Controllers\SalesAgentController))
#3 /home/kottakotabusines/public_html/system/CodeIgniter.php(320): CodeIgniter\CodeIgniter->handleRequest(NULL, Object(Config\Cache), false)
#4 /home/kottakotabusines/public_html/index.php(41): CodeIgniter\CodeIgniter->run()
#5 {main}
CRITICAL - 2022-08-31 20:37:30 --> Undefined array key 0
#0 /home/kottakotabusines/public_html/app/Controllers/SalesAgentWalletController.php(75): CodeIgniter\Debug\Exceptions->errorHandler(2, 'Undefined array...', '/home/kottakota...', 75)
#1 /home/kottakotabusines/public_html/system/CodeIgniter.php(825): App\Controllers\SalesAgentWalletController->paymentnotation()
#2 /home/kottakotabusines/public_html/system/CodeIgniter.php(412): CodeIgniter\CodeIgniter->runController(Object(App\Controllers\SalesAgentWalletController))
#3 /home/kottakotabusines/public_html/system/CodeIgniter.php(320): CodeIgniter\CodeIgniter->handleRequest(NULL, Object(Config\Cache), false)
#4 /home/kottakotabusines/public_html/index.php(41): CodeIgniter\CodeIgniter->run()
#5 {main}
CRITICAL - 2022-08-31 20:47:00 --> Undefined array key 0
#0 /home/kottakotabusines/public_html/app/Controllers/SalesAgentWalletController.php(75): CodeIgniter\Debug\Exceptions->errorHandler(2, 'Undefined array...', '/home/kottakota...', 75)
#1 /home/kottakotabusines/public_html/system/CodeIgniter.php(825): App\Controllers\SalesAgentWalletController->paymentnotation()
#2 /home/kottakotabusines/public_html/system/CodeIgniter.php(412): CodeIgniter\CodeIgniter->runController(Object(App\Controllers\SalesAgentWalletController))
#3 /home/kottakotabusines/public_html/system/CodeIgniter.php(320): CodeIgniter\CodeIgniter->handleRequest(NULL, Object(Config\Cache), false)
#4 /home/kottakotabusines/public_html/index.php(41): CodeIgniter\CodeIgniter->run()
#5 {main}
CRITICAL - 2022-08-31 22:02:05 --> Undefined array key 0
#0 /home/kottakotabusines/public_html/app/Controllers/SalesAgentWalletController.php(75): CodeIgniter\Debug\Exceptions->errorHandler(2, 'Undefined array...', '/home/kottakota...', 75)
#1 /home/kottakotabusines/public_html/system/CodeIgniter.php(825): App\Controllers\SalesAgentWalletController->paymentnotation()
#2 /home/kottakotabusines/public_html/system/CodeIgniter.php(412): CodeIgniter\CodeIgniter->runController(Object(App\Controllers\SalesAgentWalletController))
#3 /home/kottakotabusines/public_html/system/CodeIgniter.php(320): CodeIgniter\CodeIgniter->handleRequest(NULL, Object(Config\Cache), false)
#4 /home/kottakotabusines/public_html/index.php(41): CodeIgniter\CodeIgniter->run()
#5 {main}
CRITICAL - 2022-08-31 22:29:37 --> Undefined array key 0
#0 /home/kottakotabusines/public_html/app/Controllers/SalesAgentWalletController.php(75): CodeIgniter\Debug\Exceptions->errorHandler(2, 'Undefined array...', '/home/kottakota...', 75)
#1 /home/kottakotabusines/public_html/system/CodeIgniter.php(825): App\Controllers\SalesAgentWalletController->paymentnotation()
#2 /home/kottakotabusines/public_html/system/CodeIgniter.php(412): CodeIgniter\CodeIgniter->runController(Object(App\Controllers\SalesAgentWalletController))
#3 /home/kottakotabusines/public_html/system/CodeIgniter.php(320): CodeIgniter\CodeIgniter->handleRequest(NULL, Object(Config\Cache), false)
#4 /home/kottakotabusines/public_html/index.php(41): CodeIgniter\CodeIgniter->run()
#5 {main}
CRITICAL - 2022-08-31 22:33:47 --> Undefined array key 0
#0 /home/kottakotabusines/public_html/app/Controllers/IciciBankController.php(155): CodeIgniter\Debug\Exceptions->errorHandler(2, 'Undefined array...', '/home/kottakota...', 155)
#1 /home/kottakotabusines/public_html/system/CodeIgniter.php(825): App\Controllers\IciciBankController->requestid()
#2 /home/kottakotabusines/public_html/system/CodeIgniter.php(412): CodeIgniter\CodeIgniter->runController(Object(App\Controllers\IciciBankController))
#3 /home/kottakotabusines/public_html/system/CodeIgniter.php(320): CodeIgniter\CodeIgniter->handleRequest(NULL, Object(Config\Cache), false)
#4 /home/kottakotabusines/public_html/index.php(41): CodeIgniter\CodeIgniter->run()
#5 {main}
CRITICAL - 2022-08-31 23:33:11 --> Undefined array key 0
#0 /home/kottakotabusines/public_html/app/Controllers/SalesAgentWalletController.php(75): CodeIgniter\Debug\Exceptions->errorHandler(2, 'Undefined array...', '/home/kottakota...', 75)
#1 /home/kottakotabusines/public_html/system/CodeIgniter.php(825): App\Controllers\SalesAgentWalletController->paymentnotation()
#2 /home/kottakotabusines/public_html/system/CodeIgniter.php(412): CodeIgniter\CodeIgniter->runController(Object(App\Controllers\SalesAgentWalletController))
#3 /home/kottakotabusines/public_html/system/CodeIgniter.php(320): CodeIgniter\CodeIgniter->handleRequest(NULL, Object(Config\Cache), false)
#4 /home/kottakotabusines/public_html/index.php(41): CodeIgniter\CodeIgniter->run()
#5 {main}
