CRITICAL - 2022-04-02 00:19:18 --> Undefined array key 0
#0 /home/kottako/public_html/app/Controllers/SalesAgentController.php(973): CodeIgniter\Debug\Exceptions->errorHandler()
#1 /home/kottako/public_html/system/CodeIgniter.php(825): App\Controllers\SalesAgentController->stats()
#2 /home/kottako/public_html/system/CodeIgniter.php(412): CodeIgniter\CodeIgniter->runController()
#3 /home/kottako/public_html/system/CodeIgniter.php(320): CodeIgniter\CodeIgniter->handleRequest()
#4 /home/kottako/public_html/index.php(37): CodeIgniter\CodeIgniter->run()
#5 {main}
CRITICAL - 2022-04-02 12:49:41 --> Call to undefined method App\Models\SalesManagerModel::snglprddtls
#0 /home/kottako/public_html/app/Controllers/OEMController.php(659): CodeIgniter\Model->__call()
#1 /home/kottako/public_html/system/CodeIgniter.php(825): App\Controllers\OEMController->tagActivation()
#2 /home/kottako/public_html/system/CodeIgniter.php(412): CodeIgniter\CodeIgniter->runController()
#3 /home/kottako/public_html/system/CodeIgniter.php(320): CodeIgniter\CodeIgniter->handleRequest()
#4 /home/kottako/public_html/index.php(37): CodeIgniter\CodeIgniter->run()
#5 {main}
CRITICAL - 2022-04-02 12:50:48 --> Call to undefined method App\Models\SalesManagerModel::snglprddtls
#0 /home/kottako/public_html/app/Controllers/OEMController.php(659): CodeIgniter\Model->__call()
#1 /home/kottako/public_html/system/CodeIgniter.php(825): App\Controllers\OEMController->tagActivation()
#2 /home/kottako/public_html/system/CodeIgniter.php(412): CodeIgniter\CodeIgniter->runController()
#3 /home/kottako/public_html/system/CodeIgniter.php(320): CodeIgniter\CodeIgniter->handleRequest()
#4 /home/kottako/public_html/index.php(37): CodeIgniter\CodeIgniter->run()
#5 {main}
CRITICAL - 2022-04-02 12:58:20 --> Invalid file: oem/Profile.php
#0 /home/kottako/public_html/system/View/View.php(198): CodeIgniter\Exceptions\FrameworkException::forInvalidFile()
#1 /home/kottako/public_html/system/Common.php(1089): CodeIgniter\View\View->render()
#2 /home/kottako/public_html/app/Controllers/oemProfileController.php(279): view()
#3 /home/kottako/public_html/system/CodeIgniter.php(825): App\Controllers\oemProfileController->viewProfile()
#4 /home/kottako/public_html/system/CodeIgniter.php(412): CodeIgniter\CodeIgniter->runController()
#5 /home/kottako/public_html/system/CodeIgniter.php(320): CodeIgniter\CodeIgniter->handleRequest()
#6 /home/kottako/public_html/index.php(37): CodeIgniter\CodeIgniter->run()
#7 {main}
CRITICAL - 2022-04-02 13:16:26 --> Undefined array key 0
#0 /home/kottako/public_html/app/Controllers/SalesAgentController.php(973): CodeIgniter\Debug\Exceptions->errorHandler()
#1 /home/kottako/public_html/system/CodeIgniter.php(825): App\Controllers\SalesAgentController->stats()
#2 /home/kottako/public_html/system/CodeIgniter.php(412): CodeIgniter\CodeIgniter->runController()
#3 /home/kottako/public_html/system/CodeIgniter.php(320): CodeIgniter\CodeIgniter->handleRequest()
#4 /home/kottako/public_html/index.php(37): CodeIgniter\CodeIgniter->run()
#5 {main}
CRITICAL - 2022-04-02 13:24:48 --> Call to undefined method App\Models\SalesManagerModel::snglprddtls
#0 /home/kottako/public_html/app/Controllers/OEMController.php(659): CodeIgniter\Model->__call()
#1 /home/kottako/public_html/system/CodeIgniter.php(825): App\Controllers\OEMController->tagActivation()
#2 /home/kottako/public_html/system/CodeIgniter.php(412): CodeIgniter\CodeIgniter->runController()
#3 /home/kottako/public_html/system/CodeIgniter.php(320): CodeIgniter\CodeIgniter->handleRequest()
#4 /home/kottako/public_html/index.php(37): CodeIgniter\CodeIgniter->run()
#5 {main}
CRITICAL - 2022-04-02 13:24:56 --> Call to undefined method App\Models\SalesManagerModel::snglprddtls
#0 /home/kottako/public_html/app/Controllers/OEMController.php(659): CodeIgniter\Model->__call()
#1 /home/kottako/public_html/system/CodeIgniter.php(825): App\Controllers\OEMController->tagActivation()
#2 /home/kottako/public_html/system/CodeIgniter.php(412): CodeIgniter\CodeIgniter->runController()
#3 /home/kottako/public_html/system/CodeIgniter.php(320): CodeIgniter\CodeIgniter->handleRequest()
#4 /home/kottako/public_html/index.php(37): CodeIgniter\CodeIgniter->run()
#5 {main}
CRITICAL - 2022-04-02 13:25:17 --> Call to undefined method App\Models\SalesManagerModel::snglprddtls
#0 /home/kottako/public_html/app/Controllers/OEMController.php(659): CodeIgniter\Model->__call()
#1 /home/kottako/public_html/system/CodeIgniter.php(825): App\Controllers\OEMController->tagActivation()
#2 /home/kottako/public_html/system/CodeIgniter.php(412): CodeIgniter\CodeIgniter->runController()
#3 /home/kottako/public_html/system/CodeIgniter.php(320): CodeIgniter\CodeIgniter->handleRequest()
#4 /home/kottako/public_html/index.php(37): CodeIgniter\CodeIgniter->run()
#5 {main}
CRITICAL - 2022-04-02 14:16:51 --> Undefined array key 0
#0 /home/kottako/public_html/app/Controllers/SalesAgentController.php(973): CodeIgniter\Debug\Exceptions->errorHandler()
#1 /home/kottako/public_html/system/CodeIgniter.php(825): App\Controllers\SalesAgentController->stats()
#2 /home/kottako/public_html/system/CodeIgniter.php(412): CodeIgniter\CodeIgniter->runController()
#3 /home/kottako/public_html/system/CodeIgniter.php(320): CodeIgniter\CodeIgniter->handleRequest()
#4 /home/kottako/public_html/index.php(37): CodeIgniter\CodeIgniter->run()
#5 {main}
CRITICAL - 2022-04-02 16:17:23 --> Undefined array key 0
#0 /home/kottako/public_html/app/Controllers/SalesAgentController.php(973): CodeIgniter\Debug\Exceptions->errorHandler()
#1 /home/kottako/public_html/system/CodeIgniter.php(825): App\Controllers\SalesAgentController->stats()
#2 /home/kottako/public_html/system/CodeIgniter.php(412): CodeIgniter\CodeIgniter->runController()
#3 /home/kottako/public_html/system/CodeIgniter.php(320): CodeIgniter\CodeIgniter->handleRequest()
#4 /home/kottako/public_html/index.php(37): CodeIgniter\CodeIgniter->run()
#5 {main}
CRITICAL - 2022-04-02 20:17:52 --> Undefined array key 0
#0 /home/kottako/public_html/app/Controllers/SalesAgentController.php(973): CodeIgniter\Debug\Exceptions->errorHandler()
#1 /home/kottako/public_html/system/CodeIgniter.php(825): App\Controllers\SalesAgentController->stats()
#2 /home/kottako/public_html/system/CodeIgniter.php(412): CodeIgniter\CodeIgniter->runController()
#3 /home/kottako/public_html/system/CodeIgniter.php(320): CodeIgniter\CodeIgniter->handleRequest()
#4 /home/kottako/public_html/index.php(37): CodeIgniter\CodeIgniter->run()
#5 {main}
