CRITICAL - 2022-08-06 20:34:19 --> Undefined variable $drivinglicencedat
#0 /home/kottakotabusines/public_html/app/Controllers/SalesAgentController.php(1941): CodeIgniter\Debug\Exceptions->errorHandler(2, 'Undefined varia...', '/home/kottakota...', 1941)
#1 /home/kottakotabusines/public_html/system/CodeIgniter.php(825): App\Controllers\SalesAgentController->activateexistingUsers()
#2 /home/kottakotabusines/public_html/system/CodeIgniter.php(412): CodeIgniter\CodeIgniter->runController(Object(App\Controllers\SalesAgentController))
#3 /home/kottakotabusines/public_html/system/CodeIgniter.php(320): CodeIgniter\CodeIgniter->handleRequest(NULL, Object(Config\Cache), false)
#4 /home/kottakotabusines/public_html/index.php(41): CodeIgniter\CodeIgniter->run()
#5 {main}
CRITICAL - 2022-08-06 20:34:49 --> Undefined variable $drivinglicencedat
#0 /home/kottakotabusines/public_html/app/Controllers/SalesAgentController.php(1941): CodeIgniter\Debug\Exceptions->errorHandler(2, 'Undefined varia...', '/home/kottakota...', 1941)
#1 /home/kottakotabusines/public_html/system/CodeIgniter.php(825): App\Controllers\SalesAgentController->activateexistingUsers()
#2 /home/kottakotabusines/public_html/system/CodeIgniter.php(412): CodeIgniter\CodeIgniter->runController(Object(App\Controllers\SalesAgentController))
#3 /home/kottakotabusines/public_html/system/CodeIgniter.php(320): CodeIgniter\CodeIgniter->handleRequest(NULL, Object(Config\Cache), false)
#4 /home/kottakotabusines/public_html/index.php(41): CodeIgniter\CodeIgniter->run()
#5 {main}
CRITICAL - 2022-08-06 20:34:49 --> Undefined variable $drivinglicencedat
#0 /home/kottakotabusines/public_html/app/Controllers/SalesAgentController.php(1941): CodeIgniter\Debug\Exceptions->errorHandler(2, 'Undefined varia...', '/home/kottakota...', 1941)
#1 /home/kottakotabusines/public_html/system/CodeIgniter.php(825): App\Controllers\SalesAgentController->activateexistingUsers()
#2 /home/kottakotabusines/public_html/system/CodeIgniter.php(412): CodeIgniter\CodeIgniter->runController(Object(App\Controllers\SalesAgentController))
#3 /home/kottakotabusines/public_html/system/CodeIgniter.php(320): CodeIgniter\CodeIgniter->handleRequest(NULL, Object(Config\Cache), false)
#4 /home/kottakotabusines/public_html/index.php(41): CodeIgniter\CodeIgniter->run()
#5 {main}
CRITICAL - 2022-08-06 20:34:49 --> Undefined variable $drivinglicencedat
#0 /home/kottakotabusines/public_html/app/Controllers/SalesAgentController.php(1941): CodeIgniter\Debug\Exceptions->errorHandler(2, 'Undefined varia...', '/home/kottakota...', 1941)
#1 /home/kottakotabusines/public_html/system/CodeIgniter.php(825): App\Controllers\SalesAgentController->activateexistingUsers()
#2 /home/kottakotabusines/public_html/system/CodeIgniter.php(412): CodeIgniter\CodeIgniter->runController(Object(App\Controllers\SalesAgentController))
#3 /home/kottakotabusines/public_html/system/CodeIgniter.php(320): CodeIgniter\CodeIgniter->handleRequest(NULL, Object(Config\Cache), false)
#4 /home/kottakotabusines/public_html/index.php(41): CodeIgniter\CodeIgniter->run()
#5 {main}
CRITICAL - 2022-08-06 20:34:49 --> Undefined variable $drivinglicencedat
#0 /home/kottakotabusines/public_html/app/Controllers/SalesAgentController.php(1941): CodeIgniter\Debug\Exceptions->errorHandler(2, 'Undefined varia...', '/home/kottakota...', 1941)
#1 /home/kottakotabusines/public_html/system/CodeIgniter.php(825): App\Controllers\SalesAgentController->activateexistingUsers()
#2 /home/kottakotabusines/public_html/system/CodeIgniter.php(412): CodeIgniter\CodeIgniter->runController(Object(App\Controllers\SalesAgentController))
#3 /home/kottakotabusines/public_html/system/CodeIgniter.php(320): CodeIgniter\CodeIgniter->handleRequest(NULL, Object(Config\Cache), false)
#4 /home/kottakotabusines/public_html/index.php(41): CodeIgniter\CodeIgniter->run()
#5 {main}
ERROR - 2022-08-06 20:37:58 --> Email: sendWithSmtp throwed fsockopen(): Peer certificate CN=`ns31236818.ip-151-106-32.eu' did not match expected CN=`smtp.gmail.com'
ERROR - 2022-08-06 20:48:52 --> Email: sendWithSmtp throwed fsockopen(): Peer certificate CN=`ns31236818.ip-151-106-32.eu' did not match expected CN=`smtp.gmail.com'
ERROR - 2022-08-06 20:55:59 --> Email: sendWithSmtp throwed fsockopen(): Peer certificate CN=`ns31236818.ip-151-106-32.eu' did not match expected CN=`smtp.gmail.com'
CRITICAL - 2022-08-06 20:59:50 --> Undefined array key 0
#0 /home/kottakotabusines/public_html/app/Controllers/SalesAgentWalletController.php(75): CodeIgniter\Debug\Exceptions->errorHandler(2, 'Undefined array...', '/home/kottakota...', 75)
#1 /home/kottakotabusines/public_html/system/CodeIgniter.php(825): App\Controllers\SalesAgentWalletController->paymentnotation()
#2 /home/kottakotabusines/public_html/system/CodeIgniter.php(412): CodeIgniter\CodeIgniter->runController(Object(App\Controllers\SalesAgentWalletController))
#3 /home/kottakotabusines/public_html/system/CodeIgniter.php(320): CodeIgniter\CodeIgniter->handleRequest(NULL, Object(Config\Cache), false)
#4 /home/kottakotabusines/public_html/index.php(41): CodeIgniter\CodeIgniter->run()
#5 {main}
CRITICAL - 2022-08-06 21:07:41 --> Undefined array key 0
#0 /home/kottakotabusines/public_html/app/Controllers/SalesAgentWalletController.php(75): CodeIgniter\Debug\Exceptions->errorHandler(2, 'Undefined array...', '/home/kottakota...', 75)
#1 /home/kottakotabusines/public_html/system/CodeIgniter.php(825): App\Controllers\SalesAgentWalletController->paymentnotation()
#2 /home/kottakotabusines/public_html/system/CodeIgniter.php(412): CodeIgniter\CodeIgniter->runController(Object(App\Controllers\SalesAgentWalletController))
#3 /home/kottakotabusines/public_html/system/CodeIgniter.php(320): CodeIgniter\CodeIgniter->handleRequest(NULL, Object(Config\Cache), false)
#4 /home/kottakotabusines/public_html/index.php(41): CodeIgniter\CodeIgniter->run()
#5 {main}
CRITICAL - 2022-08-06 21:08:42 --> Undefined array key 0
#0 /home/kottakotabusines/public_html/app/Controllers/SalesAgentWalletController.php(75): CodeIgniter\Debug\Exceptions->errorHandler(2, 'Undefined array...', '/home/kottakota...', 75)
#1 /home/kottakotabusines/public_html/system/CodeIgniter.php(825): App\Controllers\SalesAgentWalletController->paymentnotation()
#2 /home/kottakotabusines/public_html/system/CodeIgniter.php(412): CodeIgniter\CodeIgniter->runController(Object(App\Controllers\SalesAgentWalletController))
#3 /home/kottakotabusines/public_html/system/CodeIgniter.php(320): CodeIgniter\CodeIgniter->handleRequest(NULL, Object(Config\Cache), false)
#4 /home/kottakotabusines/public_html/index.php(41): CodeIgniter\CodeIgniter->run()
#5 {main}
ERROR - 2022-08-06 21:09:32 --> Email: sendWithSmtp throwed fsockopen(): Peer certificate CN=`ns31236818.ip-151-106-32.eu' did not match expected CN=`smtp.gmail.com'
ERROR - 2022-08-06 21:10:10 --> Email: sendWithSmtp throwed fsockopen(): Peer certificate CN=`ns31236818.ip-151-106-32.eu' did not match expected CN=`smtp.gmail.com'
CRITICAL - 2022-08-06 21:10:51 --> unlink(/home/kottakotabusines/public_html/writable/debugbar/debugbar_1659799658.json): No such file or directory
#0 [internal function]: CodeIgniter\Debug\Exceptions->errorHandler(2, 'unlink(/home/ko...', '/home/kottakota...', 74)
#1 /home/kottakotabusines/public_html/system/Debug/Toolbar/Collectors/History.php(74): unlink('/home/kottakota...')
#2 /home/kottakotabusines/public_html/system/Debug/Toolbar.php(487): CodeIgniter\Debug\Toolbar\Collectors\History->setFiles(1659800450, 20)
#3 /home/kottakotabusines/public_html/system/Debug/Toolbar.php(464): CodeIgniter\Debug\Toolbar->format(Array, 'html')
#4 /home/kottakotabusines/public_html/app/Config/Events.php(48): CodeIgniter\Debug\Toolbar->respond()
#5 /home/kottakotabusines/public_html/system/Events/Events.php(149): CodeIgniter\Events\Events::Config\{closure}()
#6 /home/kottakotabusines/public_html/system/CodeIgniter.php(302): CodeIgniter\Events\Events::trigger('pre_system')
#7 /home/kottakotabusines/public_html/index.php(41): CodeIgniter\CodeIgniter->run()
#8 {main}
ERROR - 2022-08-06 21:10:54 --> Email: sendWithSmtp throwed fsockopen(): Peer certificate CN=`ns31236818.ip-151-106-32.eu' did not match expected CN=`smtp.gmail.com'
ERROR - 2022-08-06 21:11:32 --> Email: sendWithSmtp throwed fsockopen(): Peer certificate CN=`ns31236818.ip-151-106-32.eu' did not match expected CN=`smtp.gmail.com'
CRITICAL - 2022-08-06 21:11:44 --> Undefined array key 0
#0 /home/kottakotabusines/public_html/app/Controllers/SalesAgentWalletController.php(75): CodeIgniter\Debug\Exceptions->errorHandler(2, 'Undefined array...', '/home/kottakota...', 75)
#1 /home/kottakotabusines/public_html/system/CodeIgniter.php(825): App\Controllers\SalesAgentWalletController->paymentnotation()
#2 /home/kottakotabusines/public_html/system/CodeIgniter.php(412): CodeIgniter\CodeIgniter->runController(Object(App\Controllers\SalesAgentWalletController))
#3 /home/kottakotabusines/public_html/system/CodeIgniter.php(320): CodeIgniter\CodeIgniter->handleRequest(NULL, Object(Config\Cache), false)
#4 /home/kottakotabusines/public_html/index.php(41): CodeIgniter\CodeIgniter->run()
#5 {main}
ERROR - 2022-08-06 21:12:05 --> Email: sendWithSmtp throwed fsockopen(): Peer certificate CN=`ns31236818.ip-151-106-32.eu' did not match expected CN=`smtp.gmail.com'
CRITICAL - 2022-08-06 21:13:41 --> Undefined array key 0
#0 /home/kottakotabusines/public_html/app/Controllers/SalesAgentWalletController.php(75): CodeIgniter\Debug\Exceptions->errorHandler(2, 'Undefined array...', '/home/kottakota...', 75)
#1 /home/kottakotabusines/public_html/system/CodeIgniter.php(825): App\Controllers\SalesAgentWalletController->paymentnotation()
#2 /home/kottakotabusines/public_html/system/CodeIgniter.php(412): CodeIgniter\CodeIgniter->runController(Object(App\Controllers\SalesAgentWalletController))
#3 /home/kottakotabusines/public_html/system/CodeIgniter.php(320): CodeIgniter\CodeIgniter->handleRequest(NULL, Object(Config\Cache), false)
#4 /home/kottakotabusines/public_html/index.php(41): CodeIgniter\CodeIgniter->run()
#5 {main}
ERROR - 2022-08-06 21:14:09 --> Email: sendWithSmtp throwed fsockopen(): Peer certificate CN=`ns31236818.ip-151-106-32.eu' did not match expected CN=`smtp.gmail.com'
CRITICAL - 2022-08-06 21:14:19 --> sizeof(): Argument #1 ($value) must be of type Countable|array, null given
#0 /home/kottakotabusines/public_html/app/Controllers/FastTagController.php(320): sizeof(NULL)
#1 /home/kottakotabusines/public_html/system/CodeIgniter.php(825): App\Controllers\FastTagController->managefasttag()
#2 /home/kottakotabusines/public_html/system/CodeIgniter.php(412): CodeIgniter\CodeIgniter->runController(Object(App\Controllers\FastTagController))
#3 /home/kottakotabusines/public_html/system/CodeIgniter.php(320): CodeIgniter\CodeIgniter->handleRequest(NULL, Object(Config\Cache), false)
#4 /home/kottakotabusines/public_html/index.php(41): CodeIgniter\CodeIgniter->run()
#5 {main}
ERROR - 2022-08-06 21:15:52 --> Email: sendWithSmtp throwed fsockopen(): Peer certificate CN=`ns31236818.ip-151-106-32.eu' did not match expected CN=`smtp.gmail.com'
CRITICAL - 2022-08-06 21:19:29 --> sizeof(): Argument #1 ($value) must be of type Countable|array, null given
#0 /home/kottakotabusines/public_html/app/Controllers/SalesManagerController.php(945): sizeof(NULL)
#1 /home/kottakotabusines/public_html/system/CodeIgniter.php(825): App\Controllers\SalesManagerController->fastagInventory()
#2 /home/kottakotabusines/public_html/system/CodeIgniter.php(412): CodeIgniter\CodeIgniter->runController(Object(App\Controllers\SalesManagerController))
#3 /home/kottakotabusines/public_html/system/CodeIgniter.php(320): CodeIgniter\CodeIgniter->handleRequest(NULL, Object(Config\Cache), false)
#4 /home/kottakotabusines/public_html/index.php(41): CodeIgniter\CodeIgniter->run()
#5 {main}
CRITICAL - 2022-08-06 21:19:41 --> Undefined array key 0
#0 /home/kottakotabusines/public_html/app/Controllers/SalesAgentWalletController.php(75): CodeIgniter\Debug\Exceptions->errorHandler(2, 'Undefined array...', '/home/kottakota...', 75)
#1 /home/kottakotabusines/public_html/system/CodeIgniter.php(825): App\Controllers\SalesAgentWalletController->paymentnotation()
#2 /home/kottakotabusines/public_html/system/CodeIgniter.php(412): CodeIgniter\CodeIgniter->runController(Object(App\Controllers\SalesAgentWalletController))
#3 /home/kottakotabusines/public_html/system/CodeIgniter.php(320): CodeIgniter\CodeIgniter->handleRequest(NULL, Object(Config\Cache), false)
#4 /home/kottakotabusines/public_html/index.php(41): CodeIgniter\CodeIgniter->run()
#5 {main}
CRITICAL - 2022-08-06 21:19:42 --> Undefined array key 0
#0 /home/kottakotabusines/public_html/app/Controllers/SalesAgentWalletController.php(75): CodeIgniter\Debug\Exceptions->errorHandler(2, 'Undefined array...', '/home/kottakota...', 75)
#1 /home/kottakotabusines/public_html/system/CodeIgniter.php(825): App\Controllers\SalesAgentWalletController->paymentnotation()
#2 /home/kottakotabusines/public_html/system/CodeIgniter.php(412): CodeIgniter\CodeIgniter->runController(Object(App\Controllers\SalesAgentWalletController))
#3 /home/kottakotabusines/public_html/system/CodeIgniter.php(320): CodeIgniter\CodeIgniter->handleRequest(NULL, Object(Config\Cache), false)
#4 /home/kottakotabusines/public_html/index.php(41): CodeIgniter\CodeIgniter->run()
#5 {main}
ERROR - 2022-08-06 21:22:24 --> Email: sendWithSmtp throwed fsockopen(): Peer certificate CN=`ns31236818.ip-151-106-32.eu' did not match expected CN=`smtp.gmail.com'
CRITICAL - 2022-08-06 21:22:50 --> Undefined variable $wallatdetails
#0 /home/kottakotabusines/public_html/app/Views/salesagent/tagactivationnew.php(436): CodeIgniter\Debug\Exceptions->errorHandler(2, 'Undefined varia...', '/home/kottakota...', 436)
#1 /home/kottakotabusines/public_html/system/View/View.php(210): include('/home/kottakota...')
#2 /home/kottakotabusines/public_html/system/View/View.php(213): CodeIgniter\View\View->CodeIgniter\View\{closure}()
#3 /home/kottakotabusines/public_html/system/Common.php(1089): CodeIgniter\View\View->render('salesagent/taga...', Array, true)
#4 /home/kottakotabusines/public_html/app/Controllers/SalesAgentTagController.php(165): view('salesagent/taga...', Array)
#5 /home/kottakotabusines/public_html/system/CodeIgniter.php(825): App\Controllers\SalesAgentTagController->verifyotp()
#6 /home/kottakotabusines/public_html/system/CodeIgniter.php(412): CodeIgniter\CodeIgniter->runController(Object(App\Controllers\SalesAgentTagController))
#7 /home/kottakotabusines/public_html/system/CodeIgniter.php(320): CodeIgniter\CodeIgniter->handleRequest(NULL, Object(Config\Cache), false)
#8 /home/kottakotabusines/public_html/index.php(41): CodeIgniter\CodeIgniter->run()
#9 {main}
ERROR - 2022-08-06 21:22:51 --> Email: sendWithSmtp throwed fsockopen(): Peer certificate CN=`ns31236818.ip-151-106-32.eu' did not match expected CN=`smtp.gmail.com'
ERROR - 2022-08-06 21:27:10 --> Email: sendWithSmtp throwed fsockopen(): Peer certificate CN=`ns31236818.ip-151-106-32.eu' did not match expected CN=`smtp.gmail.com'
CRITICAL - 2022-08-06 22:04:43 --> Undefined array key 0
#0 /home/kottakotabusines/public_html/app/Controllers/SalesAgentWalletController.php(75): CodeIgniter\Debug\Exceptions->errorHandler(2, 'Undefined array...', '/home/kottakota...', 75)
#1 /home/kottakotabusines/public_html/system/CodeIgniter.php(825): App\Controllers\SalesAgentWalletController->paymentnotation()
#2 /home/kottakotabusines/public_html/system/CodeIgniter.php(412): CodeIgniter\CodeIgniter->runController(Object(App\Controllers\SalesAgentWalletController))
#3 /home/kottakotabusines/public_html/system/CodeIgniter.php(320): CodeIgniter\CodeIgniter->handleRequest(NULL, Object(Config\Cache), false)
#4 /home/kottakotabusines/public_html/index.php(41): CodeIgniter\CodeIgniter->run()
#5 {main}
ERROR - 2022-08-06 22:07:43 --> Email: sendWithSmtp throwed fsockopen(): Peer certificate CN=`ns31236818.ip-151-106-32.eu' did not match expected CN=`smtp.gmail.com'
ERROR - 2022-08-06 22:15:17 --> Email: sendWithSmtp throwed fsockopen(): Peer certificate CN=`ns31236818.ip-151-106-32.eu' did not match expected CN=`smtp.gmail.com'
ERROR - 2022-08-06 22:15:17 --> Email: sendWithSmtp throwed fsockopen(): Peer certificate CN=`ns31236818.ip-151-106-32.eu' did not match expected CN=`smtp.gmail.com'
ERROR - 2022-08-06 22:15:18 --> Email: sendWithSmtp throwed fsockopen(): Peer certificate CN=`ns31236818.ip-151-106-32.eu' did not match expected CN=`smtp.gmail.com'
ERROR - 2022-08-06 22:15:18 --> Email: sendWithSmtp throwed fsockopen(): Peer certificate CN=`ns31236818.ip-151-106-32.eu' did not match expected CN=`smtp.gmail.com'
ERROR - 2022-08-06 22:15:18 --> Email: sendWithSmtp throwed fsockopen(): Peer certificate CN=`ns31236818.ip-151-106-32.eu' did not match expected CN=`smtp.gmail.com'
ERROR - 2022-08-06 22:15:19 --> Email: sendWithSmtp throwed fsockopen(): Peer certificate CN=`ns31236818.ip-151-106-32.eu' did not match expected CN=`smtp.gmail.com'
ERROR - 2022-08-06 22:15:21 --> Email: sendWithSmtp throwed fsockopen(): Peer certificate CN=`ns31236818.ip-151-106-32.eu' did not match expected CN=`smtp.gmail.com'
ERROR - 2022-08-06 22:15:22 --> Email: sendWithSmtp throwed fsockopen(): Peer certificate CN=`ns31236818.ip-151-106-32.eu' did not match expected CN=`smtp.gmail.com'
ERROR - 2022-08-06 22:15:29 --> Email: sendWithSmtp throwed fsockopen(): Peer certificate CN=`ns31236818.ip-151-106-32.eu' did not match expected CN=`smtp.gmail.com'
ERROR - 2022-08-06 22:29:27 --> Email: sendWithSmtp throwed fsockopen(): Peer certificate CN=`ns31236818.ip-151-106-32.eu' did not match expected CN=`smtp.gmail.com'
CRITICAL - 2022-08-06 22:36:36 --> Undefined array key 0
#0 /home/kottakotabusines/public_html/app/Controllers/SalesAgentWalletController.php(75): CodeIgniter\Debug\Exceptions->errorHandler(2, 'Undefined array...', '/home/kottakota...', 75)
#1 /home/kottakotabusines/public_html/system/CodeIgniter.php(825): App\Controllers\SalesAgentWalletController->paymentnotation()
#2 /home/kottakotabusines/public_html/system/CodeIgniter.php(412): CodeIgniter\CodeIgniter->runController(Object(App\Controllers\SalesAgentWalletController))
#3 /home/kottakotabusines/public_html/system/CodeIgniter.php(320): CodeIgniter\CodeIgniter->handleRequest(NULL, Object(Config\Cache), false)
#4 /home/kottakotabusines/public_html/index.php(41): CodeIgniter\CodeIgniter->run()
#5 {main}
ERROR - 2022-08-06 22:36:42 --> Email: sendWithSmtp throwed fsockopen(): Peer certificate CN=`ns31236818.ip-151-106-32.eu' did not match expected CN=`smtp.gmail.com'
ERROR - 2022-08-06 22:39:56 --> Email: sendWithSmtp throwed fsockopen(): Peer certificate CN=`ns31236818.ip-151-106-32.eu' did not match expected CN=`smtp.gmail.com'
CRITICAL - 2022-08-06 22:41:45 --> Undefined array key 0
#0 /home/kottakotabusines/public_html/app/Controllers/SalesAgentWalletController.php(75): CodeIgniter\Debug\Exceptions->errorHandler(2, 'Undefined array...', '/home/kottakota...', 75)
#1 /home/kottakotabusines/public_html/system/CodeIgniter.php(825): App\Controllers\SalesAgentWalletController->paymentnotation()
#2 /home/kottakotabusines/public_html/system/CodeIgniter.php(412): CodeIgniter\CodeIgniter->runController(Object(App\Controllers\SalesAgentWalletController))
#3 /home/kottakotabusines/public_html/system/CodeIgniter.php(320): CodeIgniter\CodeIgniter->handleRequest(NULL, Object(Config\Cache), false)
#4 /home/kottakotabusines/public_html/index.php(41): CodeIgniter\CodeIgniter->run()
#5 {main}
ERROR - 2022-08-06 22:46:26 --> Email: sendWithSmtp throwed fsockopen(): Peer certificate CN=`ns31236818.ip-151-106-32.eu' did not match expected CN=`smtp.gmail.com'
ERROR - 2022-08-06 22:48:13 --> Email: sendWithSmtp throwed fsockopen(): Peer certificate CN=`ns31236818.ip-151-106-32.eu' did not match expected CN=`smtp.gmail.com'
CRITICAL - 2022-08-06 22:52:16 --> Undefined array key 0
#0 /home/kottakotabusines/public_html/app/Controllers/SalesAgentWalletController.php(75): CodeIgniter\Debug\Exceptions->errorHandler(2, 'Undefined array...', '/home/kottakota...', 75)
#1 /home/kottakotabusines/public_html/system/CodeIgniter.php(825): App\Controllers\SalesAgentWalletController->paymentnotation()
#2 /home/kottakotabusines/public_html/system/CodeIgniter.php(412): CodeIgniter\CodeIgniter->runController(Object(App\Controllers\SalesAgentWalletController))
#3 /home/kottakotabusines/public_html/system/CodeIgniter.php(320): CodeIgniter\CodeIgniter->handleRequest(NULL, Object(Config\Cache), false)
#4 /home/kottakotabusines/public_html/index.php(41): CodeIgniter\CodeIgniter->run()
#5 {main}
ERROR - 2022-08-06 22:56:03 --> Email: sendWithSmtp throwed fsockopen(): Peer certificate CN=`ns31236818.ip-151-106-32.eu' did not match expected CN=`smtp.gmail.com'
ERROR - 2022-08-06 22:56:34 --> Email: sendWithSmtp throwed fsockopen(): Peer certificate CN=`ns31236818.ip-151-106-32.eu' did not match expected CN=`smtp.gmail.com'
CRITICAL - 2022-08-06 23:08:46 --> Undefined array key 0
#0 /home/kottakotabusines/public_html/app/Controllers/SalesAgentWalletController.php(75): CodeIgniter\Debug\Exceptions->errorHandler(2, 'Undefined array...', '/home/kottakota...', 75)
#1 /home/kottakotabusines/public_html/system/CodeIgniter.php(825): App\Controllers\SalesAgentWalletController->paymentnotation()
#2 /home/kottakotabusines/public_html/system/CodeIgniter.php(412): CodeIgniter\CodeIgniter->runController(Object(App\Controllers\SalesAgentWalletController))
#3 /home/kottakotabusines/public_html/system/CodeIgniter.php(320): CodeIgniter\CodeIgniter->handleRequest(NULL, Object(Config\Cache), false)
#4 /home/kottakotabusines/public_html/index.php(41): CodeIgniter\CodeIgniter->run()
#5 {main}
ERROR - 2022-08-06 23:10:21 --> Email: sendWithSmtp throwed fsockopen(): Peer certificate CN=`ns31236818.ip-151-106-32.eu' did not match expected CN=`smtp.gmail.com'
CRITICAL - 2022-08-06 23:13:46 --> Undefined array key 0
#0 /home/kottakotabusines/public_html/app/Controllers/SalesAgentWalletController.php(75): CodeIgniter\Debug\Exceptions->errorHandler(2, 'Undefined array...', '/home/kottakota...', 75)
#1 /home/kottakotabusines/public_html/system/CodeIgniter.php(825): App\Controllers\SalesAgentWalletController->paymentnotation()
#2 /home/kottakotabusines/public_html/system/CodeIgniter.php(412): CodeIgniter\CodeIgniter->runController(Object(App\Controllers\SalesAgentWalletController))
#3 /home/kottakotabusines/public_html/system/CodeIgniter.php(320): CodeIgniter\CodeIgniter->handleRequest(NULL, Object(Config\Cache), false)
#4 /home/kottakotabusines/public_html/index.php(41): CodeIgniter\CodeIgniter->run()
#5 {main}
ERROR - 2022-08-06 23:24:57 --> Email: sendWithSmtp throwed fsockopen(): Peer certificate CN=`ns31236818.ip-151-106-32.eu' did not match expected CN=`smtp.gmail.com'
CRITICAL - 2022-08-06 23:36:56 --> Undefined array key 0
#0 /home/kottakotabusines/public_html/app/Controllers/SalesAgentWalletController.php(75): CodeIgniter\Debug\Exceptions->errorHandler(2, 'Undefined array...', '/home/kottakota...', 75)
#1 /home/kottakotabusines/public_html/system/CodeIgniter.php(825): App\Controllers\SalesAgentWalletController->paymentnotation()
#2 /home/kottakotabusines/public_html/system/CodeIgniter.php(412): CodeIgniter\CodeIgniter->runController(Object(App\Controllers\SalesAgentWalletController))
#3 /home/kottakotabusines/public_html/system/CodeIgniter.php(320): CodeIgniter\CodeIgniter->handleRequest(NULL, Object(Config\Cache), false)
#4 /home/kottakotabusines/public_html/index.php(41): CodeIgniter\CodeIgniter->run()
#5 {main}
