CRITICAL - 2022-02-26 11:16:04 --> Undefined property: App\Controllers\SalesManagerController::$profileModel
#0 E:\xampp\htdocs\hitchpay\app\Controllers\SalesManagerController.php(562): CodeIgniter\Debug\Exceptions->errorHandler(2, 'Undefined prope...', 'E:\\xampp\\htdocs...', 562)
#1 E:\xampp\htdocs\hitchpay\system\CodeIgniter.php(825): App\Controllers\SalesManagerController->viewsalesmanagerProfile('1')
#2 E:\xampp\htdocs\hitchpay\system\CodeIgniter.php(412): CodeIgniter\CodeIgniter->runController(Object(App\Controllers\SalesManagerController))
#3 E:\xampp\htdocs\hitchpay\system\CodeIgniter.php(320): CodeIgniter\CodeIgniter->handleRequest(NULL, Object(Config\Cache), false)
#4 E:\xampp\htdocs\hitchpay\index.php(37): CodeIgniter\CodeIgniter->run()
#5 {main}
CRITICAL - 2022-02-26 11:17:50 --> Invalid file: secure/viewsalesmanager.php
#0 E:\xampp\htdocs\hitchpay\system\View\View.php(198): CodeIgniter\Exceptions\FrameworkException::forInvalidFile('secure/viewsale...')
#1 E:\xampp\htdocs\hitchpay\system\Common.php(1089): CodeIgniter\View\View->render('secure/viewsale...', Array, true)
#2 E:\xampp\htdocs\hitchpay\app\Controllers\SalesManagerController.php(566): view('secure/viewsale...', Array)
#3 E:\xampp\htdocs\hitchpay\system\CodeIgniter.php(825): App\Controllers\SalesManagerController->viewsalesmanagerProfile('1')
#4 E:\xampp\htdocs\hitchpay\system\CodeIgniter.php(412): CodeIgniter\CodeIgniter->runController(Object(App\Controllers\SalesManagerController))
#5 E:\xampp\htdocs\hitchpay\system\CodeIgniter.php(320): CodeIgniter\CodeIgniter->handleRequest(NULL, Object(Config\Cache), false)
#6 E:\xampp\htdocs\hitchpay\index.php(37): CodeIgniter\CodeIgniter->run()
#7 {main}
CRITICAL - 2022-02-26 11:30:33 --> Trying to access array offset on value of type null
#0 E:\xampp\htdocs\hitchpay\app\Views\admin\viewsalesmanager.php(66): CodeIgniter\Debug\Exceptions->errorHandler(2, 'Trying to acces...', 'E:\\xampp\\htdocs...', 66)
#1 E:\xampp\htdocs\hitchpay\system\View\View.php(210): include('E:\\xampp\\htdocs...')
#2 E:\xampp\htdocs\hitchpay\system\View\View.php(213): CodeIgniter\View\View->CodeIgniter\View\{closure}()
#3 E:\xampp\htdocs\hitchpay\system\Common.php(1089): CodeIgniter\View\View->render('admin/viewsales...', Array, true)
#4 E:\xampp\htdocs\hitchpay\app\Controllers\SalesManagerController.php(566): view('admin/viewsales...', Array)
#5 E:\xampp\htdocs\hitchpay\system\CodeIgniter.php(825): App\Controllers\SalesManagerController->viewsalesmanagerProfile('edit', '1')
#6 E:\xampp\htdocs\hitchpay\system\CodeIgniter.php(412): CodeIgniter\CodeIgniter->runController(Object(App\Controllers\SalesManagerController))
#7 E:\xampp\htdocs\hitchpay\system\CodeIgniter.php(320): CodeIgniter\CodeIgniter->handleRequest(NULL, Object(Config\Cache), false)
#8 E:\xampp\htdocs\hitchpay\index.php(37): CodeIgniter\CodeIgniter->run()
#9 {main}
CRITICAL - 2022-02-26 11:30:33 --> Trying to access array offset on value of type null
#0 E:\xampp\htdocs\hitchpay\app\Views\admin\viewsalesmanager.php(66): CodeIgniter\Debug\Exceptions->errorHandler(2, 'Trying to acces...', 'E:\\xampp\\htdocs...', 66)
#1 E:\xampp\htdocs\hitchpay\system\View\View.php(210): include('E:\\xampp\\htdocs...')
#2 E:\xampp\htdocs\hitchpay\system\View\View.php(213): CodeIgniter\View\View->CodeIgniter\View\{closure}()
#3 E:\xampp\htdocs\hitchpay\system\Common.php(1089): CodeIgniter\View\View->render('admin/viewsales...', Array, true)
#4 E:\xampp\htdocs\hitchpay\app\Controllers\SalesManagerController.php(566): view('admin/viewsales...', Array)
#5 E:\xampp\htdocs\hitchpay\system\CodeIgniter.php(825): App\Controllers\SalesManagerController->viewsalesmanagerProfile('edit', '1')
#6 E:\xampp\htdocs\hitchpay\system\CodeIgniter.php(412): CodeIgniter\CodeIgniter->runController(Object(App\Controllers\SalesManagerController))
#7 E:\xampp\htdocs\hitchpay\system\CodeIgniter.php(320): CodeIgniter\CodeIgniter->handleRequest(NULL, Object(Config\Cache), false)
#8 E:\xampp\htdocs\hitchpay\index.php(37): CodeIgniter\CodeIgniter->run()
#9 {main}
CRITICAL - 2022-02-26 11:35:17 --> Trying to access array offset on value of type null
#0 E:\xampp\htdocs\hitchpay\app\Views\admin\viewsalesmanager.php(66): CodeIgniter\Debug\Exceptions->errorHandler(2, 'Trying to acces...', 'E:\\xampp\\htdocs...', 66)
#1 E:\xampp\htdocs\hitchpay\system\View\View.php(210): include('E:\\xampp\\htdocs...')
#2 E:\xampp\htdocs\hitchpay\system\View\View.php(213): CodeIgniter\View\View->CodeIgniter\View\{closure}()
#3 E:\xampp\htdocs\hitchpay\system\Common.php(1089): CodeIgniter\View\View->render('admin/viewsales...', Array, true)
#4 E:\xampp\htdocs\hitchpay\app\Controllers\SalesManagerController.php(566): view('admin/viewsales...', Array)
#5 E:\xampp\htdocs\hitchpay\system\CodeIgniter.php(825): App\Controllers\SalesManagerController->viewsalesmanagerProfile('edit', '1')
#6 E:\xampp\htdocs\hitchpay\system\CodeIgniter.php(412): CodeIgniter\CodeIgniter->runController(Object(App\Controllers\SalesManagerController))
#7 E:\xampp\htdocs\hitchpay\system\CodeIgniter.php(320): CodeIgniter\CodeIgniter->handleRequest(NULL, Object(Config\Cache), false)
#8 E:\xampp\htdocs\hitchpay\index.php(37): CodeIgniter\CodeIgniter->run()
#9 {main}
CRITICAL - 2022-02-26 11:35:25 --> Trying to access array offset on value of type null
#0 E:\xampp\htdocs\hitchpay\app\Views\admin\viewsalesmanager.php(66): CodeIgniter\Debug\Exceptions->errorHandler(2, 'Trying to acces...', 'E:\\xampp\\htdocs...', 66)
#1 E:\xampp\htdocs\hitchpay\system\View\View.php(210): include('E:\\xampp\\htdocs...')
#2 E:\xampp\htdocs\hitchpay\system\View\View.php(213): CodeIgniter\View\View->CodeIgniter\View\{closure}()
#3 E:\xampp\htdocs\hitchpay\system\Common.php(1089): CodeIgniter\View\View->render('admin/viewsales...', Array, true)
#4 E:\xampp\htdocs\hitchpay\app\Controllers\SalesManagerController.php(566): view('admin/viewsales...', Array)
#5 E:\xampp\htdocs\hitchpay\system\CodeIgniter.php(825): App\Controllers\SalesManagerController->viewsalesmanagerProfile('edit', '1')
#6 E:\xampp\htdocs\hitchpay\system\CodeIgniter.php(412): CodeIgniter\CodeIgniter->runController(Object(App\Controllers\SalesManagerController))
#7 E:\xampp\htdocs\hitchpay\system\CodeIgniter.php(320): CodeIgniter\CodeIgniter->handleRequest(NULL, Object(Config\Cache), false)
#8 E:\xampp\htdocs\hitchpay\index.php(37): CodeIgniter\CodeIgniter->run()
#9 {main}
CRITICAL - 2022-02-26 11:38:13 --> Undefined property: App\Controllers\SalesManagerController::$profileModel
#0 E:\xampp\htdocs\hitchpay\app\Controllers\SalesManagerController.php(789): CodeIgniter\Debug\Exceptions->errorHandler(2, 'Undefined prope...', 'E:\\xampp\\htdocs...', 789)
#1 E:\xampp\htdocs\hitchpay\system\CodeIgniter.php(825): App\Controllers\SalesManagerController->editProfileAdmin('1')
#2 E:\xampp\htdocs\hitchpay\system\CodeIgniter.php(412): CodeIgniter\CodeIgniter->runController(Object(App\Controllers\SalesManagerController))
#3 E:\xampp\htdocs\hitchpay\system\CodeIgniter.php(320): CodeIgniter\CodeIgniter->handleRequest(NULL, Object(Config\Cache), false)
#4 E:\xampp\htdocs\hitchpay\index.php(37): CodeIgniter\CodeIgniter->run()
#5 {main}
CRITICAL - 2022-02-26 11:41:09 --> Undefined array key "salesmanagerId"
#0 E:\xampp\htdocs\hitchpay\app\Controllers\SalesManagerController.php(691): CodeIgniter\Debug\Exceptions->errorHandler(2, 'Undefined array...', 'E:\\xampp\\htdocs...', 691)
#1 E:\xampp\htdocs\hitchpay\system\CodeIgniter.php(825): App\Controllers\SalesManagerController->editProfileAdmin('1')
#2 E:\xampp\htdocs\hitchpay\system\CodeIgniter.php(412): CodeIgniter\CodeIgniter->runController(Object(App\Controllers\SalesManagerController))
#3 E:\xampp\htdocs\hitchpay\system\CodeIgniter.php(320): CodeIgniter\CodeIgniter->handleRequest(NULL, Object(Config\Cache), false)
#4 E:\xampp\htdocs\hitchpay\index.php(37): CodeIgniter\CodeIgniter->run()
#5 {main}
CRITICAL - 2022-02-26 12:00:04 --> Undefined array key "salesManagerId"
#0 E:\xampp\htdocs\hitchpay\app\Views\admin\approveteamlead.php(103): CodeIgniter\Debug\Exceptions->errorHandler(2, 'Undefined array...', 'E:\\xampp\\htdocs...', 103)
#1 E:\xampp\htdocs\hitchpay\system\View\View.php(210): include('E:\\xampp\\htdocs...')
#2 E:\xampp\htdocs\hitchpay\system\View\View.php(213): CodeIgniter\View\View->CodeIgniter\View\{closure}()
#3 E:\xampp\htdocs\hitchpay\system\Common.php(1089): CodeIgniter\View\View->render('admin/approvete...', Array, true)
#4 E:\xampp\htdocs\hitchpay\app\Controllers\TeamLeadController.php(517): view('admin/approvete...', Array)
#5 E:\xampp\htdocs\hitchpay\system\CodeIgniter.php(825): App\Controllers\TeamLeadController->adminAproval()
#6 E:\xampp\htdocs\hitchpay\system\CodeIgniter.php(412): CodeIgniter\CodeIgniter->runController(Object(App\Controllers\TeamLeadController))
#7 E:\xampp\htdocs\hitchpay\system\CodeIgniter.php(320): CodeIgniter\CodeIgniter->handleRequest(NULL, Object(Config\Cache), false)
#8 E:\xampp\htdocs\hitchpay\index.php(37): CodeIgniter\CodeIgniter->run()
#9 {main}
CRITICAL - 2022-02-26 12:25:36 --> Undefined variable $sts
#0 E:\xampp\htdocs\hitchpay\app\Views\admin\manageteamlead.php(131): CodeIgniter\Debug\Exceptions->errorHandler(2, 'Undefined varia...', 'E:\\xampp\\htdocs...', 131)
#1 E:\xampp\htdocs\hitchpay\system\View\View.php(210): include('E:\\xampp\\htdocs...')
#2 E:\xampp\htdocs\hitchpay\system\View\View.php(213): CodeIgniter\View\View->CodeIgniter\View\{closure}()
#3 E:\xampp\htdocs\hitchpay\system\Common.php(1089): CodeIgniter\View\View->render('admin/managetea...', Array, true)
#4 E:\xampp\htdocs\hitchpay\app\Controllers\TeamLeadController.php(531): view('admin/managetea...', Array)
#5 E:\xampp\htdocs\hitchpay\system\CodeIgniter.php(825): App\Controllers\TeamLeadController->manageTeamLeadAdmin()
#6 E:\xampp\htdocs\hitchpay\system\CodeIgniter.php(412): CodeIgniter\CodeIgniter->runController(Object(App\Controllers\TeamLeadController))
#7 E:\xampp\htdocs\hitchpay\system\CodeIgniter.php(320): CodeIgniter\CodeIgniter->handleRequest(NULL, Object(Config\Cache), false)
#8 E:\xampp\htdocs\hitchpay\index.php(37): CodeIgniter\CodeIgniter->run()
#9 {main}
CRITICAL - 2022-02-26 12:28:41 --> Undefined array key "salesManagerId"
#0 E:\xampp\htdocs\hitchpay\app\Views\admin\manageteamlead.php(128): CodeIgniter\Debug\Exceptions->errorHandler(2, 'Undefined array...', 'E:\\xampp\\htdocs...', 128)
#1 E:\xampp\htdocs\hitchpay\system\View\View.php(210): include('E:\\xampp\\htdocs...')
#2 E:\xampp\htdocs\hitchpay\system\View\View.php(213): CodeIgniter\View\View->CodeIgniter\View\{closure}()
#3 E:\xampp\htdocs\hitchpay\system\Common.php(1089): CodeIgniter\View\View->render('admin/managetea...', Array, true)
#4 E:\xampp\htdocs\hitchpay\app\Controllers\TeamLeadController.php(531): view('admin/managetea...', Array)
#5 E:\xampp\htdocs\hitchpay\system\CodeIgniter.php(825): App\Controllers\TeamLeadController->manageTeamLeadAdmin()
#6 E:\xampp\htdocs\hitchpay\system\CodeIgniter.php(412): CodeIgniter\CodeIgniter->runController(Object(App\Controllers\TeamLeadController))
#7 E:\xampp\htdocs\hitchpay\system\CodeIgniter.php(320): CodeIgniter\CodeIgniter->handleRequest(NULL, Object(Config\Cache), false)
#8 E:\xampp\htdocs\hitchpay\index.php(37): CodeIgniter\CodeIgniter->run()
#9 {main}
CRITICAL - 2022-02-26 12:31:41 --> Undefined array key "salesManagerId"
#0 E:\xampp\htdocs\hitchpay\app\Views\admin\manageteamlead.php(128): CodeIgniter\Debug\Exceptions->errorHandler(2, 'Undefined array...', 'E:\\xampp\\htdocs...', 128)
#1 E:\xampp\htdocs\hitchpay\system\View\View.php(210): include('E:\\xampp\\htdocs...')
#2 E:\xampp\htdocs\hitchpay\system\View\View.php(213): CodeIgniter\View\View->CodeIgniter\View\{closure}()
#3 E:\xampp\htdocs\hitchpay\system\Common.php(1089): CodeIgniter\View\View->render('admin/managetea...', Array, true)
#4 E:\xampp\htdocs\hitchpay\app\Controllers\TeamLeadController.php(531): view('admin/managetea...', Array)
#5 E:\xampp\htdocs\hitchpay\system\CodeIgniter.php(825): App\Controllers\TeamLeadController->manageTeamLeadAdmin()
#6 E:\xampp\htdocs\hitchpay\system\CodeIgniter.php(412): CodeIgniter\CodeIgniter->runController(Object(App\Controllers\TeamLeadController))
#7 E:\xampp\htdocs\hitchpay\system\CodeIgniter.php(320): CodeIgniter\CodeIgniter->handleRequest(NULL, Object(Config\Cache), false)
#8 E:\xampp\htdocs\hitchpay\index.php(37): CodeIgniter\CodeIgniter->run()
#9 {main}
CRITICAL - 2022-02-26 12:31:51 --> Undefined array key "salesManagerId"
#0 E:\xampp\htdocs\hitchpay\app\Views\admin\manageteamlead.php(128): CodeIgniter\Debug\Exceptions->errorHandler(2, 'Undefined array...', 'E:\\xampp\\htdocs...', 128)
#1 E:\xampp\htdocs\hitchpay\system\View\View.php(210): include('E:\\xampp\\htdocs...')
#2 E:\xampp\htdocs\hitchpay\system\View\View.php(213): CodeIgniter\View\View->CodeIgniter\View\{closure}()
#3 E:\xampp\htdocs\hitchpay\system\Common.php(1089): CodeIgniter\View\View->render('admin/managetea...', Array, true)
#4 E:\xampp\htdocs\hitchpay\app\Controllers\TeamLeadController.php(531): view('admin/managetea...', Array)
#5 E:\xampp\htdocs\hitchpay\system\CodeIgniter.php(825): App\Controllers\TeamLeadController->manageTeamLeadAdmin()
#6 E:\xampp\htdocs\hitchpay\system\CodeIgniter.php(412): CodeIgniter\CodeIgniter->runController(Object(App\Controllers\TeamLeadController))
#7 E:\xampp\htdocs\hitchpay\system\CodeIgniter.php(320): CodeIgniter\CodeIgniter->handleRequest(NULL, Object(Config\Cache), false)
#8 E:\xampp\htdocs\hitchpay\index.php(37): CodeIgniter\CodeIgniter->run()
#9 {main}
CRITICAL - 2022-02-26 12:35:14 --> Cannot redeclare App\Controllers\TeamLeadController::updateStatus()
#0 [internal function]: CodeIgniter\Debug\Exceptions->shutdownHandler()
#1 {main}
CRITICAL - 2022-02-26 12:35:26 --> Cannot redeclare App\Controllers\TeamLeadController::updateStatus()
#0 [internal function]: CodeIgniter\Debug\Exceptions->shutdownHandler()
#1 {main}
CRITICAL - 2022-02-26 12:35:27 --> Cannot redeclare App\Controllers\TeamLeadController::updateStatus()
#0 [internal function]: CodeIgniter\Debug\Exceptions->shutdownHandler()
#1 {main}
CRITICAL - 2022-02-26 12:36:45 --> Call to undefined function App\Controllers\reload()
#0 E:\xampp\htdocs\hitchpay\system\CodeIgniter.php(825): App\Controllers\TeamLeadController->updateStatus('1', '0')
#1 E:\xampp\htdocs\hitchpay\system\CodeIgniter.php(412): CodeIgniter\CodeIgniter->runController(Object(App\Controllers\TeamLeadController))
#2 E:\xampp\htdocs\hitchpay\system\CodeIgniter.php(320): CodeIgniter\CodeIgniter->handleRequest(NULL, Object(Config\Cache), false)
#3 E:\xampp\htdocs\hitchpay\index.php(37): CodeIgniter\CodeIgniter->run()
#4 {main}
CRITICAL - 2022-02-26 12:37:01 --> Undefined array key "salesManagerId"
#0 E:\xampp\htdocs\hitchpay\app\Views\admin\managesalesmanager.php(114): CodeIgniter\Debug\Exceptions->errorHandler(2, 'Undefined array...', 'E:\\xampp\\htdocs...', 114)
#1 E:\xampp\htdocs\hitchpay\system\View\View.php(210): include('E:\\xampp\\htdocs...')
#2 E:\xampp\htdocs\hitchpay\system\View\View.php(213): CodeIgniter\View\View->CodeIgniter\View\{closure}()
#3 E:\xampp\htdocs\hitchpay\system\Common.php(1089): CodeIgniter\View\View->render('admin/managesal...', Array, true)
#4 E:\xampp\htdocs\hitchpay\app\Controllers\TeamLeadController.php(565): view('admin/managesal...', Array)
#5 E:\xampp\htdocs\hitchpay\system\CodeIgniter.php(825): App\Controllers\TeamLeadController->updateStatus('1', '0')
#6 E:\xampp\htdocs\hitchpay\system\CodeIgniter.php(412): CodeIgniter\CodeIgniter->runController(Object(App\Controllers\TeamLeadController))
#7 E:\xampp\htdocs\hitchpay\system\CodeIgniter.php(320): CodeIgniter\CodeIgniter->handleRequest(NULL, Object(Config\Cache), false)
#8 E:\xampp\htdocs\hitchpay\index.php(37): CodeIgniter\CodeIgniter->run()
#9 {main}
CRITICAL - 2022-02-26 12:37:18 --> Undefined array key "salesManagerId"
#0 E:\xampp\htdocs\hitchpay\app\Views\admin\managesalesmanager.php(114): CodeIgniter\Debug\Exceptions->errorHandler(2, 'Undefined array...', 'E:\\xampp\\htdocs...', 114)
#1 E:\xampp\htdocs\hitchpay\system\View\View.php(210): include('E:\\xampp\\htdocs...')
#2 E:\xampp\htdocs\hitchpay\system\View\View.php(213): CodeIgniter\View\View->CodeIgniter\View\{closure}()
#3 E:\xampp\htdocs\hitchpay\system\Common.php(1089): CodeIgniter\View\View->render('admin/managesal...', Array, true)
#4 E:\xampp\htdocs\hitchpay\app\Controllers\TeamLeadController.php(565): view('admin/managesal...', Array)
#5 E:\xampp\htdocs\hitchpay\system\CodeIgniter.php(825): App\Controllers\TeamLeadController->updateStatus('1', '0')
#6 E:\xampp\htdocs\hitchpay\system\CodeIgniter.php(412): CodeIgniter\CodeIgniter->runController(Object(App\Controllers\TeamLeadController))
#7 E:\xampp\htdocs\hitchpay\system\CodeIgniter.php(320): CodeIgniter\CodeIgniter->handleRequest(NULL, Object(Config\Cache), false)
#8 E:\xampp\htdocs\hitchpay\index.php(37): CodeIgniter\CodeIgniter->run()
#9 {main}
CRITICAL - 2022-02-26 12:38:20 -->  route cannot be found while reverse-routing.
#0 E:\xampp\htdocs\hitchpay\system\HTTP\RedirectResponse.php(56): CodeIgniter\HTTP\Exceptions\HTTPException::forInvalidRedirectRoute('')
#1 E:\xampp\htdocs\hitchpay\system\Common.php(832): CodeIgniter\HTTP\RedirectResponse->route(false)
#2 E:\xampp\htdocs\hitchpay\app\Controllers\TeamLeadController.php(561): redirect('/hitchpay/secur...', 'refresh')
#3 E:\xampp\htdocs\hitchpay\system\CodeIgniter.php(825): App\Controllers\TeamLeadController->updateStatus('1', '0')
#4 E:\xampp\htdocs\hitchpay\system\CodeIgniter.php(412): CodeIgniter\CodeIgniter->runController(Object(App\Controllers\TeamLeadController))
#5 E:\xampp\htdocs\hitchpay\system\CodeIgniter.php(320): CodeIgniter\CodeIgniter->handleRequest(NULL, Object(Config\Cache), false)
#6 E:\xampp\htdocs\hitchpay\index.php(37): CodeIgniter\CodeIgniter->run()
#7 {main}
CRITICAL - 2022-02-26 12:38:34 -->  route cannot be found while reverse-routing.
#0 E:\xampp\htdocs\hitchpay\system\HTTP\RedirectResponse.php(56): CodeIgniter\HTTP\Exceptions\HTTPException::forInvalidRedirectRoute('')
#1 E:\xampp\htdocs\hitchpay\system\Common.php(832): CodeIgniter\HTTP\RedirectResponse->route(false)
#2 E:\xampp\htdocs\hitchpay\app\Controllers\TeamLeadController.php(561): redirect('/hitchpay/secur...', 'refresh')
#3 E:\xampp\htdocs\hitchpay\system\CodeIgniter.php(825): App\Controllers\TeamLeadController->updateStatus('1', '0')
#4 E:\xampp\htdocs\hitchpay\system\CodeIgniter.php(412): CodeIgniter\CodeIgniter->runController(Object(App\Controllers\TeamLeadController))
#5 E:\xampp\htdocs\hitchpay\system\CodeIgniter.php(320): CodeIgniter\CodeIgniter->handleRequest(NULL, Object(Config\Cache), false)
#6 E:\xampp\htdocs\hitchpay\index.php(37): CodeIgniter\CodeIgniter->run()
#7 {main}
CRITICAL - 2022-02-26 12:39:55 -->  route cannot be found while reverse-routing.
#0 E:\xampp\htdocs\hitchpay\system\HTTP\RedirectResponse.php(56): CodeIgniter\HTTP\Exceptions\HTTPException::forInvalidRedirectRoute('')
#1 E:\xampp\htdocs\hitchpay\system\Common.php(832): CodeIgniter\HTTP\RedirectResponse->route(false)
#2 E:\xampp\htdocs\hitchpay\app\Controllers\TeamLeadController.php(562): redirect('http://localhos...')
#3 E:\xampp\htdocs\hitchpay\system\CodeIgniter.php(825): App\Controllers\TeamLeadController->updateStatus('1', '0')
#4 E:\xampp\htdocs\hitchpay\system\CodeIgniter.php(412): CodeIgniter\CodeIgniter->runController(Object(App\Controllers\TeamLeadController))
#5 E:\xampp\htdocs\hitchpay\system\CodeIgniter.php(320): CodeIgniter\CodeIgniter->handleRequest(NULL, Object(Config\Cache), false)
#6 E:\xampp\htdocs\hitchpay\index.php(37): CodeIgniter\CodeIgniter->run()
#7 {main}
CRITICAL - 2022-02-26 13:29:44 --> Undefined property: App\Controllers\TeamLeadController::$profileModel
#0 E:\xampp\htdocs\hitchpay\app\Controllers\TeamLeadController.php(816): CodeIgniter\Debug\Exceptions->errorHandler(2, 'Undefined prope...', 'E:\\xampp\\htdocs...', 816)
#1 E:\xampp\htdocs\hitchpay\system\CodeIgniter.php(825): App\Controllers\TeamLeadController->editProfileAdmin('1')
#2 E:\xampp\htdocs\hitchpay\system\CodeIgniter.php(412): CodeIgniter\CodeIgniter->runController(Object(App\Controllers\TeamLeadController))
#3 E:\xampp\htdocs\hitchpay\system\CodeIgniter.php(320): CodeIgniter\CodeIgniter->handleRequest(NULL, Object(Config\Cache), false)
#4 E:\xampp\htdocs\hitchpay\index.php(37): CodeIgniter\CodeIgniter->run()
#5 {main}
CRITICAL - 2022-02-26 13:30:53 --> Undefined property: App\Controllers\TeamLeadController::$profileModel
#0 E:\xampp\htdocs\hitchpay\app\Controllers\TeamLeadController.php(816): CodeIgniter\Debug\Exceptions->errorHandler(2, 'Undefined prope...', 'E:\\xampp\\htdocs...', 816)
#1 E:\xampp\htdocs\hitchpay\system\CodeIgniter.php(825): App\Controllers\TeamLeadController->editProfileAdmin('1')
#2 E:\xampp\htdocs\hitchpay\system\CodeIgniter.php(412): CodeIgniter\CodeIgniter->runController(Object(App\Controllers\TeamLeadController))
#3 E:\xampp\htdocs\hitchpay\system\CodeIgniter.php(320): CodeIgniter\CodeIgniter->handleRequest(NULL, Object(Config\Cache), false)
#4 E:\xampp\htdocs\hitchpay\index.php(37): CodeIgniter\CodeIgniter->run()
#5 {main}
CRITICAL - 2022-02-26 13:30:59 --> Undefined property: App\Controllers\TeamLeadController::$profileModel
#0 E:\xampp\htdocs\hitchpay\app\Controllers\TeamLeadController.php(816): CodeIgniter\Debug\Exceptions->errorHandler(2, 'Undefined prope...', 'E:\\xampp\\htdocs...', 816)
#1 E:\xampp\htdocs\hitchpay\system\CodeIgniter.php(825): App\Controllers\TeamLeadController->editProfileAdmin('1')
#2 E:\xampp\htdocs\hitchpay\system\CodeIgniter.php(412): CodeIgniter\CodeIgniter->runController(Object(App\Controllers\TeamLeadController))
#3 E:\xampp\htdocs\hitchpay\system\CodeIgniter.php(320): CodeIgniter\CodeIgniter->handleRequest(NULL, Object(Config\Cache), false)
#4 E:\xampp\htdocs\hitchpay\index.php(37): CodeIgniter\CodeIgniter->run()
#5 {main}
CRITICAL - 2022-02-26 13:31:51 --> Undefined property: App\Controllers\TeamLeadController::$profileModel
#0 E:\xampp\htdocs\hitchpay\app\Controllers\TeamLeadController.php(816): CodeIgniter\Debug\Exceptions->errorHandler(2, 'Undefined prope...', 'E:\\xampp\\htdocs...', 816)
#1 E:\xampp\htdocs\hitchpay\system\CodeIgniter.php(825): App\Controllers\TeamLeadController->editProfileAdmin('1')
#2 E:\xampp\htdocs\hitchpay\system\CodeIgniter.php(412): CodeIgniter\CodeIgniter->runController(Object(App\Controllers\TeamLeadController))
#3 E:\xampp\htdocs\hitchpay\system\CodeIgniter.php(320): CodeIgniter\CodeIgniter->handleRequest(NULL, Object(Config\Cache), false)
#4 E:\xampp\htdocs\hitchpay\index.php(37): CodeIgniter\CodeIgniter->run()
#5 {main}
