CRITICAL - 2022-04-28 19:31:23 --> Undefined array key "logged_img"
#0 /home/kottako/public_html/app/Views/partials/teamlead/sidebar.php(5): CodeIgniter\Debug\Exceptions->errorHandler(2, 'Undefined array...', '/home/kottako/p...', 5)
#1 /home/kottako/public_html/system/View/View.php(210): include('/home/kottako/p...')
#2 /home/kottako/public_html/system/View/View.php(213): CodeIgniter\View\View->CodeIgniter\View\{closure}()
#3 /home/kottako/public_html/system/View/View.php(424): CodeIgniter\View\View->render('partials/teamle...', NULL, true)
#4 /home/kottako/public_html/app/Views/teamlead/dashboard.php(131): CodeIgniter\View\View->include('partials/teamle...')
#5 /home/kottako/public_html/system/View/View.php(210): include('/home/kottako/p...')
#6 /home/kottako/public_html/system/View/View.php(213): CodeIgniter\View\View->CodeIgniter\View\{closure}()
#7 /home/kottako/public_html/system/Common.php(1089): CodeIgniter\View\View->render('teamlead/dashbo...', Array, true)
#8 /home/kottako/public_html/app/Controllers/TeamLeadDashboardController.php(25): view('teamlead/dashbo...', Array)
#9 /home/kottako/public_html/system/CodeIgniter.php(825): App\Controllers\TeamLeadDashboardController->index()
#10 /home/kottako/public_html/system/CodeIgniter.php(412): CodeIgniter\CodeIgniter->runController(Object(App\Controllers\TeamLeadDashboardController))
#11 /home/kottako/public_html/system/CodeIgniter.php(320): CodeIgniter\CodeIgniter->handleRequest(NULL, Object(Config\Cache), false)
#12 /home/kottako/public_html/index.php(41): CodeIgniter\CodeIgniter->run()
#13 {main}
CRITICAL - 2022-04-28 19:31:30 --> Undefined array key "logged_img"
#0 /home/kottako/public_html/app/Views/partials/teamlead/sidebar.php(5): CodeIgniter\Debug\Exceptions->errorHandler(2, 'Undefined array...', '/home/kottako/p...', 5)
#1 /home/kottako/public_html/system/View/View.php(210): include('/home/kottako/p...')
#2 /home/kottako/public_html/system/View/View.php(213): CodeIgniter\View\View->CodeIgniter\View\{closure}()
#3 /home/kottako/public_html/system/View/View.php(424): CodeIgniter\View\View->render('partials/teamle...', NULL, true)
#4 /home/kottako/public_html/app/Views/teamlead/dashboard.php(131): CodeIgniter\View\View->include('partials/teamle...')
#5 /home/kottako/public_html/system/View/View.php(210): include('/home/kottako/p...')
#6 /home/kottako/public_html/system/View/View.php(213): CodeIgniter\View\View->CodeIgniter\View\{closure}()
#7 /home/kottako/public_html/system/Common.php(1089): CodeIgniter\View\View->render('teamlead/dashbo...', Array, true)
#8 /home/kottako/public_html/app/Controllers/TeamLeadDashboardController.php(25): view('teamlead/dashbo...', Array)
#9 /home/kottako/public_html/system/CodeIgniter.php(825): App\Controllers\TeamLeadDashboardController->index()
#10 /home/kottako/public_html/system/CodeIgniter.php(412): CodeIgniter\CodeIgniter->runController(Object(App\Controllers\TeamLeadDashboardController))
#11 /home/kottako/public_html/system/CodeIgniter.php(320): CodeIgniter\CodeIgniter->handleRequest(NULL, Object(Config\Cache), false)
#12 /home/kottako/public_html/index.php(41): CodeIgniter\CodeIgniter->run()
#13 {main}
CRITICAL - 2022-04-28 19:31:31 --> Undefined array key "logged_img"
#0 /home/kottako/public_html/app/Views/partials/teamlead/sidebar.php(5): CodeIgniter\Debug\Exceptions->errorHandler(2, 'Undefined array...', '/home/kottako/p...', 5)
#1 /home/kottako/public_html/system/View/View.php(210): include('/home/kottako/p...')
#2 /home/kottako/public_html/system/View/View.php(213): CodeIgniter\View\View->CodeIgniter\View\{closure}()
#3 /home/kottako/public_html/system/View/View.php(424): CodeIgniter\View\View->render('partials/teamle...', NULL, true)
#4 /home/kottako/public_html/app/Views/teamlead/dashboard.php(131): CodeIgniter\View\View->include('partials/teamle...')
#5 /home/kottako/public_html/system/View/View.php(210): include('/home/kottako/p...')
#6 /home/kottako/public_html/system/View/View.php(213): CodeIgniter\View\View->CodeIgniter\View\{closure}()
#7 /home/kottako/public_html/system/Common.php(1089): CodeIgniter\View\View->render('teamlead/dashbo...', Array, true)
#8 /home/kottako/public_html/app/Controllers/TeamLeadDashboardController.php(25): view('teamlead/dashbo...', Array)
#9 /home/kottako/public_html/system/CodeIgniter.php(825): App\Controllers\TeamLeadDashboardController->index()
#10 /home/kottako/public_html/system/CodeIgniter.php(412): CodeIgniter\CodeIgniter->runController(Object(App\Controllers\TeamLeadDashboardController))
#11 /home/kottako/public_html/system/CodeIgniter.php(320): CodeIgniter\CodeIgniter->handleRequest(NULL, Object(Config\Cache), false)
#12 /home/kottako/public_html/index.php(41): CodeIgniter\CodeIgniter->run()
#13 {main}
CRITICAL - 2022-04-28 19:31:40 --> Undefined array key "logged_img"
#0 /home/kottako/public_html/app/Views/partials/teamlead/sidebar.php(5): CodeIgniter\Debug\Exceptions->errorHandler(2, 'Undefined array...', '/home/kottako/p...', 5)
#1 /home/kottako/public_html/system/View/View.php(210): include('/home/kottako/p...')
#2 /home/kottako/public_html/system/View/View.php(213): CodeIgniter\View\View->CodeIgniter\View\{closure}()
#3 /home/kottako/public_html/system/View/View.php(424): CodeIgniter\View\View->render('partials/teamle...', NULL, true)
#4 /home/kottako/public_html/app/Views/teamlead/dashboard.php(131): CodeIgniter\View\View->include('partials/teamle...')
#5 /home/kottako/public_html/system/View/View.php(210): include('/home/kottako/p...')
#6 /home/kottako/public_html/system/View/View.php(213): CodeIgniter\View\View->CodeIgniter\View\{closure}()
#7 /home/kottako/public_html/system/Common.php(1089): CodeIgniter\View\View->render('teamlead/dashbo...', Array, true)
#8 /home/kottako/public_html/app/Controllers/TeamLeadDashboardController.php(25): view('teamlead/dashbo...', Array)
#9 /home/kottako/public_html/system/CodeIgniter.php(825): App\Controllers\TeamLeadDashboardController->index()
#10 /home/kottako/public_html/system/CodeIgniter.php(412): CodeIgniter\CodeIgniter->runController(Object(App\Controllers\TeamLeadDashboardController))
#11 /home/kottako/public_html/system/CodeIgniter.php(320): CodeIgniter\CodeIgniter->handleRequest(NULL, Object(Config\Cache), false)
#12 /home/kottako/public_html/index.php(41): CodeIgniter\CodeIgniter->run()
#13 {main}
CRITICAL - 2022-04-28 19:31:51 --> Undefined array key "logged_img"
#0 /home/kottako/public_html/app/Views/partials/teamlead/sidebar.php(5): CodeIgniter\Debug\Exceptions->errorHandler(2, 'Undefined array...', '/home/kottako/p...', 5)
#1 /home/kottako/public_html/system/View/View.php(210): include('/home/kottako/p...')
#2 /home/kottako/public_html/system/View/View.php(213): CodeIgniter\View\View->CodeIgniter\View\{closure}()
#3 /home/kottako/public_html/system/View/View.php(424): CodeIgniter\View\View->render('partials/teamle...', NULL, true)
#4 /home/kottako/public_html/app/Views/teamlead/dashboard.php(131): CodeIgniter\View\View->include('partials/teamle...')
#5 /home/kottako/public_html/system/View/View.php(210): include('/home/kottako/p...')
#6 /home/kottako/public_html/system/View/View.php(213): CodeIgniter\View\View->CodeIgniter\View\{closure}()
#7 /home/kottako/public_html/system/Common.php(1089): CodeIgniter\View\View->render('teamlead/dashbo...', Array, true)
#8 /home/kottako/public_html/app/Controllers/TeamLeadDashboardController.php(25): view('teamlead/dashbo...', Array)
#9 /home/kottako/public_html/system/CodeIgniter.php(825): App\Controllers\TeamLeadDashboardController->index()
#10 /home/kottako/public_html/system/CodeIgniter.php(412): CodeIgniter\CodeIgniter->runController(Object(App\Controllers\TeamLeadDashboardController))
#11 /home/kottako/public_html/system/CodeIgniter.php(320): CodeIgniter\CodeIgniter->handleRequest(NULL, Object(Config\Cache), false)
#12 /home/kottako/public_html/index.php(41): CodeIgniter\CodeIgniter->run()
#13 {main}
CRITICAL - 2022-04-28 19:32:05 --> Undefined array key "logged_img"
#0 /home/kottako/public_html/app/Views/partials/teamlead/sidebar.php(5): CodeIgniter\Debug\Exceptions->errorHandler(2, 'Undefined array...', '/home/kottako/p...', 5)
#1 /home/kottako/public_html/system/View/View.php(210): include('/home/kottako/p...')
#2 /home/kottako/public_html/system/View/View.php(213): CodeIgniter\View\View->CodeIgniter\View\{closure}()
#3 /home/kottako/public_html/system/View/View.php(424): CodeIgniter\View\View->render('partials/teamle...', NULL, true)
#4 /home/kottako/public_html/app/Views/teamlead/dashboard.php(131): CodeIgniter\View\View->include('partials/teamle...')
#5 /home/kottako/public_html/system/View/View.php(210): include('/home/kottako/p...')
#6 /home/kottako/public_html/system/View/View.php(213): CodeIgniter\View\View->CodeIgniter\View\{closure}()
#7 /home/kottako/public_html/system/Common.php(1089): CodeIgniter\View\View->render('teamlead/dashbo...', Array, true)
#8 /home/kottako/public_html/app/Controllers/TeamLeadDashboardController.php(25): view('teamlead/dashbo...', Array)
#9 /home/kottako/public_html/system/CodeIgniter.php(825): App\Controllers\TeamLeadDashboardController->index()
#10 /home/kottako/public_html/system/CodeIgniter.php(412): CodeIgniter\CodeIgniter->runController(Object(App\Controllers\TeamLeadDashboardController))
#11 /home/kottako/public_html/system/CodeIgniter.php(320): CodeIgniter\CodeIgniter->handleRequest(NULL, Object(Config\Cache), false)
#12 /home/kottako/public_html/index.php(41): CodeIgniter\CodeIgniter->run()
#13 {main}
CRITICAL - 2022-04-28 19:34:10 --> Undefined array key "logged_img"
#0 /home/kottako/public_html/app/Views/partials/teamlead/sidebar.php(5): CodeIgniter\Debug\Exceptions->errorHandler(2, 'Undefined array...', '/home/kottako/p...', 5)
#1 /home/kottako/public_html/system/View/View.php(210): include('/home/kottako/p...')
#2 /home/kottako/public_html/system/View/View.php(213): CodeIgniter\View\View->CodeIgniter\View\{closure}()
#3 /home/kottako/public_html/system/View/View.php(424): CodeIgniter\View\View->render('partials/teamle...', NULL, true)
#4 /home/kottako/public_html/app/Views/teamlead/dashboard.php(131): CodeIgniter\View\View->include('partials/teamle...')
#5 /home/kottako/public_html/system/View/View.php(210): include('/home/kottako/p...')
#6 /home/kottako/public_html/system/View/View.php(213): CodeIgniter\View\View->CodeIgniter\View\{closure}()
#7 /home/kottako/public_html/system/Common.php(1089): CodeIgniter\View\View->render('teamlead/dashbo...', Array, true)
#8 /home/kottako/public_html/app/Controllers/TeamLeadDashboardController.php(25): view('teamlead/dashbo...', Array)
#9 /home/kottako/public_html/system/CodeIgniter.php(825): App\Controllers\TeamLeadDashboardController->index()
#10 /home/kottako/public_html/system/CodeIgniter.php(412): CodeIgniter\CodeIgniter->runController(Object(App\Controllers\TeamLeadDashboardController))
#11 /home/kottako/public_html/system/CodeIgniter.php(320): CodeIgniter\CodeIgniter->handleRequest(NULL, Object(Config\Cache), false)
#12 /home/kottako/public_html/index.php(41): CodeIgniter\CodeIgniter->run()
#13 {main}
ERROR - 2022-04-28 19:38:58 --> Email: sendWithSmtp throwed fsockopen(): SSL operation failed with code 1. OpenSSL Error messages:
error:14090086:SSL routines:ssl3_get_server_certificate:certificate verify failed
ERROR - 2022-04-28 19:54:51 --> Email: sendWithSmtp throwed fsockopen(): SSL operation failed with code 1. OpenSSL Error messages:
error:14090086:SSL routines:ssl3_get_server_certificate:certificate verify failed
ERROR - 2022-04-28 19:56:17 --> Email: sendWithSmtp throwed fsockopen(): SSL operation failed with code 1. OpenSSL Error messages:
error:14090086:SSL routines:ssl3_get_server_certificate:certificate verify failed
CRITICAL - 2022-04-28 19:58:56 --> Undefined array key "tagActivationId"
#0 /home/kottako/public_html/app/Controllers/SalesAgentTagController.php(260): CodeIgniter\Debug\Exceptions->errorHandler(2, 'Undefined array...', '/home/kottako/p...', 260)
#1 /home/kottako/public_html/system/CodeIgniter.php(825): App\Controllers\SalesAgentTagController->verifycustomer()
#2 /home/kottako/public_html/system/CodeIgniter.php(412): CodeIgniter\CodeIgniter->runController(Object(App\Controllers\SalesAgentTagController))
#3 /home/kottako/public_html/system/CodeIgniter.php(320): CodeIgniter\CodeIgniter->handleRequest(NULL, Object(Config\Cache), false)
#4 /home/kottako/public_html/index.php(41): CodeIgniter\CodeIgniter->run()
#5 {main}
ERROR - 2022-04-28 20:32:27 --> Email: sendWithSmtp throwed fsockopen(): SSL operation failed with code 1. OpenSSL Error messages:
error:14090086:SSL routines:ssl3_get_server_certificate:certificate verify failed
CRITICAL - 2022-04-28 20:36:23 --> Undefined array key "tagActivationId"
#0 /home/kottako/public_html/app/Controllers/SalesAgentTagController.php(260): CodeIgniter\Debug\Exceptions->errorHandler(2, 'Undefined array...', '/home/kottako/p...', 260)
#1 /home/kottako/public_html/system/CodeIgniter.php(825): App\Controllers\SalesAgentTagController->verifycustomer()
#2 /home/kottako/public_html/system/CodeIgniter.php(412): CodeIgniter\CodeIgniter->runController(Object(App\Controllers\SalesAgentTagController))
#3 /home/kottako/public_html/system/CodeIgniter.php(320): CodeIgniter\CodeIgniter->handleRequest(NULL, Object(Config\Cache), false)
#4 /home/kottako/public_html/index.php(41): CodeIgniter\CodeIgniter->run()
#5 {main}
CRITICAL - 2022-04-28 20:36:31 --> Undefined array key "tagActivationId"
#0 /home/kottako/public_html/app/Controllers/SalesAgentTagController.php(260): CodeIgniter\Debug\Exceptions->errorHandler(2, 'Undefined array...', '/home/kottako/p...', 260)
#1 /home/kottako/public_html/system/CodeIgniter.php(825): App\Controllers\SalesAgentTagController->verifycustomer()
#2 /home/kottako/public_html/system/CodeIgniter.php(412): CodeIgniter\CodeIgniter->runController(Object(App\Controllers\SalesAgentTagController))
#3 /home/kottako/public_html/system/CodeIgniter.php(320): CodeIgniter\CodeIgniter->handleRequest(NULL, Object(Config\Cache), false)
#4 /home/kottako/public_html/index.php(41): CodeIgniter\CodeIgniter->run()
#5 {main}
CRITICAL - 2022-04-28 20:36:34 --> Undefined array key "tagActivationId"
#0 /home/kottako/public_html/app/Controllers/SalesAgentTagController.php(260): CodeIgniter\Debug\Exceptions->errorHandler(2, 'Undefined array...', '/home/kottako/p...', 260)
#1 /home/kottako/public_html/system/CodeIgniter.php(825): App\Controllers\SalesAgentTagController->verifycustomer()
#2 /home/kottako/public_html/system/CodeIgniter.php(412): CodeIgniter\CodeIgniter->runController(Object(App\Controllers\SalesAgentTagController))
#3 /home/kottako/public_html/system/CodeIgniter.php(320): CodeIgniter\CodeIgniter->handleRequest(NULL, Object(Config\Cache), false)
#4 /home/kottako/public_html/index.php(41): CodeIgniter\CodeIgniter->run()
#5 {main}
CRITICAL - 2022-04-28 20:54:09 --> Undefined array key "logged_img"
#0 /home/kottako/public_html/app/Views/partials/teamlead/sidebar.php(5): CodeIgniter\Debug\Exceptions->errorHandler(2, 'Undefined array...', '/home/kottako/p...', 5)
#1 /home/kottako/public_html/system/View/View.php(210): include('/home/kottako/p...')
#2 /home/kottako/public_html/system/View/View.php(213): CodeIgniter\View\View->CodeIgniter\View\{closure}()
#3 /home/kottako/public_html/system/View/View.php(424): CodeIgniter\View\View->render('partials/teamle...', NULL, true)
#4 /home/kottako/public_html/app/Views/teamlead/dashboard.php(131): CodeIgniter\View\View->include('partials/teamle...')
#5 /home/kottako/public_html/system/View/View.php(210): include('/home/kottako/p...')
#6 /home/kottako/public_html/system/View/View.php(213): CodeIgniter\View\View->CodeIgniter\View\{closure}()
#7 /home/kottako/public_html/system/Common.php(1089): CodeIgniter\View\View->render('teamlead/dashbo...', Array, true)
#8 /home/kottako/public_html/app/Controllers/TeamLeadDashboardController.php(25): view('teamlead/dashbo...', Array)
#9 /home/kottako/public_html/system/CodeIgniter.php(825): App\Controllers\TeamLeadDashboardController->index()
#10 /home/kottako/public_html/system/CodeIgniter.php(412): CodeIgniter\CodeIgniter->runController(Object(App\Controllers\TeamLeadDashboardController))
#11 /home/kottako/public_html/system/CodeIgniter.php(320): CodeIgniter\CodeIgniter->handleRequest(NULL, Object(Config\Cache), false)
#12 /home/kottako/public_html/index.php(41): CodeIgniter\CodeIgniter->run()
#13 {main}
ERROR - 2022-04-28 21:26:19 --> Email: sendWithSmtp throwed fsockopen(): SSL operation failed with code 1. OpenSSL Error messages:
error:14090086:SSL routines:ssl3_get_server_certificate:certificate verify failed
CRITICAL - 2022-04-28 21:26:41 --> Invalid file: salesagent/Profile.php
#0 /home/kottako/public_html/system/View/View.php(198): CodeIgniter\Exceptions\FrameworkException::forInvalidFile('salesagent/Prof...')
#1 /home/kottako/public_html/system/Common.php(1089): CodeIgniter\View\View->render('salesagent/Prof...', Array, true)
#2 /home/kottako/public_html/app/Controllers/SalesAgentProfileController.php(280): view('salesagent/Prof...', Array)
#3 /home/kottako/public_html/system/CodeIgniter.php(825): App\Controllers\SalesAgentProfileController->viewProfile()
#4 /home/kottako/public_html/system/CodeIgniter.php(412): CodeIgniter\CodeIgniter->runController(Object(App\Controllers\SalesAgentProfileController))
#5 /home/kottako/public_html/system/CodeIgniter.php(320): CodeIgniter\CodeIgniter->handleRequest(NULL, Object(Config\Cache), false)
#6 /home/kottako/public_html/index.php(41): CodeIgniter\CodeIgniter->run()
#7 {main}
CRITICAL - 2022-04-28 21:26:47 --> Invalid file: salesagent/Profile.php
#0 /home/kottako/public_html/system/View/View.php(198): CodeIgniter\Exceptions\FrameworkException::forInvalidFile('salesagent/Prof...')
#1 /home/kottako/public_html/system/Common.php(1089): CodeIgniter\View\View->render('salesagent/Prof...', Array, true)
#2 /home/kottako/public_html/app/Controllers/SalesAgentProfileController.php(280): view('salesagent/Prof...', Array)
#3 /home/kottako/public_html/system/CodeIgniter.php(825): App\Controllers\SalesAgentProfileController->viewProfile()
#4 /home/kottako/public_html/system/CodeIgniter.php(412): CodeIgniter\CodeIgniter->runController(Object(App\Controllers\SalesAgentProfileController))
#5 /home/kottako/public_html/system/CodeIgniter.php(320): CodeIgniter\CodeIgniter->handleRequest(NULL, Object(Config\Cache), false)
#6 /home/kottako/public_html/index.php(41): CodeIgniter\CodeIgniter->run()
#7 {main}
CRITICAL - 2022-04-28 21:26:57 --> Invalid file: salesagent/editprofile.php
#0 /home/kottako/public_html/system/View/View.php(198): CodeIgniter\Exceptions\FrameworkException::forInvalidFile('salesagent/edit...')
#1 /home/kottako/public_html/system/Common.php(1089): CodeIgniter\View\View->render('salesagent/edit...', Array, true)
#2 /home/kottako/public_html/app/Controllers/SalesAgentProfileController.php(265): view('salesagent/edit...', Array)
#3 /home/kottako/public_html/system/CodeIgniter.php(825): App\Controllers\SalesAgentProfileController->editProfile()
#4 /home/kottako/public_html/system/CodeIgniter.php(412): CodeIgniter\CodeIgniter->runController(Object(App\Controllers\SalesAgentProfileController))
#5 /home/kottako/public_html/system/CodeIgniter.php(320): CodeIgniter\CodeIgniter->handleRequest(NULL, Object(Config\Cache), false)
#6 /home/kottako/public_html/index.php(41): CodeIgniter\CodeIgniter->run()
#7 {main}
CRITICAL - 2022-04-28 21:28:04 --> Invalid file: salesagent/editprofile.php
#0 /home/kottako/public_html/system/View/View.php(198): CodeIgniter\Exceptions\FrameworkException::forInvalidFile('salesagent/edit...')
#1 /home/kottako/public_html/system/Common.php(1089): CodeIgniter\View\View->render('salesagent/edit...', Array, true)
#2 /home/kottako/public_html/app/Controllers/SalesAgentProfileController.php(265): view('salesagent/edit...', Array)
#3 /home/kottako/public_html/system/CodeIgniter.php(825): App\Controllers\SalesAgentProfileController->editProfile()
#4 /home/kottako/public_html/system/CodeIgniter.php(412): CodeIgniter\CodeIgniter->runController(Object(App\Controllers\SalesAgentProfileController))
#5 /home/kottako/public_html/system/CodeIgniter.php(320): CodeIgniter\CodeIgniter->handleRequest(NULL, Object(Config\Cache), false)
#6 /home/kottako/public_html/index.php(41): CodeIgniter\CodeIgniter->run()
#7 {main}
ERROR - 2022-04-28 23:20:24 --> Email: sendWithSmtp throwed fsockopen(): SSL operation failed with code 1. OpenSSL Error messages:
error:14090086:SSL routines:ssl3_get_server_certificate:certificate verify failed
