CRITICAL - 2022-08-14 00:10:39 --> Undefined variable $drivinglicencedat
#0 /home/kottakotabusines/public_html/app/Controllers/SalesAgentController.php(1939): CodeIgniter\Debug\Exceptions->errorHandler(2, 'Undefined varia...', '/home/kottakota...', 1939)
#1 /home/kottakotabusines/public_html/system/CodeIgniter.php(825): App\Controllers\SalesAgentController->activateexistingUsers()
#2 /home/kottakotabusines/public_html/system/CodeIgniter.php(412): CodeIgniter\CodeIgniter->runController(Object(App\Controllers\SalesAgentController))
#3 /home/kottakotabusines/public_html/system/CodeIgniter.php(320): CodeIgniter\CodeIgniter->handleRequest(NULL, Object(Config\Cache), false)
#4 /home/kottakotabusines/public_html/index.php(41): CodeIgniter\CodeIgniter->run()
#5 {main}
CRITICAL - 2022-08-14 00:17:58 --> Undefined array key 0
#0 /home/kottakotabusines/public_html/app/Controllers/SalesAgentWalletController.php(75): CodeIgniter\Debug\Exceptions->errorHandler(2, 'Undefined array...', '/home/kottakota...', 75)
#1 /home/kottakotabusines/public_html/system/CodeIgniter.php(825): App\Controllers\SalesAgentWalletController->paymentnotation()
#2 /home/kottakotabusines/public_html/system/CodeIgniter.php(412): CodeIgniter\CodeIgniter->runController(Object(App\Controllers\SalesAgentWalletController))
#3 /home/kottakotabusines/public_html/system/CodeIgniter.php(320): CodeIgniter\CodeIgniter->handleRequest(NULL, Object(Config\Cache), false)
#4 /home/kottakotabusines/public_html/index.php(41): CodeIgniter\CodeIgniter->run()
#5 {main}
CRITICAL - 2022-08-14 00:42:20 --> Undefined array key 0
#0 /home/kottakotabusines/public_html/app/Controllers/SalesAgentWalletController.php(75): CodeIgniter\Debug\Exceptions->errorHandler(2, 'Undefined array...', '/home/kottakota...', 75)
#1 /home/kottakotabusines/public_html/system/CodeIgniter.php(825): App\Controllers\SalesAgentWalletController->paymentnotation()
#2 /home/kottakotabusines/public_html/system/CodeIgniter.php(412): CodeIgniter\CodeIgniter->runController(Object(App\Controllers\SalesAgentWalletController))
#3 /home/kottakotabusines/public_html/system/CodeIgniter.php(320): CodeIgniter\CodeIgniter->handleRequest(NULL, Object(Config\Cache), false)
#4 /home/kottakotabusines/public_html/index.php(41): CodeIgniter\CodeIgniter->run()
#5 {main}
CRITICAL - 2022-08-14 00:44:59 --> Undefined array key 0
#0 /home/kottakotabusines/public_html/app/Controllers/SalesAgentWalletController.php(75): CodeIgniter\Debug\Exceptions->errorHandler(2, 'Undefined array...', '/home/kottakota...', 75)
#1 /home/kottakotabusines/public_html/system/CodeIgniter.php(825): App\Controllers\SalesAgentWalletController->paymentnotation()
#2 /home/kottakotabusines/public_html/system/CodeIgniter.php(412): CodeIgniter\CodeIgniter->runController(Object(App\Controllers\SalesAgentWalletController))
#3 /home/kottakotabusines/public_html/system/CodeIgniter.php(320): CodeIgniter\CodeIgniter->handleRequest(NULL, Object(Config\Cache), false)
#4 /home/kottakotabusines/public_html/index.php(41): CodeIgniter\CodeIgniter->run()
#5 {main}
CRITICAL - 2022-08-14 01:02:59 --> Undefined array key 0
#0 /home/kottakotabusines/public_html/app/Controllers/SalesAgentWalletController.php(75): CodeIgniter\Debug\Exceptions->errorHandler(2, 'Undefined array...', '/home/kottakota...', 75)
#1 /home/kottakotabusines/public_html/system/CodeIgniter.php(825): App\Controllers\SalesAgentWalletController->paymentnotation()
#2 /home/kottakotabusines/public_html/system/CodeIgniter.php(412): CodeIgniter\CodeIgniter->runController(Object(App\Controllers\SalesAgentWalletController))
#3 /home/kottakotabusines/public_html/system/CodeIgniter.php(320): CodeIgniter\CodeIgniter->handleRequest(NULL, Object(Config\Cache), false)
#4 /home/kottakotabusines/public_html/index.php(41): CodeIgniter\CodeIgniter->run()
#5 {main}
CRITICAL - 2022-08-14 01:32:27 --> Undefined array key 0
#0 /home/kottakotabusines/public_html/app/Controllers/SalesAgentWalletController.php(75): CodeIgniter\Debug\Exceptions->errorHandler(2, 'Undefined array...', '/home/kottakota...', 75)
#1 /home/kottakotabusines/public_html/system/CodeIgniter.php(825): App\Controllers\SalesAgentWalletController->paymentnotation()
#2 /home/kottakotabusines/public_html/system/CodeIgniter.php(412): CodeIgniter\CodeIgniter->runController(Object(App\Controllers\SalesAgentWalletController))
#3 /home/kottakotabusines/public_html/system/CodeIgniter.php(320): CodeIgniter\CodeIgniter->handleRequest(NULL, Object(Config\Cache), false)
#4 /home/kottakotabusines/public_html/index.php(41): CodeIgniter\CodeIgniter->run()
#5 {main}
CRITICAL - 2022-08-14 01:42:30 --> Undefined array key 0
#0 /home/kottakotabusines/public_html/app/Controllers/SalesAgentWalletController.php(75): CodeIgniter\Debug\Exceptions->errorHandler(2, 'Undefined array...', '/home/kottakota...', 75)
#1 /home/kottakotabusines/public_html/system/CodeIgniter.php(825): App\Controllers\SalesAgentWalletController->paymentnotation()
#2 /home/kottakotabusines/public_html/system/CodeIgniter.php(412): CodeIgniter\CodeIgniter->runController(Object(App\Controllers\SalesAgentWalletController))
#3 /home/kottakotabusines/public_html/system/CodeIgniter.php(320): CodeIgniter\CodeIgniter->handleRequest(NULL, Object(Config\Cache), false)
#4 /home/kottakotabusines/public_html/index.php(41): CodeIgniter\CodeIgniter->run()
#5 {main}
CRITICAL - 2022-08-14 01:58:29 --> Undefined array key 0
#0 /home/kottakotabusines/public_html/app/Controllers/SalesAgentWalletController.php(75): CodeIgniter\Debug\Exceptions->errorHandler(2, 'Undefined array...', '/home/kottakota...', 75)
#1 /home/kottakotabusines/public_html/system/CodeIgniter.php(825): App\Controllers\SalesAgentWalletController->paymentnotation()
#2 /home/kottakotabusines/public_html/system/CodeIgniter.php(412): CodeIgniter\CodeIgniter->runController(Object(App\Controllers\SalesAgentWalletController))
#3 /home/kottakotabusines/public_html/system/CodeIgniter.php(320): CodeIgniter\CodeIgniter->handleRequest(NULL, Object(Config\Cache), false)
#4 /home/kottakotabusines/public_html/index.php(41): CodeIgniter\CodeIgniter->run()
#5 {main}
CRITICAL - 2022-08-14 02:32:31 --> Undefined array key 0
#0 /home/kottakotabusines/public_html/app/Controllers/SalesAgentWalletController.php(75): CodeIgniter\Debug\Exceptions->errorHandler(2, 'Undefined array...', '/home/kottakota...', 75)
#1 /home/kottakotabusines/public_html/system/CodeIgniter.php(825): App\Controllers\SalesAgentWalletController->paymentnotation()
#2 /home/kottakotabusines/public_html/system/CodeIgniter.php(412): CodeIgniter\CodeIgniter->runController(Object(App\Controllers\SalesAgentWalletController))
#3 /home/kottakotabusines/public_html/system/CodeIgniter.php(320): CodeIgniter\CodeIgniter->handleRequest(NULL, Object(Config\Cache), false)
#4 /home/kottakotabusines/public_html/index.php(41): CodeIgniter\CodeIgniter->run()
#5 {main}
CRITICAL - 2022-08-14 02:58:31 --> Undefined array key 0
#0 /home/kottakotabusines/public_html/app/Controllers/SalesAgentWalletController.php(75): CodeIgniter\Debug\Exceptions->errorHandler(2, 'Undefined array...', '/home/kottakota...', 75)
#1 /home/kottakotabusines/public_html/system/CodeIgniter.php(825): App\Controllers\SalesAgentWalletController->paymentnotation()
#2 /home/kottakotabusines/public_html/system/CodeIgniter.php(412): CodeIgniter\CodeIgniter->runController(Object(App\Controllers\SalesAgentWalletController))
#3 /home/kottakotabusines/public_html/system/CodeIgniter.php(320): CodeIgniter\CodeIgniter->handleRequest(NULL, Object(Config\Cache), false)
#4 /home/kottakotabusines/public_html/index.php(41): CodeIgniter\CodeIgniter->run()
#5 {main}
CRITICAL - 2022-08-14 03:36:21 --> Undefined variable $drivinglicencedat
#0 /home/kottakotabusines/public_html/app/Controllers/SalesAgentController.php(1939): CodeIgniter\Debug\Exceptions->errorHandler(2, 'Undefined varia...', '/home/kottakota...', 1939)
#1 /home/kottakotabusines/public_html/system/CodeIgniter.php(825): App\Controllers\SalesAgentController->activateexistingUsers()
#2 /home/kottakotabusines/public_html/system/CodeIgniter.php(412): CodeIgniter\CodeIgniter->runController(Object(App\Controllers\SalesAgentController))
#3 /home/kottakotabusines/public_html/system/CodeIgniter.php(320): CodeIgniter\CodeIgniter->handleRequest(NULL, Object(Config\Cache), false)
#4 /home/kottakotabusines/public_html/index.php(41): CodeIgniter\CodeIgniter->run()
#5 {main}
CRITICAL - 2022-08-14 03:37:17 --> Undefined variable $drivinglicencedat
#0 /home/kottakotabusines/public_html/app/Controllers/SalesAgentController.php(1939): CodeIgniter\Debug\Exceptions->errorHandler(2, 'Undefined varia...', '/home/kottakota...', 1939)
#1 /home/kottakotabusines/public_html/system/CodeIgniter.php(825): App\Controllers\SalesAgentController->activateexistingUsers()
#2 /home/kottakotabusines/public_html/system/CodeIgniter.php(412): CodeIgniter\CodeIgniter->runController(Object(App\Controllers\SalesAgentController))
#3 /home/kottakotabusines/public_html/system/CodeIgniter.php(320): CodeIgniter\CodeIgniter->handleRequest(NULL, Object(Config\Cache), false)
#4 /home/kottakotabusines/public_html/index.php(41): CodeIgniter\CodeIgniter->run()
#5 {main}
CRITICAL - 2022-08-14 03:42:32 --> Undefined array key 0
#0 /home/kottakotabusines/public_html/app/Controllers/SalesAgentWalletController.php(75): CodeIgniter\Debug\Exceptions->errorHandler(2, 'Undefined array...', '/home/kottakota...', 75)
#1 /home/kottakotabusines/public_html/system/CodeIgniter.php(825): App\Controllers\SalesAgentWalletController->paymentnotation()
#2 /home/kottakotabusines/public_html/system/CodeIgniter.php(412): CodeIgniter\CodeIgniter->runController(Object(App\Controllers\SalesAgentWalletController))
#3 /home/kottakotabusines/public_html/system/CodeIgniter.php(320): CodeIgniter\CodeIgniter->handleRequest(NULL, Object(Config\Cache), false)
#4 /home/kottakotabusines/public_html/index.php(41): CodeIgniter\CodeIgniter->run()
#5 {main}
CRITICAL - 2022-08-14 04:30:35 --> Undefined array key 0
#0 /home/kottakotabusines/public_html/app/Controllers/SalesAgentWalletController.php(75): CodeIgniter\Debug\Exceptions->errorHandler(2, 'Undefined array...', '/home/kottakota...', 75)
#1 /home/kottakotabusines/public_html/system/CodeIgniter.php(825): App\Controllers\SalesAgentWalletController->paymentnotation()
#2 /home/kottakotabusines/public_html/system/CodeIgniter.php(412): CodeIgniter\CodeIgniter->runController(Object(App\Controllers\SalesAgentWalletController))
#3 /home/kottakotabusines/public_html/system/CodeIgniter.php(320): CodeIgniter\CodeIgniter->handleRequest(NULL, Object(Config\Cache), false)
#4 /home/kottakotabusines/public_html/index.php(41): CodeIgniter\CodeIgniter->run()
#5 {main}
CRITICAL - 2022-08-14 04:32:32 --> Undefined array key 0
#0 /home/kottakotabusines/public_html/app/Controllers/SalesAgentWalletController.php(75): CodeIgniter\Debug\Exceptions->errorHandler(2, 'Undefined array...', '/home/kottakota...', 75)
#1 /home/kottakotabusines/public_html/system/CodeIgniter.php(825): App\Controllers\SalesAgentWalletController->paymentnotation()
#2 /home/kottakotabusines/public_html/system/CodeIgniter.php(412): CodeIgniter\CodeIgniter->runController(Object(App\Controllers\SalesAgentWalletController))
#3 /home/kottakotabusines/public_html/system/CodeIgniter.php(320): CodeIgniter\CodeIgniter->handleRequest(NULL, Object(Config\Cache), false)
#4 /home/kottakotabusines/public_html/index.php(41): CodeIgniter\CodeIgniter->run()
#5 {main}
CRITICAL - 2022-08-14 04:58:33 --> Undefined array key 0
#0 /home/kottakotabusines/public_html/app/Controllers/SalesAgentWalletController.php(75): CodeIgniter\Debug\Exceptions->errorHandler(2, 'Undefined array...', '/home/kottakota...', 75)
#1 /home/kottakotabusines/public_html/system/CodeIgniter.php(825): App\Controllers\SalesAgentWalletController->paymentnotation()
#2 /home/kottakotabusines/public_html/system/CodeIgniter.php(412): CodeIgniter\CodeIgniter->runController(Object(App\Controllers\SalesAgentWalletController))
#3 /home/kottakotabusines/public_html/system/CodeIgniter.php(320): CodeIgniter\CodeIgniter->handleRequest(NULL, Object(Config\Cache), false)
#4 /home/kottakotabusines/public_html/index.php(41): CodeIgniter\CodeIgniter->run()
#5 {main}
CRITICAL - 2022-08-14 05:03:03 --> Undefined array key 0
#0 /home/kottakotabusines/public_html/app/Controllers/SalesAgentWalletController.php(75): CodeIgniter\Debug\Exceptions->errorHandler(2, 'Undefined array...', '/home/kottakota...', 75)
#1 /home/kottakotabusines/public_html/system/CodeIgniter.php(825): App\Controllers\SalesAgentWalletController->paymentnotation()
#2 /home/kottakotabusines/public_html/system/CodeIgniter.php(412): CodeIgniter\CodeIgniter->runController(Object(App\Controllers\SalesAgentWalletController))
#3 /home/kottakotabusines/public_html/system/CodeIgniter.php(320): CodeIgniter\CodeIgniter->handleRequest(NULL, Object(Config\Cache), false)
#4 /home/kottakotabusines/public_html/index.php(41): CodeIgniter\CodeIgniter->run()
#5 {main}
CRITICAL - 2022-08-14 05:31:03 --> Undefined array key 0
#0 /home/kottakotabusines/public_html/app/Controllers/SalesAgentWalletController.php(75): CodeIgniter\Debug\Exceptions->errorHandler(2, 'Undefined array...', '/home/kottakota...', 75)
#1 /home/kottakotabusines/public_html/system/CodeIgniter.php(825): App\Controllers\SalesAgentWalletController->paymentnotation()
#2 /home/kottakotabusines/public_html/system/CodeIgniter.php(412): CodeIgniter\CodeIgniter->runController(Object(App\Controllers\SalesAgentWalletController))
#3 /home/kottakotabusines/public_html/system/CodeIgniter.php(320): CodeIgniter\CodeIgniter->handleRequest(NULL, Object(Config\Cache), false)
#4 /home/kottakotabusines/public_html/index.php(41): CodeIgniter\CodeIgniter->run()
#5 {main}
CRITICAL - 2022-08-14 06:33:11 --> Undefined array key 0
#0 /home/kottakotabusines/public_html/app/Controllers/SalesAgentWalletController.php(75): CodeIgniter\Debug\Exceptions->errorHandler(2, 'Undefined array...', '/home/kottakota...', 75)
#1 /home/kottakotabusines/public_html/system/CodeIgniter.php(825): App\Controllers\SalesAgentWalletController->paymentnotation()
#2 /home/kottakotabusines/public_html/system/CodeIgniter.php(412): CodeIgniter\CodeIgniter->runController(Object(App\Controllers\SalesAgentWalletController))
#3 /home/kottakotabusines/public_html/system/CodeIgniter.php(320): CodeIgniter\CodeIgniter->handleRequest(NULL, Object(Config\Cache), false)
#4 /home/kottakotabusines/public_html/index.php(41): CodeIgniter\CodeIgniter->run()
#5 {main}
CRITICAL - 2022-08-14 07:31:04 --> Undefined array key 0
#0 /home/kottakotabusines/public_html/app/Controllers/SalesAgentWalletController.php(75): CodeIgniter\Debug\Exceptions->errorHandler(2, 'Undefined array...', '/home/kottakota...', 75)
#1 /home/kottakotabusines/public_html/system/CodeIgniter.php(825): App\Controllers\SalesAgentWalletController->paymentnotation()
#2 /home/kottakotabusines/public_html/system/CodeIgniter.php(412): CodeIgniter\CodeIgniter->runController(Object(App\Controllers\SalesAgentWalletController))
#3 /home/kottakotabusines/public_html/system/CodeIgniter.php(320): CodeIgniter\CodeIgniter->handleRequest(NULL, Object(Config\Cache), false)
#4 /home/kottakotabusines/public_html/index.php(41): CodeIgniter\CodeIgniter->run()
#5 {main}
CRITICAL - 2022-08-14 07:33:06 --> Undefined variable $wallatdetails
#0 /home/kottakotabusines/public_html/app/Views/salesagent/tagactivationnew.php(436): CodeIgniter\Debug\Exceptions->errorHandler(2, 'Undefined varia...', '/home/kottakota...', 436)
#1 /home/kottakotabusines/public_html/system/View/View.php(210): include('/home/kottakota...')
#2 /home/kottakotabusines/public_html/system/View/View.php(213): CodeIgniter\View\View->CodeIgniter\View\{closure}()
#3 /home/kottakotabusines/public_html/system/Common.php(1089): CodeIgniter\View\View->render('salesagent/taga...', Array, true)
#4 /home/kottakotabusines/public_html/app/Controllers/SalesAgentTagController.php(612): view('salesagent/taga...', Array)
#5 /home/kottakotabusines/public_html/system/CodeIgniter.php(825): App\Controllers\SalesAgentTagController->allotbarcode()
#6 /home/kottakotabusines/public_html/system/CodeIgniter.php(412): CodeIgniter\CodeIgniter->runController(Object(App\Controllers\SalesAgentTagController))
#7 /home/kottakotabusines/public_html/system/CodeIgniter.php(320): CodeIgniter\CodeIgniter->handleRequest(NULL, Object(Config\Cache), false)
#8 /home/kottakotabusines/public_html/index.php(41): CodeIgniter\CodeIgniter->run()
#9 {main}
CRITICAL - 2022-08-14 07:33:06 --> Undefined variable $wallatdetails
#0 /home/kottakotabusines/public_html/app/Views/salesagent/tagactivationnew.php(436): CodeIgniter\Debug\Exceptions->errorHandler(2, 'Undefined varia...', '/home/kottakota...', 436)
#1 /home/kottakotabusines/public_html/system/View/View.php(210): include('/home/kottakota...')
#2 /home/kottakotabusines/public_html/system/View/View.php(213): CodeIgniter\View\View->CodeIgniter\View\{closure}()
#3 /home/kottakotabusines/public_html/system/Common.php(1089): CodeIgniter\View\View->render('salesagent/taga...', Array, true)
#4 /home/kottakotabusines/public_html/app/Controllers/SalesAgentTagController.php(612): view('salesagent/taga...', Array)
#5 /home/kottakotabusines/public_html/system/CodeIgniter.php(825): App\Controllers\SalesAgentTagController->allotbarcode()
#6 /home/kottakotabusines/public_html/system/CodeIgniter.php(412): CodeIgniter\CodeIgniter->runController(Object(App\Controllers\SalesAgentTagController))
#7 /home/kottakotabusines/public_html/system/CodeIgniter.php(320): CodeIgniter\CodeIgniter->handleRequest(NULL, Object(Config\Cache), false)
#8 /home/kottakotabusines/public_html/index.php(41): CodeIgniter\CodeIgniter->run()
#9 {main}
CRITICAL - 2022-08-14 07:33:34 --> Undefined array key 0
#0 /home/kottakotabusines/public_html/app/Controllers/SalesAgentWalletController.php(75): CodeIgniter\Debug\Exceptions->errorHandler(2, 'Undefined array...', '/home/kottakota...', 75)
#1 /home/kottakotabusines/public_html/system/CodeIgniter.php(825): App\Controllers\SalesAgentWalletController->paymentnotation()
#2 /home/kottakotabusines/public_html/system/CodeIgniter.php(412): CodeIgniter\CodeIgniter->runController(Object(App\Controllers\SalesAgentWalletController))
#3 /home/kottakotabusines/public_html/system/CodeIgniter.php(320): CodeIgniter\CodeIgniter->handleRequest(NULL, Object(Config\Cache), false)
#4 /home/kottakotabusines/public_html/index.php(41): CodeIgniter\CodeIgniter->run()
#5 {main}
CRITICAL - 2022-08-14 07:42:34 --> Undefined array key 0
#0 /home/kottakotabusines/public_html/app/Controllers/SalesAgentWalletController.php(75): CodeIgniter\Debug\Exceptions->errorHandler(2, 'Undefined array...', '/home/kottakota...', 75)
#1 /home/kottakotabusines/public_html/system/CodeIgniter.php(825): App\Controllers\SalesAgentWalletController->paymentnotation()
#2 /home/kottakotabusines/public_html/system/CodeIgniter.php(412): CodeIgniter\CodeIgniter->runController(Object(App\Controllers\SalesAgentWalletController))
#3 /home/kottakotabusines/public_html/system/CodeIgniter.php(320): CodeIgniter\CodeIgniter->handleRequest(NULL, Object(Config\Cache), false)
#4 /home/kottakotabusines/public_html/index.php(41): CodeIgniter\CodeIgniter->run()
#5 {main}
CRITICAL - 2022-08-14 08:32:35 --> Undefined array key 0
#0 /home/kottakotabusines/public_html/app/Controllers/SalesAgentWalletController.php(75): CodeIgniter\Debug\Exceptions->errorHandler(2, 'Undefined array...', '/home/kottakota...', 75)
#1 /home/kottakotabusines/public_html/system/CodeIgniter.php(825): App\Controllers\SalesAgentWalletController->paymentnotation()
#2 /home/kottakotabusines/public_html/system/CodeIgniter.php(412): CodeIgniter\CodeIgniter->runController(Object(App\Controllers\SalesAgentWalletController))
#3 /home/kottakotabusines/public_html/system/CodeIgniter.php(320): CodeIgniter\CodeIgniter->handleRequest(NULL, Object(Config\Cache), false)
#4 /home/kottakotabusines/public_html/index.php(41): CodeIgniter\CodeIgniter->run()
#5 {main}
CRITICAL - 2022-08-14 08:41:37 --> Undefined array key 0
#0 /home/kottakotabusines/public_html/app/Controllers/SalesAgentWalletController.php(75): CodeIgniter\Debug\Exceptions->errorHandler(2, 'Undefined array...', '/home/kottakota...', 75)
#1 /home/kottakotabusines/public_html/system/CodeIgniter.php(825): App\Controllers\SalesAgentWalletController->paymentnotation()
#2 /home/kottakotabusines/public_html/system/CodeIgniter.php(412): CodeIgniter\CodeIgniter->runController(Object(App\Controllers\SalesAgentWalletController))
#3 /home/kottakotabusines/public_html/system/CodeIgniter.php(320): CodeIgniter\CodeIgniter->handleRequest(NULL, Object(Config\Cache), false)
#4 /home/kottakotabusines/public_html/index.php(41): CodeIgniter\CodeIgniter->run()
#5 {main}
CRITICAL - 2022-08-14 08:50:03 --> Undefined array key 0
#0 /home/kottakotabusines/public_html/app/Controllers/SalesAgentWalletController.php(75): CodeIgniter\Debug\Exceptions->errorHandler(2, 'Undefined array...', '/home/kottakota...', 75)
#1 /home/kottakotabusines/public_html/system/CodeIgniter.php(825): App\Controllers\SalesAgentWalletController->paymentnotation()
#2 /home/kottakotabusines/public_html/system/CodeIgniter.php(412): CodeIgniter\CodeIgniter->runController(Object(App\Controllers\SalesAgentWalletController))
#3 /home/kottakotabusines/public_html/system/CodeIgniter.php(320): CodeIgniter\CodeIgniter->handleRequest(NULL, Object(Config\Cache), false)
#4 /home/kottakotabusines/public_html/index.php(41): CodeIgniter\CodeIgniter->run()
#5 {main}
CRITICAL - 2022-08-14 08:58:35 --> Undefined array key 0
#0 /home/kottakotabusines/public_html/app/Controllers/SalesAgentWalletController.php(75): CodeIgniter\Debug\Exceptions->errorHandler(2, 'Undefined array...', '/home/kottakota...', 75)
#1 /home/kottakotabusines/public_html/system/CodeIgniter.php(825): App\Controllers\SalesAgentWalletController->paymentnotation()
#2 /home/kottakotabusines/public_html/system/CodeIgniter.php(412): CodeIgniter\CodeIgniter->runController(Object(App\Controllers\SalesAgentWalletController))
#3 /home/kottakotabusines/public_html/system/CodeIgniter.php(320): CodeIgniter\CodeIgniter->handleRequest(NULL, Object(Config\Cache), false)
#4 /home/kottakotabusines/public_html/index.php(41): CodeIgniter\CodeIgniter->run()
#5 {main}
CRITICAL - 2022-08-14 09:33:35 --> Undefined array key 0
#0 /home/kottakotabusines/public_html/app/Controllers/SalesAgentWalletController.php(75): CodeIgniter\Debug\Exceptions->errorHandler(2, 'Undefined array...', '/home/kottakota...', 75)
#1 /home/kottakotabusines/public_html/system/CodeIgniter.php(825): App\Controllers\SalesAgentWalletController->paymentnotation()
#2 /home/kottakotabusines/public_html/system/CodeIgniter.php(412): CodeIgniter\CodeIgniter->runController(Object(App\Controllers\SalesAgentWalletController))
#3 /home/kottakotabusines/public_html/system/CodeIgniter.php(320): CodeIgniter\CodeIgniter->handleRequest(NULL, Object(Config\Cache), false)
#4 /home/kottakotabusines/public_html/index.php(41): CodeIgniter\CodeIgniter->run()
#5 {main}
CRITICAL - 2022-08-14 09:42:05 --> Undefined array key 0
#0 /home/kottakotabusines/public_html/app/Controllers/SalesAgentWalletController.php(75): CodeIgniter\Debug\Exceptions->errorHandler(2, 'Undefined array...', '/home/kottakota...', 75)
#1 /home/kottakotabusines/public_html/system/CodeIgniter.php(825): App\Controllers\SalesAgentWalletController->paymentnotation()
#2 /home/kottakotabusines/public_html/system/CodeIgniter.php(412): CodeIgniter\CodeIgniter->runController(Object(App\Controllers\SalesAgentWalletController))
#3 /home/kottakotabusines/public_html/system/CodeIgniter.php(320): CodeIgniter\CodeIgniter->handleRequest(NULL, Object(Config\Cache), false)
#4 /home/kottakotabusines/public_html/index.php(41): CodeIgniter\CodeIgniter->run()
#5 {main}
CRITICAL - 2022-08-14 09:50:06 --> Undefined array key 0
#0 /home/kottakotabusines/public_html/app/Controllers/SalesAgentWalletController.php(75): CodeIgniter\Debug\Exceptions->errorHandler(2, 'Undefined array...', '/home/kottakota...', 75)
#1 /home/kottakotabusines/public_html/system/CodeIgniter.php(825): App\Controllers\SalesAgentWalletController->paymentnotation()
#2 /home/kottakotabusines/public_html/system/CodeIgniter.php(412): CodeIgniter\CodeIgniter->runController(Object(App\Controllers\SalesAgentWalletController))
#3 /home/kottakotabusines/public_html/system/CodeIgniter.php(320): CodeIgniter\CodeIgniter->handleRequest(NULL, Object(Config\Cache), false)
#4 /home/kottakotabusines/public_html/index.php(41): CodeIgniter\CodeIgniter->run()
#5 {main}
CRITICAL - 2022-08-14 10:08:02 --> Undefined array key 0
#0 /home/kottakotabusines/public_html/app/Controllers/SalesAgentWalletController.php(75): CodeIgniter\Debug\Exceptions->errorHandler(2, 'Undefined array...', '/home/kottakota...', 75)
#1 /home/kottakotabusines/public_html/system/CodeIgniter.php(825): App\Controllers\SalesAgentWalletController->paymentnotation()
#2 /home/kottakotabusines/public_html/system/CodeIgniter.php(412): CodeIgniter\CodeIgniter->runController(Object(App\Controllers\SalesAgentWalletController))
#3 /home/kottakotabusines/public_html/system/CodeIgniter.php(320): CodeIgniter\CodeIgniter->handleRequest(NULL, Object(Config\Cache), false)
#4 /home/kottakotabusines/public_html/index.php(41): CodeIgniter\CodeIgniter->run()
#5 {main}
CRITICAL - 2022-08-14 11:08:07 --> Undefined array key 0
#0 /home/kottakotabusines/public_html/app/Controllers/SalesAgentWalletController.php(75): CodeIgniter\Debug\Exceptions->errorHandler(2, 'Undefined array...', '/home/kottakota...', 75)
#1 /home/kottakotabusines/public_html/system/CodeIgniter.php(825): App\Controllers\SalesAgentWalletController->paymentnotation()
#2 /home/kottakotabusines/public_html/system/CodeIgniter.php(412): CodeIgniter\CodeIgniter->runController(Object(App\Controllers\SalesAgentWalletController))
#3 /home/kottakotabusines/public_html/system/CodeIgniter.php(320): CodeIgniter\CodeIgniter->handleRequest(NULL, Object(Config\Cache), false)
#4 /home/kottakotabusines/public_html/index.php(41): CodeIgniter\CodeIgniter->run()
#5 {main}
CRITICAL - 2022-08-14 11:31:08 --> Undefined array key 0
#0 /home/kottakotabusines/public_html/app/Controllers/SalesAgentWalletController.php(75): CodeIgniter\Debug\Exceptions->errorHandler(2, 'Undefined array...', '/home/kottakota...', 75)
#1 /home/kottakotabusines/public_html/system/CodeIgniter.php(825): App\Controllers\SalesAgentWalletController->paymentnotation()
#2 /home/kottakotabusines/public_html/system/CodeIgniter.php(412): CodeIgniter\CodeIgniter->runController(Object(App\Controllers\SalesAgentWalletController))
#3 /home/kottakotabusines/public_html/system/CodeIgniter.php(320): CodeIgniter\CodeIgniter->handleRequest(NULL, Object(Config\Cache), false)
#4 /home/kottakotabusines/public_html/index.php(41): CodeIgniter\CodeIgniter->run()
#5 {main}
CRITICAL - 2022-08-14 11:42:08 --> Undefined array key 0
#0 /home/kottakotabusines/public_html/app/Controllers/SalesAgentWalletController.php(75): CodeIgniter\Debug\Exceptions->errorHandler(2, 'Undefined array...', '/home/kottakota...', 75)
#1 /home/kottakotabusines/public_html/system/CodeIgniter.php(825): App\Controllers\SalesAgentWalletController->paymentnotation()
#2 /home/kottakotabusines/public_html/system/CodeIgniter.php(412): CodeIgniter\CodeIgniter->runController(Object(App\Controllers\SalesAgentWalletController))
#3 /home/kottakotabusines/public_html/system/CodeIgniter.php(320): CodeIgniter\CodeIgniter->handleRequest(NULL, Object(Config\Cache), false)
#4 /home/kottakotabusines/public_html/index.php(41): CodeIgniter\CodeIgniter->run()
#5 {main}
CRITICAL - 2022-08-14 11:50:08 --> Undefined array key 0
#0 /home/kottakotabusines/public_html/app/Controllers/SalesAgentWalletController.php(75): CodeIgniter\Debug\Exceptions->errorHandler(2, 'Undefined array...', '/home/kottakota...', 75)
#1 /home/kottakotabusines/public_html/system/CodeIgniter.php(825): App\Controllers\SalesAgentWalletController->paymentnotation()
#2 /home/kottakotabusines/public_html/system/CodeIgniter.php(412): CodeIgniter\CodeIgniter->runController(Object(App\Controllers\SalesAgentWalletController))
#3 /home/kottakotabusines/public_html/system/CodeIgniter.php(320): CodeIgniter\CodeIgniter->handleRequest(NULL, Object(Config\Cache), false)
#4 /home/kottakotabusines/public_html/index.php(41): CodeIgniter\CodeIgniter->run()
#5 {main}
CRITICAL - 2022-08-14 12:01:15 --> Undefined variable $wallatdetails
#0 /home/kottakotabusines/public_html/app/Views/salesagent/tagactivationnew.php(436): CodeIgniter\Debug\Exceptions->errorHandler(2, 'Undefined varia...', '/home/kottakota...', 436)
#1 /home/kottakotabusines/public_html/system/View/View.php(210): include('/home/kottakota...')
#2 /home/kottakotabusines/public_html/system/View/View.php(213): CodeIgniter\View\View->CodeIgniter\View\{closure}()
#3 /home/kottakotabusines/public_html/system/Common.php(1089): CodeIgniter\View\View->render('salesagent/taga...', Array, true)
#4 /home/kottakotabusines/public_html/app/Controllers/SalesAgentTagController.php(165): view('salesagent/taga...', Array)
#5 /home/kottakotabusines/public_html/system/CodeIgniter.php(825): App\Controllers\SalesAgentTagController->verifyotp()
#6 /home/kottakotabusines/public_html/system/CodeIgniter.php(412): CodeIgniter\CodeIgniter->runController(Object(App\Controllers\SalesAgentTagController))
#7 /home/kottakotabusines/public_html/system/CodeIgniter.php(320): CodeIgniter\CodeIgniter->handleRequest(NULL, Object(Config\Cache), false)
#8 /home/kottakotabusines/public_html/index.php(41): CodeIgniter\CodeIgniter->run()
#9 {main}
CRITICAL - 2022-08-14 12:14:10 --> Undefined array key 0
#0 /home/kottakotabusines/public_html/app/Controllers/SalesAgentWalletController.php(75): CodeIgniter\Debug\Exceptions->errorHandler(2, 'Undefined array...', '/home/kottakota...', 75)
#1 /home/kottakotabusines/public_html/system/CodeIgniter.php(825): App\Controllers\SalesAgentWalletController->paymentnotation()
#2 /home/kottakotabusines/public_html/system/CodeIgniter.php(412): CodeIgniter\CodeIgniter->runController(Object(App\Controllers\SalesAgentWalletController))
#3 /home/kottakotabusines/public_html/system/CodeIgniter.php(320): CodeIgniter\CodeIgniter->handleRequest(NULL, Object(Config\Cache), false)
#4 /home/kottakotabusines/public_html/index.php(41): CodeIgniter\CodeIgniter->run()
#5 {main}
CRITICAL - 2022-08-14 12:15:46 --> Undefined array key 0
#0 /home/kottakotabusines/public_html/app/Controllers/SalesAgentWalletController.php(75): CodeIgniter\Debug\Exceptions->errorHandler(2, 'Undefined array...', '/home/kottakota...', 75)
#1 /home/kottakotabusines/public_html/system/CodeIgniter.php(825): App\Controllers\SalesAgentWalletController->paymentnotation()
#2 /home/kottakotabusines/public_html/system/CodeIgniter.php(412): CodeIgniter\CodeIgniter->runController(Object(App\Controllers\SalesAgentWalletController))
#3 /home/kottakotabusines/public_html/system/CodeIgniter.php(320): CodeIgniter\CodeIgniter->handleRequest(NULL, Object(Config\Cache), false)
#4 /home/kottakotabusines/public_html/index.php(41): CodeIgniter\CodeIgniter->run()
#5 {main}
CRITICAL - 2022-08-14 12:29:25 --> Undefined array key 0
#0 /home/kottakotabusines/public_html/app/Controllers/SalesAgentWalletController.php(75): CodeIgniter\Debug\Exceptions->errorHandler(2, 'Undefined array...', '/home/kottakota...', 75)
#1 /home/kottakotabusines/public_html/system/CodeIgniter.php(825): App\Controllers\SalesAgentWalletController->paymentnotation()
#2 /home/kottakotabusines/public_html/system/CodeIgniter.php(412): CodeIgniter\CodeIgniter->runController(Object(App\Controllers\SalesAgentWalletController))
#3 /home/kottakotabusines/public_html/system/CodeIgniter.php(320): CodeIgniter\CodeIgniter->handleRequest(NULL, Object(Config\Cache), false)
#4 /home/kottakotabusines/public_html/index.php(41): CodeIgniter\CodeIgniter->run()
#5 {main}
CRITICAL - 2022-08-14 12:43:36 --> Undefined array key 0
#0 /home/kottakotabusines/public_html/app/Controllers/SalesAgentWalletController.php(75): CodeIgniter\Debug\Exceptions->errorHandler(2, 'Undefined array...', '/home/kottakota...', 75)
#1 /home/kottakotabusines/public_html/system/CodeIgniter.php(825): App\Controllers\SalesAgentWalletController->paymentnotation()
#2 /home/kottakotabusines/public_html/system/CodeIgniter.php(412): CodeIgniter\CodeIgniter->runController(Object(App\Controllers\SalesAgentWalletController))
#3 /home/kottakotabusines/public_html/system/CodeIgniter.php(320): CodeIgniter\CodeIgniter->handleRequest(NULL, Object(Config\Cache), false)
#4 /home/kottakotabusines/public_html/index.php(41): CodeIgniter\CodeIgniter->run()
#5 {main}
CRITICAL - 2022-08-14 13:08:11 --> Undefined array key 0
#0 /home/kottakotabusines/public_html/app/Controllers/SalesAgentWalletController.php(75): CodeIgniter\Debug\Exceptions->errorHandler(2, 'Undefined array...', '/home/kottakota...', 75)
#1 /home/kottakotabusines/public_html/system/CodeIgniter.php(825): App\Controllers\SalesAgentWalletController->paymentnotation()
#2 /home/kottakotabusines/public_html/system/CodeIgniter.php(412): CodeIgniter\CodeIgniter->runController(Object(App\Controllers\SalesAgentWalletController))
#3 /home/kottakotabusines/public_html/system/CodeIgniter.php(320): CodeIgniter\CodeIgniter->handleRequest(NULL, Object(Config\Cache), false)
#4 /home/kottakotabusines/public_html/index.php(41): CodeIgniter\CodeIgniter->run()
#5 {main}
CRITICAL - 2022-08-14 13:14:11 --> Undefined array key 0
#0 /home/kottakotabusines/public_html/app/Controllers/SalesAgentWalletController.php(75): CodeIgniter\Debug\Exceptions->errorHandler(2, 'Undefined array...', '/home/kottakota...', 75)
#1 /home/kottakotabusines/public_html/system/CodeIgniter.php(825): App\Controllers\SalesAgentWalletController->paymentnotation()
#2 /home/kottakotabusines/public_html/system/CodeIgniter.php(412): CodeIgniter\CodeIgniter->runController(Object(App\Controllers\SalesAgentWalletController))
#3 /home/kottakotabusines/public_html/system/CodeIgniter.php(320): CodeIgniter\CodeIgniter->handleRequest(NULL, Object(Config\Cache), false)
#4 /home/kottakotabusines/public_html/index.php(41): CodeIgniter\CodeIgniter->run()
#5 {main}
CRITICAL - 2022-08-14 13:15:53 --> Undefined array key 0
#0 /home/kottakotabusines/public_html/app/Controllers/SalesAgentWalletController.php(75): CodeIgniter\Debug\Exceptions->errorHandler(2, 'Undefined array...', '/home/kottakota...', 75)
#1 /home/kottakotabusines/public_html/system/CodeIgniter.php(825): App\Controllers\SalesAgentWalletController->paymentnotation()
#2 /home/kottakotabusines/public_html/system/CodeIgniter.php(412): CodeIgniter\CodeIgniter->runController(Object(App\Controllers\SalesAgentWalletController))
#3 /home/kottakotabusines/public_html/system/CodeIgniter.php(320): CodeIgniter\CodeIgniter->handleRequest(NULL, Object(Config\Cache), false)
#4 /home/kottakotabusines/public_html/index.php(41): CodeIgniter\CodeIgniter->run()
#5 {main}
CRITICAL - 2022-08-14 13:16:11 --> Undefined array key 0
#0 /home/kottakotabusines/public_html/app/Controllers/SalesAgentWalletController.php(75): CodeIgniter\Debug\Exceptions->errorHandler(2, 'Undefined array...', '/home/kottakota...', 75)
#1 /home/kottakotabusines/public_html/system/CodeIgniter.php(825): App\Controllers\SalesAgentWalletController->paymentnotation()
#2 /home/kottakotabusines/public_html/system/CodeIgniter.php(412): CodeIgniter\CodeIgniter->runController(Object(App\Controllers\SalesAgentWalletController))
#3 /home/kottakotabusines/public_html/system/CodeIgniter.php(320): CodeIgniter\CodeIgniter->handleRequest(NULL, Object(Config\Cache), false)
#4 /home/kottakotabusines/public_html/index.php(41): CodeIgniter\CodeIgniter->run()
#5 {main}
CRITICAL - 2022-08-14 13:29:41 --> Undefined array key 0
#0 /home/kottakotabusines/public_html/app/Controllers/SalesAgentWalletController.php(75): CodeIgniter\Debug\Exceptions->errorHandler(2, 'Undefined array...', '/home/kottakota...', 75)
#1 /home/kottakotabusines/public_html/system/CodeIgniter.php(825): App\Controllers\SalesAgentWalletController->paymentnotation()
#2 /home/kottakotabusines/public_html/system/CodeIgniter.php(412): CodeIgniter\CodeIgniter->runController(Object(App\Controllers\SalesAgentWalletController))
#3 /home/kottakotabusines/public_html/system/CodeIgniter.php(320): CodeIgniter\CodeIgniter->handleRequest(NULL, Object(Config\Cache), false)
#4 /home/kottakotabusines/public_html/index.php(41): CodeIgniter\CodeIgniter->run()
#5 {main}
CRITICAL - 2022-08-14 13:33:41 --> Undefined array key 0
#0 /home/kottakotabusines/public_html/app/Controllers/SalesAgentWalletController.php(75): CodeIgniter\Debug\Exceptions->errorHandler(2, 'Undefined array...', '/home/kottakota...', 75)
#1 /home/kottakotabusines/public_html/system/CodeIgniter.php(825): App\Controllers\SalesAgentWalletController->paymentnotation()
#2 /home/kottakotabusines/public_html/system/CodeIgniter.php(412): CodeIgniter\CodeIgniter->runController(Object(App\Controllers\SalesAgentWalletController))
#3 /home/kottakotabusines/public_html/system/CodeIgniter.php(320): CodeIgniter\CodeIgniter->handleRequest(NULL, Object(Config\Cache), false)
#4 /home/kottakotabusines/public_html/index.php(41): CodeIgniter\CodeIgniter->run()
#5 {main}
CRITICAL - 2022-08-14 13:43:42 --> Undefined array key 0
#0 /home/kottakotabusines/public_html/app/Controllers/SalesAgentWalletController.php(75): CodeIgniter\Debug\Exceptions->errorHandler(2, 'Undefined array...', '/home/kottakota...', 75)
#1 /home/kottakotabusines/public_html/system/CodeIgniter.php(825): App\Controllers\SalesAgentWalletController->paymentnotation()
#2 /home/kottakotabusines/public_html/system/CodeIgniter.php(412): CodeIgniter\CodeIgniter->runController(Object(App\Controllers\SalesAgentWalletController))
#3 /home/kottakotabusines/public_html/system/CodeIgniter.php(320): CodeIgniter\CodeIgniter->handleRequest(NULL, Object(Config\Cache), false)
#4 /home/kottakotabusines/public_html/index.php(41): CodeIgniter\CodeIgniter->run()
#5 {main}
CRITICAL - 2022-08-14 13:52:52 --> Undefined array key 0
#0 /home/kottakotabusines/public_html/app/Controllers/SalesAgentWalletController.php(75): CodeIgniter\Debug\Exceptions->errorHandler(2, 'Undefined array...', '/home/kottakota...', 75)
#1 /home/kottakotabusines/public_html/system/CodeIgniter.php(825): App\Controllers\SalesAgentWalletController->paymentnotation()
#2 /home/kottakotabusines/public_html/system/CodeIgniter.php(412): CodeIgniter\CodeIgniter->runController(Object(App\Controllers\SalesAgentWalletController))
#3 /home/kottakotabusines/public_html/system/CodeIgniter.php(320): CodeIgniter\CodeIgniter->handleRequest(NULL, Object(Config\Cache), false)
#4 /home/kottakotabusines/public_html/index.php(41): CodeIgniter\CodeIgniter->run()
#5 {main}
CRITICAL - 2022-08-14 13:53:55 --> Undefined variable $drivinglicencedat
#0 /home/kottakotabusines/public_html/app/Controllers/SalesAgentController.php(1939): CodeIgniter\Debug\Exceptions->errorHandler(2, 'Undefined varia...', '/home/kottakota...', 1939)
#1 /home/kottakotabusines/public_html/system/CodeIgniter.php(825): App\Controllers\SalesAgentController->activateexistingUsers()
#2 /home/kottakotabusines/public_html/system/CodeIgniter.php(412): CodeIgniter\CodeIgniter->runController(Object(App\Controllers\SalesAgentController))
#3 /home/kottakotabusines/public_html/system/CodeIgniter.php(320): CodeIgniter\CodeIgniter->handleRequest(NULL, Object(Config\Cache), false)
#4 /home/kottakotabusines/public_html/index.php(41): CodeIgniter\CodeIgniter->run()
#5 {main}
CRITICAL - 2022-08-14 13:57:26 --> Undefined array key 0
#0 /home/kottakotabusines/public_html/app/Controllers/SalesAgentWalletController.php(75): CodeIgniter\Debug\Exceptions->errorHandler(2, 'Undefined array...', '/home/kottakota...', 75)
#1 /home/kottakotabusines/public_html/system/CodeIgniter.php(825): App\Controllers\SalesAgentWalletController->paymentnotation()
#2 /home/kottakotabusines/public_html/system/CodeIgniter.php(412): CodeIgniter\CodeIgniter->runController(Object(App\Controllers\SalesAgentWalletController))
#3 /home/kottakotabusines/public_html/system/CodeIgniter.php(320): CodeIgniter\CodeIgniter->handleRequest(NULL, Object(Config\Cache), false)
#4 /home/kottakotabusines/public_html/index.php(41): CodeIgniter\CodeIgniter->run()
#5 {main}
CRITICAL - 2022-08-14 14:16:13 --> Undefined array key 0
#0 /home/kottakotabusines/public_html/app/Controllers/SalesAgentWalletController.php(75): CodeIgniter\Debug\Exceptions->errorHandler(2, 'Undefined array...', '/home/kottakota...', 75)
#1 /home/kottakotabusines/public_html/system/CodeIgniter.php(825): App\Controllers\SalesAgentWalletController->paymentnotation()
#2 /home/kottakotabusines/public_html/system/CodeIgniter.php(412): CodeIgniter\CodeIgniter->runController(Object(App\Controllers\SalesAgentWalletController))
#3 /home/kottakotabusines/public_html/system/CodeIgniter.php(320): CodeIgniter\CodeIgniter->handleRequest(NULL, Object(Config\Cache), false)
#4 /home/kottakotabusines/public_html/index.php(41): CodeIgniter\CodeIgniter->run()
#5 {main}
CRITICAL - 2022-08-14 14:25:11 --> Undefined array key 0
#0 /home/kottakotabusines/public_html/app/Controllers/SalesAgentWalletController.php(75): CodeIgniter\Debug\Exceptions->errorHandler(2, 'Undefined array...', '/home/kottakota...', 75)
#1 /home/kottakotabusines/public_html/system/CodeIgniter.php(825): App\Controllers\SalesAgentWalletController->paymentnotation()
#2 /home/kottakotabusines/public_html/system/CodeIgniter.php(412): CodeIgniter\CodeIgniter->runController(Object(App\Controllers\SalesAgentWalletController))
#3 /home/kottakotabusines/public_html/system/CodeIgniter.php(320): CodeIgniter\CodeIgniter->handleRequest(NULL, Object(Config\Cache), false)
#4 /home/kottakotabusines/public_html/index.php(41): CodeIgniter\CodeIgniter->run()
#5 {main}
CRITICAL - 2022-08-14 14:28:43 --> Undefined array key 0
#0 /home/kottakotabusines/public_html/app/Controllers/SalesAgentWalletController.php(75): CodeIgniter\Debug\Exceptions->errorHandler(2, 'Undefined array...', '/home/kottakota...', 75)
#1 /home/kottakotabusines/public_html/system/CodeIgniter.php(825): App\Controllers\SalesAgentWalletController->paymentnotation()
#2 /home/kottakotabusines/public_html/system/CodeIgniter.php(412): CodeIgniter\CodeIgniter->runController(Object(App\Controllers\SalesAgentWalletController))
#3 /home/kottakotabusines/public_html/system/CodeIgniter.php(320): CodeIgniter\CodeIgniter->handleRequest(NULL, Object(Config\Cache), false)
#4 /home/kottakotabusines/public_html/index.php(41): CodeIgniter\CodeIgniter->run()
#5 {main}
CRITICAL - 2022-08-14 14:42:16 --> Undefined array key 0
#0 /home/kottakotabusines/public_html/app/Controllers/SalesAgentWalletController.php(75): CodeIgniter\Debug\Exceptions->errorHandler(2, 'Undefined array...', '/home/kottakota...', 75)
#1 /home/kottakotabusines/public_html/system/CodeIgniter.php(825): App\Controllers\SalesAgentWalletController->paymentnotation()
#2 /home/kottakotabusines/public_html/system/CodeIgniter.php(412): CodeIgniter\CodeIgniter->runController(Object(App\Controllers\SalesAgentWalletController))
#3 /home/kottakotabusines/public_html/system/CodeIgniter.php(320): CodeIgniter\CodeIgniter->handleRequest(NULL, Object(Config\Cache), false)
#4 /home/kottakotabusines/public_html/index.php(41): CodeIgniter\CodeIgniter->run()
#5 {main}
CRITICAL - 2022-08-14 14:53:14 --> Undefined array key 0
#0 /home/kottakotabusines/public_html/app/Controllers/SalesAgentWalletController.php(75): CodeIgniter\Debug\Exceptions->errorHandler(2, 'Undefined array...', '/home/kottakota...', 75)
#1 /home/kottakotabusines/public_html/system/CodeIgniter.php(825): App\Controllers\SalesAgentWalletController->paymentnotation()
#2 /home/kottakotabusines/public_html/system/CodeIgniter.php(412): CodeIgniter\CodeIgniter->runController(Object(App\Controllers\SalesAgentWalletController))
#3 /home/kottakotabusines/public_html/system/CodeIgniter.php(320): CodeIgniter\CodeIgniter->handleRequest(NULL, Object(Config\Cache), false)
#4 /home/kottakotabusines/public_html/index.php(41): CodeIgniter\CodeIgniter->run()
#5 {main}
CRITICAL - 2022-08-14 14:54:54 --> Undefined array key 0
#0 /home/kottakotabusines/public_html/app/Controllers/SalesAgentWalletController.php(75): CodeIgniter\Debug\Exceptions->errorHandler(2, 'Undefined array...', '/home/kottakota...', 75)
#1 /home/kottakotabusines/public_html/system/CodeIgniter.php(825): App\Controllers\SalesAgentWalletController->paymentnotation()
#2 /home/kottakotabusines/public_html/system/CodeIgniter.php(412): CodeIgniter\CodeIgniter->runController(Object(App\Controllers\SalesAgentWalletController))
#3 /home/kottakotabusines/public_html/system/CodeIgniter.php(320): CodeIgniter\CodeIgniter->handleRequest(NULL, Object(Config\Cache), false)
#4 /home/kottakotabusines/public_html/index.php(41): CodeIgniter\CodeIgniter->run()
#5 {main}
CRITICAL - 2022-08-14 14:57:44 --> Undefined array key 0
#0 /home/kottakotabusines/public_html/app/Controllers/SalesAgentWalletController.php(75): CodeIgniter\Debug\Exceptions->errorHandler(2, 'Undefined array...', '/home/kottakota...', 75)
#1 /home/kottakotabusines/public_html/system/CodeIgniter.php(825): App\Controllers\SalesAgentWalletController->paymentnotation()
#2 /home/kottakotabusines/public_html/system/CodeIgniter.php(412): CodeIgniter\CodeIgniter->runController(Object(App\Controllers\SalesAgentWalletController))
#3 /home/kottakotabusines/public_html/system/CodeIgniter.php(320): CodeIgniter\CodeIgniter->handleRequest(NULL, Object(Config\Cache), false)
#4 /home/kottakotabusines/public_html/index.php(41): CodeIgniter\CodeIgniter->run()
#5 {main}
CRITICAL - 2022-08-14 15:00:51 --> Undefined array key 0
#0 /home/kottakotabusines/public_html/app/Controllers/SalesAgentWalletController.php(75): CodeIgniter\Debug\Exceptions->errorHandler(2, 'Undefined array...', '/home/kottakota...', 75)
#1 /home/kottakotabusines/public_html/system/CodeIgniter.php(825): App\Controllers\SalesAgentWalletController->paymentnotation()
#2 /home/kottakotabusines/public_html/system/CodeIgniter.php(412): CodeIgniter\CodeIgniter->runController(Object(App\Controllers\SalesAgentWalletController))
#3 /home/kottakotabusines/public_html/system/CodeIgniter.php(320): CodeIgniter\CodeIgniter->handleRequest(NULL, Object(Config\Cache), false)
#4 /home/kottakotabusines/public_html/index.php(41): CodeIgniter\CodeIgniter->run()
#5 {main}
CRITICAL - 2022-08-14 15:03:12 --> Undefined array key 0
#0 /home/kottakotabusines/public_html/app/Controllers/SalesAgentWalletController.php(75): CodeIgniter\Debug\Exceptions->errorHandler(2, 'Undefined array...', '/home/kottakota...', 75)
#1 /home/kottakotabusines/public_html/system/CodeIgniter.php(825): App\Controllers\SalesAgentWalletController->paymentnotation()
#2 /home/kottakotabusines/public_html/system/CodeIgniter.php(412): CodeIgniter\CodeIgniter->runController(Object(App\Controllers\SalesAgentWalletController))
#3 /home/kottakotabusines/public_html/system/CodeIgniter.php(320): CodeIgniter\CodeIgniter->handleRequest(NULL, Object(Config\Cache), false)
#4 /home/kottakotabusines/public_html/index.php(41): CodeIgniter\CodeIgniter->run()
#5 {main}
CRITICAL - 2022-08-14 15:14:15 --> Undefined array key 0
#0 /home/kottakotabusines/public_html/app/Controllers/SalesAgentWalletController.php(75): CodeIgniter\Debug\Exceptions->errorHandler(2, 'Undefined array...', '/home/kottakota...', 75)
#1 /home/kottakotabusines/public_html/system/CodeIgniter.php(825): App\Controllers\SalesAgentWalletController->paymentnotation()
#2 /home/kottakotabusines/public_html/system/CodeIgniter.php(412): CodeIgniter\CodeIgniter->runController(Object(App\Controllers\SalesAgentWalletController))
#3 /home/kottakotabusines/public_html/system/CodeIgniter.php(320): CodeIgniter\CodeIgniter->handleRequest(NULL, Object(Config\Cache), false)
#4 /home/kottakotabusines/public_html/index.php(41): CodeIgniter\CodeIgniter->run()
#5 {main}
CRITICAL - 2022-08-14 15:16:15 --> Undefined array key 0
#0 /home/kottakotabusines/public_html/app/Controllers/SalesAgentWalletController.php(75): CodeIgniter\Debug\Exceptions->errorHandler(2, 'Undefined array...', '/home/kottakota...', 75)
#1 /home/kottakotabusines/public_html/system/CodeIgniter.php(825): App\Controllers\SalesAgentWalletController->paymentnotation()
#2 /home/kottakotabusines/public_html/system/CodeIgniter.php(412): CodeIgniter\CodeIgniter->runController(Object(App\Controllers\SalesAgentWalletController))
#3 /home/kottakotabusines/public_html/system/CodeIgniter.php(320): CodeIgniter\CodeIgniter->handleRequest(NULL, Object(Config\Cache), false)
#4 /home/kottakotabusines/public_html/index.php(41): CodeIgniter\CodeIgniter->run()
#5 {main}
CRITICAL - 2022-08-14 15:23:34 --> Undefined array key 0
#0 /home/kottakotabusines/public_html/app/Controllers/SalesAgentWalletController.php(75): CodeIgniter\Debug\Exceptions->errorHandler(2, 'Undefined array...', '/home/kottakota...', 75)
#1 /home/kottakotabusines/public_html/system/CodeIgniter.php(825): App\Controllers\SalesAgentWalletController->paymentnotation()
#2 /home/kottakotabusines/public_html/system/CodeIgniter.php(412): CodeIgniter\CodeIgniter->runController(Object(App\Controllers\SalesAgentWalletController))
#3 /home/kottakotabusines/public_html/system/CodeIgniter.php(320): CodeIgniter\CodeIgniter->handleRequest(NULL, Object(Config\Cache), false)
#4 /home/kottakotabusines/public_html/index.php(41): CodeIgniter\CodeIgniter->run()
#5 {main}
CRITICAL - 2022-08-14 15:25:15 --> Undefined array key 0
#0 /home/kottakotabusines/public_html/app/Controllers/SalesAgentWalletController.php(75): CodeIgniter\Debug\Exceptions->errorHandler(2, 'Undefined array...', '/home/kottakota...', 75)
#1 /home/kottakotabusines/public_html/system/CodeIgniter.php(825): App\Controllers\SalesAgentWalletController->paymentnotation()
#2 /home/kottakotabusines/public_html/system/CodeIgniter.php(412): CodeIgniter\CodeIgniter->runController(Object(App\Controllers\SalesAgentWalletController))
#3 /home/kottakotabusines/public_html/system/CodeIgniter.php(320): CodeIgniter\CodeIgniter->handleRequest(NULL, Object(Config\Cache), false)
#4 /home/kottakotabusines/public_html/index.php(41): CodeIgniter\CodeIgniter->run()
#5 {main}
CRITICAL - 2022-08-14 15:28:45 --> Undefined array key 0
#0 /home/kottakotabusines/public_html/app/Controllers/SalesAgentWalletController.php(75): CodeIgniter\Debug\Exceptions->errorHandler(2, 'Undefined array...', '/home/kottakota...', 75)
#1 /home/kottakotabusines/public_html/system/CodeIgniter.php(825): App\Controllers\SalesAgentWalletController->paymentnotation()
#2 /home/kottakotabusines/public_html/system/CodeIgniter.php(412): CodeIgniter\CodeIgniter->runController(Object(App\Controllers\SalesAgentWalletController))
#3 /home/kottakotabusines/public_html/system/CodeIgniter.php(320): CodeIgniter\CodeIgniter->handleRequest(NULL, Object(Config\Cache), false)
#4 /home/kottakotabusines/public_html/index.php(41): CodeIgniter\CodeIgniter->run()
#5 {main}
CRITICAL - 2022-08-14 15:29:45 --> Undefined array key 0
#0 /home/kottakotabusines/public_html/app/Controllers/SalesAgentWalletController.php(75): CodeIgniter\Debug\Exceptions->errorHandler(2, 'Undefined array...', '/home/kottakota...', 75)
#1 /home/kottakotabusines/public_html/system/CodeIgniter.php(825): App\Controllers\SalesAgentWalletController->paymentnotation()
#2 /home/kottakotabusines/public_html/system/CodeIgniter.php(412): CodeIgniter\CodeIgniter->runController(Object(App\Controllers\SalesAgentWalletController))
#3 /home/kottakotabusines/public_html/system/CodeIgniter.php(320): CodeIgniter\CodeIgniter->handleRequest(NULL, Object(Config\Cache), false)
#4 /home/kottakotabusines/public_html/index.php(41): CodeIgniter\CodeIgniter->run()
#5 {main}
CRITICAL - 2022-08-14 15:42:15 --> Undefined array key 0
#0 /home/kottakotabusines/public_html/app/Controllers/SalesAgentWalletController.php(75): CodeIgniter\Debug\Exceptions->errorHandler(2, 'Undefined array...', '/home/kottakota...', 75)
#1 /home/kottakotabusines/public_html/system/CodeIgniter.php(825): App\Controllers\SalesAgentWalletController->paymentnotation()
#2 /home/kottakotabusines/public_html/system/CodeIgniter.php(412): CodeIgniter\CodeIgniter->runController(Object(App\Controllers\SalesAgentWalletController))
#3 /home/kottakotabusines/public_html/system/CodeIgniter.php(320): CodeIgniter\CodeIgniter->handleRequest(NULL, Object(Config\Cache), false)
#4 /home/kottakotabusines/public_html/index.php(41): CodeIgniter\CodeIgniter->run()
#5 {main}
CRITICAL - 2022-08-14 15:42:45 --> Undefined array key 0
#0 /home/kottakotabusines/public_html/app/Controllers/SalesAgentWalletController.php(75): CodeIgniter\Debug\Exceptions->errorHandler(2, 'Undefined array...', '/home/kottakota...', 75)
#1 /home/kottakotabusines/public_html/system/CodeIgniter.php(825): App\Controllers\SalesAgentWalletController->paymentnotation()
#2 /home/kottakotabusines/public_html/system/CodeIgniter.php(412): CodeIgniter\CodeIgniter->runController(Object(App\Controllers\SalesAgentWalletController))
#3 /home/kottakotabusines/public_html/system/CodeIgniter.php(320): CodeIgniter\CodeIgniter->handleRequest(NULL, Object(Config\Cache), false)
#4 /home/kottakotabusines/public_html/index.php(41): CodeIgniter\CodeIgniter->run()
#5 {main}
CRITICAL - 2022-08-14 15:43:46 --> Undefined array key 0
#0 /home/kottakotabusines/public_html/app/Controllers/SalesAgentWalletController.php(75): CodeIgniter\Debug\Exceptions->errorHandler(2, 'Undefined array...', '/home/kottakota...', 75)
#1 /home/kottakotabusines/public_html/system/CodeIgniter.php(825): App\Controllers\SalesAgentWalletController->paymentnotation()
#2 /home/kottakotabusines/public_html/system/CodeIgniter.php(412): CodeIgniter\CodeIgniter->runController(Object(App\Controllers\SalesAgentWalletController))
#3 /home/kottakotabusines/public_html/system/CodeIgniter.php(320): CodeIgniter\CodeIgniter->handleRequest(NULL, Object(Config\Cache), false)
#4 /home/kottakotabusines/public_html/index.php(41): CodeIgniter\CodeIgniter->run()
#5 {main}
CRITICAL - 2022-08-14 15:46:20 --> Undefined array key 0
#0 /home/kottakotabusines/public_html/app/Controllers/SalesAgentWalletController.php(75): CodeIgniter\Debug\Exceptions->errorHandler(2, 'Undefined array...', '/home/kottakota...', 75)
#1 /home/kottakotabusines/public_html/system/CodeIgniter.php(825): App\Controllers\SalesAgentWalletController->paymentnotation()
#2 /home/kottakotabusines/public_html/system/CodeIgniter.php(412): CodeIgniter\CodeIgniter->runController(Object(App\Controllers\SalesAgentWalletController))
#3 /home/kottakotabusines/public_html/system/CodeIgniter.php(320): CodeIgniter\CodeIgniter->handleRequest(NULL, Object(Config\Cache), false)
#4 /home/kottakotabusines/public_html/index.php(41): CodeIgniter\CodeIgniter->run()
#5 {main}
CRITICAL - 2022-08-14 15:50:16 --> Undefined array key 0
#0 /home/kottakotabusines/public_html/app/Controllers/SalesAgentWalletController.php(75): CodeIgniter\Debug\Exceptions->errorHandler(2, 'Undefined array...', '/home/kottakota...', 75)
#1 /home/kottakotabusines/public_html/system/CodeIgniter.php(825): App\Controllers\SalesAgentWalletController->paymentnotation()
#2 /home/kottakotabusines/public_html/system/CodeIgniter.php(412): CodeIgniter\CodeIgniter->runController(Object(App\Controllers\SalesAgentWalletController))
#3 /home/kottakotabusines/public_html/system/CodeIgniter.php(320): CodeIgniter\CodeIgniter->handleRequest(NULL, Object(Config\Cache), false)
#4 /home/kottakotabusines/public_html/index.php(41): CodeIgniter\CodeIgniter->run()
#5 {main}
CRITICAL - 2022-08-14 15:55:16 --> Undefined array key 0
#0 /home/kottakotabusines/public_html/app/Controllers/SalesAgentWalletController.php(75): CodeIgniter\Debug\Exceptions->errorHandler(2, 'Undefined array...', '/home/kottakota...', 75)
#1 /home/kottakotabusines/public_html/system/CodeIgniter.php(825): App\Controllers\SalesAgentWalletController->paymentnotation()
#2 /home/kottakotabusines/public_html/system/CodeIgniter.php(412): CodeIgniter\CodeIgniter->runController(Object(App\Controllers\SalesAgentWalletController))
#3 /home/kottakotabusines/public_html/system/CodeIgniter.php(320): CodeIgniter\CodeIgniter->handleRequest(NULL, Object(Config\Cache), false)
#4 /home/kottakotabusines/public_html/index.php(41): CodeIgniter\CodeIgniter->run()
#5 {main}
CRITICAL - 2022-08-14 16:01:16 --> Undefined array key 0
#0 /home/kottakotabusines/public_html/app/Controllers/SalesAgentWalletController.php(75): CodeIgniter\Debug\Exceptions->errorHandler(2, 'Undefined array...', '/home/kottakota...', 75)
#1 /home/kottakotabusines/public_html/system/CodeIgniter.php(825): App\Controllers\SalesAgentWalletController->paymentnotation()
#2 /home/kottakotabusines/public_html/system/CodeIgniter.php(412): CodeIgniter\CodeIgniter->runController(Object(App\Controllers\SalesAgentWalletController))
#3 /home/kottakotabusines/public_html/system/CodeIgniter.php(320): CodeIgniter\CodeIgniter->handleRequest(NULL, Object(Config\Cache), false)
#4 /home/kottakotabusines/public_html/index.php(41): CodeIgniter\CodeIgniter->run()
#5 {main}
CRITICAL - 2022-08-14 16:03:16 --> Undefined array key 0
#0 /home/kottakotabusines/public_html/app/Controllers/SalesAgentWalletController.php(75): CodeIgniter\Debug\Exceptions->errorHandler(2, 'Undefined array...', '/home/kottakota...', 75)
#1 /home/kottakotabusines/public_html/system/CodeIgniter.php(825): App\Controllers\SalesAgentWalletController->paymentnotation()
#2 /home/kottakotabusines/public_html/system/CodeIgniter.php(412): CodeIgniter\CodeIgniter->runController(Object(App\Controllers\SalesAgentWalletController))
#3 /home/kottakotabusines/public_html/system/CodeIgniter.php(320): CodeIgniter\CodeIgniter->handleRequest(NULL, Object(Config\Cache), false)
#4 /home/kottakotabusines/public_html/index.php(41): CodeIgniter\CodeIgniter->run()
#5 {main}
CRITICAL - 2022-08-14 16:16:27 --> Undefined array key 0
#0 /home/kottakotabusines/public_html/app/Controllers/SalesAgentWalletController.php(75): CodeIgniter\Debug\Exceptions->errorHandler(2, 'Undefined array...', '/home/kottakota...', 75)
#1 /home/kottakotabusines/public_html/system/CodeIgniter.php(825): App\Controllers\SalesAgentWalletController->paymentnotation()
#2 /home/kottakotabusines/public_html/system/CodeIgniter.php(412): CodeIgniter\CodeIgniter->runController(Object(App\Controllers\SalesAgentWalletController))
#3 /home/kottakotabusines/public_html/system/CodeIgniter.php(320): CodeIgniter\CodeIgniter->handleRequest(NULL, Object(Config\Cache), false)
#4 /home/kottakotabusines/public_html/index.php(41): CodeIgniter\CodeIgniter->run()
#5 {main}
CRITICAL - 2022-08-14 16:23:47 --> Undefined array key 0
#0 /home/kottakotabusines/public_html/app/Controllers/SalesAgentWalletController.php(75): CodeIgniter\Debug\Exceptions->errorHandler(2, 'Undefined array...', '/home/kottakota...', 75)
#1 /home/kottakotabusines/public_html/system/CodeIgniter.php(825): App\Controllers\SalesAgentWalletController->paymentnotation()
#2 /home/kottakotabusines/public_html/system/CodeIgniter.php(412): CodeIgniter\CodeIgniter->runController(Object(App\Controllers\SalesAgentWalletController))
#3 /home/kottakotabusines/public_html/system/CodeIgniter.php(320): CodeIgniter\CodeIgniter->handleRequest(NULL, Object(Config\Cache), false)
#4 /home/kottakotabusines/public_html/index.php(41): CodeIgniter\CodeIgniter->run()
#5 {main}
CRITICAL - 2022-08-14 16:29:11 --> Undefined array key 0
#0 /home/kottakotabusines/public_html/app/Controllers/SalesAgentWalletController.php(75): CodeIgniter\Debug\Exceptions->errorHandler(2, 'Undefined array...', '/home/kottakota...', 75)
#1 /home/kottakotabusines/public_html/system/CodeIgniter.php(825): App\Controllers\SalesAgentWalletController->paymentnotation()
#2 /home/kottakotabusines/public_html/system/CodeIgniter.php(412): CodeIgniter\CodeIgniter->runController(Object(App\Controllers\SalesAgentWalletController))
#3 /home/kottakotabusines/public_html/system/CodeIgniter.php(320): CodeIgniter\CodeIgniter->handleRequest(NULL, Object(Config\Cache), false)
#4 /home/kottakotabusines/public_html/index.php(41): CodeIgniter\CodeIgniter->run()
#5 {main}
CRITICAL - 2022-08-14 16:46:47 --> Undefined array key 0
#0 /home/kottakotabusines/public_html/app/Controllers/SalesAgentWalletController.php(75): CodeIgniter\Debug\Exceptions->errorHandler(2, 'Undefined array...', '/home/kottakota...', 75)
#1 /home/kottakotabusines/public_html/system/CodeIgniter.php(825): App\Controllers\SalesAgentWalletController->paymentnotation()
#2 /home/kottakotabusines/public_html/system/CodeIgniter.php(412): CodeIgniter\CodeIgniter->runController(Object(App\Controllers\SalesAgentWalletController))
#3 /home/kottakotabusines/public_html/system/CodeIgniter.php(320): CodeIgniter\CodeIgniter->handleRequest(NULL, Object(Config\Cache), false)
#4 /home/kottakotabusines/public_html/index.php(41): CodeIgniter\CodeIgniter->run()
#5 {main}
CRITICAL - 2022-08-14 16:53:18 --> Undefined array key 0
#0 /home/kottakotabusines/public_html/app/Controllers/SalesAgentWalletController.php(75): CodeIgniter\Debug\Exceptions->errorHandler(2, 'Undefined array...', '/home/kottakota...', 75)
#1 /home/kottakotabusines/public_html/system/CodeIgniter.php(825): App\Controllers\SalesAgentWalletController->paymentnotation()
#2 /home/kottakotabusines/public_html/system/CodeIgniter.php(412): CodeIgniter\CodeIgniter->runController(Object(App\Controllers\SalesAgentWalletController))
#3 /home/kottakotabusines/public_html/system/CodeIgniter.php(320): CodeIgniter\CodeIgniter->handleRequest(NULL, Object(Config\Cache), false)
#4 /home/kottakotabusines/public_html/index.php(41): CodeIgniter\CodeIgniter->run()
#5 {main}
CRITICAL - 2022-08-14 16:57:48 --> Undefined array key 0
#0 /home/kottakotabusines/public_html/app/Controllers/SalesAgentWalletController.php(75): CodeIgniter\Debug\Exceptions->errorHandler(2, 'Undefined array...', '/home/kottakota...', 75)
#1 /home/kottakotabusines/public_html/system/CodeIgniter.php(825): App\Controllers\SalesAgentWalletController->paymentnotation()
#2 /home/kottakotabusines/public_html/system/CodeIgniter.php(412): CodeIgniter\CodeIgniter->runController(Object(App\Controllers\SalesAgentWalletController))
#3 /home/kottakotabusines/public_html/system/CodeIgniter.php(320): CodeIgniter\CodeIgniter->handleRequest(NULL, Object(Config\Cache), false)
#4 /home/kottakotabusines/public_html/index.php(41): CodeIgniter\CodeIgniter->run()
#5 {main}
CRITICAL - 2022-08-14 17:08:19 --> Undefined array key 0
#0 /home/kottakotabusines/public_html/app/Controllers/SalesAgentWalletController.php(75): CodeIgniter\Debug\Exceptions->errorHandler(2, 'Undefined array...', '/home/kottakota...', 75)
#1 /home/kottakotabusines/public_html/system/CodeIgniter.php(825): App\Controllers\SalesAgentWalletController->paymentnotation()
#2 /home/kottakotabusines/public_html/system/CodeIgniter.php(412): CodeIgniter\CodeIgniter->runController(Object(App\Controllers\SalesAgentWalletController))
#3 /home/kottakotabusines/public_html/system/CodeIgniter.php(320): CodeIgniter\CodeIgniter->handleRequest(NULL, Object(Config\Cache), false)
#4 /home/kottakotabusines/public_html/index.php(41): CodeIgniter\CodeIgniter->run()
#5 {main}
CRITICAL - 2022-08-14 17:11:17 --> Undefined array key 0
#0 /home/kottakotabusines/public_html/app/Controllers/SalesAgentWalletController.php(75): CodeIgniter\Debug\Exceptions->errorHandler(2, 'Undefined array...', '/home/kottakota...', 75)
#1 /home/kottakotabusines/public_html/system/CodeIgniter.php(825): App\Controllers\SalesAgentWalletController->paymentnotation()
#2 /home/kottakotabusines/public_html/system/CodeIgniter.php(412): CodeIgniter\CodeIgniter->runController(Object(App\Controllers\SalesAgentWalletController))
#3 /home/kottakotabusines/public_html/system/CodeIgniter.php(320): CodeIgniter\CodeIgniter->handleRequest(NULL, Object(Config\Cache), false)
#4 /home/kottakotabusines/public_html/index.php(41): CodeIgniter\CodeIgniter->run()
#5 {main}
CRITICAL - 2022-08-14 17:25:19 --> Undefined array key 0
#0 /home/kottakotabusines/public_html/app/Controllers/SalesAgentWalletController.php(75): CodeIgniter\Debug\Exceptions->errorHandler(2, 'Undefined array...', '/home/kottakota...', 75)
#1 /home/kottakotabusines/public_html/system/CodeIgniter.php(825): App\Controllers\SalesAgentWalletController->paymentnotation()
#2 /home/kottakotabusines/public_html/system/CodeIgniter.php(412): CodeIgniter\CodeIgniter->runController(Object(App\Controllers\SalesAgentWalletController))
#3 /home/kottakotabusines/public_html/system/CodeIgniter.php(320): CodeIgniter\CodeIgniter->handleRequest(NULL, Object(Config\Cache), false)
#4 /home/kottakotabusines/public_html/index.php(41): CodeIgniter\CodeIgniter->run()
#5 {main}
CRITICAL - 2022-08-14 17:28:09 --> Undefined array key 0
#0 /home/kottakotabusines/public_html/app/Controllers/SalesAgentWalletController.php(75): CodeIgniter\Debug\Exceptions->errorHandler(2, 'Undefined array...', '/home/kottakota...', 75)
#1 /home/kottakotabusines/public_html/system/CodeIgniter.php(825): App\Controllers\SalesAgentWalletController->paymentnotation()
#2 /home/kottakotabusines/public_html/system/CodeIgniter.php(412): CodeIgniter\CodeIgniter->runController(Object(App\Controllers\SalesAgentWalletController))
#3 /home/kottakotabusines/public_html/system/CodeIgniter.php(320): CodeIgniter\CodeIgniter->handleRequest(NULL, Object(Config\Cache), false)
#4 /home/kottakotabusines/public_html/index.php(41): CodeIgniter\CodeIgniter->run()
#5 {main}
CRITICAL - 2022-08-14 17:28:49 --> Undefined array key 0
#0 /home/kottakotabusines/public_html/app/Controllers/SalesAgentWalletController.php(75): CodeIgniter\Debug\Exceptions->errorHandler(2, 'Undefined array...', '/home/kottakota...', 75)
#1 /home/kottakotabusines/public_html/system/CodeIgniter.php(825): App\Controllers\SalesAgentWalletController->paymentnotation()
#2 /home/kottakotabusines/public_html/system/CodeIgniter.php(412): CodeIgniter\CodeIgniter->runController(Object(App\Controllers\SalesAgentWalletController))
#3 /home/kottakotabusines/public_html/system/CodeIgniter.php(320): CodeIgniter\CodeIgniter->handleRequest(NULL, Object(Config\Cache), false)
#4 /home/kottakotabusines/public_html/index.php(41): CodeIgniter\CodeIgniter->run()
#5 {main}
CRITICAL - 2022-08-14 17:29:19 --> Undefined array key 0
#0 /home/kottakotabusines/public_html/app/Controllers/SalesAgentWalletController.php(75): CodeIgniter\Debug\Exceptions->errorHandler(2, 'Undefined array...', '/home/kottakota...', 75)
#1 /home/kottakotabusines/public_html/system/CodeIgniter.php(825): App\Controllers\SalesAgentWalletController->paymentnotation()
#2 /home/kottakotabusines/public_html/system/CodeIgniter.php(412): CodeIgniter\CodeIgniter->runController(Object(App\Controllers\SalesAgentWalletController))
#3 /home/kottakotabusines/public_html/system/CodeIgniter.php(320): CodeIgniter\CodeIgniter->handleRequest(NULL, Object(Config\Cache), false)
#4 /home/kottakotabusines/public_html/index.php(41): CodeIgniter\CodeIgniter->run()
#5 {main}
CRITICAL - 2022-08-14 17:35:51 --> Undefined array key 0
#0 /home/kottakotabusines/public_html/app/Controllers/SalesAgentWalletController.php(75): CodeIgniter\Debug\Exceptions->errorHandler(2, 'Undefined array...', '/home/kottakota...', 75)
#1 /home/kottakotabusines/public_html/system/CodeIgniter.php(825): App\Controllers\SalesAgentWalletController->paymentnotation()
#2 /home/kottakotabusines/public_html/system/CodeIgniter.php(412): CodeIgniter\CodeIgniter->runController(Object(App\Controllers\SalesAgentWalletController))
#3 /home/kottakotabusines/public_html/system/CodeIgniter.php(320): CodeIgniter\CodeIgniter->handleRequest(NULL, Object(Config\Cache), false)
#4 /home/kottakotabusines/public_html/index.php(41): CodeIgniter\CodeIgniter->run()
#5 {main}
CRITICAL - 2022-08-14 17:37:54 --> Undefined array key "tagActivationId"
#0 /home/kottakotabusines/public_html/app/Controllers/SalesAgentTagController.php(500): CodeIgniter\Debug\Exceptions->errorHandler(2, 'Undefined array...', '/home/kottakota...', 500)
#1 /home/kottakotabusines/public_html/system/CodeIgniter.php(825): App\Controllers\SalesAgentTagController->allotbarcode()
#2 /home/kottakotabusines/public_html/system/CodeIgniter.php(412): CodeIgniter\CodeIgniter->runController(Object(App\Controllers\SalesAgentTagController))
#3 /home/kottakotabusines/public_html/system/CodeIgniter.php(320): CodeIgniter\CodeIgniter->handleRequest(NULL, Object(Config\Cache), false)
#4 /home/kottakotabusines/public_html/index.php(41): CodeIgniter\CodeIgniter->run()
#5 {main}
CRITICAL - 2022-08-14 17:39:00 --> Undefined array key "tagActivationId"
#0 /home/kottakotabusines/public_html/app/Controllers/SalesAgentTagController.php(500): CodeIgniter\Debug\Exceptions->errorHandler(2, 'Undefined array...', '/home/kottakota...', 500)
#1 /home/kottakotabusines/public_html/system/CodeIgniter.php(825): App\Controllers\SalesAgentTagController->allotbarcode()
#2 /home/kottakotabusines/public_html/system/CodeIgniter.php(412): CodeIgniter\CodeIgniter->runController(Object(App\Controllers\SalesAgentTagController))
#3 /home/kottakotabusines/public_html/system/CodeIgniter.php(320): CodeIgniter\CodeIgniter->handleRequest(NULL, Object(Config\Cache), false)
#4 /home/kottakotabusines/public_html/index.php(41): CodeIgniter\CodeIgniter->run()
#5 {main}
CRITICAL - 2022-08-14 17:42:50 --> Undefined array key 0
#0 /home/kottakotabusines/public_html/app/Controllers/SalesAgentWalletController.php(75): CodeIgniter\Debug\Exceptions->errorHandler(2, 'Undefined array...', '/home/kottakota...', 75)
#1 /home/kottakotabusines/public_html/system/CodeIgniter.php(825): App\Controllers\SalesAgentWalletController->paymentnotation()
#2 /home/kottakotabusines/public_html/system/CodeIgniter.php(412): CodeIgniter\CodeIgniter->runController(Object(App\Controllers\SalesAgentWalletController))
#3 /home/kottakotabusines/public_html/system/CodeIgniter.php(320): CodeIgniter\CodeIgniter->handleRequest(NULL, Object(Config\Cache), false)
#4 /home/kottakotabusines/public_html/index.php(41): CodeIgniter\CodeIgniter->run()
#5 {main}
CRITICAL - 2022-08-14 17:55:20 --> Undefined array key 0
#0 /home/kottakotabusines/public_html/app/Controllers/SalesAgentWalletController.php(75): CodeIgniter\Debug\Exceptions->errorHandler(2, 'Undefined array...', '/home/kottakota...', 75)
#1 /home/kottakotabusines/public_html/system/CodeIgniter.php(825): App\Controllers\SalesAgentWalletController->paymentnotation()
#2 /home/kottakotabusines/public_html/system/CodeIgniter.php(412): CodeIgniter\CodeIgniter->runController(Object(App\Controllers\SalesAgentWalletController))
#3 /home/kottakotabusines/public_html/system/CodeIgniter.php(320): CodeIgniter\CodeIgniter->handleRequest(NULL, Object(Config\Cache), false)
#4 /home/kottakotabusines/public_html/index.php(41): CodeIgniter\CodeIgniter->run()
#5 {main}
CRITICAL - 2022-08-14 18:01:21 --> Undefined array key 0
#0 /home/kottakotabusines/public_html/app/Controllers/SalesAgentWalletController.php(75): CodeIgniter\Debug\Exceptions->errorHandler(2, 'Undefined array...', '/home/kottakota...', 75)
#1 /home/kottakotabusines/public_html/system/CodeIgniter.php(825): App\Controllers\SalesAgentWalletController->paymentnotation()
#2 /home/kottakotabusines/public_html/system/CodeIgniter.php(412): CodeIgniter\CodeIgniter->runController(Object(App\Controllers\SalesAgentWalletController))
#3 /home/kottakotabusines/public_html/system/CodeIgniter.php(320): CodeIgniter\CodeIgniter->handleRequest(NULL, Object(Config\Cache), false)
#4 /home/kottakotabusines/public_html/index.php(41): CodeIgniter\CodeIgniter->run()
#5 {main}
CRITICAL - 2022-08-14 18:03:22 --> Undefined array key 0
#0 /home/kottakotabusines/public_html/app/Controllers/SalesAgentWalletController.php(75): CodeIgniter\Debug\Exceptions->errorHandler(2, 'Undefined array...', '/home/kottakota...', 75)
#1 /home/kottakotabusines/public_html/system/CodeIgniter.php(825): App\Controllers\SalesAgentWalletController->paymentnotation()
#2 /home/kottakotabusines/public_html/system/CodeIgniter.php(412): CodeIgniter\CodeIgniter->runController(Object(App\Controllers\SalesAgentWalletController))
#3 /home/kottakotabusines/public_html/system/CodeIgniter.php(320): CodeIgniter\CodeIgniter->handleRequest(NULL, Object(Config\Cache), false)
#4 /home/kottakotabusines/public_html/index.php(41): CodeIgniter\CodeIgniter->run()
#5 {main}
CRITICAL - 2022-08-14 18:11:22 --> Undefined array key 0
#0 /home/kottakotabusines/public_html/app/Controllers/SalesAgentWalletController.php(75): CodeIgniter\Debug\Exceptions->errorHandler(2, 'Undefined array...', '/home/kottakota...', 75)
#1 /home/kottakotabusines/public_html/system/CodeIgniter.php(825): App\Controllers\SalesAgentWalletController->paymentnotation()
#2 /home/kottakotabusines/public_html/system/CodeIgniter.php(412): CodeIgniter\CodeIgniter->runController(Object(App\Controllers\SalesAgentWalletController))
#3 /home/kottakotabusines/public_html/system/CodeIgniter.php(320): CodeIgniter\CodeIgniter->handleRequest(NULL, Object(Config\Cache), false)
#4 /home/kottakotabusines/public_html/index.php(41): CodeIgniter\CodeIgniter->run()
#5 {main}
CRITICAL - 2022-08-14 18:23:52 --> Undefined array key 0
#0 /home/kottakotabusines/public_html/app/Controllers/SalesAgentWalletController.php(75): CodeIgniter\Debug\Exceptions->errorHandler(2, 'Undefined array...', '/home/kottakota...', 75)
#1 /home/kottakotabusines/public_html/system/CodeIgniter.php(825): App\Controllers\SalesAgentWalletController->paymentnotation()
#2 /home/kottakotabusines/public_html/system/CodeIgniter.php(412): CodeIgniter\CodeIgniter->runController(Object(App\Controllers\SalesAgentWalletController))
#3 /home/kottakotabusines/public_html/system/CodeIgniter.php(320): CodeIgniter\CodeIgniter->handleRequest(NULL, Object(Config\Cache), false)
#4 /home/kottakotabusines/public_html/index.php(41): CodeIgniter\CodeIgniter->run()
#5 {main}
CRITICAL - 2022-08-14 18:26:57 --> Undefined array key 0
#0 /home/kottakotabusines/public_html/app/Controllers/SalesAgentWalletController.php(75): CodeIgniter\Debug\Exceptions->errorHandler(2, 'Undefined array...', '/home/kottakota...', 75)
#1 /home/kottakotabusines/public_html/system/CodeIgniter.php(825): App\Controllers\SalesAgentWalletController->paymentnotation()
#2 /home/kottakotabusines/public_html/system/CodeIgniter.php(412): CodeIgniter\CodeIgniter->runController(Object(App\Controllers\SalesAgentWalletController))
#3 /home/kottakotabusines/public_html/system/CodeIgniter.php(320): CodeIgniter\CodeIgniter->handleRequest(NULL, Object(Config\Cache), false)
#4 /home/kottakotabusines/public_html/index.php(41): CodeIgniter\CodeIgniter->run()
#5 {main}
CRITICAL - 2022-08-14 18:28:22 --> Undefined array key 0
#0 /home/kottakotabusines/public_html/app/Controllers/SalesAgentWalletController.php(75): CodeIgniter\Debug\Exceptions->errorHandler(2, 'Undefined array...', '/home/kottakota...', 75)
#1 /home/kottakotabusines/public_html/system/CodeIgniter.php(825): App\Controllers\SalesAgentWalletController->paymentnotation()
#2 /home/kottakotabusines/public_html/system/CodeIgniter.php(412): CodeIgniter\CodeIgniter->runController(Object(App\Controllers\SalesAgentWalletController))
#3 /home/kottakotabusines/public_html/system/CodeIgniter.php(320): CodeIgniter\CodeIgniter->handleRequest(NULL, Object(Config\Cache), false)
#4 /home/kottakotabusines/public_html/index.php(41): CodeIgniter\CodeIgniter->run()
#5 {main}
CRITICAL - 2022-08-14 18:35:52 --> Undefined array key 0
#0 /home/kottakotabusines/public_html/app/Controllers/SalesAgentWalletController.php(75): CodeIgniter\Debug\Exceptions->errorHandler(2, 'Undefined array...', '/home/kottakota...', 75)
#1 /home/kottakotabusines/public_html/system/CodeIgniter.php(825): App\Controllers\SalesAgentWalletController->paymentnotation()
#2 /home/kottakotabusines/public_html/system/CodeIgniter.php(412): CodeIgniter\CodeIgniter->runController(Object(App\Controllers\SalesAgentWalletController))
#3 /home/kottakotabusines/public_html/system/CodeIgniter.php(320): CodeIgniter\CodeIgniter->handleRequest(NULL, Object(Config\Cache), false)
#4 /home/kottakotabusines/public_html/index.php(41): CodeIgniter\CodeIgniter->run()
#5 {main}
CRITICAL - 2022-08-14 18:46:52 --> Undefined array key 0
#0 /home/kottakotabusines/public_html/app/Controllers/SalesAgentWalletController.php(75): CodeIgniter\Debug\Exceptions->errorHandler(2, 'Undefined array...', '/home/kottakota...', 75)
#1 /home/kottakotabusines/public_html/system/CodeIgniter.php(825): App\Controllers\SalesAgentWalletController->paymentnotation()
#2 /home/kottakotabusines/public_html/system/CodeIgniter.php(412): CodeIgniter\CodeIgniter->runController(Object(App\Controllers\SalesAgentWalletController))
#3 /home/kottakotabusines/public_html/system/CodeIgniter.php(320): CodeIgniter\CodeIgniter->handleRequest(NULL, Object(Config\Cache), false)
#4 /home/kottakotabusines/public_html/index.php(41): CodeIgniter\CodeIgniter->run()
#5 {main}
CRITICAL - 2022-08-14 19:14:23 --> Undefined array key 0
#0 /home/kottakotabusines/public_html/app/Controllers/SalesAgentWalletController.php(75): CodeIgniter\Debug\Exceptions->errorHandler(2, 'Undefined array...', '/home/kottakota...', 75)
#1 /home/kottakotabusines/public_html/system/CodeIgniter.php(825): App\Controllers\SalesAgentWalletController->paymentnotation()
#2 /home/kottakotabusines/public_html/system/CodeIgniter.php(412): CodeIgniter\CodeIgniter->runController(Object(App\Controllers\SalesAgentWalletController))
#3 /home/kottakotabusines/public_html/system/CodeIgniter.php(320): CodeIgniter\CodeIgniter->handleRequest(NULL, Object(Config\Cache), false)
#4 /home/kottakotabusines/public_html/index.php(41): CodeIgniter\CodeIgniter->run()
#5 {main}
CRITICAL - 2022-08-14 19:16:24 --> Undefined array key 0
#0 /home/kottakotabusines/public_html/app/Controllers/SalesAgentWalletController.php(75): CodeIgniter\Debug\Exceptions->errorHandler(2, 'Undefined array...', '/home/kottakota...', 75)
#1 /home/kottakotabusines/public_html/system/CodeIgniter.php(825): App\Controllers\SalesAgentWalletController->paymentnotation()
#2 /home/kottakotabusines/public_html/system/CodeIgniter.php(412): CodeIgniter\CodeIgniter->runController(Object(App\Controllers\SalesAgentWalletController))
#3 /home/kottakotabusines/public_html/system/CodeIgniter.php(320): CodeIgniter\CodeIgniter->handleRequest(NULL, Object(Config\Cache), false)
#4 /home/kottakotabusines/public_html/index.php(41): CodeIgniter\CodeIgniter->run()
#5 {main}
CRITICAL - 2022-08-14 19:27:23 --> Undefined array key 0
#0 /home/kottakotabusines/public_html/app/Controllers/SalesAgentWalletController.php(75): CodeIgniter\Debug\Exceptions->errorHandler(2, 'Undefined array...', '/home/kottakota...', 75)
#1 /home/kottakotabusines/public_html/system/CodeIgniter.php(825): App\Controllers\SalesAgentWalletController->paymentnotation()
#2 /home/kottakotabusines/public_html/system/CodeIgniter.php(412): CodeIgniter\CodeIgniter->runController(Object(App\Controllers\SalesAgentWalletController))
#3 /home/kottakotabusines/public_html/system/CodeIgniter.php(320): CodeIgniter\CodeIgniter->handleRequest(NULL, Object(Config\Cache), false)
#4 /home/kottakotabusines/public_html/index.php(41): CodeIgniter\CodeIgniter->run()
#5 {main}
CRITICAL - 2022-08-14 19:29:24 --> Undefined array key 0
#0 /home/kottakotabusines/public_html/app/Controllers/SalesAgentWalletController.php(75): CodeIgniter\Debug\Exceptions->errorHandler(2, 'Undefined array...', '/home/kottakota...', 75)
#1 /home/kottakotabusines/public_html/system/CodeIgniter.php(825): App\Controllers\SalesAgentWalletController->paymentnotation()
#2 /home/kottakotabusines/public_html/system/CodeIgniter.php(412): CodeIgniter\CodeIgniter->runController(Object(App\Controllers\SalesAgentWalletController))
#3 /home/kottakotabusines/public_html/system/CodeIgniter.php(320): CodeIgniter\CodeIgniter->handleRequest(NULL, Object(Config\Cache), false)
#4 /home/kottakotabusines/public_html/index.php(41): CodeIgniter\CodeIgniter->run()
#5 {main}
CRITICAL - 2022-08-14 19:30:04 --> Undefined array key 0
#0 /home/kottakotabusines/public_html/app/Controllers/SalesAgentWalletController.php(75): CodeIgniter\Debug\Exceptions->errorHandler(2, 'Undefined array...', '/home/kottakota...', 75)
#1 /home/kottakotabusines/public_html/system/CodeIgniter.php(825): App\Controllers\SalesAgentWalletController->paymentnotation()
#2 /home/kottakotabusines/public_html/system/CodeIgniter.php(412): CodeIgniter\CodeIgniter->runController(Object(App\Controllers\SalesAgentWalletController))
#3 /home/kottakotabusines/public_html/system/CodeIgniter.php(320): CodeIgniter\CodeIgniter->handleRequest(NULL, Object(Config\Cache), false)
#4 /home/kottakotabusines/public_html/index.php(41): CodeIgniter\CodeIgniter->run()
#5 {main}
CRITICAL - 2022-08-14 19:43:57 --> Undefined array key 0
#0 /home/kottakotabusines/public_html/app/Controllers/SalesAgentWalletController.php(75): CodeIgniter\Debug\Exceptions->errorHandler(2, 'Undefined array...', '/home/kottakota...', 75)
#1 /home/kottakotabusines/public_html/system/CodeIgniter.php(825): App\Controllers\SalesAgentWalletController->paymentnotation()
#2 /home/kottakotabusines/public_html/system/CodeIgniter.php(412): CodeIgniter\CodeIgniter->runController(Object(App\Controllers\SalesAgentWalletController))
#3 /home/kottakotabusines/public_html/system/CodeIgniter.php(320): CodeIgniter\CodeIgniter->handleRequest(NULL, Object(Config\Cache), false)
#4 /home/kottakotabusines/public_html/index.php(41): CodeIgniter\CodeIgniter->run()
#5 {main}
CRITICAL - 2022-08-14 20:11:27 --> Undefined array key 0
#0 /home/kottakotabusines/public_html/app/Controllers/SalesAgentWalletController.php(75): CodeIgniter\Debug\Exceptions->errorHandler(2, 'Undefined array...', '/home/kottakota...', 75)
#1 /home/kottakotabusines/public_html/system/CodeIgniter.php(825): App\Controllers\SalesAgentWalletController->paymentnotation()
#2 /home/kottakotabusines/public_html/system/CodeIgniter.php(412): CodeIgniter\CodeIgniter->runController(Object(App\Controllers\SalesAgentWalletController))
#3 /home/kottakotabusines/public_html/system/CodeIgniter.php(320): CodeIgniter\CodeIgniter->handleRequest(NULL, Object(Config\Cache), false)
#4 /home/kottakotabusines/public_html/index.php(41): CodeIgniter\CodeIgniter->run()
#5 {main}
CRITICAL - 2022-08-14 20:16:55 --> Undefined array key 0
#0 /home/kottakotabusines/public_html/app/Controllers/SalesAgentWalletController.php(75): CodeIgniter\Debug\Exceptions->errorHandler(2, 'Undefined array...', '/home/kottakota...', 75)
#1 /home/kottakotabusines/public_html/system/CodeIgniter.php(825): App\Controllers\SalesAgentWalletController->paymentnotation()
#2 /home/kottakotabusines/public_html/system/CodeIgniter.php(412): CodeIgniter\CodeIgniter->runController(Object(App\Controllers\SalesAgentWalletController))
#3 /home/kottakotabusines/public_html/system/CodeIgniter.php(320): CodeIgniter\CodeIgniter->handleRequest(NULL, Object(Config\Cache), false)
#4 /home/kottakotabusines/public_html/index.php(41): CodeIgniter\CodeIgniter->run()
#5 {main}
CRITICAL - 2022-08-14 20:28:25 --> Undefined array key 0
#0 /home/kottakotabusines/public_html/app/Controllers/SalesAgentWalletController.php(75): CodeIgniter\Debug\Exceptions->errorHandler(2, 'Undefined array...', '/home/kottakota...', 75)
#1 /home/kottakotabusines/public_html/system/CodeIgniter.php(825): App\Controllers\SalesAgentWalletController->paymentnotation()
#2 /home/kottakotabusines/public_html/system/CodeIgniter.php(412): CodeIgniter\CodeIgniter->runController(Object(App\Controllers\SalesAgentWalletController))
#3 /home/kottakotabusines/public_html/system/CodeIgniter.php(320): CodeIgniter\CodeIgniter->handleRequest(NULL, Object(Config\Cache), false)
#4 /home/kottakotabusines/public_html/index.php(41): CodeIgniter\CodeIgniter->run()
#5 {main}
CRITICAL - 2022-08-14 20:35:56 --> Undefined array key 0
#0 /home/kottakotabusines/public_html/app/Controllers/SalesAgentWalletController.php(75): CodeIgniter\Debug\Exceptions->errorHandler(2, 'Undefined array...', '/home/kottakota...', 75)
#1 /home/kottakotabusines/public_html/system/CodeIgniter.php(825): App\Controllers\SalesAgentWalletController->paymentnotation()
#2 /home/kottakotabusines/public_html/system/CodeIgniter.php(412): CodeIgniter\CodeIgniter->runController(Object(App\Controllers\SalesAgentWalletController))
#3 /home/kottakotabusines/public_html/system/CodeIgniter.php(320): CodeIgniter\CodeIgniter->handleRequest(NULL, Object(Config\Cache), false)
#4 /home/kottakotabusines/public_html/index.php(41): CodeIgniter\CodeIgniter->run()
#5 {main}
CRITICAL - 2022-08-14 20:53:36 --> Undefined array key 0
#0 /home/kottakotabusines/public_html/app/Controllers/SalesAgentWalletController.php(75): CodeIgniter\Debug\Exceptions->errorHandler(2, 'Undefined array...', '/home/kottakota...', 75)
#1 /home/kottakotabusines/public_html/system/CodeIgniter.php(825): App\Controllers\SalesAgentWalletController->paymentnotation()
#2 /home/kottakotabusines/public_html/system/CodeIgniter.php(412): CodeIgniter\CodeIgniter->runController(Object(App\Controllers\SalesAgentWalletController))
#3 /home/kottakotabusines/public_html/system/CodeIgniter.php(320): CodeIgniter\CodeIgniter->handleRequest(NULL, Object(Config\Cache), false)
#4 /home/kottakotabusines/public_html/index.php(41): CodeIgniter\CodeIgniter->run()
#5 {main}
CRITICAL - 2022-08-14 20:57:56 --> Undefined array key 0
#0 /home/kottakotabusines/public_html/app/Controllers/SalesAgentWalletController.php(75): CodeIgniter\Debug\Exceptions->errorHandler(2, 'Undefined array...', '/home/kottakota...', 75)
#1 /home/kottakotabusines/public_html/system/CodeIgniter.php(825): App\Controllers\SalesAgentWalletController->paymentnotation()
#2 /home/kottakotabusines/public_html/system/CodeIgniter.php(412): CodeIgniter\CodeIgniter->runController(Object(App\Controllers\SalesAgentWalletController))
#3 /home/kottakotabusines/public_html/system/CodeIgniter.php(320): CodeIgniter\CodeIgniter->handleRequest(NULL, Object(Config\Cache), false)
#4 /home/kottakotabusines/public_html/index.php(41): CodeIgniter\CodeIgniter->run()
#5 {main}
CRITICAL - 2022-08-14 21:25:27 --> Undefined array key 0
#0 /home/kottakotabusines/public_html/app/Controllers/SalesAgentWalletController.php(75): CodeIgniter\Debug\Exceptions->errorHandler(2, 'Undefined array...', '/home/kottakota...', 75)
#1 /home/kottakotabusines/public_html/system/CodeIgniter.php(825): App\Controllers\SalesAgentWalletController->paymentnotation()
#2 /home/kottakotabusines/public_html/system/CodeIgniter.php(412): CodeIgniter\CodeIgniter->runController(Object(App\Controllers\SalesAgentWalletController))
#3 /home/kottakotabusines/public_html/system/CodeIgniter.php(320): CodeIgniter\CodeIgniter->handleRequest(NULL, Object(Config\Cache), false)
#4 /home/kottakotabusines/public_html/index.php(41): CodeIgniter\CodeIgniter->run()
#5 {main}
CRITICAL - 2022-08-14 21:27:35 --> Undefined array key 0
#0 /home/kottakotabusines/public_html/app/Controllers/SalesAgentWalletController.php(75): CodeIgniter\Debug\Exceptions->errorHandler(2, 'Undefined array...', '/home/kottakota...', 75)
#1 /home/kottakotabusines/public_html/system/CodeIgniter.php(825): App\Controllers\SalesAgentWalletController->paymentnotation()
#2 /home/kottakotabusines/public_html/system/CodeIgniter.php(412): CodeIgniter\CodeIgniter->runController(Object(App\Controllers\SalesAgentWalletController))
#3 /home/kottakotabusines/public_html/system/CodeIgniter.php(320): CodeIgniter\CodeIgniter->handleRequest(NULL, Object(Config\Cache), false)
#4 /home/kottakotabusines/public_html/index.php(41): CodeIgniter\CodeIgniter->run()
#5 {main}
CRITICAL - 2022-08-14 21:28:57 --> Undefined array key 0
#0 /home/kottakotabusines/public_html/app/Controllers/SalesAgentWalletController.php(75): CodeIgniter\Debug\Exceptions->errorHandler(2, 'Undefined array...', '/home/kottakota...', 75)
#1 /home/kottakotabusines/public_html/system/CodeIgniter.php(825): App\Controllers\SalesAgentWalletController->paymentnotation()
#2 /home/kottakotabusines/public_html/system/CodeIgniter.php(412): CodeIgniter\CodeIgniter->runController(Object(App\Controllers\SalesAgentWalletController))
#3 /home/kottakotabusines/public_html/system/CodeIgniter.php(320): CodeIgniter\CodeIgniter->handleRequest(NULL, Object(Config\Cache), false)
#4 /home/kottakotabusines/public_html/index.php(41): CodeIgniter\CodeIgniter->run()
#5 {main}
CRITICAL - 2022-08-14 21:42:57 --> Undefined array key 0
#0 /home/kottakotabusines/public_html/app/Controllers/SalesAgentWalletController.php(75): CodeIgniter\Debug\Exceptions->errorHandler(2, 'Undefined array...', '/home/kottakota...', 75)
#1 /home/kottakotabusines/public_html/system/CodeIgniter.php(825): App\Controllers\SalesAgentWalletController->paymentnotation()
#2 /home/kottakotabusines/public_html/system/CodeIgniter.php(412): CodeIgniter\CodeIgniter->runController(Object(App\Controllers\SalesAgentWalletController))
#3 /home/kottakotabusines/public_html/system/CodeIgniter.php(320): CodeIgniter\CodeIgniter->handleRequest(NULL, Object(Config\Cache), false)
#4 /home/kottakotabusines/public_html/index.php(41): CodeIgniter\CodeIgniter->run()
#5 {main}
CRITICAL - 2022-08-14 21:55:28 --> Undefined array key 0
#0 /home/kottakotabusines/public_html/app/Controllers/SalesAgentWalletController.php(75): CodeIgniter\Debug\Exceptions->errorHandler(2, 'Undefined array...', '/home/kottakota...', 75)
#1 /home/kottakotabusines/public_html/system/CodeIgniter.php(825): App\Controllers\SalesAgentWalletController->paymentnotation()
#2 /home/kottakotabusines/public_html/system/CodeIgniter.php(412): CodeIgniter\CodeIgniter->runController(Object(App\Controllers\SalesAgentWalletController))
#3 /home/kottakotabusines/public_html/system/CodeIgniter.php(320): CodeIgniter\CodeIgniter->handleRequest(NULL, Object(Config\Cache), false)
#4 /home/kottakotabusines/public_html/index.php(41): CodeIgniter\CodeIgniter->run()
#5 {main}
CRITICAL - 2022-08-14 22:01:38 --> Undefined array key 0
#0 /home/kottakotabusines/public_html/app/Controllers/SalesAgentWalletController.php(75): CodeIgniter\Debug\Exceptions->errorHandler(2, 'Undefined array...', '/home/kottakota...', 75)
#1 /home/kottakotabusines/public_html/system/CodeIgniter.php(825): App\Controllers\SalesAgentWalletController->paymentnotation()
#2 /home/kottakotabusines/public_html/system/CodeIgniter.php(412): CodeIgniter\CodeIgniter->runController(Object(App\Controllers\SalesAgentWalletController))
#3 /home/kottakotabusines/public_html/system/CodeIgniter.php(320): CodeIgniter\CodeIgniter->handleRequest(NULL, Object(Config\Cache), false)
#4 /home/kottakotabusines/public_html/index.php(41): CodeIgniter\CodeIgniter->run()
#5 {main}
CRITICAL - 2022-08-14 22:03:38 --> Undefined array key 0
#0 /home/kottakotabusines/public_html/app/Controllers/SalesAgentWalletController.php(75): CodeIgniter\Debug\Exceptions->errorHandler(2, 'Undefined array...', '/home/kottakota...', 75)
#1 /home/kottakotabusines/public_html/system/CodeIgniter.php(825): App\Controllers\SalesAgentWalletController->paymentnotation()
#2 /home/kottakotabusines/public_html/system/CodeIgniter.php(412): CodeIgniter\CodeIgniter->runController(Object(App\Controllers\SalesAgentWalletController))
#3 /home/kottakotabusines/public_html/system/CodeIgniter.php(320): CodeIgniter\CodeIgniter->handleRequest(NULL, Object(Config\Cache), false)
#4 /home/kottakotabusines/public_html/index.php(41): CodeIgniter\CodeIgniter->run()
#5 {main}
CRITICAL - 2022-08-14 22:24:00 --> Undefined array key 0
#0 /home/kottakotabusines/public_html/app/Controllers/SalesAgentWalletController.php(75): CodeIgniter\Debug\Exceptions->errorHandler(2, 'Undefined array...', '/home/kottakota...', 75)
#1 /home/kottakotabusines/public_html/system/CodeIgniter.php(825): App\Controllers\SalesAgentWalletController->paymentnotation()
#2 /home/kottakotabusines/public_html/system/CodeIgniter.php(412): CodeIgniter\CodeIgniter->runController(Object(App\Controllers\SalesAgentWalletController))
#3 /home/kottakotabusines/public_html/system/CodeIgniter.php(320): CodeIgniter\CodeIgniter->handleRequest(NULL, Object(Config\Cache), false)
#4 /home/kottakotabusines/public_html/index.php(41): CodeIgniter\CodeIgniter->run()
#5 {main}
CRITICAL - 2022-08-14 22:47:00 --> Undefined array key 0
#0 /home/kottakotabusines/public_html/app/Controllers/SalesAgentWalletController.php(75): CodeIgniter\Debug\Exceptions->errorHandler(2, 'Undefined array...', '/home/kottakota...', 75)
#1 /home/kottakotabusines/public_html/system/CodeIgniter.php(825): App\Controllers\SalesAgentWalletController->paymentnotation()
#2 /home/kottakotabusines/public_html/system/CodeIgniter.php(412): CodeIgniter\CodeIgniter->runController(Object(App\Controllers\SalesAgentWalletController))
#3 /home/kottakotabusines/public_html/system/CodeIgniter.php(320): CodeIgniter\CodeIgniter->handleRequest(NULL, Object(Config\Cache), false)
#4 /home/kottakotabusines/public_html/index.php(41): CodeIgniter\CodeIgniter->run()
#5 {main}
CRITICAL - 2022-08-14 23:15:40 --> Undefined array key 0
#0 /home/kottakotabusines/public_html/app/Controllers/SalesAgentWalletController.php(75): CodeIgniter\Debug\Exceptions->errorHandler(2, 'Undefined array...', '/home/kottakota...', 75)
#1 /home/kottakotabusines/public_html/system/CodeIgniter.php(825): App\Controllers\SalesAgentWalletController->paymentnotation()
#2 /home/kottakotabusines/public_html/system/CodeIgniter.php(412): CodeIgniter\CodeIgniter->runController(Object(App\Controllers\SalesAgentWalletController))
#3 /home/kottakotabusines/public_html/system/CodeIgniter.php(320): CodeIgniter\CodeIgniter->handleRequest(NULL, Object(Config\Cache), false)
#4 /home/kottakotabusines/public_html/index.php(41): CodeIgniter\CodeIgniter->run()
#5 {main}
CRITICAL - 2022-08-14 23:29:30 --> Undefined array key 0
#0 /home/kottakotabusines/public_html/app/Controllers/SalesAgentWalletController.php(75): CodeIgniter\Debug\Exceptions->errorHandler(2, 'Undefined array...', '/home/kottakota...', 75)
#1 /home/kottakotabusines/public_html/system/CodeIgniter.php(825): App\Controllers\SalesAgentWalletController->paymentnotation()
#2 /home/kottakotabusines/public_html/system/CodeIgniter.php(412): CodeIgniter\CodeIgniter->runController(Object(App\Controllers\SalesAgentWalletController))
#3 /home/kottakotabusines/public_html/system/CodeIgniter.php(320): CodeIgniter\CodeIgniter->handleRequest(NULL, Object(Config\Cache), false)
#4 /home/kottakotabusines/public_html/index.php(41): CodeIgniter\CodeIgniter->run()
#5 {main}
